2026-06-03T09:22:41.5289108Z State: Starting, Action: EstablishingSiteNetworks, LastError: , LastErrorTimestamp: 01/01/0001 00:00:00, LastErrorDetails: , Details: , DetailsLevel: INFO
2026-06-03T09:22:43.2911232Z State: Starting, Action: StartingSiteContainers, LastError: , LastErrorTimestamp: 01/01/0001 00:00:00, LastErrorDetails: , Details: , DetailsLevel: INFO
2026-06-03T09:22:43.3410333Z Container start method called.
2026-06-03T09:22:43.3476976Z State: Starting, Action: PullingImage, LastError: , LastErrorTimestamp: 01/01/0001 00:00:00, LastErrorDetails: , Details: Pulling image 10.1.0.5:13209/appsvc/node:22-lts_20260504.4.tuxprod for orpon-backend-api-sea., DetailsLevel: INFO
2026-06-03T09:22:43.3519276Z Establishing network.
2026-06-03T09:22:43.3539068Z Pulling image: appsvc/node:22-lts_20260504.4.tuxprod.
2026-06-03T09:22:44.0870262Z Image appsvc/node:22-lts_20260504.4.tuxprod is pulled from registry 10.1.0.5:13209
2026-06-03T09:22:44.1026141Z Container is starting.
2026-06-03T09:22:44.1028000Z State: Starting, Action: MountingVolumes, LastError: , LastErrorTimestamp: 01/01/0001 00:00:00, LastErrorDetails: , Details: Mounting volumes for orpon-backend-api-sea., DetailsLevel: INFO
2026-06-03T09:22:44.1029354Z Establishing user namespace if not established already.
2026-06-03T09:22:44.1030340Z Establishing network if not established already.
2026-06-03T09:22:44.1031419Z Mounting volumes.
2026-06-03T09:22:44.1084820Z Nested mountpoint 
2026-06-03T09:22:44.1413203Z Nested mountpoint volatile/logs
2026-06-03T09:22:44.1727580Z Nested mountpoint 
2026-06-03T09:22:44.1992624Z Nested mountpoint 
2026-06-03T09:22:44.2026160Z Nested mountpoint 
2026-06-03T09:22:44.3767384Z State: Starting, Action: CreatingContainer, LastError: , LastErrorTimestamp: 01/01/0001 00:00:00, LastErrorDetails: , Details: Finished pulling container image and mounting volumes for orpon-backend-api-sea. Allocatinng the rest of the container resources to finish container creation., DetailsLevel: INFO
2026-06-03T09:22:44.3773156Z Creating container.
2026-06-03T09:22:44.3781863Z Creating pipes for streaming container io.
2026-06-03T09:22:44.3790329Z Creating stdout named pipe at /podr/container/pipe/f3bfe539929f_orpon-backend-api-sea/stdout_c6bc6529a1d243fa845ecb0417d1e421.
2026-06-03T09:22:44.3803032Z Successfully created stdout named pipe at: /podr/container/pipe/f3bfe539929f_orpon-backend-api-sea/stdout_c6bc6529a1d243fa845ecb0417d1e421.
2026-06-03T09:22:44.3814361Z Opening named pipe /podr/container/pipe/f3bfe539929f_orpon-backend-api-sea/stdout_c6bc6529a1d243fa845ecb0417d1e421 for reading in non-blocking mode.
2026-06-03T09:22:44.3816201Z Successfully opened named pipe: /podr/container/pipe/f3bfe539929f_orpon-backend-api-sea/stdout_c6bc6529a1d243fa845ecb0417d1e421.
2026-06-03T09:22:44.3820616Z Successfully removed non-blocking flag from /podr/container/pipe/f3bfe539929f_orpon-backend-api-sea/stdout_c6bc6529a1d243fa845ecb0417d1e421.
2026-06-03T09:22:44.3844398Z Creating stderr named pipe at /podr/container/pipe/f3bfe539929f_orpon-backend-api-sea/stderr_d3c890409df74aac8873d81cad354262.
2026-06-03T09:22:44.3848857Z Successfully created stderr named pipe at: /podr/container/pipe/f3bfe539929f_orpon-backend-api-sea/stderr_d3c890409df74aac8873d81cad354262.
2026-06-03T09:22:44.3852903Z Opening named pipe /podr/container/pipe/f3bfe539929f_orpon-backend-api-sea/stderr_d3c890409df74aac8873d81cad354262 for reading in non-blocking mode.
2026-06-03T09:22:44.3859315Z Successfully opened named pipe: /podr/container/pipe/f3bfe539929f_orpon-backend-api-sea/stderr_d3c890409df74aac8873d81cad354262.
2026-06-03T09:22:44.3861090Z Successfully removed non-blocking flag from /podr/container/pipe/f3bfe539929f_orpon-backend-api-sea/stderr_d3c890409df74aac8873d81cad354262.
2026-06-03T09:22:44.3885006Z Creating container with image: appsvc/node:22-lts_20260504.4.tuxprod from registry: 10.1.0.5:13209 and fully qualified image name: 10.1.0.5:13209/appsvc/node:22-lts_20260504.4.tuxprod
2026-06-03T09:22:45.6709470Z Starting container: f3bfe539929f_orpon-backend-api-sea.
2026-06-03T09:22:45.8267305Z Starting watchers and probes.
2026-06-03T09:22:45.8915169Z Starting metrics collection.
2026-06-03T09:22:45.9147461Z Container is running.
2026-06-03T09:22:45.9150310Z State: Starting, Action: CreatingContainer, LastError: , LastErrorTimestamp: 01/01/0001 00:00:00, LastErrorDetails: , Details: Container orpon-backend-api-sea successfully created and is running., DetailsLevel: INFO
2026-06-03T09:22:46.0106620Z Container start method finished after 2669 ms.
2026-06-03T09:22:46.0169445Z State: Starting, Action: InitiatingSiteWarmUpProbe, LastError: , LastErrorTimestamp: 01/01/0001 00:00:00, LastErrorDetails: , Details: Container orpon-backend-api-sea successfully created and is running., DetailsLevel: INFO
2026-06-03T09:22:46.0374570Z State: Starting, Action: WaitingForSiteWarmUpProbeSuccess, LastError: , LastErrorTimestamp: 01/01/0001 00:00:00, LastErrorDetails: , Details: Pinging warmup path to ensure container is ready to receive requests., DetailsLevel: INFO
2026-06-03T09:23:18.1753753Z Site startup probe succeeded after 32.073252 seconds.
2026-06-03T09:23:18.2988032Z State: Starting, Action: WarmUpProbeSucceeded, LastError: , LastErrorTimestamp: 01/01/0001 00:00:00, LastErrorDetails: , Details: Site startup probe succeeded after 32.073252 seconds., DetailsLevel: INFO
2026-06-03T09:23:18.4969637Z Site is running with deployment version: 68a75932fffd0cd3406ba138311736b2b5183084
2026-06-03T09:23:18.4976248Z Site started.
2026-06-03T09:23:18.4980695Z State: Started, Action: None, LastError: , LastErrorTimestamp: 01/01/0001 00:00:00, LastErrorDetails: , Details: Site started at 06/03/2026 09:23:18 (UTC), DetailsLevel: INFO
2026-06-03T09:23:18.5676164Z Site is running with patch version NODE 22.22.2
