2026-06-02T20:16:10.9574176Z State: Starting, Action: EstablishingSiteNetworks, LastError: , LastErrorTimestamp: 01/01/0001 00:00:00, LastErrorDetails: , Details: , DetailsLevel: INFO
2026-06-02T20:16:12.4925036Z State: Starting, Action: StartingSiteContainers, LastError: , LastErrorTimestamp: 01/01/0001 00:00:00, LastErrorDetails: , Details: , DetailsLevel: INFO
2026-06-02T20:16:12.4991654Z Container start method called.
2026-06-02T20:16:12.5099346Z State: Starting, Action: PullingImage, LastError: , LastErrorTimestamp: 01/01/0001 00:00:00, LastErrorDetails: , Details: Pulling image 10.1.0.6:13209/appsvc/node:22-lts_20260504.4.tuxprod for orpon-backend-api-sea., DetailsLevel: INFO
2026-06-02T20:16:12.5104209Z Establishing network.
2026-06-02T20:16:12.5136727Z Pulling image: appsvc/node:22-lts_20260504.4.tuxprod.
2026-06-02T20:16:12.6755156Z Container is starting.
2026-06-02T20:16:12.6762188Z State: Starting, Action: MountingVolumes, LastError: , LastErrorTimestamp: 01/01/0001 00:00:00, LastErrorDetails: , Details: Mounting volumes for orpon-backend-api-sea., DetailsLevel: INFO
2026-06-02T20:16:12.6769501Z Establishing user namespace if not established already.
2026-06-02T20:16:12.6771841Z Establishing network if not established already.
2026-06-02T20:16:12.6774876Z Mounting volumes.
2026-06-02T20:16:12.6810995Z Nested mountpoint 
2026-06-02T20:16:12.6897287Z Nested mountpoint volatile/logs
2026-06-02T20:16:12.7178302Z Nested mountpoint 
2026-06-02T20:16:12.7295663Z Nested mountpoint 
2026-06-02T20:16:12.7308437Z Nested mountpoint 
2026-06-02T20:16:12.8265339Z State: Starting, Action: CreatingContainer, LastError: , LastErrorTimestamp: 01/01/0001 00:00:00, LastErrorDetails: , Details: Finished pulling container image and mounting volumes for orpon-backend-api-sea. Allocatinng the rest of the container resources to finish container creation., DetailsLevel: INFO
2026-06-02T20:16:12.8267396Z Creating container.
2026-06-02T20:16:12.8273970Z Creating pipes for streaming container io.
2026-06-02T20:16:12.8280356Z Creating stdout named pipe at /podr/container/pipe/4f182d96a2c8_orpon-backend-api-sea/stdout_50493f336fde4d3fa81b9e9d20cd96a0.
2026-06-02T20:16:12.8330974Z Successfully created stdout named pipe at: /podr/container/pipe/4f182d96a2c8_orpon-backend-api-sea/stdout_50493f336fde4d3fa81b9e9d20cd96a0.
2026-06-02T20:16:12.8342714Z Opening named pipe /podr/container/pipe/4f182d96a2c8_orpon-backend-api-sea/stdout_50493f336fde4d3fa81b9e9d20cd96a0 for reading in non-blocking mode.
2026-06-02T20:16:12.8344965Z Successfully opened named pipe: /podr/container/pipe/4f182d96a2c8_orpon-backend-api-sea/stdout_50493f336fde4d3fa81b9e9d20cd96a0.
2026-06-02T20:16:12.8351348Z Successfully removed non-blocking flag from /podr/container/pipe/4f182d96a2c8_orpon-backend-api-sea/stdout_50493f336fde4d3fa81b9e9d20cd96a0.
2026-06-02T20:16:12.8361906Z Creating stderr named pipe at /podr/container/pipe/4f182d96a2c8_orpon-backend-api-sea/stderr_27344c50b249427789760687b669b31a.
2026-06-02T20:16:12.8374001Z Successfully created stderr named pipe at: /podr/container/pipe/4f182d96a2c8_orpon-backend-api-sea/stderr_27344c50b249427789760687b669b31a.
2026-06-02T20:16:12.8376843Z Opening named pipe /podr/container/pipe/4f182d96a2c8_orpon-backend-api-sea/stderr_27344c50b249427789760687b669b31a for reading in non-blocking mode.
2026-06-02T20:16:12.8381022Z Successfully opened named pipe: /podr/container/pipe/4f182d96a2c8_orpon-backend-api-sea/stderr_27344c50b249427789760687b669b31a.
2026-06-02T20:16:12.8382930Z Successfully removed non-blocking flag from /podr/container/pipe/4f182d96a2c8_orpon-backend-api-sea/stderr_27344c50b249427789760687b669b31a.
2026-06-02T20:16:12.8407228Z Creating container with image: appsvc/node:22-lts_20260504.4.tuxprod from registry: 10.1.0.6:13209 and fully qualified image name: 10.1.0.6:13209/appsvc/node:22-lts_20260504.4.tuxprod
2026-06-02T20:16:13.5862252Z Starting container: 4f182d96a2c8_orpon-backend-api-sea.
2026-06-02T20:16:13.6552641Z Starting watchers and probes.
2026-06-02T20:16:13.6773370Z Starting metrics collection.
2026-06-02T20:16:13.6817170Z Container is running.
2026-06-02T20:16:13.6818786Z State: Starting, Action: CreatingContainer, LastError: , LastErrorTimestamp: 01/01/0001 00:00:00, LastErrorDetails: , Details: Container orpon-backend-api-sea successfully created and is running., DetailsLevel: INFO
2026-06-02T20:16:13.7590187Z Container start method finished after 1255 ms.
2026-06-02T20:16:13.7613882Z State: Starting, Action: InitiatingSiteWarmUpProbe, LastError: , LastErrorTimestamp: 01/01/0001 00:00:00, LastErrorDetails: , Details: Container orpon-backend-api-sea successfully created and is running., DetailsLevel: INFO
2026-06-02T20:16:13.7729909Z State: Starting, Action: WaitingForSiteWarmUpProbeSuccess, LastError: , LastErrorTimestamp: 01/01/0001 00:00:00, LastErrorDetails: , Details: Pinging warmup path to ensure container is ready to receive requests., DetailsLevel: INFO
2026-06-02T20:16:40.8268452Z Site startup probe succeeded after 27.0415232 seconds.
2026-06-02T20:16:40.9235529Z State: Starting, Action: WarmUpProbeSucceeded, LastError: , LastErrorTimestamp: 01/01/0001 00:00:00, LastErrorDetails: , Details: Site startup probe succeeded after 27.0415232 seconds., DetailsLevel: INFO
2026-06-02T20:16:41.1040219Z Site is running with deployment version: 68a75932fffd0cd3406ba138311736b2b5183084
2026-06-02T20:16:41.1049012Z Site started.
2026-06-02T20:16:41.1050822Z State: Started, Action: None, LastError: , LastErrorTimestamp: 01/01/0001 00:00:00, LastErrorDetails: , Details: Site started at 06/02/2026 20:16:41 (UTC), DetailsLevel: INFO
2026-06-02T20:16:41.1714819Z Site is running with patch version NODE 22.22.2
2026-06-02T20:37:21.0233703Z State: Starting, Action: EstablishingSiteNetworks, LastError: , LastErrorTimestamp: 01/01/0001 00:00:00, LastErrorDetails: , Details: , DetailsLevel: INFO
2026-06-02T20:37:30.0000098Z State: Starting, Action: StartingSiteContainers, LastError: , LastErrorTimestamp: 01/01/0001 00:00:00, LastErrorDetails: , Details: , DetailsLevel: INFO
2026-06-02T20:37:30.0211283Z Container start method called.
2026-06-02T20:37:30.0239643Z State: Starting, Action: PullingImage, LastError: , LastErrorTimestamp: 01/01/0001 00:00:00, LastErrorDetails: , Details: Pulling image 10.1.0.5:13209/appsvc/node:22-lts_20260504.4.tuxprod for orpon-backend-api-sea., DetailsLevel: INFO
2026-06-02T20:37:30.0474414Z Establishing network.
2026-06-02T20:37:30.0481504Z Pulling image: appsvc/node:22-lts_20260504.4.tuxprod.
2026-06-02T20:37:32.4601285Z Image appsvc/node:22-lts_20260504.4.tuxprod is pulled from registry 10.1.0.5:13209
2026-06-02T20:37:32.4690433Z Container is starting.
2026-06-02T20:37:32.4691871Z State: Starting, Action: MountingVolumes, LastError: , LastErrorTimestamp: 01/01/0001 00:00:00, LastErrorDetails: , Details: Mounting volumes for orpon-backend-api-sea., DetailsLevel: INFO
2026-06-02T20:37:32.4697795Z Establishing user namespace if not established already.
2026-06-02T20:37:32.4750419Z Establishing network if not established already.
2026-06-02T20:37:32.4753596Z Mounting volumes.
2026-06-02T20:37:32.4767444Z Nested mountpoint 
2026-06-02T20:37:32.4931114Z Nested mountpoint volatile/logs
2026-06-02T20:37:32.5438767Z Nested mountpoint 
2026-06-02T20:37:32.5479308Z Nested mountpoint 
2026-06-02T20:37:32.5672013Z Nested mountpoint 
2026-06-02T20:37:33.3592230Z State: Starting, Action: CreatingContainer, LastError: , LastErrorTimestamp: 01/01/0001 00:00:00, LastErrorDetails: , Details: Finished pulling container image and mounting volumes for orpon-backend-api-sea. Allocatinng the rest of the container resources to finish container creation., DetailsLevel: INFO
2026-06-02T20:37:33.3593766Z Creating container.
2026-06-02T20:37:33.3606944Z Creating pipes for streaming container io.
2026-06-02T20:37:33.3609306Z Creating stdout named pipe at /podr/container/pipe/4022d46afb3b_orpon-backend-api-sea/stdout_e709606b133843c7997d6ca82a0c0638.
2026-06-02T20:37:33.3629730Z Successfully created stdout named pipe at: /podr/container/pipe/4022d46afb3b_orpon-backend-api-sea/stdout_e709606b133843c7997d6ca82a0c0638.
2026-06-02T20:37:33.3632379Z Opening named pipe /podr/container/pipe/4022d46afb3b_orpon-backend-api-sea/stdout_e709606b133843c7997d6ca82a0c0638 for reading in non-blocking mode.
2026-06-02T20:37:33.3633881Z Successfully opened named pipe: /podr/container/pipe/4022d46afb3b_orpon-backend-api-sea/stdout_e709606b133843c7997d6ca82a0c0638.
2026-06-02T20:37:33.3637207Z Successfully removed non-blocking flag from /podr/container/pipe/4022d46afb3b_orpon-backend-api-sea/stdout_e709606b133843c7997d6ca82a0c0638.
2026-06-02T20:37:33.3684414Z Creating stderr named pipe at /podr/container/pipe/4022d46afb3b_orpon-backend-api-sea/stderr_f7fce16561ff43e29dfcdd3e896c8c70.
2026-06-02T20:37:33.3688275Z Successfully created stderr named pipe at: /podr/container/pipe/4022d46afb3b_orpon-backend-api-sea/stderr_f7fce16561ff43e29dfcdd3e896c8c70.
2026-06-02T20:37:33.3689513Z Opening named pipe /podr/container/pipe/4022d46afb3b_orpon-backend-api-sea/stderr_f7fce16561ff43e29dfcdd3e896c8c70 for reading in non-blocking mode.
2026-06-02T20:37:33.3744325Z Successfully opened named pipe: /podr/container/pipe/4022d46afb3b_orpon-backend-api-sea/stderr_f7fce16561ff43e29dfcdd3e896c8c70.
2026-06-02T20:37:33.3749135Z Successfully removed non-blocking flag from /podr/container/pipe/4022d46afb3b_orpon-backend-api-sea/stderr_f7fce16561ff43e29dfcdd3e896c8c70.
2026-06-02T20:37:33.3753191Z Creating container with image: appsvc/node:22-lts_20260504.4.tuxprod from registry: 10.1.0.5:13209 and fully qualified image name: 10.1.0.5:13209/appsvc/node:22-lts_20260504.4.tuxprod
2026-06-02T20:37:34.8745019Z Starting container: 4022d46afb3b_orpon-backend-api-sea.
2026-06-02T20:37:34.9697439Z Starting watchers and probes.
2026-06-02T20:37:34.9919283Z Starting metrics collection.
2026-06-02T20:37:34.9922957Z Container is running.
2026-06-02T20:37:35.0069044Z State: Starting, Action: CreatingContainer, LastError: , LastErrorTimestamp: 01/01/0001 00:00:00, LastErrorDetails: , Details: Container orpon-backend-api-sea successfully created and is running., DetailsLevel: INFO
2026-06-02T20:37:35.0809068Z Container start method finished after 5059 ms.
2026-06-02T20:37:35.0811233Z State: Starting, Action: InitiatingSiteWarmUpProbe, LastError: , LastErrorTimestamp: 01/01/0001 00:00:00, LastErrorDetails: , Details: Container orpon-backend-api-sea successfully created and is running., DetailsLevel: INFO
2026-06-02T20:37:35.0811613Z State: Starting, Action: WaitingForSiteWarmUpProbeSuccess, LastError: , LastErrorTimestamp: 01/01/0001 00:00:00, LastErrorDetails: , Details: Pinging warmup path to ensure container is ready to receive requests., DetailsLevel: INFO
2026-06-02T20:37:49.4154663Z Site startup probe failed after 14.3148727 seconds.
2026-06-02T20:37:49.7284932Z State: Starting, Action: WaitingForSiteWarmUpProbeSuccess, LastError: ContainerTimeout, LastErrorTimestamp: 06/02/2026 20:37:49, LastErrorDetails: Container did not start within expected time limit of 230s. Please inspect your container logs for more details., Details: Pinging warmup path to ensure container is ready to receive requests., DetailsLevel: ERR
2026-06-02T20:37:49.7419561Z Failed to start site. Revert by stopping site.
2026-06-02T20:37:49.7639765Z State: Stopping, Action: StoppingSite, LastError: ContainerTimeout, LastErrorTimestamp: 06/02/2026 20:37:49, LastErrorDetails: Container did not start within expected time limit of 230s. Please inspect your container logs for more details., Details: Pinging warmup path to ensure container is ready to receive requests., DetailsLevel: ERR
2026-06-02T20:37:49.7963807Z State: Stopping, Action: StoppingSiteContainers, LastError: ContainerTimeout, LastErrorTimestamp: 06/02/2026 20:37:49, LastErrorDetails: Container did not start within expected time limit of 230s. Please inspect your container logs for more details., Details: Pinging warmup path to ensure container is ready to receive requests., DetailsLevel: ERR
2026-06-02T20:37:49.8042364Z Container is terminating. Grace period: 5 seconds.
2026-06-02T20:37:49.8508245Z Stop and delete container. Retry count = 0
2026-06-02T20:37:49.8820774Z Stopping container: 4022d46afb3b_orpon-backend-api-sea.
2026-06-02T20:37:55.4020294Z Deleting container: 4022d46afb3b_orpon-backend-api-sea. Retry count = 0
2026-06-02T20:37:55.8834133Z Container spec TerminationMessagePolicy  path 
2026-06-02T20:37:55.8905938Z Container is terminated. Total time elapsed: 6081 ms.
2026-06-02T20:37:55.8909573Z Site container: orpon-backend-api-sea terminated during site startup.
2026-06-02T20:37:55.8965361Z State: Stopping, Action: CancellingStartup, LastError: ContainerTimeout, LastErrorTimestamp: 06/02/2026 20:37:49, LastErrorDetails: Container did not start within expected time limit of 230s. Please inspect your container logs for more details., Details: Site container: orpon-backend-api-sea terminated during site startup. Cancelling site startup., DetailsLevel: ERR
2026-06-02T20:37:55.9015655Z Site: orpon-backend-api-sea stopped.
2026-06-02T20:38:16.9475277Z State: Stopping, Action: StoppingSite, LastError: , LastErrorTimestamp: 01/01/0001 00:00:00, LastErrorDetails: , Details: Site started at 06/02/2026 20:16:41 (UTC), DetailsLevel: INFO
2026-06-02T20:38:16.9510965Z State: Stopping, Action: StoppingSiteContainers, LastError: , LastErrorTimestamp: 01/01/0001 00:00:00, LastErrorDetails: , Details: Site started at 06/02/2026 20:16:41 (UTC), DetailsLevel: INFO
2026-06-02T20:38:16.9512740Z Container is terminating. Grace period: 5 seconds.
2026-06-02T20:38:16.9979783Z Stop and delete container. Retry count = 0
2026-06-02T20:38:16.9985284Z Stopping container: 4f182d96a2c8_orpon-backend-api-sea.
2026-06-02T20:38:22.3340701Z Deleting container: 4f182d96a2c8_orpon-backend-api-sea. Retry count = 0
2026-06-02T20:38:22.6278738Z Container spec TerminationMessagePolicy  path 
2026-06-02T20:38:22.6283076Z Container is terminated. Total time elapsed: 5676 ms.
2026-06-02T20:38:22.6284762Z Site: orpon-backend-api-sea stopped.
2026-06-02T20:38:43.3064997Z State: Starting, Action: EstablishingSiteNetworks, LastError: ContainerTimeout, LastErrorTimestamp: 06/02/2026 20:37:49, LastErrorDetails: Container did not start within expected time limit of 230s. Please inspect your container logs for more details., Details: Site stopped at 06/02/2026 20:37:56 (UTC), DetailsLevel: ERR
2026-06-02T20:38:43.9884087Z State: Starting, Action: StartingSiteContainers, LastError: ContainerTimeout, LastErrorTimestamp: 06/02/2026 20:37:49, LastErrorDetails: Container did not start within expected time limit of 230s. Please inspect your container logs for more details., Details: Site stopped at 06/02/2026 20:37:56 (UTC), DetailsLevel: ERR
2026-06-02T20:38:43.9887629Z Container start method called.
2026-06-02T20:38:43.9888153Z State: Starting, Action: PullingImage, LastError: ContainerTimeout, LastErrorTimestamp: 06/02/2026 20:37:49, LastErrorDetails: Container did not start within expected time limit of 230s. Please inspect your container logs for more details., Details: Pulling image 10.1.0.6:13209/appsvc/node:22-lts_20260504.4.tuxprod for orpon-backend-api-sea., DetailsLevel: INFO
2026-06-02T20:38:43.9889470Z Establishing network.
2026-06-02T20:38:43.9930332Z Pulling image: appsvc/node:22-lts_20260504.4.tuxprod.
2026-06-02T20:38:44.3501779Z Container is starting.
2026-06-02T20:38:44.3503793Z State: Starting, Action: MountingVolumes, LastError: ContainerTimeout, LastErrorTimestamp: 06/02/2026 20:37:49, LastErrorDetails: Container did not start within expected time limit of 230s. Please inspect your container logs for more details., Details: Mounting volumes for orpon-backend-api-sea., DetailsLevel: INFO
2026-06-02T20:38:44.3506426Z Establishing user namespace if not established already.
2026-06-02T20:38:44.3508591Z Establishing network if not established already.
2026-06-02T20:38:44.3509967Z Mounting volumes.
2026-06-02T20:38:44.3553773Z Nested mountpoint 
2026-06-02T20:38:44.3625990Z Nested mountpoint volatile/logs
2026-06-02T20:38:44.3686208Z Nested mountpoint 
2026-06-02T20:38:44.3726110Z Nested mountpoint 
2026-06-02T20:38:44.3745578Z Nested mountpoint 
2026-06-02T20:38:44.9811797Z State: Starting, Action: CreatingContainer, LastError: ContainerTimeout, LastErrorTimestamp: 06/02/2026 20:37:49, LastErrorDetails: Container did not start within expected time limit of 230s. Please inspect your container logs for more details., Details: Finished pulling container image and mounting volumes for orpon-backend-api-sea. Allocatinng the rest of the container resources to finish container creation., DetailsLevel: INFO
2026-06-02T20:38:44.9816989Z Creating container.
2026-06-02T20:38:44.9822675Z Creating pipes for streaming container io.
2026-06-02T20:38:44.9824106Z Creating stdout named pipe at /podr/container/pipe/c15f901f2f3c_orpon-backend-api-sea/stdout_304903293b244af8af5f812c5a52e58a.
2026-06-02T20:38:44.9842919Z Successfully created stdout named pipe at: /podr/container/pipe/c15f901f2f3c_orpon-backend-api-sea/stdout_304903293b244af8af5f812c5a52e58a.
2026-06-02T20:38:44.9848141Z Opening named pipe /podr/container/pipe/c15f901f2f3c_orpon-backend-api-sea/stdout_304903293b244af8af5f812c5a52e58a for reading in non-blocking mode.
2026-06-02T20:38:44.9851897Z Successfully opened named pipe: /podr/container/pipe/c15f901f2f3c_orpon-backend-api-sea/stdout_304903293b244af8af5f812c5a52e58a.
2026-06-02T20:38:44.9854224Z Successfully removed non-blocking flag from /podr/container/pipe/c15f901f2f3c_orpon-backend-api-sea/stdout_304903293b244af8af5f812c5a52e58a.
2026-06-02T20:38:44.9863955Z Creating stderr named pipe at /podr/container/pipe/c15f901f2f3c_orpon-backend-api-sea/stderr_e86ed5bcbab74ebf9bc350f72eec70cf.
2026-06-02T20:38:44.9865916Z Successfully created stderr named pipe at: /podr/container/pipe/c15f901f2f3c_orpon-backend-api-sea/stderr_e86ed5bcbab74ebf9bc350f72eec70cf.
2026-06-02T20:38:44.9867193Z Opening named pipe /podr/container/pipe/c15f901f2f3c_orpon-backend-api-sea/stderr_e86ed5bcbab74ebf9bc350f72eec70cf for reading in non-blocking mode.
2026-06-02T20:38:44.9876705Z Successfully opened named pipe: /podr/container/pipe/c15f901f2f3c_orpon-backend-api-sea/stderr_e86ed5bcbab74ebf9bc350f72eec70cf.
2026-06-02T20:38:44.9880853Z Successfully removed non-blocking flag from /podr/container/pipe/c15f901f2f3c_orpon-backend-api-sea/stderr_e86ed5bcbab74ebf9bc350f72eec70cf.
2026-06-02T20:38:44.9885516Z Creating container with image: appsvc/node:22-lts_20260504.4.tuxprod from registry: 10.1.0.6:13209 and fully qualified image name: 10.1.0.6:13209/appsvc/node:22-lts_20260504.4.tuxprod
2026-06-02T20:38:45.8658615Z Starting container: c15f901f2f3c_orpon-backend-api-sea.
2026-06-02T20:38:45.9045587Z Starting watchers and probes.
2026-06-02T20:38:45.9051808Z Starting metrics collection.
2026-06-02T20:38:45.9061296Z Container is running.
2026-06-02T20:38:45.9062537Z State: Starting, Action: CreatingContainer, LastError: ContainerTimeout, LastErrorTimestamp: 06/02/2026 20:37:49, LastErrorDetails: Container did not start within expected time limit of 230s. Please inspect your container logs for more details., Details: Container orpon-backend-api-sea successfully created and is running., DetailsLevel: INFO
2026-06-02T20:38:45.9636176Z Container start method finished after 1974 ms.
2026-06-02T20:38:45.9638615Z State: Starting, Action: InitiatingSiteWarmUpProbe, LastError: ContainerTimeout, LastErrorTimestamp: 06/02/2026 20:37:49, LastErrorDetails: Container did not start within expected time limit of 230s. Please inspect your container logs for more details., Details: Container orpon-backend-api-sea successfully created and is running., DetailsLevel: INFO
2026-06-02T20:38:45.9638941Z State: Starting, Action: WaitingForSiteWarmUpProbeSuccess, LastError: ContainerTimeout, LastErrorTimestamp: 06/02/2026 20:37:49, LastErrorDetails: Container did not start within expected time limit of 230s. Please inspect your container logs for more details., Details: Pinging warmup path to ensure container is ready to receive requests., DetailsLevel: INFO
2026-06-02T20:39:06.9931498Z Site startup probe succeeded after 21.0275621 seconds.
2026-06-02T20:39:07.1062888Z State: Starting, Action: WarmUpProbeSucceeded, LastError: ContainerTimeout, LastErrorTimestamp: 06/02/2026 20:37:49, LastErrorDetails: Container did not start within expected time limit of 230s. Please inspect your container logs for more details., Details: Site startup probe succeeded after 21.0275621 seconds., DetailsLevel: INFO
2026-06-02T20:39:07.6438701Z Site is running with deployment version: 68a75932fffd0cd3406ba138311736b2b5183084
2026-06-02T20:39:07.6451243Z Site started.
2026-06-02T20:39:07.6463497Z State: Started, Action: None, LastError: ContainerTimeout, LastErrorTimestamp: 06/02/2026 20:37:49, LastErrorDetails: Container did not start within expected time limit of 230s. Please inspect your container logs for more details., Details: Site started at 06/02/2026 20:39:07 (UTC), DetailsLevel: INFO
2026-06-02T20:39:07.6600773Z Site is running with patch version NODE 22.22.2
