2026-06-03T09:23:30.5801118Z bKash initiate exception: TypeError: Failed to parse URL from undefined/tokenized/checkout/token/grant
2026-06-03T09:23:30.5801560Z     at node:internal/deps/undici/undici:14976:13
2026-06-03T09:23:30.5801607Z     at process.processTicksAndRejections (node:internal/process/task_queues:103:5)
2026-06-03T09:23:30.5801643Z     at async initiateBkash (/home/site/wwwroot/backend/controllers/paymentController.js:42:31) {
2026-06-03T09:23:30.5801673Z   [cause]: TypeError: Invalid URL
2026-06-03T09:23:30.5801705Z       at new URL (node:internal/url:818:25)
2026-06-03T09:23:30.5801737Z       at new Request (node:internal/deps/undici/undici:9804:25)
2026-06-03T09:23:30.5801771Z       at fetch (node:internal/deps/undici/undici:10533:25)
2026-06-03T09:23:30.5801800Z       at fetch (node:internal/deps/undici/undici:14974:10)
2026-06-03T09:23:30.5801833Z       at fetch (node:internal/bootstrap/web/exposed-window-or-worker:75:12)
2026-06-03T09:23:30.5825722Z       at initiateBkash (/home/site/wwwroot/backend/controllers/paymentController.js:42:37)
2026-06-03T09:23:30.5825857Z       at process.processTicksAndRejections (node:internal/process/task_queues:103:5) {
2026-06-03T09:23:30.5825891Z     code: 'ERR_INVALID_URL',
2026-06-03T09:23:30.5825922Z     input: 'undefined/tokenized/checkout/token/grant'
2026-06-03T09:23:30.5825951Z   }
2026-06-03T09:23:30.5825978Z }
2026-06-03T09:31:14.7489889Z bKash initiate exception: TypeError: Failed to parse URL from undefined/tokenized/checkout/token/grant
2026-06-03T09:31:14.7490542Z     at node:internal/deps/undici/undici:14976:13
2026-06-03T09:31:14.7490594Z     at process.processTicksAndRejections (node:internal/process/task_queues:103:5)
2026-06-03T09:31:14.7490626Z     at async initiateBkash (/home/site/wwwroot/backend/controllers/paymentController.js:42:31) {
2026-06-03T09:31:14.7490654Z   [cause]: TypeError: Invalid URL
2026-06-03T09:31:14.7490683Z       at new URL (node:internal/url:818:25)
2026-06-03T09:31:14.7490715Z       at new Request (node:internal/deps/undici/undici:9804:25)
2026-06-03T09:31:14.7490744Z       at fetch (node:internal/deps/undici/undici:10533:25)
2026-06-03T09:31:14.7490895Z       at fetch (node:internal/deps/undici/undici:14974:10)
2026-06-03T09:31:14.7492780Z       at fetch (node:internal/bootstrap/web/exposed-window-or-worker:75:12)
2026-06-03T09:31:14.7492852Z       at initiateBkash (/home/site/wwwroot/backend/controllers/paymentController.js:42:37)
2026-06-03T09:31:14.7492915Z       at process.processTicksAndRejections (node:internal/process/task_queues:103:5) {
2026-06-03T09:31:14.7492941Z     code: 'ERR_INVALID_URL',
2026-06-03T09:31:14.7492967Z     input: 'undefined/tokenized/checkout/token/grant'
2026-06-03T09:31:14.7492992Z   }
2026-06-03T09:31:14.7493019Z }
