2026-06-02T12:05:36.4832996Z,Updating submodules.,d69d465d-6ca8-41c0-9c57-cf2615ae739f,0
2026-06-02T12:05:37.6357838Z,Preparing deployment for commit id '68a75932ff'.,e99f690d-751e-4c3d-8063-ff0441b8ea3c,0
2026-06-02T12:05:38.0007586Z,PreDeployment: context.CleanOutputPath False,1ef89733-c677-4145-b532-fe55a8f6f8a4,0
2026-06-02T12:05:38.1481110Z,PreDeployment: context.OutputPath /home/site/wwwroot,b5294027-4be4-4b68-b905-457e7fdb3c5e,0
2026-06-02T12:05:38.2940482Z,Repository path is /home/site/repository,d4b375ce-6179-48bf-ad39-85a82eebb31e,0
2026-06-02T12:05:38.4231945Z,Running oryx build...,d2d2f939-332c-4d2c-b523-fc12beaab0dd,0
	2026-06-02T12:05:38.4313220Z,Command: oryx build /home/site/repository -o /home/site/wwwroot --platform nodejs --platform-version 22 -p virtualenv_name= --log-file /tmp/build-debug.log  -i /tmp/8dec09f424fddfb -p compress_node_modules=tar-gz | tee /tmp/oryx-build.log,,0
	2026-06-02T12:05:39.3822175Z,Operation performed by Microsoft Oryx&comma; https://github.com/Microsoft/Oryx,,0
	2026-06-02T12:05:39.3986306Z,You can report issues at https://github.com/Microsoft/Oryx/issues,,0
	2026-06-02T12:05:39.4181529Z,,,0
	2026-06-02T12:05:39.4286417Z,Oryx Version: 0.2.20260420.1+83c04e9ee1882dc90d279b63348824daedbd3c96&comma; Commit: 83c04e9ee1882dc90d279b63348824daedbd3c96&comma; ReleaseTagName: 20260420.1,,0
	2026-06-02T12:05:39.4396054Z,,,0
	2026-06-02T12:05:39.4534238Z,Build Operation ID: 58341828caff1007,,0
	2026-06-02T12:05:39.4643392Z,Repository Commit : 68a75932fffd0cd3406ba138311736b2b5183084,,0
	2026-06-02T12:05:39.4802777Z,OS Type           : bookworm,,0
	2026-06-02T12:05:39.4921010Z,Image Type        : githubactions,,0
	2026-06-02T12:05:39.5224621Z,,,0
	2026-06-02T12:05:39.5333324Z,Primary SDK Storage URL: https://oryx-cdn.microsoft.io,,0
	2026-06-02T12:05:39.5482915Z,Backup SDK Storage URL: ,,0
	2026-06-02T12:05:39.5608039Z,ACR SDK Registry URL: (not set),,0
	2026-06-02T12:05:39.5743629Z,SDK provider status:,,0
	2026-06-02T12:05:39.5866916Z,  External ACR SDK provider: Enabled,,0
	2026-06-02T12:05:39.5965660Z,  External SDK provider: Enabled,,0
	2026-06-02T12:05:39.6061913Z,  Direct ACR SDK provider: Disabled,,0
	2026-06-02T12:05:39.6153126Z,  Blob SDK provider: Enabled,,0
	2026-06-02T12:05:39.6236424Z,External ACR SDK provider is enabled. Only using user-specified platform: nodejs,,0
	2026-06-02T12:05:39.6340908Z,Detecting platforms...,,0
	2026-06-02T12:05:41.6383129Z,External ACR provider resolved version '22.22.2' for nodejs.,,0
	2026-06-02T12:05:41.6528215Z,Version resolved using external ACR SDK provider.,,0
	2026-06-02T12:05:41.6896855Z,Detected following platforms:,,0
	2026-06-02T12:05:41.7300192Z,  nodejs: 22.22.2,,0
	2026-06-02T12:05:41.7912214Z,Requesting SDK from ACR via external provider: nodejs 22.22.2 (bookworm),,0
	2026-06-02T12:05:42.9540211Z,Successfully pulled SDK from ACR via external provider: nodejs 22.22.2,,0
	2026-06-02T12:05:42.9927872Z,SDK for 'nodejs' version '22.22.2' fetched via external ACR provider.,,0
	2026-06-02T12:05:43.0152924Z,Version '22.22.2' of platform 'nodejs' is not installed. Generating script to install it...,,0
	2026-06-02T12:05:43.1551451Z,,,0
	2026-06-02T12:05:43.1932691Z,Using intermediate directory '/tmp/8dec09f424fddfb'.,,0
	2026-06-02T12:05:43.2080934Z,,,0
	2026-06-02T12:05:43.2330500Z,Copying files to the intermediate directory...,,0
	2026-06-02T12:05:43.8859398Z,Copying files to intermediate directory done in 0 sec(s).,,0
	2026-06-02T12:05:43.8983631Z,,,0
	2026-06-02T12:05:43.9083539Z,Source directory     : /tmp/8dec09f424fddfb,,0
	2026-06-02T12:05:43.9199380Z,Destination directory: /home/site/wwwroot,,0
	2026-06-02T12:05:43.9284077Z,,,0
	2026-06-02T12:05:43.9428589Z,Installing platform...,,0
	2026-06-02T12:05:43.9524236Z,,,0
	2026-06-02T12:05:43.9625984Z,Downloading and extracting 'nodejs' version '22.22.2' to '/tmp/oryx/platforms/nodejs/22.22.2'...,,0
	2026-06-02T12:05:43.9891049Z,Detected image debian flavor: bookworm.,,0
	2026-06-02T12:05:44.0055784Z,SDK binary download was skipped. Looking for cached tarball...,,0
	2026-06-02T12:05:44.0183596Z,Found tarball at /var/OryxAcrSdks/nodejs/nodejs-bookworm-22.22.2.tar.gz,,0
	2026-06-02T12:05:46.4046547Z,Successfully extracted nodejs version 22.22.2 from cached tarball.,,0
	2026-06-02T12:05:46.4796262Z,,,0
	2026-06-02T12:05:46.5126840Z,Platform installation done in 3 sec(s).,,0
	2026-06-02T12:05:46.6316827Z,Running build script snippets...,,0
	2026-06-02T12:05:46.6412629Z,Removing existing manifest file,,0
	2026-06-02T12:05:46.6526107Z,Creating directory for command manifest file if it does not exist,,0
	2026-06-02T12:05:46.6636245Z,Creating a manifest file...,,0
	2026-06-02T12:05:46.7842260Z,Node Build Command Manifest file created.,,0
	2026-06-02T12:05:46.7925747Z,,,0
	2026-06-02T12:05:46.7994124Z,Using Node version:,,0
	2026-06-02T12:05:47.5900166Z,v22.22.2,,0
	2026-06-02T12:05:47.6101198Z,,,0
	2026-06-02T12:05:47.6181982Z,Using Npm version:,,0
	2026-06-02T12:05:48.1380188Z,10.9.7,,0
	2026-06-02T12:05:48.2518568Z,,,0
	2026-06-02T12:05:48.2686716Z,Running 'npm install'...,,0
	2026-06-02T12:05:48.2884550Z,,,0
	2026-06-02T12:05:49.4034278Z,,,0
	2026-06-02T12:05:49.4241178Z,> orpon@1.0.0 postinstall,,0
	2026-06-02T12:05:49.4386847Z,> cd backend && npm install,,0
	2026-06-02T12:05:49.4576889Z,,,0
	2026-06-02T12:05:53.6269944Z,npm warn deprecated crypto@1.0.1: This package is no longer supported. It's now a built-in Node module. If you've depended on crypto&comma; you should switch to the one that's built-in.,,1
	2026-06-02T12:05:54.8144712Z,npm warn deprecated uuid@8.3.2: uuid@10 and below is no longer supported.  For ESM codebases&comma; update to uuid@latest.  For CommonJS codebases&comma; use uuid@11 (but be aware this version will likely be deprecated in 2028).,,1
	2026-06-02T12:05:58.0475493Z,,,0
	2026-06-02T12:05:58.0717205Z,added 286 packages&comma; and audited 287 packages in 9s,,0
	2026-06-02T12:05:58.0942775Z,,,0
	2026-06-02T12:05:58.1048879Z,99 packages are looking for funding,,0
	2026-06-02T12:05:58.1256527Z,  run `npm fund` for details,,0
	2026-06-02T12:05:58.1346149Z,,,0
	2026-06-02T12:05:58.1555477Z,9 moderate severity vulnerabilities,,0
	2026-06-02T12:05:58.1794848Z,,,0
	2026-06-02T12:05:58.1985200Z,To address issues that do not require attention&comma; run:,,0
	2026-06-02T12:05:58.2067073Z,  npm audit fix,,0
	2026-06-02T12:05:58.2217822Z,,,0
	2026-06-02T12:05:58.2291599Z,To address all issues (including breaking changes)&comma; run:,,0
	2026-06-02T12:05:58.2380461Z,  npm audit fix --force,,0
	2026-06-02T12:05:58.2453238Z,,,0
	2026-06-02T12:05:58.2530172Z,Run `npm audit` for details.,,0
	2026-06-02T12:05:58.2605191Z,,,0
	2026-06-02T12:05:58.2706080Z,up to date&comma; audited 1 package in 10s,,0
	2026-06-02T12:05:58.2868465Z,,,0
	2026-06-02T12:05:58.2973533Z,found 0 vulnerabilities,,0
	2026-06-02T12:05:58.9880996Z,Build script snippets done in 12 sec(s).,,0
	2026-06-02T12:05:59.0023679Z,Preparing output...,,0
	2026-06-02T12:05:59.0120224Z,Using standard output preparation...,,0
	2026-06-02T12:05:59.0195184Z,,,0
	2026-06-02T12:05:59.0364020Z,Copying files to destination directory '/home/site/wwwroot'...,,0
	2026-06-02T12:09:22.4113382Z,Copying to destination directory done in 204 sec(s).,,0
	2026-06-02T12:09:22.4479896Z,Total time for destination directory preparation done in 204 sec(s).,,0
	2026-06-02T12:09:22.4697364Z,,,0
	2026-06-02T12:09:22.4863282Z,Removing existing manifest file,,0
	2026-06-02T12:09:22.4994560Z,Creating a manifest file...,,0
	2026-06-02T12:09:22.5371030Z,Manifest file created.,,0
	2026-06-02T12:09:22.5513906Z,Copying .ostype to manifest output directory.,,0
	2026-06-02T12:09:22.5611512Z,,,0
	2026-06-02T12:09:22.5692393Z,Total execution done in 219 sec(s).,,0
2026-06-02T12:09:23.5871527Z,Running post deployment command(s)...,2804702e-eb0b-46e5-acc1-fa654268b42d,0
2026-06-02T12:09:23.7237602Z,,f58f254a-aca6-4766-9f13-d713960a7811,0
2026-06-02T12:09:23.8512969Z,Generating summary of Oryx build,06d7bbf9-a867-4a5a-8c61-bfc04d3a2cf9,0
2026-06-02T12:09:24.0035937Z,Parsing the build logs,d48f48b1-6f01-4966-b1ff-ff9efe3bc7dd,0
2026-06-02T12:09:24.1335958Z,Found 0 issue(s),d289f950-aced-4c5b-a7c3-c5ffc63a4414,0
2026-06-02T12:09:24.2575815Z,,9ce74841-deea-4675-a14c-2b13fde58564,0
2026-06-02T12:09:24.3757187Z,Build Summary :,f77cecf1-48fc-4cdc-b52f-1bd616942391,0
2026-06-02T12:09:24.5032576Z,===============,ce82e1a8-69b4-4ab6-a039-d93a4ba4f42a,0
2026-06-02T12:09:24.6329074Z,Errors (0),48e9047f-9426-4750-aefc-fe629dd11372,0
2026-06-02T12:09:24.7348670Z,Warnings (0),e4b483a7-443f-464a-8156-c38755f54004,0
2026-06-02T12:09:24.8868023Z,,1daa18ae-b04a-4307-9121-85bee2be4737,0
2026-06-02T12:09:25.0895987Z,Triggering recycle (preview mode disabled).,f598811d-2eb4-419a-a675-9ec210caab5c,0
2026-06-02T12:09:25.3099865Z,Deployment successful. deployer = GitHub deploymentPath = ,93124513-9fb6-4076-be2b-ca29da290d2b,0
