2026-06-03T09:22:41.5289108Z State: Starting, Action: EstablishingSiteNetworks, LastError: , LastErrorTimestamp: 01/01/0001 00:00:00, LastErrorDetails: , Details: , DetailsLevel: INFO
2026-06-03T09:22:43.2911232Z State: Starting, Action: StartingSiteContainers, LastError: , LastErrorTimestamp: 01/01/0001 00:00:00, LastErrorDetails: , Details: , DetailsLevel: INFO
2026-06-03T09:22:43.3410333Z Container start method called.
2026-06-03T09:22:43.3476976Z State: Starting, Action: PullingImage, LastError: , LastErrorTimestamp: 01/01/0001 00:00:00, LastErrorDetails: , Details: Pulling image 10.1.0.5:13209/appsvc/node:22-lts_20260504.4.tuxprod for orpon-backend-api-sea., DetailsLevel: INFO
2026-06-03T09:22:43.3519276Z Establishing network.
2026-06-03T09:22:43.3539068Z Pulling image: appsvc/node:22-lts_20260504.4.tuxprod.
2026-06-03T09:22:44.0870262Z Image appsvc/node:22-lts_20260504.4.tuxprod is pulled from registry 10.1.0.5:13209
2026-06-03T09:22:44.1026141Z Container is starting.
2026-06-03T09:22:44.1028000Z State: Starting, Action: MountingVolumes, LastError: , LastErrorTimestamp: 01/01/0001 00:00:00, LastErrorDetails: , Details: Mounting volumes for orpon-backend-api-sea., DetailsLevel: INFO
2026-06-03T09:22:44.1029354Z Establishing user namespace if not established already.
2026-06-03T09:22:44.1030340Z Establishing network if not established already.
2026-06-03T09:22:44.1031419Z Mounting volumes.
2026-06-03T09:22:44.1084820Z Nested mountpoint 
2026-06-03T09:22:44.1413203Z Nested mountpoint volatile/logs
2026-06-03T09:22:44.1727580Z Nested mountpoint 
2026-06-03T09:22:44.1992624Z Nested mountpoint 
2026-06-03T09:22:44.2026160Z Nested mountpoint 
2026-06-03T09:22:44.3767384Z State: Starting, Action: CreatingContainer, LastError: , LastErrorTimestamp: 01/01/0001 00:00:00, LastErrorDetails: , Details: Finished pulling container image and mounting volumes for orpon-backend-api-sea. Allocatinng the rest of the container resources to finish container creation., DetailsLevel: INFO
2026-06-03T09:22:44.3773156Z Creating container.
2026-06-03T09:22:44.3781863Z Creating pipes for streaming container io.
2026-06-03T09:22:44.3790329Z Creating stdout named pipe at /podr/container/pipe/f3bfe539929f_orpon-backend-api-sea/stdout_c6bc6529a1d243fa845ecb0417d1e421.
2026-06-03T09:22:44.3803032Z Successfully created stdout named pipe at: /podr/container/pipe/f3bfe539929f_orpon-backend-api-sea/stdout_c6bc6529a1d243fa845ecb0417d1e421.
2026-06-03T09:22:44.3814361Z Opening named pipe /podr/container/pipe/f3bfe539929f_orpon-backend-api-sea/stdout_c6bc6529a1d243fa845ecb0417d1e421 for reading in non-blocking mode.
2026-06-03T09:22:44.3816201Z Successfully opened named pipe: /podr/container/pipe/f3bfe539929f_orpon-backend-api-sea/stdout_c6bc6529a1d243fa845ecb0417d1e421.
2026-06-03T09:22:44.3820616Z Successfully removed non-blocking flag from /podr/container/pipe/f3bfe539929f_orpon-backend-api-sea/stdout_c6bc6529a1d243fa845ecb0417d1e421.
2026-06-03T09:22:44.3844398Z Creating stderr named pipe at /podr/container/pipe/f3bfe539929f_orpon-backend-api-sea/stderr_d3c890409df74aac8873d81cad354262.
2026-06-03T09:22:44.3848857Z Successfully created stderr named pipe at: /podr/container/pipe/f3bfe539929f_orpon-backend-api-sea/stderr_d3c890409df74aac8873d81cad354262.
2026-06-03T09:22:44.3852903Z Opening named pipe /podr/container/pipe/f3bfe539929f_orpon-backend-api-sea/stderr_d3c890409df74aac8873d81cad354262 for reading in non-blocking mode.
2026-06-03T09:22:44.3859315Z Successfully opened named pipe: /podr/container/pipe/f3bfe539929f_orpon-backend-api-sea/stderr_d3c890409df74aac8873d81cad354262.
2026-06-03T09:22:44.3861090Z Successfully removed non-blocking flag from /podr/container/pipe/f3bfe539929f_orpon-backend-api-sea/stderr_d3c890409df74aac8873d81cad354262.
2026-06-03T09:22:44.3885006Z Creating container with image: appsvc/node:22-lts_20260504.4.tuxprod from registry: 10.1.0.5:13209 and fully qualified image name: 10.1.0.5:13209/appsvc/node:22-lts_20260504.4.tuxprod
2026-06-03T09:22:45.6709470Z Starting container: f3bfe539929f_orpon-backend-api-sea.
2026-06-03T09:22:45.8267305Z Starting watchers and probes.
2026-06-03T09:22:45.8915169Z Starting metrics collection.
2026-06-03T09:22:45.9147461Z Container is running.
2026-06-03T09:22:45.9150310Z State: Starting, Action: CreatingContainer, LastError: , LastErrorTimestamp: 01/01/0001 00:00:00, LastErrorDetails: , Details: Container orpon-backend-api-sea successfully created and is running., DetailsLevel: INFO
2026-06-03T09:22:46.0106620Z Container start method finished after 2669 ms.
2026-06-03T09:22:46.0169445Z State: Starting, Action: InitiatingSiteWarmUpProbe, LastError: , LastErrorTimestamp: 01/01/0001 00:00:00, LastErrorDetails: , Details: Container orpon-backend-api-sea successfully created and is running., DetailsLevel: INFO
2026-06-03T09:22:46.0374570Z State: Starting, Action: WaitingForSiteWarmUpProbeSuccess, LastError: , LastErrorTimestamp: 01/01/0001 00:00:00, LastErrorDetails: , Details: Pinging warmup path to ensure container is ready to receive requests., DetailsLevel: INFO
2026-06-03T09:23:18.1753753Z Site startup probe succeeded after 32.073252 seconds.
2026-06-03T09:23:18.2988032Z State: Starting, Action: WarmUpProbeSucceeded, LastError: , LastErrorTimestamp: 01/01/0001 00:00:00, LastErrorDetails: , Details: Site startup probe succeeded after 32.073252 seconds., DetailsLevel: INFO
2026-06-03T09:23:18.4969637Z Site is running with deployment version: 68a75932fffd0cd3406ba138311736b2b5183084
2026-06-03T09:23:18.4976248Z Site started.
2026-06-03T09:23:18.4980695Z State: Started, Action: None, LastError: , LastErrorTimestamp: 01/01/0001 00:00:00, LastErrorDetails: , Details: Site started at 06/03/2026 09:23:18 (UTC), DetailsLevel: INFO
2026-06-03T09:23:18.5676164Z Site is running with patch version NODE 22.22.2
2026-06-03T09:39:03.2458691Z State: Starting, Action: EstablishingSiteNetworks, LastError: , LastErrorTimestamp: 01/01/0001 00:00:00, LastErrorDetails: , Details: , DetailsLevel: INFO
2026-06-03T09:39:03.9884207Z State: Starting, Action: StartingSiteContainers, LastError: , LastErrorTimestamp: 01/01/0001 00:00:00, LastErrorDetails: , Details: , DetailsLevel: INFO
2026-06-03T09:39:03.9887762Z Container start method called.
2026-06-03T09:39:03.9889013Z State: Starting, Action: PullingImage, LastError: , LastErrorTimestamp: 01/01/0001 00:00:00, LastErrorDetails: , Details: Pulling image 10.1.0.5:13209/appsvc/node:22-lts_20260504.4.tuxprod for orpon-backend-api-sea., DetailsLevel: INFO
2026-06-03T09:39:03.9946721Z Establishing network.
2026-06-03T09:39:03.9948671Z Pulling image: appsvc/node:22-lts_20260504.4.tuxprod.
2026-06-03T09:39:04.4809872Z Container is starting.
2026-06-03T09:39:04.4811115Z State: Starting, Action: MountingVolumes, LastError: , LastErrorTimestamp: 01/01/0001 00:00:00, LastErrorDetails: , Details: Mounting volumes for orpon-backend-api-sea., DetailsLevel: INFO
2026-06-03T09:39:04.4812657Z Establishing user namespace if not established already.
2026-06-03T09:39:04.4814452Z Establishing network if not established already.
2026-06-03T09:39:04.4859518Z Mounting volumes.
2026-06-03T09:39:04.4862291Z Nested mountpoint 
2026-06-03T09:39:04.4930328Z Nested mountpoint volatile/logs
2026-06-03T09:39:04.5156452Z Nested mountpoint 
2026-06-03T09:39:04.5165715Z Nested mountpoint 
2026-06-03T09:39:04.5204035Z Nested mountpoint 
2026-06-03T09:39:04.6233275Z State: Starting, Action: CreatingContainer, LastError: , LastErrorTimestamp: 01/01/0001 00:00:00, LastErrorDetails: , Details: Finished pulling container image and mounting volumes for orpon-backend-api-sea. Allocatinng the rest of the container resources to finish container creation., DetailsLevel: INFO
2026-06-03T09:39:04.6234678Z Creating container.
2026-06-03T09:39:04.6236027Z Creating pipes for streaming container io.
2026-06-03T09:39:04.6237331Z Creating stdout named pipe at /podr/container/pipe/faf1d4395e62_orpon-backend-api-sea/stdout_00d82ae1abe24c968d6ba30527ca0d0a.
2026-06-03T09:39:04.6252495Z Successfully created stdout named pipe at: /podr/container/pipe/faf1d4395e62_orpon-backend-api-sea/stdout_00d82ae1abe24c968d6ba30527ca0d0a.
2026-06-03T09:39:04.6255709Z Opening named pipe /podr/container/pipe/faf1d4395e62_orpon-backend-api-sea/stdout_00d82ae1abe24c968d6ba30527ca0d0a for reading in non-blocking mode.
2026-06-03T09:39:04.6258173Z Successfully opened named pipe: /podr/container/pipe/faf1d4395e62_orpon-backend-api-sea/stdout_00d82ae1abe24c968d6ba30527ca0d0a.
2026-06-03T09:39:04.6259530Z Successfully removed non-blocking flag from /podr/container/pipe/faf1d4395e62_orpon-backend-api-sea/stdout_00d82ae1abe24c968d6ba30527ca0d0a.
2026-06-03T09:39:04.6261474Z Creating stderr named pipe at /podr/container/pipe/faf1d4395e62_orpon-backend-api-sea/stderr_17f7fa01e85c49ebb0db92805e010a38.
2026-06-03T09:39:04.6263733Z Successfully created stderr named pipe at: /podr/container/pipe/faf1d4395e62_orpon-backend-api-sea/stderr_17f7fa01e85c49ebb0db92805e010a38.
2026-06-03T09:39:04.6265718Z Opening named pipe /podr/container/pipe/faf1d4395e62_orpon-backend-api-sea/stderr_17f7fa01e85c49ebb0db92805e010a38 for reading in non-blocking mode.
2026-06-03T09:39:04.6267500Z Successfully opened named pipe: /podr/container/pipe/faf1d4395e62_orpon-backend-api-sea/stderr_17f7fa01e85c49ebb0db92805e010a38.
2026-06-03T09:39:04.6270677Z Successfully removed non-blocking flag from /podr/container/pipe/faf1d4395e62_orpon-backend-api-sea/stderr_17f7fa01e85c49ebb0db92805e010a38.
2026-06-03T09:39:04.6272493Z Creating container with image: appsvc/node:22-lts_20260504.4.tuxprod from registry: 10.1.0.5:13209 and fully qualified image name: 10.1.0.5:13209/appsvc/node:22-lts_20260504.4.tuxprod
2026-06-03T09:39:05.1665324Z Starting container: faf1d4395e62_orpon-backend-api-sea.
2026-06-03T09:39:05.2276095Z Starting watchers and probes.
2026-06-03T09:39:05.2279521Z Starting metrics collection.
2026-06-03T09:39:05.2281879Z Container is running.
2026-06-03T09:39:05.2284335Z State: Starting, Action: CreatingContainer, LastError: , LastErrorTimestamp: 01/01/0001 00:00:00, LastErrorDetails: , Details: Container orpon-backend-api-sea successfully created and is running., DetailsLevel: INFO
2026-06-03T09:39:05.2797309Z Container start method finished after 1290 ms.
2026-06-03T09:39:05.2845521Z State: Starting, Action: InitiatingSiteWarmUpProbe, LastError: , LastErrorTimestamp: 01/01/0001 00:00:00, LastErrorDetails: , Details: Container orpon-backend-api-sea successfully created and is running., DetailsLevel: INFO
2026-06-03T09:39:05.2845831Z State: Starting, Action: WaitingForSiteWarmUpProbeSuccess, LastError: , LastErrorTimestamp: 01/01/0001 00:00:00, LastErrorDetails: , Details: Pinging warmup path to ensure container is ready to receive requests., DetailsLevel: INFO
2026-06-03T09:39:29.3830172Z Site startup probe succeeded after 24.0980181 seconds.
2026-06-03T09:39:29.4796551Z State: Starting, Action: WarmUpProbeSucceeded, LastError: , LastErrorTimestamp: 01/01/0001 00:00:00, LastErrorDetails: , Details: Site startup probe succeeded after 24.0980181 seconds., DetailsLevel: INFO
2026-06-03T09:39:30.3801992Z Site is running with deployment version: 68a75932fffd0cd3406ba138311736b2b5183084
2026-06-03T09:39:30.3938772Z Site started.
2026-06-03T09:39:30.3963985Z State: Started, Action: None, LastError: , LastErrorTimestamp: 01/01/0001 00:00:00, LastErrorDetails: , Details: Site started at 06/03/2026 09:39:30 (UTC), DetailsLevel: INFO
2026-06-03T09:39:30.3966916Z Site is running with patch version NODE 22.22.2
2026-06-03T09:39:50.6493339Z State: Stopping, Action: StoppingSite, LastError: , LastErrorTimestamp: 01/01/0001 00:00:00, LastErrorDetails: , Details: Site started at 06/03/2026 09:23:18 (UTC), DetailsLevel: INFO
2026-06-03T09:39:50.6726782Z State: Stopping, Action: StoppingSiteContainers, LastError: , LastErrorTimestamp: 01/01/0001 00:00:00, LastErrorDetails: , Details: Site started at 06/03/2026 09:23:18 (UTC), DetailsLevel: INFO
2026-06-03T09:39:50.6754601Z Container is terminating. Grace period: 5 seconds.
2026-06-03T09:39:50.7074470Z Stop and delete container. Retry count = 0
2026-06-03T09:39:50.7075933Z Stopping container: f3bfe539929f_orpon-backend-api-sea.
2026-06-03T09:39:55.8582195Z Deleting container: f3bfe539929f_orpon-backend-api-sea. Retry count = 0
2026-06-03T09:39:56.1788055Z Container spec TerminationMessagePolicy  path 
2026-06-03T09:39:56.1797076Z Container is terminated. Total time elapsed: 5496 ms.
2026-06-03T09:39:56.1871829Z Site: orpon-backend-api-sea stopped.
2026-06-03T09:42:54.4546748Z State: Starting, Action: EstablishingSiteNetworks, LastError: , LastErrorTimestamp: 01/01/0001 00:00:00, LastErrorDetails: , Details: , DetailsLevel: INFO
2026-06-03T09:42:55.8300743Z State: Starting, Action: StartingSiteContainers, LastError: , LastErrorTimestamp: 01/01/0001 00:00:00, LastErrorDetails: , Details: , DetailsLevel: INFO
2026-06-03T09:42:55.8302455Z Container start method called.
2026-06-03T09:42:55.8302925Z State: Starting, Action: PullingImage, LastError: , LastErrorTimestamp: 01/01/0001 00:00:00, LastErrorDetails: , Details: Pulling image 10.1.0.5:13209/appsvc/node:22-lts_20260504.4.tuxprod for orpon-backend-api-sea., DetailsLevel: INFO
2026-06-03T09:42:55.8303960Z Establishing network.
2026-06-03T09:42:55.8305096Z Pulling image: appsvc/node:22-lts_20260504.4.tuxprod.
2026-06-03T09:42:55.9940953Z Container is starting.
2026-06-03T09:42:55.9942092Z State: Starting, Action: MountingVolumes, LastError: , LastErrorTimestamp: 01/01/0001 00:00:00, LastErrorDetails: , Details: Mounting volumes for orpon-backend-api-sea., DetailsLevel: INFO
2026-06-03T09:42:55.9943472Z Establishing user namespace if not established already.
2026-06-03T09:42:55.9946016Z Establishing network if not established already.
2026-06-03T09:42:55.9947570Z Mounting volumes.
2026-06-03T09:42:55.9972311Z Nested mountpoint 
2026-06-03T09:42:56.0056708Z Nested mountpoint volatile/logs
2026-06-03T09:42:56.0103628Z Nested mountpoint 
2026-06-03T09:42:56.0155080Z Nested mountpoint 
2026-06-03T09:42:56.0174290Z Nested mountpoint 
2026-06-03T09:42:56.1236967Z State: Starting, Action: CreatingContainer, LastError: , LastErrorTimestamp: 01/01/0001 00:00:00, LastErrorDetails: , Details: Finished pulling container image and mounting volumes for orpon-backend-api-sea. Allocatinng the rest of the container resources to finish container creation., DetailsLevel: INFO
2026-06-03T09:42:56.1242393Z Creating container.
2026-06-03T09:42:56.1247024Z Creating pipes for streaming container io.
2026-06-03T09:42:56.1251353Z Creating stdout named pipe at /podr/container/pipe/aa2f371ed61c_orpon-backend-api-sea/stdout_f8db7cc2d702415fbc3f1e437749568f.
2026-06-03T09:42:56.1325097Z Successfully created stdout named pipe at: /podr/container/pipe/aa2f371ed61c_orpon-backend-api-sea/stdout_f8db7cc2d702415fbc3f1e437749568f.
2026-06-03T09:42:56.1326270Z Opening named pipe /podr/container/pipe/aa2f371ed61c_orpon-backend-api-sea/stdout_f8db7cc2d702415fbc3f1e437749568f for reading in non-blocking mode.
2026-06-03T09:42:56.1327590Z Successfully opened named pipe: /podr/container/pipe/aa2f371ed61c_orpon-backend-api-sea/stdout_f8db7cc2d702415fbc3f1e437749568f.
2026-06-03T09:42:56.1329473Z Successfully removed non-blocking flag from /podr/container/pipe/aa2f371ed61c_orpon-backend-api-sea/stdout_f8db7cc2d702415fbc3f1e437749568f.
2026-06-03T09:42:56.1331203Z Creating stderr named pipe at /podr/container/pipe/aa2f371ed61c_orpon-backend-api-sea/stderr_56527b9a9a7949439bc22e63f1872d1b.
2026-06-03T09:42:56.1332875Z Successfully created stderr named pipe at: /podr/container/pipe/aa2f371ed61c_orpon-backend-api-sea/stderr_56527b9a9a7949439bc22e63f1872d1b.
2026-06-03T09:42:56.1333810Z Opening named pipe /podr/container/pipe/aa2f371ed61c_orpon-backend-api-sea/stderr_56527b9a9a7949439bc22e63f1872d1b for reading in non-blocking mode.
2026-06-03T09:42:56.1334923Z Successfully opened named pipe: /podr/container/pipe/aa2f371ed61c_orpon-backend-api-sea/stderr_56527b9a9a7949439bc22e63f1872d1b.
2026-06-03T09:42:56.1335985Z Successfully removed non-blocking flag from /podr/container/pipe/aa2f371ed61c_orpon-backend-api-sea/stderr_56527b9a9a7949439bc22e63f1872d1b.
2026-06-03T09:42:56.1337249Z Creating container with image: appsvc/node:22-lts_20260504.4.tuxprod from registry: 10.1.0.5:13209 and fully qualified image name: 10.1.0.5:13209/appsvc/node:22-lts_20260504.4.tuxprod
2026-06-03T09:42:56.5584341Z Starting container: aa2f371ed61c_orpon-backend-api-sea.
2026-06-03T09:42:56.5854104Z Starting watchers and probes.
2026-06-03T09:42:56.5873393Z Starting metrics collection.
2026-06-03T09:42:56.5883094Z Container is running.
2026-06-03T09:42:56.5893002Z State: Starting, Action: CreatingContainer, LastError: , LastErrorTimestamp: 01/01/0001 00:00:00, LastErrorDetails: , Details: Container orpon-backend-api-sea successfully created and is running., DetailsLevel: INFO
2026-06-03T09:42:56.6526645Z Container start method finished after 821 ms.
2026-06-03T09:42:56.6561725Z State: Starting, Action: InitiatingSiteWarmUpProbe, LastError: , LastErrorTimestamp: 01/01/0001 00:00:00, LastErrorDetails: , Details: Container orpon-backend-api-sea successfully created and is running., DetailsLevel: INFO
2026-06-03T09:42:56.6562789Z State: Starting, Action: WaitingForSiteWarmUpProbeSuccess, LastError: , LastErrorTimestamp: 01/01/0001 00:00:00, LastErrorDetails: , Details: Pinging warmup path to ensure container is ready to receive requests., DetailsLevel: INFO
2026-06-03T09:43:18.6864651Z Site startup probe succeeded after 22.0263235 seconds.
2026-06-03T09:43:18.7617187Z State: Starting, Action: WarmUpProbeSucceeded, LastError: , LastErrorTimestamp: 01/01/0001 00:00:00, LastErrorDetails: , Details: Site startup probe succeeded after 22.0263235 seconds., DetailsLevel: INFO
2026-06-03T09:43:18.8862213Z Site is running with deployment version: 8bfd13da-390c-446a-847e-46559db801ae
2026-06-03T09:43:18.8867458Z Site started.
2026-06-03T09:43:18.8878776Z State: Started, Action: None, LastError: , LastErrorTimestamp: 01/01/0001 00:00:00, LastErrorDetails: , Details: Site started at 06/03/2026 09:43:18 (UTC), DetailsLevel: INFO
2026-06-03T09:43:18.8893237Z Site is running with patch version NODE 22.22.2
2026-06-03T09:43:39.0145142Z State: Stopping, Action: StoppingSite, LastError: , LastErrorTimestamp: 01/01/0001 00:00:00, LastErrorDetails: , Details: Site started at 06/03/2026 09:39:30 (UTC), DetailsLevel: INFO
2026-06-03T09:43:39.0153613Z State: Stopping, Action: StoppingSiteContainers, LastError: , LastErrorTimestamp: 01/01/0001 00:00:00, LastErrorDetails: , Details: Site started at 06/03/2026 09:39:30 (UTC), DetailsLevel: INFO
2026-06-03T09:43:39.0155041Z Container is terminating. Grace period: 5 seconds.
2026-06-03T09:43:39.0463525Z Stop and delete container. Retry count = 0
2026-06-03T09:43:39.0465671Z Stopping container: faf1d4395e62_orpon-backend-api-sea.
2026-06-03T09:43:44.2756347Z Deleting container: faf1d4395e62_orpon-backend-api-sea. Retry count = 0
2026-06-03T09:43:44.5026258Z Container spec TerminationMessagePolicy  path 
2026-06-03T09:43:44.5029090Z Container is terminated. Total time elapsed: 5486 ms.
2026-06-03T09:43:44.5030357Z Site: orpon-backend-api-sea stopped.
2026-06-03T12:07:06.1640747Z State: Starting, Action: EstablishingSiteNetworks, LastError: , LastErrorTimestamp: 01/01/0001 00:00:00, LastErrorDetails: , Details: , DetailsLevel: INFO
2026-06-03T12:07:07.4941809Z State: Starting, Action: StartingSiteContainers, LastError: , LastErrorTimestamp: 01/01/0001 00:00:00, LastErrorDetails: , Details: , DetailsLevel: INFO
2026-06-03T12:07:07.4968193Z Container start method called.
2026-06-03T12:07:07.4995313Z State: Starting, Action: PullingImage, LastError: , LastErrorTimestamp: 01/01/0001 00:00:00, LastErrorDetails: , Details: Pulling image 10.1.0.6:13209/appsvc/node:22-lts_20260504.4.tuxprod for orpon-backend-api-sea., DetailsLevel: INFO
2026-06-03T12:07:07.5003259Z Establishing network.
2026-06-03T12:07:07.5006119Z Pulling image: appsvc/node:22-lts_20260504.4.tuxprod.
2026-06-03T12:07:08.0065500Z Image appsvc/node:22-lts_20260504.4.tuxprod is pulled from registry 10.1.0.6:13209
2026-06-03T12:07:08.0148622Z Container is starting.
2026-06-03T12:07:08.0160462Z State: Starting, Action: MountingVolumes, LastError: , LastErrorTimestamp: 01/01/0001 00:00:00, LastErrorDetails: , Details: Mounting volumes for orpon-backend-api-sea., DetailsLevel: INFO
2026-06-03T12:07:08.0168742Z Establishing user namespace if not established already.
2026-06-03T12:07:08.0170518Z Establishing network if not established already.
2026-06-03T12:07:08.0173125Z Mounting volumes.
2026-06-03T12:07:08.0360820Z Nested mountpoint 
2026-06-03T12:07:08.1587572Z Nested mountpoint volatile/logs
2026-06-03T12:07:08.9752047Z Nested mountpoint 
2026-06-03T12:07:09.3368659Z Nested mountpoint 
2026-06-03T12:07:09.3729809Z Nested mountpoint 
2026-06-03T12:07:11.4205565Z State: Starting, Action: CreatingContainer, LastError: , LastErrorTimestamp: 01/01/0001 00:00:00, LastErrorDetails: , Details: Finished pulling container image and mounting volumes for orpon-backend-api-sea. Allocatinng the rest of the container resources to finish container creation., DetailsLevel: INFO
2026-06-03T12:07:11.4208373Z Creating container.
2026-06-03T12:07:11.4727978Z Creating pipes for streaming container io.
2026-06-03T12:07:11.4730120Z Creating stdout named pipe at /podr/container/pipe/56bcd418b04c_orpon-backend-api-sea/stdout_14f457f406e4470291789803aa8bbfb4.
2026-06-03T12:07:11.4845126Z Successfully created stdout named pipe at: /podr/container/pipe/56bcd418b04c_orpon-backend-api-sea/stdout_14f457f406e4470291789803aa8bbfb4.
2026-06-03T12:07:11.5934080Z Opening named pipe /podr/container/pipe/56bcd418b04c_orpon-backend-api-sea/stdout_14f457f406e4470291789803aa8bbfb4 for reading in non-blocking mode.
2026-06-03T12:07:11.5939790Z Successfully opened named pipe: /podr/container/pipe/56bcd418b04c_orpon-backend-api-sea/stdout_14f457f406e4470291789803aa8bbfb4.
2026-06-03T12:07:11.5941364Z Successfully removed non-blocking flag from /podr/container/pipe/56bcd418b04c_orpon-backend-api-sea/stdout_14f457f406e4470291789803aa8bbfb4.
2026-06-03T12:07:11.6071448Z Creating stderr named pipe at /podr/container/pipe/56bcd418b04c_orpon-backend-api-sea/stderr_a1c6df9b794e49b795de155dbd2b2a41.
2026-06-03T12:07:11.6073990Z Successfully created stderr named pipe at: /podr/container/pipe/56bcd418b04c_orpon-backend-api-sea/stderr_a1c6df9b794e49b795de155dbd2b2a41.
2026-06-03T12:07:11.6075364Z Opening named pipe /podr/container/pipe/56bcd418b04c_orpon-backend-api-sea/stderr_a1c6df9b794e49b795de155dbd2b2a41 for reading in non-blocking mode.
2026-06-03T12:07:11.6077040Z Successfully opened named pipe: /podr/container/pipe/56bcd418b04c_orpon-backend-api-sea/stderr_a1c6df9b794e49b795de155dbd2b2a41.
2026-06-03T12:07:11.6859124Z Successfully removed non-blocking flag from /podr/container/pipe/56bcd418b04c_orpon-backend-api-sea/stderr_a1c6df9b794e49b795de155dbd2b2a41.
2026-06-03T12:07:11.7842081Z Creating container with image: appsvc/node:22-lts_20260504.4.tuxprod from registry: 10.1.0.6:13209 and fully qualified image name: 10.1.0.6:13209/appsvc/node:22-lts_20260504.4.tuxprod
2026-06-03T12:07:15.8246307Z Starting container: 56bcd418b04c_orpon-backend-api-sea.
2026-06-03T12:07:16.4153549Z Starting watchers and probes.
2026-06-03T12:07:16.4589574Z Starting metrics collection.
2026-06-03T12:07:16.4922355Z Container is running.
2026-06-03T12:07:16.5076173Z State: Starting, Action: CreatingContainer, LastError: , LastErrorTimestamp: 01/01/0001 00:00:00, LastErrorDetails: , Details: Container orpon-backend-api-sea successfully created and is running., DetailsLevel: INFO
2026-06-03T12:07:16.9070278Z Container start method finished after 9385 ms.
2026-06-03T12:07:16.9074445Z State: Starting, Action: InitiatingSiteWarmUpProbe, LastError: , LastErrorTimestamp: 01/01/0001 00:00:00, LastErrorDetails: , Details: Container orpon-backend-api-sea successfully created and is running., DetailsLevel: INFO
2026-06-03T12:07:16.9074715Z State: Starting, Action: WaitingForSiteWarmUpProbeSuccess, LastError: , LastErrorTimestamp: 01/01/0001 00:00:00, LastErrorDetails: , Details: Pinging warmup path to ensure container is ready to receive requests., DetailsLevel: INFO
2026-06-03T12:07:58.0535970Z Site startup probe succeeded after 41.0338736 seconds.
2026-06-03T12:07:58.1131299Z State: Starting, Action: WarmUpProbeSucceeded, LastError: , LastErrorTimestamp: 01/01/0001 00:00:00, LastErrorDetails: , Details: Site startup probe succeeded after 41.0338736 seconds., DetailsLevel: INFO
2026-06-03T12:07:58.3086185Z Site is running with deployment version: b4909ab7-584d-4e03-b5d1-bc431c902269
2026-06-03T12:07:58.3088664Z Site started.
2026-06-03T12:07:58.3089513Z State: Started, Action: None, LastError: , LastErrorTimestamp: 01/01/0001 00:00:00, LastErrorDetails: , Details: Site started at 06/03/2026 12:07:58 (UTC), DetailsLevel: INFO
2026-06-03T12:07:58.3136861Z Site is running with patch version NODE 22.22.2
2026-06-03T12:08:18.4604715Z State: Stopping, Action: StoppingSite, LastError: , LastErrorTimestamp: 01/01/0001 00:00:00, LastErrorDetails: , Details: Site started at 06/03/2026 09:43:18 (UTC), DetailsLevel: INFO
2026-06-03T12:08:18.4674006Z State: Stopping, Action: StoppingSiteContainers, LastError: , LastErrorTimestamp: 01/01/0001 00:00:00, LastErrorDetails: , Details: Site started at 06/03/2026 09:43:18 (UTC), DetailsLevel: INFO
2026-06-03T12:08:18.4697598Z Container is terminating. Grace period: 5 seconds.
2026-06-03T12:08:18.5252319Z Stop and delete container. Retry count = 0
2026-06-03T12:08:18.5259227Z Stopping container: aa2f371ed61c_orpon-backend-api-sea.
2026-06-03T12:08:23.5629021Z Deleting container: aa2f371ed61c_orpon-backend-api-sea. Retry count = 0
2026-06-03T12:08:23.6574808Z Container spec TerminationMessagePolicy  path 
2026-06-03T12:08:23.6595708Z Container is terminated. Total time elapsed: 5188 ms.
2026-06-03T12:08:23.6608219Z Site: orpon-backend-api-sea stopped.
2026-06-03T12:28:17.6645402Z State: Starting, Action: EstablishingSiteNetworks, LastError: , LastErrorTimestamp: 01/01/0001 00:00:00, LastErrorDetails: , Details: , DetailsLevel: INFO
2026-06-03T12:28:18.3202227Z State: Starting, Action: StartingSiteContainers, LastError: , LastErrorTimestamp: 01/01/0001 00:00:00, LastErrorDetails: , Details: , DetailsLevel: INFO
2026-06-03T12:28:18.3203563Z Container start method called.
2026-06-03T12:28:18.3203994Z State: Starting, Action: PullingImage, LastError: , LastErrorTimestamp: 01/01/0001 00:00:00, LastErrorDetails: , Details: Pulling image 10.1.0.5:13209/appsvc/node:22-lts_20260504.4.tuxprod for orpon-backend-api-sea., DetailsLevel: INFO
2026-06-03T12:28:18.3205181Z Establishing network.
2026-06-03T12:28:18.3206506Z Pulling image: appsvc/node:22-lts_20260504.4.tuxprod.
2026-06-03T12:28:18.4990537Z Container is starting.
2026-06-03T12:28:18.4991806Z State: Starting, Action: MountingVolumes, LastError: , LastErrorTimestamp: 01/01/0001 00:00:00, LastErrorDetails: , Details: Mounting volumes for orpon-backend-api-sea., DetailsLevel: INFO
2026-06-03T12:28:18.4995003Z Establishing user namespace if not established already.
2026-06-03T12:28:18.4996803Z Establishing network if not established already.
2026-06-03T12:28:18.4999317Z Mounting volumes.
2026-06-03T12:28:18.5002781Z Nested mountpoint 
2026-06-03T12:28:18.5046577Z Nested mountpoint volatile/logs
2026-06-03T12:28:18.5075839Z Nested mountpoint 
2026-06-03T12:28:18.5098548Z Nested mountpoint 
2026-06-03T12:28:18.5105651Z Nested mountpoint 
2026-06-03T12:28:18.6756830Z State: Starting, Action: CreatingContainer, LastError: , LastErrorTimestamp: 01/01/0001 00:00:00, LastErrorDetails: , Details: Finished pulling container image and mounting volumes for orpon-backend-api-sea. Allocatinng the rest of the container resources to finish container creation., DetailsLevel: INFO
2026-06-03T12:28:18.6759438Z Creating container.
2026-06-03T12:28:18.6760930Z Creating pipes for streaming container io.
2026-06-03T12:28:18.6761942Z Creating stdout named pipe at /podr/container/pipe/affd2e8f6502_orpon-backend-api-sea/stdout_829d6410872b41fbbd747ede11c6ed63.
2026-06-03T12:28:18.6795519Z Successfully created stdout named pipe at: /podr/container/pipe/affd2e8f6502_orpon-backend-api-sea/stdout_829d6410872b41fbbd747ede11c6ed63.
2026-06-03T12:28:18.6797063Z Opening named pipe /podr/container/pipe/affd2e8f6502_orpon-backend-api-sea/stdout_829d6410872b41fbbd747ede11c6ed63 for reading in non-blocking mode.
2026-06-03T12:28:18.6799185Z Successfully opened named pipe: /podr/container/pipe/affd2e8f6502_orpon-backend-api-sea/stdout_829d6410872b41fbbd747ede11c6ed63.
2026-06-03T12:28:18.6811818Z Successfully removed non-blocking flag from /podr/container/pipe/affd2e8f6502_orpon-backend-api-sea/stdout_829d6410872b41fbbd747ede11c6ed63.
2026-06-03T12:28:18.6816447Z Creating stderr named pipe at /podr/container/pipe/affd2e8f6502_orpon-backend-api-sea/stderr_c52294f25fb44a3b9d0597065bfc9fe6.
2026-06-03T12:28:18.6820893Z Successfully created stderr named pipe at: /podr/container/pipe/affd2e8f6502_orpon-backend-api-sea/stderr_c52294f25fb44a3b9d0597065bfc9fe6.
2026-06-03T12:28:18.6822449Z Opening named pipe /podr/container/pipe/affd2e8f6502_orpon-backend-api-sea/stderr_c52294f25fb44a3b9d0597065bfc9fe6 for reading in non-blocking mode.
2026-06-03T12:28:18.6823586Z Successfully opened named pipe: /podr/container/pipe/affd2e8f6502_orpon-backend-api-sea/stderr_c52294f25fb44a3b9d0597065bfc9fe6.
2026-06-03T12:28:18.6882569Z Successfully removed non-blocking flag from /podr/container/pipe/affd2e8f6502_orpon-backend-api-sea/stderr_c52294f25fb44a3b9d0597065bfc9fe6.
2026-06-03T12:28:18.6896981Z Creating container with image: appsvc/node:22-lts_20260504.4.tuxprod from registry: 10.1.0.5:13209 and fully qualified image name: 10.1.0.5:13209/appsvc/node:22-lts_20260504.4.tuxprod
2026-06-03T12:28:19.0582066Z Starting container: affd2e8f6502_orpon-backend-api-sea.
2026-06-03T12:28:19.0825923Z Starting watchers and probes.
2026-06-03T12:28:19.0828525Z Starting metrics collection.
2026-06-03T12:28:19.0830193Z Container is running.
2026-06-03T12:28:19.0830814Z State: Starting, Action: CreatingContainer, LastError: , LastErrorTimestamp: 01/01/0001 00:00:00, LastErrorDetails: , Details: Container orpon-backend-api-sea successfully created and is running., DetailsLevel: INFO
2026-06-03T12:28:19.1070139Z Container start method finished after 785 ms.
2026-06-03T12:28:19.1079893Z State: Starting, Action: InitiatingSiteWarmUpProbe, LastError: , LastErrorTimestamp: 01/01/0001 00:00:00, LastErrorDetails: , Details: Container orpon-backend-api-sea successfully created and is running., DetailsLevel: INFO
2026-06-03T12:28:19.1080289Z State: Starting, Action: WaitingForSiteWarmUpProbeSuccess, LastError: , LastErrorTimestamp: 01/01/0001 00:00:00, LastErrorDetails: , Details: Pinging warmup path to ensure container is ready to receive requests., DetailsLevel: INFO
2026-06-03T12:28:41.1483966Z Site startup probe succeeded after 22.0394195 seconds.
2026-06-03T12:28:41.2988762Z State: Starting, Action: WarmUpProbeSucceeded, LastError: , LastErrorTimestamp: 01/01/0001 00:00:00, LastErrorDetails: , Details: Site startup probe succeeded after 22.0394195 seconds., DetailsLevel: INFO
2026-06-03T12:28:41.5430349Z Site is running with deployment version: 814449de-fae3-44d2-8a58-3b749831dd24
2026-06-03T12:28:41.5433172Z Site started.
2026-06-03T12:28:41.5434674Z State: Started, Action: None, LastError: , LastErrorTimestamp: 01/01/0001 00:00:00, LastErrorDetails: , Details: Site started at 06/03/2026 12:28:41 (UTC), DetailsLevel: INFO
2026-06-03T12:28:41.5448009Z Site is running with patch version NODE 22.22.2
2026-06-03T12:29:01.6736982Z State: Stopping, Action: StoppingSite, LastError: , LastErrorTimestamp: 01/01/0001 00:00:00, LastErrorDetails: , Details: Site started at 06/03/2026 12:07:58 (UTC), DetailsLevel: INFO
2026-06-03T12:29:01.6740192Z State: Stopping, Action: StoppingSiteContainers, LastError: , LastErrorTimestamp: 01/01/0001 00:00:00, LastErrorDetails: , Details: Site started at 06/03/2026 12:07:58 (UTC), DetailsLevel: INFO
2026-06-03T12:29:01.6741647Z Container is terminating. Grace period: 5 seconds.
2026-06-03T12:29:01.6836161Z Stop and delete container. Retry count = 0
2026-06-03T12:29:01.6838603Z Stopping container: 56bcd418b04c_orpon-backend-api-sea.
2026-06-03T12:29:06.7903168Z Deleting container: 56bcd418b04c_orpon-backend-api-sea. Retry count = 0
2026-06-03T12:29:06.9307387Z Container spec TerminationMessagePolicy  path 
2026-06-03T12:29:06.9339208Z Container is terminated. Total time elapsed: 5259 ms.
2026-06-03T12:29:06.9340834Z Site: orpon-backend-api-sea stopped.
2026-06-03T12:48:21.1765461Z State: Starting, Action: EstablishingSiteNetworks, LastError: , LastErrorTimestamp: 01/01/0001 00:00:00, LastErrorDetails: , Details: , DetailsLevel: INFO
2026-06-03T12:48:22.2011104Z State: Starting, Action: StartingSiteContainers, LastError: , LastErrorTimestamp: 01/01/0001 00:00:00, LastErrorDetails: , Details: , DetailsLevel: INFO
2026-06-03T12:48:22.2012561Z Container start method called.
2026-06-03T12:48:22.2012991Z State: Starting, Action: PullingImage, LastError: , LastErrorTimestamp: 01/01/0001 00:00:00, LastErrorDetails: , Details: Pulling image 10.1.0.5:13209/appsvc/node:22-lts_20260504.4.tuxprod for orpon-backend-api-sea., DetailsLevel: INFO
2026-06-03T12:48:22.2014272Z Establishing network.
2026-06-03T12:48:22.2015497Z Pulling image: appsvc/node:22-lts_20260504.4.tuxprod.
2026-06-03T12:48:22.8633997Z Container is starting.
2026-06-03T12:48:22.8639822Z State: Starting, Action: MountingVolumes, LastError: , LastErrorTimestamp: 01/01/0001 00:00:00, LastErrorDetails: , Details: Mounting volumes for orpon-backend-api-sea., DetailsLevel: INFO
2026-06-03T12:48:22.8641784Z Establishing user namespace if not established already.
2026-06-03T12:48:22.8649354Z Establishing network if not established already.
2026-06-03T12:48:22.8652218Z Mounting volumes.
2026-06-03T12:48:22.8655410Z Nested mountpoint 
2026-06-03T12:48:22.8790888Z Nested mountpoint volatile/logs
2026-06-03T12:48:22.8832964Z Nested mountpoint 
2026-06-03T12:48:22.8855331Z Nested mountpoint 
2026-06-03T12:48:22.8873454Z Nested mountpoint 
2026-06-03T12:48:23.0456293Z State: Starting, Action: CreatingContainer, LastError: , LastErrorTimestamp: 01/01/0001 00:00:00, LastErrorDetails: , Details: Finished pulling container image and mounting volumes for orpon-backend-api-sea. Allocatinng the rest of the container resources to finish container creation., DetailsLevel: INFO
2026-06-03T12:48:23.0457397Z Creating container.
2026-06-03T12:48:23.0458428Z Creating pipes for streaming container io.
2026-06-03T12:48:23.0459474Z Creating stdout named pipe at /podr/container/pipe/a0850934252f_orpon-backend-api-sea/stdout_61e33b90adcb4214a5482b3c751f736b.
2026-06-03T12:48:23.0462769Z Successfully created stdout named pipe at: /podr/container/pipe/a0850934252f_orpon-backend-api-sea/stdout_61e33b90adcb4214a5482b3c751f736b.
2026-06-03T12:48:23.0463870Z Opening named pipe /podr/container/pipe/a0850934252f_orpon-backend-api-sea/stdout_61e33b90adcb4214a5482b3c751f736b for reading in non-blocking mode.
2026-06-03T12:48:23.0465039Z Successfully opened named pipe: /podr/container/pipe/a0850934252f_orpon-backend-api-sea/stdout_61e33b90adcb4214a5482b3c751f736b.
2026-06-03T12:48:23.0466022Z Successfully removed non-blocking flag from /podr/container/pipe/a0850934252f_orpon-backend-api-sea/stdout_61e33b90adcb4214a5482b3c751f736b.
2026-06-03T12:48:23.0467856Z Creating stderr named pipe at /podr/container/pipe/a0850934252f_orpon-backend-api-sea/stderr_20fc55dd1d1b41f6aa6184b9be5e0eb9.
2026-06-03T12:48:23.0469737Z Successfully created stderr named pipe at: /podr/container/pipe/a0850934252f_orpon-backend-api-sea/stderr_20fc55dd1d1b41f6aa6184b9be5e0eb9.
2026-06-03T12:48:23.0470921Z Opening named pipe /podr/container/pipe/a0850934252f_orpon-backend-api-sea/stderr_20fc55dd1d1b41f6aa6184b9be5e0eb9 for reading in non-blocking mode.
2026-06-03T12:48:23.0472771Z Successfully opened named pipe: /podr/container/pipe/a0850934252f_orpon-backend-api-sea/stderr_20fc55dd1d1b41f6aa6184b9be5e0eb9.
2026-06-03T12:48:23.0473969Z Successfully removed non-blocking flag from /podr/container/pipe/a0850934252f_orpon-backend-api-sea/stderr_20fc55dd1d1b41f6aa6184b9be5e0eb9.
2026-06-03T12:48:23.0475505Z Creating container with image: appsvc/node:22-lts_20260504.4.tuxprod from registry: 10.1.0.5:13209 and fully qualified image name: 10.1.0.5:13209/appsvc/node:22-lts_20260504.4.tuxprod
2026-06-03T12:48:23.3489974Z Starting container: a0850934252f_orpon-backend-api-sea.
2026-06-03T12:48:23.3926275Z Starting watchers and probes.
2026-06-03T12:48:23.4000240Z Starting metrics collection.
2026-06-03T12:48:23.4002146Z Container is running.
2026-06-03T12:48:23.4003633Z State: Starting, Action: CreatingContainer, LastError: , LastErrorTimestamp: 01/01/0001 00:00:00, LastErrorDetails: , Details: Container orpon-backend-api-sea successfully created and is running., DetailsLevel: INFO
2026-06-03T12:48:23.5118496Z Container start method finished after 1267 ms.
2026-06-03T12:48:23.5130419Z State: Starting, Action: InitiatingSiteWarmUpProbe, LastError: , LastErrorTimestamp: 01/01/0001 00:00:00, LastErrorDetails: , Details: Container orpon-backend-api-sea successfully created and is running., DetailsLevel: INFO
2026-06-03T12:48:23.5131156Z State: Starting, Action: WaitingForSiteWarmUpProbeSuccess, LastError: , LastErrorTimestamp: 01/01/0001 00:00:00, LastErrorDetails: , Details: Pinging warmup path to ensure container is ready to receive requests., DetailsLevel: INFO
