2026-06-03T12:05:42.5587944Z,Updating submodules.,230c9c27-b6f4-44d9-853c-d07309cb79b1,0
2026-06-03T12:05:43.7322719Z,Preparing deployment for commit id 'b4909ab7-5'.,2fc2f667-d97b-4be5-be06-d03873d27edc,0
2026-06-03T12:05:44.1282017Z,PreDeployment: context.CleanOutputPath False,873609e4-2ab5-40f7-98a9-7c27e954aac5,0
2026-06-03T12:05:44.2585999Z,PreDeployment: context.OutputPath /home/site/wwwroot,15f06cf5-22e9-453b-8b0b-809dfc40b286,0
2026-06-03T12:05:44.4147085Z,Repository path is /tmp/zipdeploy/extracted,d630edde-33e8-42a6-b3d4-02b28aab1d72,0
2026-06-03T12:05:44.5424002Z,Running oryx build...,ef8dd784-76cd-4399-ac0f-0cc92b9b36e5,0
	2026-06-03T12:05:44.5637294Z,Command: oryx build /tmp/zipdeploy/extracted -o /home/site/wwwroot --platform nodejs --platform-version 22 -p virtualenv_name= --log-file /tmp/build-debug.log  -i /tmp/8dec16870632930 -p compress_node_modules=tar-gz | tee /tmp/oryx-build.log,,0
	2026-06-03T12:05:45.3862446Z,Operation performed by Microsoft Oryx&comma; https://github.com/Microsoft/Oryx,,0
	2026-06-03T12:05:45.4001515Z,You can report issues at https://github.com/Microsoft/Oryx/issues,,0
	2026-06-03T12:05:45.4211721Z,,,0
	2026-06-03T12:05:45.4357379Z,Oryx Version: 0.2.20260420.1+83c04e9ee1882dc90d279b63348824daedbd3c96&comma; Commit: 83c04e9ee1882dc90d279b63348824daedbd3c96&comma; ReleaseTagName: 20260420.1,,0
	2026-06-03T12:05:45.4480031Z,,,0
	2026-06-03T12:05:45.4726191Z,Build Operation ID: aa021424c9ca300c,,0
	2026-06-03T12:05:45.4905929Z,Repository Commit : b4909ab7-584d-4e03-b5d1-bc431c902269,,0
	2026-06-03T12:05:45.5080962Z,OS Type           : bookworm,,0
	2026-06-03T12:05:45.6573531Z,Image Type        : githubactions,,0
	2026-06-03T12:05:45.6901969Z,,,0
	2026-06-03T12:05:45.7176256Z,Primary SDK Storage URL: https://oryx-cdn.microsoft.io,,0
	2026-06-03T12:05:45.7387403Z,Backup SDK Storage URL: ,,0
	2026-06-03T12:05:45.7613732Z,ACR SDK Registry URL: (not set),,0
	2026-06-03T12:05:45.7782437Z,SDK provider status:,,0
	2026-06-03T12:05:45.7973583Z,  External ACR SDK provider: Enabled,,0
	2026-06-03T12:05:45.8170142Z,  External SDK provider: Enabled,,0
	2026-06-03T12:05:45.8431263Z,  Direct ACR SDK provider: Disabled,,0
	2026-06-03T12:05:45.8591395Z,  Blob SDK provider: Enabled,,0
	2026-06-03T12:05:45.8780459Z,External ACR SDK provider is enabled. Only using user-specified platform: nodejs,,0
	2026-06-03T12:05:45.8955058Z,Detecting platforms...,,0
	2026-06-03T12:05:46.1325716Z,External ACR provider resolved version '22.22.2' for nodejs.,,0
	2026-06-03T12:05:46.1462257Z,Version resolved using external ACR SDK provider.,,0
	2026-06-03T12:05:46.1772349Z,Detected following platforms:,,0
	2026-06-03T12:05:46.1962482Z,  nodejs: 22.22.2,,0
	2026-06-03T12:05:46.3358037Z,,,0
	2026-06-03T12:05:46.3761782Z,Using intermediate directory '/tmp/8dec16870632930'.,,0
	2026-06-03T12:05:46.3912854Z,,,0
	2026-06-03T12:05:46.4107791Z,Copying files to the intermediate directory...,,0
	2026-06-03T12:05:46.5061489Z,Copying files to intermediate directory done in 0 sec(s).,,0
	2026-06-03T12:05:46.5268739Z,,,0
	2026-06-03T12:05:46.5466684Z,Source directory     : /tmp/8dec16870632930,,0
	2026-06-03T12:05:46.5729403Z,Destination directory: /home/site/wwwroot,,0
	2026-06-03T12:05:46.5936040Z,,,0
	2026-06-03T12:05:46.7260184Z,Running build script snippets...,,0
	2026-06-03T12:05:46.7599752Z,Removing existing manifest file,,0
	2026-06-03T12:05:46.7859328Z,Creating directory for command manifest file if it does not exist,,0
	2026-06-03T12:05:46.8070963Z,Creating a manifest file...,,0
	2026-06-03T12:05:46.8327703Z,Node Build Command Manifest file created.,,0
	2026-06-03T12:05:46.8700964Z,,,0
	2026-06-03T12:05:46.8902467Z,Using Node version:,,0
	2026-06-03T12:05:47.0093839Z,v22.22.2,,0
	2026-06-03T12:05:47.0295302Z,,,0
	2026-06-03T12:05:47.0489067Z,Using Npm version:,,0
	2026-06-03T12:05:47.5601323Z,10.9.7,,0
	2026-06-03T12:05:47.5826325Z,,,0
	2026-06-03T12:05:47.5936524Z,Running 'npm install'...,,0
	2026-06-03T12:05:47.6525264Z,,,0
	2026-06-03T12:05:49.4074488Z,,,0
	2026-06-03T12:05:49.4490505Z,> orpon@1.0.0 postinstall,,0
	2026-06-03T12:05:49.4754481Z,> cd backend && npm install,,0
	2026-06-03T12:05:49.4943242Z,,,0
	2026-06-03T12:05:52.5438479Z,npm warn deprecated crypto@1.0.1: This package is no longer supported. It's now a built-in Node module. If you've depended on crypto&comma; you should switch to the one that's built-in.,,1
	2026-06-03T12:05:53.8352485Z,npm warn deprecated uuid@8.3.2: uuid@10 and below is no longer supported.  For ESM codebases&comma; update to uuid@latest.  For CommonJS codebases&comma; use uuid@11 (but be aware this version will likely be deprecated in 2028).,,1
	2026-06-03T12:05:57.3948364Z,,,0
	2026-06-03T12:05:57.4201485Z,added 286 packages&comma; and audited 287 packages in 8s,,0
	2026-06-03T12:05:57.4386010Z,,,0
	2026-06-03T12:05:57.4557024Z,99 packages are looking for funding,,0
	2026-06-03T12:05:57.4731346Z,  run `npm fund` for details,,0
	2026-06-03T12:05:57.5213007Z,,,0
	2026-06-03T12:05:57.5446154Z,9 moderate severity vulnerabilities,,0
	2026-06-03T12:05:57.5601160Z,,,0
	2026-06-03T12:05:57.5742864Z,To address issues that do not require attention&comma; run:,,0
	2026-06-03T12:05:57.5909484Z,  npm audit fix,,0
	2026-06-03T12:05:57.6087903Z,,,0
	2026-06-03T12:05:57.6257655Z,To address all issues (including breaking changes)&comma; run:,,0
	2026-06-03T12:05:57.6435379Z,  npm audit fix --force,,0
	2026-06-03T12:05:57.6679446Z,,,0
	2026-06-03T12:05:57.6840049Z,Run `npm audit` for details.,,0
	2026-06-03T12:05:57.6989295Z,,,0
	2026-06-03T12:05:57.7116576Z,up to date&comma; audited 1 package in 10s,,0
	2026-06-03T12:05:57.7251329Z,,,0
	2026-06-03T12:05:57.7351881Z,found 0 vulnerabilities,,0
	2026-06-03T12:05:57.7549922Z,Build script snippets done in 11 sec(s).,,0
	2026-06-03T12:05:57.7684707Z,Preparing output...,,0
	2026-06-03T12:05:57.7834849Z,Using standard output preparation...,,0
	2026-06-03T12:05:57.7969946Z,,,0
	2026-06-03T12:05:57.8111656Z,Copying files to destination directory '/home/site/wwwroot'...,,0
	2026-06-03T12:06:58.6125999Z,Copying to destination directory done in 61 sec(s).,,0
	2026-06-03T12:06:58.8191371Z,Total time for destination directory preparation done in 61 sec(s).,,0
	2026-06-03T12:06:58.8323101Z,,,0
	2026-06-03T12:06:58.8479393Z,Removing existing manifest file,,0
	2026-06-03T12:06:58.8629820Z,Creating a manifest file...,,0
	2026-06-03T12:06:58.8806558Z,Manifest file created.,,0
	2026-06-03T12:06:58.8953180Z,Copying .ostype to manifest output directory.,,0
	2026-06-03T12:06:58.9099056Z,,,0
	2026-06-03T12:06:58.9233257Z,Total execution done in 72 sec(s).,,0
2026-06-03T12:06:59.3059798Z,Running post deployment command(s)...,0b281c32-d76c-4c90-923b-780fdd4e4d3d,0
2026-06-03T12:06:59.4507525Z,,7eb7ba3f-b12e-4e5a-a77d-472a628b90f8,0
2026-06-03T12:06:59.5938762Z,Generating summary of Oryx build,37e67412-735e-4f4c-ba39-9d2e146d6f0f,0
2026-06-03T12:06:59.7613802Z,Parsing the build logs,87c7c20c-e427-44bf-8d87-e2462cc7884f,0
2026-06-03T12:06:59.9216763Z,Found 0 issue(s),a41b2663-c3a5-4206-965f-ba8656dd1d73,0
2026-06-03T12:07:00.0745950Z,,d3d84909-7446-440c-85d1-a619dcfd09dd,0
2026-06-03T12:07:00.2120416Z,Build Summary :,51e7ac52-3801-4551-8e47-57b17d9181ba,0
2026-06-03T12:07:00.3497489Z,===============,f97dbef2-6347-4a61-a695-54d1b08abe48,0
2026-06-03T12:07:00.5023945Z,Errors (0),3b0b2d4d-0489-46ff-a885-b10b312d7ee6,0
2026-06-03T12:07:00.6336719Z,Warnings (0),8e6da1f6-e330-4022-af94-ee3e62c9d97d,0
2026-06-03T12:07:00.7731174Z,,af2a7777-62e7-4a9a-91a5-7391150660c1,0
2026-06-03T12:07:00.9550736Z,Triggering container recycle for OneDeploy by adding/updating restartTrigger.txt to the site root path,f59ce655-9b32-4847-bc1e-20cc64417f90,0
2026-06-03T12:07:01.1450975Z,Deployment successful. deployer = OneDeploy deploymentPath = OneDeploy,8c557582-05e6-48a0-a720-d9b03b6276af,0
