2026-06-01T19:40:10.9993448Z,Updating submodules.,fed3c327-8871-4a48-8146-c72d561fa315,0
2026-06-01T19:40:12.1118523Z,Preparing deployment for commit id 'b263aed1f7'.,f553c65c-3ee5-43ef-9a37-dee6a6dfe20c,0
2026-06-01T19:40:12.4574319Z,PreDeployment: context.CleanOutputPath False,17ebca77-5a26-44b0-9087-919052516a0c,0
2026-06-01T19:40:12.5834578Z,PreDeployment: context.OutputPath /home/site/wwwroot,06626f57-e4b5-4601-b565-bb6c2a8642ba,0
2026-06-01T19:40:12.7221485Z,Repository path is /home/site/repository,6480430c-0bd4-4295-8d92-83bba6c9c884,0
2026-06-01T19:40:12.8539200Z,Running oryx build...,2a94fe14-c3a0-43a1-8ee9-057faa307f66,0
	2026-06-01T19:40:12.8607499Z,Command: oryx build /home/site/repository -o /home/site/wwwroot --platform nodejs --platform-version 22 -p virtualenv_name= --log-file /tmp/build-debug.log  -i /tmp/8dec01598c259e1 -p compress_node_modules=tar-gz | tee /tmp/oryx-build.log,,0
	2026-06-01T19:40:13.4690112Z,Operation performed by Microsoft Oryx&comma; https://github.com/Microsoft/Oryx,,0
	2026-06-01T19:40:13.4910124Z,You can report issues at https://github.com/Microsoft/Oryx/issues,,0
	2026-06-01T19:40:13.5041823Z,,,0
	2026-06-01T19:40:13.5187690Z,Oryx Version: 0.2.20260420.1+83c04e9ee1882dc90d279b63348824daedbd3c96&comma; Commit: 83c04e9ee1882dc90d279b63348824daedbd3c96&comma; ReleaseTagName: 20260420.1,,0
	2026-06-01T19:40:13.5261860Z,,,0
	2026-06-01T19:40:13.5470581Z,Build Operation ID: efe43efca44a59c9,,0
	2026-06-01T19:40:13.5595631Z,Repository Commit : b263aed1f762e95598b6c2a7eb9c6e907f11a345,,0
	2026-06-01T19:40:13.5720892Z,OS Type           : bookworm,,0
	2026-06-01T19:40:13.5934744Z,Image Type        : githubactions,,0
	2026-06-01T19:40:13.6058369Z,,,0
	2026-06-01T19:40:13.6183566Z,Primary SDK Storage URL: https://oryx-cdn.microsoft.io,,0
	2026-06-01T19:40:13.6359652Z,Backup SDK Storage URL: ,,0
	2026-06-01T19:40:13.6478476Z,ACR SDK Registry URL: (not set),,0
	2026-06-01T19:40:13.6599079Z,SDK provider status:,,0
	2026-06-01T19:40:13.6766511Z,  External ACR SDK provider: Enabled,,0
	2026-06-01T19:40:13.6896555Z,  External SDK provider: Enabled,,0
	2026-06-01T19:40:13.6989388Z,  Direct ACR SDK provider: Disabled,,0
	2026-06-01T19:40:13.7098954Z,  Blob SDK provider: Enabled,,0
	2026-06-01T19:40:13.7218047Z,External ACR SDK provider is enabled. Only using user-specified platform: nodejs,,0
	2026-06-01T19:40:13.7352228Z,Detecting platforms...,,0
	2026-06-01T19:40:13.8816446Z,External ACR provider resolved version '22.22.2' for nodejs.,,0
	2026-06-01T19:40:13.8922179Z,Version resolved using external ACR SDK provider.,,0
	2026-06-01T19:40:13.9151752Z,Detected following platforms:,,0
	2026-06-01T19:40:13.9246076Z,  nodejs: 22.22.2,,0
	2026-06-01T19:40:14.0551471Z,,,0
	2026-06-01T19:40:14.0780677Z,Using intermediate directory '/tmp/8dec01598c259e1'.,,0
	2026-06-01T19:40:14.0921073Z,,,0
	2026-06-01T19:40:14.1066772Z,Copying files to the intermediate directory...,,0
	2026-06-01T19:40:14.4066951Z,Copying files to intermediate directory done in 0 sec(s).,,0
	2026-06-01T19:40:14.4155126Z,,,0
	2026-06-01T19:40:14.4267132Z,Source directory     : /tmp/8dec01598c259e1,,0
	2026-06-01T19:40:14.4378455Z,Destination directory: /home/site/wwwroot,,0
	2026-06-01T19:40:14.4561144Z,,,0
	2026-06-01T19:40:14.5365749Z,Running build script snippets...,,0
	2026-06-01T19:40:14.5512009Z,Removing existing manifest file,,0
	2026-06-01T19:40:14.5647849Z,Creating directory for command manifest file if it does not exist,,0
	2026-06-01T19:40:14.5755134Z,Creating a manifest file...,,0
	2026-06-01T19:40:14.5861547Z,Node Build Command Manifest file created.,,0
	2026-06-01T19:40:14.5939269Z,,,0
	2026-06-01T19:40:14.6081960Z,Using Node version:,,0
	2026-06-01T19:40:14.6226494Z,v22.22.2,,0
	2026-06-01T19:40:14.6326722Z,,,0
	2026-06-01T19:40:14.6513309Z,Using Npm version:,,0
	2026-06-01T19:40:14.9451928Z,10.9.7,,0
	2026-06-01T19:40:14.9659200Z,,,0
	2026-06-01T19:40:14.9805343Z,Running 'npm install'...,,0
	2026-06-01T19:40:14.9926949Z,,,0
	2026-06-01T19:40:16.2259124Z,,,0
	2026-06-01T19:40:16.2430954Z,> orpon@1.0.0 postinstall,,0
	2026-06-01T19:40:16.2581877Z,> cd backend && npm install,,0
	2026-06-01T19:40:16.2799882Z,,,0
	2026-06-01T19:40:40.5551632Z,npm warn deprecated crypto@1.0.1: This package is no longer supported. It's now a built-in Node module. If you've depended on crypto&comma; you should switch to the one that's built-in.,,1
	2026-06-01T19:40:48.3193328Z,npm warn deprecated uuid@8.3.2: uuid@10 and below is no longer supported.  For ESM codebases&comma; update to uuid@latest.  For CommonJS codebases&comma; use uuid@11 (but be aware this version will likely be deprecated in 2028).,,1
	2026-06-01T19:40:57.3367843Z,,,0
	2026-06-01T19:40:57.3770804Z,added 286 packages&comma; and audited 287 packages in 41s,,0
	2026-06-01T19:40:57.3967662Z,,,0
	2026-06-01T19:40:57.4094318Z,99 packages are looking for funding,,0
	2026-06-01T19:40:57.4173812Z,  run `npm fund` for details,,0
	2026-06-01T19:40:57.4297081Z,,,0
	2026-06-01T19:40:57.4386526Z,9 moderate severity vulnerabilities,,0
	2026-06-01T19:40:57.4474121Z,,,0
	2026-06-01T19:40:57.4649984Z,To address issues that do not require attention&comma; run:,,0
	2026-06-01T19:40:57.4778090Z,  npm audit fix,,0
	2026-06-01T19:40:57.4952291Z,,,0
	2026-06-01T19:40:57.5064413Z,To address all issues (including breaking changes)&comma; run:,,0
	2026-06-01T19:40:57.5177048Z,  npm audit fix --force,,0
	2026-06-01T19:40:57.5337295Z,,,0
	2026-06-01T19:40:57.5431974Z,Run `npm audit` for details.,,0
	2026-06-01T19:40:57.5512629Z,,,0
	2026-06-01T19:40:57.5684543Z,up to date&comma; audited 1 package in 42s,,0
	2026-06-01T19:40:57.5914091Z,,,0
	2026-06-01T19:40:57.6047717Z,found 0 vulnerabilities,,0
	2026-06-01T19:40:57.6189102Z,Build script snippets done in 43 sec(s).,,0
	2026-06-01T19:40:57.6294241Z,Preparing output...,,0
	2026-06-01T19:40:57.6409222Z,Using standard output preparation...,,0
	2026-06-01T19:40:57.6507978Z,,,0
	2026-06-01T19:40:57.6583280Z,Copying files to destination directory '/home/site/wwwroot'...,,0
	2026-06-01T19:42:35.7537997Z,Copying to destination directory done in 98 sec(s).,,0
	2026-06-01T19:42:35.7794067Z,Total time for destination directory preparation done in 98 sec(s).,,0
	2026-06-01T19:42:35.8206387Z,,,0
	2026-06-01T19:42:35.8370975Z,Removing existing manifest file,,0
	2026-06-01T19:42:35.8587001Z,Creating a manifest file...,,0
	2026-06-01T19:42:35.9062796Z,Manifest file created.,,0
	2026-06-01T19:42:35.9632204Z,Copying .ostype to manifest output directory.,,0
	2026-06-01T19:42:35.9971423Z,,,0
	2026-06-01T19:42:36.0499875Z,Total execution done in 141 sec(s).,,0
2026-06-01T19:42:37.2498748Z,Running post deployment command(s)...,bf20c2c8-1d2a-4c81-a7e1-87f6082c7b1e,0
2026-06-01T19:42:37.4587669Z,,5614ced0-c14b-4738-bb25-cf05acf49ea7,0
2026-06-01T19:42:37.6012755Z,Generating summary of Oryx build,26cdd604-bd08-45d8-a1db-8f3fd5f7a419,0
2026-06-01T19:42:37.7802539Z,Parsing the build logs,733a3d80-afc8-482e-ba1b-345f02317192,0
2026-06-01T19:42:37.9241325Z,Found 0 issue(s),7af28c97-e395-420c-ac11-16500fa12c73,0
2026-06-01T19:42:38.0571389Z,,bbf0b6ab-bd68-477f-8ef8-9ea45fa8b17c,0
2026-06-01T19:42:38.2069797Z,Build Summary :,8fe0a870-75ef-48f3-8a47-35b3b85c1b80,0
2026-06-01T19:42:38.3408965Z,===============,be6a0bc5-1c5d-464d-a412-4a37d3750622,0
2026-06-01T19:42:38.5503321Z,Errors (0),78d35a2c-e765-477a-8552-649186d71a4e,0
2026-06-01T19:42:38.6982694Z,Warnings (0),3b7880bc-e969-41a6-a47d-2455446977aa,0
2026-06-01T19:42:38.8346835Z,,900d3193-20a0-4765-9a4e-8fd72752c879,0
2026-06-01T19:42:39.0221711Z,Triggering recycle (preview mode disabled).,8943ee22-26fe-49ca-af95-75d8102f205b,0
2026-06-01T19:42:39.2378692Z,Deployment successful. deployer = GitHub deploymentPath = ,1807fe09-ddef-40a4-8959-e3140fe3f064,0
