2026-06-01T07:52:39.3608532+00:00 ContainerStatus: State: Starting, Action: EstablishingSiteNetworks, LastError: , LastErrorTimestamp: 01/01/0001 00:00:00, LastErrorDetails: , Details: , DetailsLevel: INFO
2026-06-01T07:52:39.8390654+00:00 ContainerStatus: State: Starting, Action: StartingSiteContainers, LastError: , LastErrorTimestamp: 01/01/0001 00:00:00, LastErrorDetails: , Details: , DetailsLevel: INFO
2026-06-01T07:52:39.8397598+00:00 ContainerStatus: Container start method called.
2026-06-01T07:52:39.8423009+00:00 ContainerStatus: State: Starting, Action: PullingImage, LastError: , LastErrorTimestamp: 01/01/0001 00:00:00, LastErrorDetails: , Details: Pulling image 10.1.0.4:13209/appsvc/node:24-lts_20260504.4.tuxprod for orpon-backend-api., DetailsLevel: INFO
2026-06-01T07:52:39.8431527+00:00 ContainerStatus: Establishing network.
2026-06-01T07:52:39.8433503+00:00 ContainerStatus: Pulling image: appsvc/node:24-lts_20260504.4.tuxprod.
2026-06-01T07:52:55.2478643+00:00 ContainerStatus: Image appsvc/node:24-lts_20260504.4.tuxprod is pulled from registry 10.1.0.4:13209
2026-06-01T07:52:55.2626122+00:00 ContainerStatus: Container is starting.
2026-06-01T07:52:55.2738925+00:00 ContainerStatus: State: Starting, Action: MountingVolumes, LastError: , LastErrorTimestamp: 01/01/0001 00:00:00, LastErrorDetails: , Details: Mounting volumes for orpon-backend-api., DetailsLevel: INFO
2026-06-01T07:52:55.2740880+00:00 ContainerStatus: Establishing user namespace if not established already.
2026-06-01T07:52:55.2743032+00:00 ContainerStatus: Establishing network if not established already.
2026-06-01T07:52:55.2744273+00:00 ContainerStatus: Mounting volumes.
2026-06-01T07:52:55.2746390+00:00 ContainerStatus: Nested mountpoint 
2026-06-01T07:52:55.2794070+00:00 ContainerStatus: Nested mountpoint volatile/logs
2026-06-01T07:52:55.2850740+00:00 ContainerStatus: Nested mountpoint 
2026-06-01T07:52:55.2955795+00:00 ContainerStatus: Nested mountpoint 
2026-06-01T07:52:55.2966567+00:00 ContainerStatus: Nested mountpoint 
2026-06-01T07:52:55.4316310+00:00 ContainerStatus: State: Starting, Action: CreatingContainer, LastError: , LastErrorTimestamp: 01/01/0001 00:00:00, LastErrorDetails: , Details: Finished pulling container image and mounting volumes for orpon-backend-api. Allocatinng the rest of the container resources to finish container creation., DetailsLevel: INFO
2026-06-01T07:52:55.4317954+00:00 ContainerStatus: Creating container.
2026-06-01T07:52:55.4336351+00:00 ContainerStatus: Creating pipes for streaming container io.
2026-06-01T07:52:55.4410473+00:00 ContainerStatus: Creating stdout named pipe at /podr/container/pipe/b7c0054492fe_orpon-backend-api/stdout_bae5929bd607448bb298d9060a602c28.
2026-06-01T07:52:55.4424603+00:00 ContainerStatus: Successfully created stdout named pipe at: /podr/container/pipe/b7c0054492fe_orpon-backend-api/stdout_bae5929bd607448bb298d9060a602c28.
2026-06-01T07:52:55.4426095+00:00 ContainerStatus: Opening named pipe /podr/container/pipe/b7c0054492fe_orpon-backend-api/stdout_bae5929bd607448bb298d9060a602c28 for reading in non-blocking mode.
2026-06-01T07:52:55.4429496+00:00 ContainerStatus: Successfully opened named pipe: /podr/container/pipe/b7c0054492fe_orpon-backend-api/stdout_bae5929bd607448bb298d9060a602c28.
2026-06-01T07:52:55.4436168+00:00 ContainerStatus: Successfully removed non-blocking flag from /podr/container/pipe/b7c0054492fe_orpon-backend-api/stdout_bae5929bd607448bb298d9060a602c28.
2026-06-01T07:52:55.4440391+00:00 ContainerStatus: Creating stderr named pipe at /podr/container/pipe/b7c0054492fe_orpon-backend-api/stderr_5a6217bc392b466c810c823a1a453245.
2026-06-01T07:52:55.4455239+00:00 ContainerStatus: Successfully created stderr named pipe at: /podr/container/pipe/b7c0054492fe_orpon-backend-api/stderr_5a6217bc392b466c810c823a1a453245.
2026-06-01T07:52:55.4457229+00:00 ContainerStatus: Opening named pipe /podr/container/pipe/b7c0054492fe_orpon-backend-api/stderr_5a6217bc392b466c810c823a1a453245 for reading in non-blocking mode.
2026-06-01T07:52:55.4458791+00:00 ContainerStatus: Successfully opened named pipe: /podr/container/pipe/b7c0054492fe_orpon-backend-api/stderr_5a6217bc392b466c810c823a1a453245.
2026-06-01T07:52:55.4460199+00:00 ContainerStatus: Successfully removed non-blocking flag from /podr/container/pipe/b7c0054492fe_orpon-backend-api/stderr_5a6217bc392b466c810c823a1a453245.
2026-06-01T07:52:55.4485013+00:00 ContainerStatus: Creating container with image: appsvc/node:24-lts_20260504.4.tuxprod from registry: 10.1.0.4:13209 and fully qualified image name: 10.1.0.4:13209/appsvc/node:24-lts_20260504.4.tuxprod
2026-06-01T07:52:56.8438199+00:00 ContainerStatus: Starting container: b7c0054492fe_orpon-backend-api.
2026-06-01T07:52:56.8654276+00:00 ContainerStatus: Starting watchers and probes.
2026-06-01T07:52:56.8682374+00:00 ContainerStatus: Starting metrics collection.
2026-06-01T07:52:56.8695692+00:00 ContainerStatus: Container is running.
2026-06-01T07:52:56.8725785+00:00 ContainerStatus: State: Starting, Action: CreatingContainer, LastError: , LastErrorTimestamp: 01/01/0001 00:00:00, LastErrorDetails: , Details: Container orpon-backend-api successfully created and is running., DetailsLevel: INFO
2026-06-01T07:52:56.9105311+00:00 ContainerStatus: Container start method finished after 17070 ms.
2026-06-01T07:52:56.9116020+00:00 ContainerStatus: State: Starting, Action: InitiatingSiteWarmUpProbe, LastError: , LastErrorTimestamp: 01/01/0001 00:00:00, LastErrorDetails: , Details: Container orpon-backend-api successfully created and is running., DetailsLevel: INFO
2026-06-01T07:52:56.9292235+00:00 ContainerStatus: State: Starting, Action: WaitingForSiteWarmUpProbeSuccess, LastError: , LastErrorTimestamp: 01/01/0001 00:00:00, LastErrorDetails: , Details: Pinging warmup path to ensure container is ready to receive requests., DetailsLevel: INFO
2026-06-01T07:52:57.0632756+00:00 ContainerStream:    _____                               
2026-06-01T07:52:57.0660711+00:00 ContainerStream:   /  _  \ __________ _________   ____  
2026-06-01T07:52:57.0660912+00:00 ContainerStream:  /  /_\  \\___   /  |  \_  __ \_/ __ \ 
2026-06-01T07:52:57.0660955+00:00 ContainerStream: /    |    \/    /|  |  /|  | \/\  ___/ 
2026-06-01T07:52:57.0661011+00:00 ContainerStream: \____|__  /_____ \____/ |__|    \___  >
2026-06-01T07:52:57.0661049+00:00 ContainerStream:         \/      \/                  \/ 
2026-06-01T07:52:57.0661099+00:00 ContainerStream: A P P   S E R V I C E   O N   L I N U X
2026-06-01T07:52:57.0661134+00:00 ContainerStream: 
2026-06-01T07:52:57.0661172+00:00 ContainerStream: Documentation    : http://aka.ms/webapp-linux
2026-06-01T07:52:57.0661211+00:00 ContainerStream: NodeJS quickstart: https://aka.ms/node-qs
2026-06-01T07:52:57.0661260+00:00 ContainerStream: NodeJS Version   : v24.15.0
2026-06-01T07:52:57.0661299+00:00 ContainerStream: Instance Name    : 10-30-0-66
2026-06-01T07:52:57.0661345+00:00 ContainerStream: Instance Id      : 761fac585fe31e563800843ac2523cd720778a0ceebfef3ec96fdd2d0e72e339
2026-06-01T07:52:57.0661381+00:00 ContainerStream: 
2026-06-01T07:52:57.0661420+00:00 ContainerStream: Note: Any data outside '/home' is not persisted
2026-06-01T07:52:58.3031739+00:00 ContainerStream:  * Starting OpenBSD Secure Shell server sshd
2026-06-01T07:52:58.3159020+00:00 ContainerStream:    ...done.
2026-06-01T07:52:58.3305609+00:00 ContainerStream: WEBSITES_INCLUDE_CLOUD_CERTS is not set to true.
2026-06-01T07:52:58.3522746+00:00 ContainerStream: Updating certificates in /etc/ssl/certs...
2026-06-01T07:53:06.1220257+00:00 ContainerStream: rehash: warning: skipping duplicate certificate in SSLcom-TLS-Root-2022-ECC.pem
2026-06-01T07:53:06.1225287+00:00 ContainerStream: rehash: warning: skipping duplicate certificate in SSLcom-TLS-Root-2022-RSA.pem
2026-06-01T07:53:06.3496257+00:00 ContainerStream: rehash: warning: skipping ca-certificates.crt,it does not contain exactly one certificate or CRL
2026-06-01T07:53:06.4102857+00:00 ContainerStream: 4 added, 0 removed; done.
2026-06-01T07:53:06.4103452+00:00 ContainerStream: Running hooks in /etc/ca-certificates/update.d...
2026-06-01T07:53:06.4162986+00:00 ContainerStream: done.
2026-06-01T07:53:06.4222392+00:00 ContainerStream: CA certificates copied and updated successfully.
2026-06-01T07:53:06.7513023+00:00 ContainerStream:  * Starting periodic command scheduler cron
2026-06-01T07:53:06.7610354+00:00 ContainerStream:    ...done.
2026-06-01T07:53:06.9826252+00:00 ContainerStream: Could not find build manifest file at '/home/site/wwwroot/oryx-manifest.toml'
2026-06-01T07:53:06.9826795+00:00 ContainerStream: Could not find operation ID in manifest. Generating an operation id...
2026-06-01T07:53:06.9829085+00:00 ContainerStream: Build Operation ID: ab33c083-51fd-4420-a6e4-425595ff49d1
2026-06-01T07:53:07.3767434+00:00 ContainerStream: Environment Variables for Application Insight's IPA Codeless Configuration exists..
2026-06-01T07:53:07.4737309+00:00 ContainerStream: Writing output script to '/opt/startup/startup.sh'
2026-06-01T07:53:07.5844898+00:00 ContainerStream: Running #!/bin/sh
2026-06-01T07:53:07.5845450+00:00 ContainerStream: 
2026-06-01T07:53:07.5845501+00:00 ContainerStream: # Enter the source directory to make sure the script runs where the user expects
2026-06-01T07:53:07.5845552+00:00 ContainerStream: cd "/home/site/wwwroot"
2026-06-01T07:53:07.5845657+00:00 ContainerStream: 
2026-06-01T07:53:07.5845694+00:00 ContainerStream: export NODE_PATH=/usr/local/lib/node_modules:$NODE_PATH
2026-06-01T07:53:07.5845725+00:00 ContainerStream: if [ -z "$PORT" ]; then
2026-06-01T07:53:07.5845758+00:00 ContainerStream: 		export PORT=8080
2026-06-01T07:53:07.5845790+00:00 ContainerStream: fi
2026-06-01T07:53:07.5845819+00:00 ContainerStream: 
2026-06-01T07:53:07.5845853+00:00 ContainerStream: PATH="$PATH:/home/site/wwwroot" node server.js
2026-06-01T07:53:08.5777480+00:00 ContainerStream: node:internal/modules/cjs/loader:1479
2026-06-01T07:53:08.5778151+00:00 ContainerStream:   throw err;
2026-06-01T07:53:08.5778204+00:00 ContainerStream:   ^
2026-06-01T07:53:08.5778243+00:00 ContainerStream: 
2026-06-01T07:53:08.5778284+00:00 ContainerStream: Error: Cannot find module '/home/site/wwwroot/server.js'
2026-06-01T07:53:08.5778322+00:00 ContainerStream:     at Module._resolveFilename (node:internal/modules/cjs/loader:1476:15)
2026-06-01T07:53:08.5778421+00:00 ContainerStream:     at wrapResolveFilename (node:internal/modules/cjs/loader:1049:27)
2026-06-01T07:53:08.5778456+00:00 ContainerStream:     at defaultResolveImplForCJSLoading (node:internal/modules/cjs/loader:1073:10)
2026-06-01T07:53:08.5778489+00:00 ContainerStream:     at resolveForCJSWithHooks (node:internal/modules/cjs/loader:1094:12)
2026-06-01T07:53:08.5778524+00:00 ContainerStream:     at Module._load (node:internal/modules/cjs/loader:1262:25)
2026-06-01T07:53:08.5778558+00:00 ContainerStream:     at wrapModuleLoad (node:internal/modules/cjs/loader:255:19)
2026-06-01T07:53:08.5778593+00:00 ContainerStream:     at Module.executeUserEntryPoint [as runMain] (node:internal/modules/run_main:154:5)
2026-06-01T07:53:08.5778641+00:00 ContainerStream:     at node:internal/main/run_main_module:33:47 {
2026-06-01T07:53:08.5778674+00:00 ContainerStream:   code: 'MODULE_NOT_FOUND',
2026-06-01T07:53:08.5778708+00:00 ContainerStream:   requireStack: []
2026-06-01T07:53:08.5778741+00:00 ContainerStream: }
2026-06-01T07:53:08.5778771+00:00 ContainerStream: 
2026-06-01T07:53:08.5778838+00:00 ContainerStream: Node.js v24.15.0
2026-06-01T07:53:08.6097789+00:00 ContainerStatus: Container has finished running with exit code: 1.
2026-06-01T07:53:08.6099245+00:00 ContainerStatus: Container is terminating. Grace period: 5 seconds.
2026-06-01T07:53:08.6102516+00:00 ContainerStatus: Stop and delete container. Retry count = 0
2026-06-01T07:53:08.6103526+00:00 ContainerStatus: Stopping container: b7c0054492fe_orpon-backend-api.
2026-06-01T07:53:08.6306605+00:00 ContainerStatus: Deleting container: b7c0054492fe_orpon-backend-api. Retry count = 0
2026-06-01T07:53:08.7130292+00:00 ContainerStatus: Container spec TerminationMessagePolicy  path 
2026-06-01T07:53:08.7135549+00:00 ContainerStatus: Container is terminated. Total time elapsed: 103 ms.
2026-06-01T07:53:08.7139989+00:00 ContainerStatus: Site container: orpon-backend-api terminated during site startup.
2026-06-01T07:53:08.7157535+00:00 ContainerStatus: State: Stopping, Action: CancellingStartup, LastError: , LastErrorTimestamp: 01/01/0001 00:00:00, LastErrorDetails: , Details: Site container: orpon-backend-api terminated during site startup. Cancelling site startup., DetailsLevel: ERR
2026-06-01T07:53:08.7563491+00:00 ContainerStatus: Site startup probe failed after 11.801529 seconds.
2026-06-01T07:53:08.8439130+00:00 ContainerStatus: State: Stopping, Action: CancellingStartup, LastError: ContainerTimeout, LastErrorTimestamp: 06/01/2026 07:53:08, LastErrorDetails: Container did not start within expected time limit of 230s. Please inspect your container logs for more details., Details: Site container: orpon-backend-api terminated during site startup. Cancelling site startup., DetailsLevel: ERR
2026-06-01T07:53:08.8501775+00:00 ContainerStatus: Failed to start site. Revert by stopping site.
2026-06-01T07:53:08.8504682+00:00 ContainerStatus: State: Stopping, Action: StoppingSite, LastError: ContainerTimeout, LastErrorTimestamp: 06/01/2026 07:53:08, LastErrorDetails: Container did not start within expected time limit of 230s. Please inspect your container logs for more details., Details: Site container: orpon-backend-api terminated during site startup. Cancelling site startup., DetailsLevel: ERR
2026-06-01T07:53:08.8541427+00:00 ContainerStatus: State: Stopping, Action: StoppingSiteContainers, LastError: ContainerTimeout, LastErrorTimestamp: 06/01/2026 07:53:08, LastErrorDetails: Container did not start within expected time limit of 230s. Please inspect your container logs for more details., Details: Site container: orpon-backend-api terminated during site startup. Cancelling site startup., DetailsLevel: ERR
2026-06-01T07:53:08.8542661+00:00 ContainerStatus: Site: orpon-backend-api stopped.
========== New Cold Start Attempt (2026-06-01T07:53:08.8577618+00:00) ==========
2026-06-01T07:53:08.8577618+00:00 ContainerStatus: State: Stopping, Action: UnmountingVolumes, LastError: ContainerTimeout, LastErrorTimestamp: 06/01/2026 07:53:08, LastErrorDetails: Container did not start within expected time limit of 230s. Please inspect your container logs for more details., Details: Site container: orpon-backend-api terminated during site startup. Cancelling site startup., DetailsLevel: ERR
2026-06-01T07:53:08.9365030+00:00 ContainerStatus: State: Stopping, Action: StoppingSiteNetworks, LastError: ContainerTimeout, LastErrorTimestamp: 06/01/2026 07:53:08, LastErrorDetails: Container did not start within expected time limit of 230s. Please inspect your container logs for more details., Details: Site container: orpon-backend-api terminated during site startup. Cancelling site startup., DetailsLevel: ERR
2026-06-01T07:53:09.0116593+00:00 ContainerStatus: State: Stopped, Action: None, LastError: ContainerTimeout, LastErrorTimestamp: 06/01/2026 07:53:08, LastErrorDetails: Container did not start within expected time limit of 230s. Please inspect your container logs for more details., Details: Site stopped at 06/01/2026 07:53:09 (UTC), DetailsLevel: ERR
2026-06-01T07:53:09.2390260+00:00 ContainerStatus: State: Stopped, Action: None, LastError: ContainerTimeout, LastErrorTimestamp: 06/01/2026 07:53:08, LastErrorDetails: Container did not start within expected time limit of 230s. Please inspect your container logs for more details., Details: Site stopped at 06/01/2026 07:53:09 (UTC), DetailsLevel: ERR
2026-06-01T07:53:18.2782091+00:00 ContainerStatus: State: Starting, Action: EstablishingSiteNetworks, LastError: ContainerTimeout, LastErrorTimestamp: 06/01/2026 07:53:08, LastErrorDetails: Container did not start within expected time limit of 230s. Please inspect your container logs for more details., Details: Site stopped at 06/01/2026 07:53:09 (UTC), DetailsLevel: ERR
2026-06-01T07:53:18.6541319+00:00 ContainerStatus: State: Starting, Action: StartingSiteContainers, LastError: ContainerTimeout, LastErrorTimestamp: 06/01/2026 07:53:08, LastErrorDetails: Container did not start within expected time limit of 230s. Please inspect your container logs for more details., Details: Site stopped at 06/01/2026 07:53:09 (UTC), DetailsLevel: ERR
2026-06-01T07:53:18.6543281+00:00 ContainerStatus: Container start method called.
2026-06-01T07:53:18.6544207+00:00 ContainerStatus: State: Starting, Action: PullingImage, LastError: ContainerTimeout, LastErrorTimestamp: 06/01/2026 07:53:08, LastErrorDetails: Container did not start within expected time limit of 230s. Please inspect your container logs for more details., Details: Pulling image 10.1.0.4:13209/appsvc/node:24-lts_20260504.4.tuxprod for orpon-backend-api., DetailsLevel: INFO
2026-06-01T07:53:18.6545872+00:00 ContainerStatus: Establishing network.
2026-06-01T07:53:18.6547589+00:00 ContainerStatus: Pulling image: appsvc/node:24-lts_20260504.4.tuxprod.
2026-06-01T07:53:18.7720267+00:00 ContainerStatus: Container is starting.
2026-06-01T07:53:18.7721054+00:00 ContainerStatus: State: Starting, Action: MountingVolumes, LastError: ContainerTimeout, LastErrorTimestamp: 06/01/2026 07:53:08, LastErrorDetails: Container did not start within expected time limit of 230s. Please inspect your container logs for more details., Details: Mounting volumes for orpon-backend-api., DetailsLevel: INFO
2026-06-01T07:53:18.7722043+00:00 ContainerStatus: Establishing user namespace if not established already.
2026-06-01T07:53:18.7723126+00:00 ContainerStatus: Establishing network if not established already.
2026-06-01T07:53:18.7724265+00:00 ContainerStatus: Mounting volumes.
2026-06-01T07:53:18.7725791+00:00 ContainerStatus: Nested mountpoint 
2026-06-01T07:53:18.7748726+00:00 ContainerStatus: Nested mountpoint volatile/logs
2026-06-01T07:53:18.7916753+00:00 ContainerStatus: Nested mountpoint 
2026-06-01T07:53:18.7941339+00:00 ContainerStatus: Nested mountpoint 
2026-06-01T07:53:18.7957777+00:00 ContainerStatus: Nested mountpoint 
2026-06-01T07:53:18.9280525+00:00 ContainerStatus: State: Starting, Action: CreatingContainer, LastError: ContainerTimeout, LastErrorTimestamp: 06/01/2026 07:53:08, LastErrorDetails: Container did not start within expected time limit of 230s. Please inspect your container logs for more details., Details: Finished pulling container image and mounting volumes for orpon-backend-api. Allocatinng the rest of the container resources to finish container creation., DetailsLevel: INFO
2026-06-01T07:53:18.9281887+00:00 ContainerStatus: Creating container.
2026-06-01T07:53:18.9283072+00:00 ContainerStatus: Creating pipes for streaming container io.
2026-06-01T07:53:18.9284351+00:00 ContainerStatus: Creating stdout named pipe at /podr/container/pipe/781294e0fcf8_orpon-backend-api/stdout_6a63f6aafe9b425eaaa58bcd8b00125f.
2026-06-01T07:53:18.9286500+00:00 ContainerStatus: Successfully created stdout named pipe at: /podr/container/pipe/781294e0fcf8_orpon-backend-api/stdout_6a63f6aafe9b425eaaa58bcd8b00125f.
2026-06-01T07:53:18.9763664+00:00 ContainerStatus: Opening named pipe /podr/container/pipe/781294e0fcf8_orpon-backend-api/stdout_6a63f6aafe9b425eaaa58bcd8b00125f for reading in non-blocking mode.
2026-06-01T07:53:18.9766685+00:00 ContainerStatus: Successfully opened named pipe: /podr/container/pipe/781294e0fcf8_orpon-backend-api/stdout_6a63f6aafe9b425eaaa58bcd8b00125f.
2026-06-01T07:53:18.9770026+00:00 ContainerStatus: Successfully removed non-blocking flag from /podr/container/pipe/781294e0fcf8_orpon-backend-api/stdout_6a63f6aafe9b425eaaa58bcd8b00125f.
2026-06-01T07:53:18.9771934+00:00 ContainerStatus: Creating stderr named pipe at /podr/container/pipe/781294e0fcf8_orpon-backend-api/stderr_047ff61ecc354ab3844757ab6ffaf6dd.
2026-06-01T07:53:18.9774080+00:00 ContainerStatus: Successfully created stderr named pipe at: /podr/container/pipe/781294e0fcf8_orpon-backend-api/stderr_047ff61ecc354ab3844757ab6ffaf6dd.
2026-06-01T07:53:18.9775272+00:00 ContainerStatus: Opening named pipe /podr/container/pipe/781294e0fcf8_orpon-backend-api/stderr_047ff61ecc354ab3844757ab6ffaf6dd for reading in non-blocking mode.
2026-06-01T07:53:18.9776595+00:00 ContainerStatus: Successfully opened named pipe: /podr/container/pipe/781294e0fcf8_orpon-backend-api/stderr_047ff61ecc354ab3844757ab6ffaf6dd.
2026-06-01T07:53:18.9778800+00:00 ContainerStatus: Successfully removed non-blocking flag from /podr/container/pipe/781294e0fcf8_orpon-backend-api/stderr_047ff61ecc354ab3844757ab6ffaf6dd.
2026-06-01T07:53:18.9780555+00:00 ContainerStatus: Creating container with image: appsvc/node:24-lts_20260504.4.tuxprod from registry: 10.1.0.4:13209 and fully qualified image name: 10.1.0.4:13209/appsvc/node:24-lts_20260504.4.tuxprod
2026-06-01T07:53:19.2714576+00:00 ContainerStatus: Starting container: 781294e0fcf8_orpon-backend-api.
2026-06-01T07:53:19.2921571+00:00 ContainerStatus: Starting watchers and probes.
2026-06-01T07:53:19.2924234+00:00 ContainerStatus: Starting metrics collection.
2026-06-01T07:53:19.2973245+00:00 ContainerStatus: Container is running.
2026-06-01T07:53:19.2974157+00:00 ContainerStatus: State: Starting, Action: CreatingContainer, LastError: ContainerTimeout, LastErrorTimestamp: 06/01/2026 07:53:08, LastErrorDetails: Container did not start within expected time limit of 230s. Please inspect your container logs for more details., Details: Container orpon-backend-api successfully created and is running., DetailsLevel: INFO
2026-06-01T07:53:19.3359970+00:00 ContainerStatus: Container start method finished after 681 ms.
2026-06-01T07:53:19.3362213+00:00 ContainerStatus: State: Starting, Action: InitiatingSiteWarmUpProbe, LastError: ContainerTimeout, LastErrorTimestamp: 06/01/2026 07:53:08, LastErrorDetails: Container did not start within expected time limit of 230s. Please inspect your container logs for more details., Details: Container orpon-backend-api successfully created and is running., DetailsLevel: INFO
2026-06-01T07:53:19.3362681+00:00 ContainerStatus: State: Starting, Action: WaitingForSiteWarmUpProbeSuccess, LastError: ContainerTimeout, LastErrorTimestamp: 06/01/2026 07:53:08, LastErrorDetails: Container did not start within expected time limit of 230s. Please inspect your container logs for more details., Details: Pinging warmup path to ensure container is ready to receive requests., DetailsLevel: INFO
2026-06-01T07:53:19.3633477+00:00 ContainerStream:    _____                               
2026-06-01T07:53:19.3633937+00:00 ContainerStream:   /  _  \ __________ _________   ____  
2026-06-01T07:53:19.3633981+00:00 ContainerStream:  /  /_\  \\___   /  |  \_  __ \_/ __ \ 
2026-06-01T07:53:19.3634009+00:00 ContainerStream: /    |    \/    /|  |  /|  | \/\  ___/ 
2026-06-01T07:53:19.3634034+00:00 ContainerStream: \____|__  /_____ \____/ |__|    \___  >
2026-06-01T07:53:19.3634064+00:00 ContainerStream:         \/      \/                  \/ 
2026-06-01T07:53:19.3634145+00:00 ContainerStream: A P P   S E R V I C E   O N   L I N U X
2026-06-01T07:53:19.3634171+00:00 ContainerStream: 
2026-06-01T07:53:19.3634200+00:00 ContainerStream: Documentation    : http://aka.ms/webapp-linux
2026-06-01T07:53:19.3634228+00:00 ContainerStream: NodeJS quickstart: https://aka.ms/node-qs
2026-06-01T07:53:19.3634255+00:00 ContainerStream: NodeJS Version   : v24.15.0
2026-06-01T07:53:19.3634280+00:00 ContainerStream: Instance Name    : 10-30-0-66
2026-06-01T07:53:19.3634313+00:00 ContainerStream: Instance Id      : 761fac585fe31e563800843ac2523cd720778a0ceebfef3ec96fdd2d0e72e339
2026-06-01T07:53:19.3634337+00:00 ContainerStream: 
2026-06-01T07:53:19.3634362+00:00 ContainerStream: Note: Any data outside '/home' is not persisted
2026-06-01T07:53:20.1196174+00:00 ContainerStream:  * Starting OpenBSD Secure Shell server sshd
2026-06-01T07:53:20.1342076+00:00 ContainerStream:    ...done.
2026-06-01T07:53:20.1391554+00:00 ContainerStream: WEBSITES_INCLUDE_CLOUD_CERTS is not set to true.
2026-06-01T07:53:20.1545501+00:00 ContainerStream: Updating certificates in /etc/ssl/certs...
2026-06-01T07:53:24.8331623+00:00 ContainerStream: rehash: warning: skipping duplicate certificate in SSLcom-TLS-Root-2022-ECC.pem
2026-06-01T07:53:24.8335749+00:00 ContainerStream: rehash: warning: skipping duplicate certificate in SSLcom-TLS-Root-2022-RSA.pem
2026-06-01T07:53:24.8956168+00:00 ContainerStream: rehash: warning: skipping ca-certificates.crt,it does not contain exactly one certificate or CRL
2026-06-01T07:53:24.9049271+00:00 ContainerStream: 4 added, 0 removed; done.
2026-06-01T07:53:24.9052128+00:00 ContainerStream: Running hooks in /etc/ca-certificates/update.d...
2026-06-01T07:53:24.9081001+00:00 ContainerStream: done.
2026-06-01T07:53:24.9146910+00:00 ContainerStream: CA certificates copied and updated successfully.
2026-06-01T07:53:25.6636489+00:00 ContainerStream:  * Starting periodic command scheduler cron
2026-06-01T07:53:25.7567040+00:00 ContainerStream:    ...done.
2026-06-01T07:53:25.7754127+00:00 ContainerStream: Could not find build manifest file at '/home/site/wwwroot/oryx-manifest.toml'
2026-06-01T07:53:25.7754808+00:00 ContainerStream: Could not find operation ID in manifest. Generating an operation id...
2026-06-01T07:53:25.7760204+00:00 ContainerStream: Build Operation ID: 5e40eb41-05d7-41c3-8c2c-21eeb4493e5c
2026-06-01T07:53:26.1937497+00:00 ContainerStream: Environment Variables for Application Insight's IPA Codeless Configuration exists..
2026-06-01T07:53:26.2910716+00:00 ContainerStream: Writing output script to '/opt/startup/startup.sh'
2026-06-01T07:53:26.3978723+00:00 ContainerStream: Running #!/bin/sh
2026-06-01T07:53:26.3979242+00:00 ContainerStream: 
2026-06-01T07:53:26.3979288+00:00 ContainerStream: # Enter the source directory to make sure the script runs where the user expects
2026-06-01T07:53:26.3979319+00:00 ContainerStream: cd "/home/site/wwwroot"
2026-06-01T07:53:26.3979343+00:00 ContainerStream: 
2026-06-01T07:53:26.3979370+00:00 ContainerStream: export NODE_PATH=/usr/local/lib/node_modules:$NODE_PATH
2026-06-01T07:53:26.3979395+00:00 ContainerStream: if [ -z "$PORT" ]; then
2026-06-01T07:53:26.3979417+00:00 ContainerStream: 		export PORT=8080
2026-06-01T07:53:26.3979439+00:00 ContainerStream: fi
2026-06-01T07:53:26.3979462+00:00 ContainerStream: 
2026-06-01T07:53:26.3979486+00:00 ContainerStream: PATH="$PATH:/home/site/wwwroot" node server.js
2026-06-01T07:53:26.4783877+00:00 ContainerStream: node:internal/modules/cjs/loader:1479
2026-06-01T07:53:26.4784501+00:00 ContainerStream:   throw err;
2026-06-01T07:53:26.4784614+00:00 ContainerStream:   ^
2026-06-01T07:53:26.4784642+00:00 ContainerStream: 
2026-06-01T07:53:26.4784671+00:00 ContainerStream: Error: Cannot find module '/home/site/wwwroot/server.js'
2026-06-01T07:53:26.4784701+00:00 ContainerStream:     at Module._resolveFilename (node:internal/modules/cjs/loader:1476:15)
2026-06-01T07:53:26.4784729+00:00 ContainerStream:     at wrapResolveFilename (node:internal/modules/cjs/loader:1049:27)
2026-06-01T07:53:26.4784758+00:00 ContainerStream:     at defaultResolveImplForCJSLoading (node:internal/modules/cjs/loader:1073:10)
2026-06-01T07:53:26.4784786+00:00 ContainerStream:     at resolveForCJSWithHooks (node:internal/modules/cjs/loader:1094:12)
2026-06-01T07:53:26.4784817+00:00 ContainerStream:     at Module._load (node:internal/modules/cjs/loader:1262:25)
2026-06-01T07:53:26.4784847+00:00 ContainerStream:     at wrapModuleLoad (node:internal/modules/cjs/loader:255:19)
2026-06-01T07:53:26.4784878+00:00 ContainerStream:     at Module.executeUserEntryPoint [as runMain] (node:internal/modules/run_main:154:5)
2026-06-01T07:53:26.4784903+00:00 ContainerStream:     at node:internal/main/run_main_module:33:47 {
2026-06-01T07:53:26.4784941+00:00 ContainerStream:   code: 'MODULE_NOT_FOUND',
2026-06-01T07:53:26.4784965+00:00 ContainerStream:   requireStack: []
2026-06-01T07:53:26.4784988+00:00 ContainerStream: }
2026-06-01T07:53:26.4785009+00:00 ContainerStream: 
2026-06-01T07:53:26.4785033+00:00 ContainerStream: Node.js v24.15.0
2026-06-01T07:53:26.5135885+00:00 ContainerStatus: Container has finished running with exit code: 1.
2026-06-01T07:53:26.5137481+00:00 ContainerStatus: Container is terminating. Grace period: 5 seconds.
2026-06-01T07:53:26.5150136+00:00 ContainerStatus: Stop and delete container. Retry count = 0
2026-06-01T07:53:26.5151447+00:00 ContainerStatus: Stopping container: 781294e0fcf8_orpon-backend-api.
2026-06-01T07:53:26.5354921+00:00 ContainerStatus: Deleting container: 781294e0fcf8_orpon-backend-api. Retry count = 0
2026-06-01T07:53:26.6321971+00:00 ContainerStatus: Container spec TerminationMessagePolicy  path 
2026-06-01T07:53:26.6323811+00:00 ContainerStatus: Container is terminated. Total time elapsed: 118 ms.
2026-06-01T07:53:26.6325167+00:00 ContainerStatus: Site container: orpon-backend-api terminated during site startup.
2026-06-01T07:53:26.6325974+00:00 ContainerStatus: State: Stopping, Action: CancellingStartup, LastError: ContainerTimeout, LastErrorTimestamp: 06/01/2026 07:53:08, LastErrorDetails: Container did not start within expected time limit of 230s. Please inspect your container logs for more details., Details: Site container: orpon-backend-api terminated during site startup. Cancelling site startup., DetailsLevel: ERR
2026-06-01T07:53:26.6367844+00:00 ContainerStatus: Site startup probe failed after 7.2996533 seconds.
2026-06-01T07:53:26.6970016+00:00 ContainerStatus: State: Stopping, Action: CancellingStartup, LastError: ContainerTimeout, LastErrorTimestamp: 06/01/2026 07:53:26, LastErrorDetails: Container did not start within expected time limit of 230s. Please inspect your container logs for more details., Details: Site container: orpon-backend-api terminated during site startup. Cancelling site startup., DetailsLevel: ERR
2026-06-01T07:53:26.6983177+00:00 ContainerStatus: Failed to start site. Revert by stopping site.
2026-06-01T07:53:26.6984112+00:00 ContainerStatus: State: Stopping, Action: StoppingSite, LastError: ContainerTimeout, LastErrorTimestamp: 06/01/2026 07:53:26, LastErrorDetails: Container did not start within expected time limit of 230s. Please inspect your container logs for more details., Details: Site container: orpon-backend-api terminated during site startup. Cancelling site startup., DetailsLevel: ERR
2026-06-01T07:53:26.6986772+00:00 ContainerStatus: State: Stopping, Action: StoppingSiteContainers, LastError: ContainerTimeout, LastErrorTimestamp: 06/01/2026 07:53:26, LastErrorDetails: Container did not start within expected time limit of 230s. Please inspect your container logs for more details., Details: Site container: orpon-backend-api terminated during site startup. Cancelling site startup., DetailsLevel: ERR
2026-06-01T07:53:26.6986964+00:00 ContainerStatus: Site: orpon-backend-api stopped.
