2026-05-31T19:00:38.2819549+00:00 ContainerStatus: State: Starting, Action: EstablishingSiteNetworks, LastError: , LastErrorTimestamp: 01/01/0001 00:00:00, LastErrorDetails: , Details: , DetailsLevel: INFO
2026-05-31T19:00:39.4676579+00:00 ContainerStatus: State: Starting, Action: StartingSiteContainers, LastError: , LastErrorTimestamp: 01/01/0001 00:00:00, LastErrorDetails: , Details: , DetailsLevel: INFO
2026-05-31T19:00:39.4725283+00:00 ContainerStatus: Container start method called.
2026-05-31T19:00:39.4800314+00:00 ContainerStatus: State: Starting, Action: PullingImage, LastError: , LastErrorTimestamp: 01/01/0001 00:00:00, LastErrorDetails: , Details: Pulling image 10.1.0.6:13209/appsvc/node:24-lts_20260504.4.tuxprod for orpon-backend-api., DetailsLevel: INFO
2026-05-31T19:00:39.4803616+00:00 ContainerStatus: Establishing network.
2026-05-31T19:00:39.4806803+00:00 ContainerStatus: Pulling image: appsvc/node:24-lts_20260504.4.tuxprod.
2026-05-31T19:01:02.3391767+00:00 ContainerStatus: Image appsvc/node:24-lts_20260504.4.tuxprod is pulled from registry 10.1.0.6:13209
2026-05-31T19:01:02.3498661+00:00 ContainerStatus: Container is starting.
2026-05-31T19:01:02.3505692+00:00 ContainerStatus: State: Starting, Action: MountingVolumes, LastError: , LastErrorTimestamp: 01/01/0001 00:00:00, LastErrorDetails: , Details: Mounting volumes for orpon-backend-api., DetailsLevel: INFO
2026-05-31T19:01:02.3507607+00:00 ContainerStatus: Establishing user namespace if not established already.
2026-05-31T19:01:02.3509374+00:00 ContainerStatus: Establishing network if not established already.
2026-05-31T19:01:02.3511027+00:00 ContainerStatus: Mounting volumes.
2026-05-31T19:01:02.3541112+00:00 ContainerStatus: Nested mountpoint 
2026-05-31T19:01:02.3701576+00:00 ContainerStatus: Nested mountpoint volatile/logs
2026-05-31T19:01:02.3740712+00:00 ContainerStatus: Nested mountpoint 
2026-05-31T19:01:02.3968887+00:00 ContainerStatus: Nested mountpoint 
2026-05-31T19:01:02.4014802+00:00 ContainerStatus: Nested mountpoint 
2026-05-31T19:01:02.5083596+00:00 ContainerStatus: State: Starting, Action: CreatingContainer, LastError: , LastErrorTimestamp: 01/01/0001 00:00:00, LastErrorDetails: , Details: Finished pulling container image and mounting volumes for orpon-backend-api. Allocatinng the rest of the container resources to finish container creation., DetailsLevel: INFO
2026-05-31T19:01:02.5084676+00:00 ContainerStatus: Creating container.
2026-05-31T19:01:02.5087830+00:00 ContainerStatus: Creating pipes for streaming container io.
2026-05-31T19:01:02.5100203+00:00 ContainerStatus: Creating stdout named pipe at /podr/container/pipe/f702ecf7f4a6_orpon-backend-api/stdout_79f32db244ec4c7fa3dd934540e79705.
2026-05-31T19:01:02.5112012+00:00 ContainerStatus: Successfully created stdout named pipe at: /podr/container/pipe/f702ecf7f4a6_orpon-backend-api/stdout_79f32db244ec4c7fa3dd934540e79705.
2026-05-31T19:01:02.5120464+00:00 ContainerStatus: Opening named pipe /podr/container/pipe/f702ecf7f4a6_orpon-backend-api/stdout_79f32db244ec4c7fa3dd934540e79705 for reading in non-blocking mode.
2026-05-31T19:01:02.5123447+00:00 ContainerStatus: Successfully opened named pipe: /podr/container/pipe/f702ecf7f4a6_orpon-backend-api/stdout_79f32db244ec4c7fa3dd934540e79705.
2026-05-31T19:01:02.5128764+00:00 ContainerStatus: Successfully removed non-blocking flag from /podr/container/pipe/f702ecf7f4a6_orpon-backend-api/stdout_79f32db244ec4c7fa3dd934540e79705.
2026-05-31T19:01:02.5156831+00:00 ContainerStatus: Creating stderr named pipe at /podr/container/pipe/f702ecf7f4a6_orpon-backend-api/stderr_77a96476fac7478084dffef7b8288bfc.
2026-05-31T19:01:02.5159521+00:00 ContainerStatus: Successfully created stderr named pipe at: /podr/container/pipe/f702ecf7f4a6_orpon-backend-api/stderr_77a96476fac7478084dffef7b8288bfc.
2026-05-31T19:01:02.5162304+00:00 ContainerStatus: Opening named pipe /podr/container/pipe/f702ecf7f4a6_orpon-backend-api/stderr_77a96476fac7478084dffef7b8288bfc for reading in non-blocking mode.
2026-05-31T19:01:02.5168566+00:00 ContainerStatus: Successfully opened named pipe: /podr/container/pipe/f702ecf7f4a6_orpon-backend-api/stderr_77a96476fac7478084dffef7b8288bfc.
2026-05-31T19:01:02.5170397+00:00 ContainerStatus: Successfully removed non-blocking flag from /podr/container/pipe/f702ecf7f4a6_orpon-backend-api/stderr_77a96476fac7478084dffef7b8288bfc.
2026-05-31T19:01:02.5205645+00:00 ContainerStatus: Creating container with image: appsvc/node:24-lts_20260504.4.tuxprod from registry: 10.1.0.6:13209 and fully qualified image name: 10.1.0.6:13209/appsvc/node:24-lts_20260504.4.tuxprod
2026-05-31T19:01:03.1095246+00:00 ContainerStatus: Starting container: f702ecf7f4a6_orpon-backend-api.
2026-05-31T19:01:03.1828215+00:00 ContainerStatus: Starting watchers and probes.
2026-05-31T19:01:03.2309747+00:00 ContainerStatus: Starting metrics collection.
2026-05-31T19:01:03.2361732+00:00 ContainerStatus: Container is running.
2026-05-31T19:01:03.2362682+00:00 ContainerStatus: State: Starting, Action: CreatingContainer, LastError: , LastErrorTimestamp: 01/01/0001 00:00:00, LastErrorDetails: , Details: Container orpon-backend-api successfully created and is running., DetailsLevel: INFO
2026-05-31T19:01:03.3240062+00:00 ContainerStatus: Container start method finished after 23851 ms.
2026-05-31T19:01:03.3243945+00:00 ContainerStatus: State: Starting, Action: InitiatingSiteWarmUpProbe, LastError: , LastErrorTimestamp: 01/01/0001 00:00:00, LastErrorDetails: , Details: Container orpon-backend-api successfully created and is running., DetailsLevel: INFO
2026-05-31T19:01:03.3309315+00:00 ContainerStatus: State: Starting, Action: WaitingForSiteWarmUpProbeSuccess, LastError: , LastErrorTimestamp: 01/01/0001 00:00:00, LastErrorDetails: , Details: Pinging warmup path to ensure container is ready to receive requests., DetailsLevel: INFO
2026-05-31T19:01:03.4106278+00:00 ContainerStream:    _____                               
2026-05-31T19:01:03.4144036+00:00 ContainerStream:   /  _  \ __________ _________   ____  
2026-05-31T19:01:03.4145001+00:00 ContainerStream:  /  /_\  \\___   /  |  \_  __ \_/ __ \ 
2026-05-31T19:01:03.4145090+00:00 ContainerStream: /    |    \/    /|  |  /|  | \/\  ___/ 
2026-05-31T19:01:03.4145152+00:00 ContainerStream: \____|__  /_____ \____/ |__|    \___  >
2026-05-31T19:01:03.4145225+00:00 ContainerStream:         \/      \/                  \/ 
2026-05-31T19:01:03.4145297+00:00 ContainerStream: A P P   S E R V I C E   O N   L I N U X
2026-05-31T19:01:03.4145372+00:00 ContainerStream: 
2026-05-31T19:01:03.4145447+00:00 ContainerStream: Documentation    : http://aka.ms/webapp-linux
2026-05-31T19:01:03.4145507+00:00 ContainerStream: NodeJS quickstart: https://aka.ms/node-qs
2026-05-31T19:01:03.4145559+00:00 ContainerStream: NodeJS Version   : v24.15.0
2026-05-31T19:01:03.4145655+00:00 ContainerStream: Instance Name    : 10-30-0-96
2026-05-31T19:01:03.4145727+00:00 ContainerStream: Instance Id      : c1e4a54d81d826a769e7253a68aeff879449c258d99c889b0905d6d97cdc5a15
2026-05-31T19:01:03.4145800+00:00 ContainerStream: 
2026-05-31T19:01:03.4145853+00:00 ContainerStream: Note: Any data outside '/home' is not persisted
2026-05-31T19:01:05.0962847+00:00 ContainerStream:  * Starting OpenBSD Secure Shell server sshd
2026-05-31T19:01:05.1394582+00:00 ContainerStream:    ...done.
2026-05-31T19:01:05.1846741+00:00 ContainerStream: WEBSITES_INCLUDE_CLOUD_CERTS is not set to true.
2026-05-31T19:01:05.2078237+00:00 ContainerStream: Updating certificates in /etc/ssl/certs...
2026-05-31T19:01:10.7672072+00:00 ContainerStream: rehash: warning: skipping duplicate certificate in SSLcom-TLS-Root-2022-ECC.pem
2026-05-31T19:01:10.7692454+00:00 ContainerStream: rehash: warning: skipping duplicate certificate in SSLcom-TLS-Root-2022-RSA.pem
2026-05-31T19:01:10.8322218+00:00 ContainerStream: rehash: warning: skipping ca-certificates.crt,it does not contain exactly one certificate or CRL
2026-05-31T19:01:10.8498264+00:00 ContainerStream: 4 added, 0 removed; done.
2026-05-31T19:01:10.8498724+00:00 ContainerStream: Running hooks in /etc/ca-certificates/update.d...
2026-05-31T19:01:10.8531979+00:00 ContainerStream: done.
2026-05-31T19:01:10.8617797+00:00 ContainerStream: CA certificates copied and updated successfully.
2026-05-31T19:01:10.9857468+00:00 ContainerStream:  * Starting periodic command scheduler cron
2026-05-31T19:01:10.9987290+00:00 ContainerStream:    ...done.
2026-05-31T19:01:11.0909069+00:00 ContainerStream: Could not find build manifest file at '/home/site/wwwroot/oryx-manifest.toml'
2026-05-31T19:01:11.0910456+00:00 ContainerStream: Could not find operation ID in manifest. Generating an operation id...
2026-05-31T19:01:11.0911589+00:00 ContainerStream: Build Operation ID: 14131317-9ec7-4855-a2ff-24822c784816
2026-05-31T19:01:11.4994608+00:00 ContainerStream: Environment Variables for Application Insight's IPA Codeless Configuration exists..
2026-05-31T19:01:11.5987895+00:00 ContainerStream: Writing output script to '/opt/startup/startup.sh'
2026-05-31T19:01:11.7745666+00:00 ContainerStream: Running #!/bin/sh
2026-05-31T19:01:11.7746532+00:00 ContainerStream: 
2026-05-31T19:01:11.7746607+00:00 ContainerStream: # Enter the source directory to make sure the script runs where the user expects
2026-05-31T19:01:11.7746664+00:00 ContainerStream: cd "/home/site/wwwroot"
2026-05-31T19:01:11.7746702+00:00 ContainerStream: 
2026-05-31T19:01:11.7761373+00:00 ContainerStream: export NODE_PATH=/usr/local/lib/node_modules:$NODE_PATH
2026-05-31T19:01:11.7761562+00:00 ContainerStream: if [ -z "$PORT" ]; then
2026-05-31T19:01:11.7761622+00:00 ContainerStream: 		export PORT=8080
2026-05-31T19:01:11.7761691+00:00 ContainerStream: fi
2026-05-31T19:01:11.7761734+00:00 ContainerStream: 
2026-05-31T19:01:11.7761784+00:00 ContainerStream: PATH="$PATH:/home/site/wwwroot" node server.js
2026-05-31T19:01:12.1971490+00:00 ContainerStream: node:internal/modules/cjs/loader:1479
2026-05-31T19:01:12.1980216+00:00 ContainerStream:   throw err;
2026-05-31T19:01:12.1980314+00:00 ContainerStream:   ^
2026-05-31T19:01:12.1980356+00:00 ContainerStream: 
2026-05-31T19:01:12.1980428+00:00 ContainerStream: Error: Cannot find module '/home/site/wwwroot/server.js'
2026-05-31T19:01:12.1980480+00:00 ContainerStream:     at Module._resolveFilename (node:internal/modules/cjs/loader:1476:15)
2026-05-31T19:01:12.1980550+00:00 ContainerStream:     at wrapResolveFilename (node:internal/modules/cjs/loader:1049:27)
2026-05-31T19:01:12.1980602+00:00 ContainerStream:     at defaultResolveImplForCJSLoading (node:internal/modules/cjs/loader:1073:10)
2026-05-31T19:01:12.1980654+00:00 ContainerStream:     at resolveForCJSWithHooks (node:internal/modules/cjs/loader:1094:12)
2026-05-31T19:01:12.1980700+00:00 ContainerStream:     at Module._load (node:internal/modules/cjs/loader:1262:25)
2026-05-31T19:01:12.1980749+00:00 ContainerStream:     at wrapModuleLoad (node:internal/modules/cjs/loader:255:19)
2026-05-31T19:01:12.1980799+00:00 ContainerStream:     at Module.executeUserEntryPoint [as runMain] (node:internal/modules/run_main:154:5)
2026-05-31T19:01:12.1980858+00:00 ContainerStream:     at node:internal/main/run_main_module:33:47 {
2026-05-31T19:01:12.1980900+00:00 ContainerStream:   code: 'MODULE_NOT_FOUND',
2026-05-31T19:01:12.1980942+00:00 ContainerStream:   requireStack: []
2026-05-31T19:01:12.1980983+00:00 ContainerStream: }
2026-05-31T19:01:12.1981020+00:00 ContainerStream: 
2026-05-31T19:01:12.1981059+00:00 ContainerStream: Node.js v24.15.0
2026-05-31T19:01:12.2818474+00:00 ContainerStatus: Container has finished running with exit code: 1.
2026-05-31T19:01:12.2974466+00:00 ContainerStatus: Container is terminating. Grace period: 5 seconds.
2026-05-31T19:01:12.3145872+00:00 ContainerStatus: Stop and delete container. Retry count = 0
2026-05-31T19:01:12.3155713+00:00 ContainerStatus: Stopping container: f702ecf7f4a6_orpon-backend-api.
2026-05-31T19:01:12.4257266+00:00 ContainerStatus: Deleting container: f702ecf7f4a6_orpon-backend-api. Retry count = 0
2026-05-31T19:01:12.5635329+00:00 ContainerStatus: Container spec TerminationMessagePolicy  path 
2026-05-31T19:01:12.5665109+00:00 ContainerStatus: Container is terminated. Total time elapsed: 268 ms.
2026-05-31T19:01:12.5667566+00:00 ContainerStatus: Site container: orpon-backend-api terminated during site startup.
2026-05-31T19:01:12.5706987+00:00 ContainerStatus: State: Stopping, Action: CancellingStartup, LastError: , LastErrorTimestamp: 01/01/0001 00:00:00, LastErrorDetails: , Details: Site container: orpon-backend-api terminated during site startup. Cancelling site startup., DetailsLevel: ERR
2026-05-31T19:01:12.5900759+00:00 ContainerStatus: Site startup probe failed after 9.2395371 seconds.
2026-05-31T19:01:12.6557942+00:00 ContainerStatus: State: Stopping, Action: CancellingStartup, LastError: ContainerTimeout, LastErrorTimestamp: 05/31/2026 19:01:12, LastErrorDetails: Container did not start within expected time limit of 230s. Please inspect your container logs for more details., Details: Site container: orpon-backend-api terminated during site startup. Cancelling site startup., DetailsLevel: ERR
2026-05-31T19:01:12.6708698+00:00 ContainerStatus: Failed to start site. Revert by stopping site.
2026-05-31T19:01:12.6757436+00:00 ContainerStatus: State: Stopping, Action: StoppingSite, LastError: ContainerTimeout, LastErrorTimestamp: 05/31/2026 19:01:12, LastErrorDetails: Container did not start within expected time limit of 230s. Please inspect your container logs for more details., Details: Site container: orpon-backend-api terminated during site startup. Cancelling site startup., DetailsLevel: ERR
2026-05-31T19:01:12.6792069+00:00 ContainerStatus: State: Stopping, Action: StoppingSiteContainers, LastError: ContainerTimeout, LastErrorTimestamp: 05/31/2026 19:01:12, LastErrorDetails: Container did not start within expected time limit of 230s. Please inspect your container logs for more details., Details: Site container: orpon-backend-api terminated during site startup. Cancelling site startup., DetailsLevel: ERR
2026-05-31T19:01:12.6800113+00:00 ContainerStatus: Site: orpon-backend-api stopped.
========== New Cold Start Attempt (2026-05-31T19:01:12.6881385+00:00) ==========
2026-05-31T19:01:12.6881385+00:00 ContainerStatus: State: Stopping, Action: UnmountingVolumes, LastError: ContainerTimeout, LastErrorTimestamp: 05/31/2026 19:01:12, LastErrorDetails: Container did not start within expected time limit of 230s. Please inspect your container logs for more details., Details: Site container: orpon-backend-api terminated during site startup. Cancelling site startup., DetailsLevel: ERR
2026-05-31T19:01:12.8475520+00:00 ContainerStatus: State: Stopping, Action: StoppingSiteNetworks, LastError: ContainerTimeout, LastErrorTimestamp: 05/31/2026 19:01:12, LastErrorDetails: Container did not start within expected time limit of 230s. Please inspect your container logs for more details., Details: Site container: orpon-backend-api terminated during site startup. Cancelling site startup., DetailsLevel: ERR
2026-05-31T19:01:13.1148749+00:00 ContainerStatus: State: Stopped, Action: None, LastError: ContainerTimeout, LastErrorTimestamp: 05/31/2026 19:01:12, LastErrorDetails: Container did not start within expected time limit of 230s. Please inspect your container logs for more details., Details: Site stopped at 05/31/2026 19:01:13 (UTC), DetailsLevel: ERR
2026-05-31T19:01:13.3519326+00:00 ContainerStatus: State: Stopped, Action: None, LastError: ContainerTimeout, LastErrorTimestamp: 05/31/2026 19:01:12, LastErrorDetails: Container did not start within expected time limit of 230s. Please inspect your container logs for more details., Details: Site stopped at 05/31/2026 19:01:13 (UTC), DetailsLevel: ERR
2026-05-31T19:01:27.3000866+00:00 ContainerStatus: State: Starting, Action: EstablishingSiteNetworks, LastError: ContainerTimeout, LastErrorTimestamp: 05/31/2026 19:01:12, LastErrorDetails: Container did not start within expected time limit of 230s. Please inspect your container logs for more details., Details: Site stopped at 05/31/2026 19:01:13 (UTC), DetailsLevel: ERR
2026-05-31T19:01:27.8690477+00:00 ContainerStatus: State: Starting, Action: StartingSiteContainers, LastError: ContainerTimeout, LastErrorTimestamp: 05/31/2026 19:01:12, LastErrorDetails: Container did not start within expected time limit of 230s. Please inspect your container logs for more details., Details: Site stopped at 05/31/2026 19:01:13 (UTC), DetailsLevel: ERR
2026-05-31T19:01:27.8692575+00:00 ContainerStatus: Container start method called.
2026-05-31T19:01:27.8693337+00:00 ContainerStatus: State: Starting, Action: PullingImage, LastError: ContainerTimeout, LastErrorTimestamp: 05/31/2026 19:01:12, LastErrorDetails: Container did not start within expected time limit of 230s. Please inspect your container logs for more details., Details: Pulling image 10.1.0.6:13209/appsvc/node:24-lts_20260504.4.tuxprod for orpon-backend-api., DetailsLevel: INFO
2026-05-31T19:01:27.8694681+00:00 ContainerStatus: Establishing network.
2026-05-31T19:01:27.8696040+00:00 ContainerStatus: Pulling image: appsvc/node:24-lts_20260504.4.tuxprod.
2026-05-31T19:01:28.1838658+00:00 ContainerStatus: Container is starting.
2026-05-31T19:01:28.1839529+00:00 ContainerStatus: State: Starting, Action: MountingVolumes, LastError: ContainerTimeout, LastErrorTimestamp: 05/31/2026 19:01:12, LastErrorDetails: Container did not start within expected time limit of 230s. Please inspect your container logs for more details., Details: Mounting volumes for orpon-backend-api., DetailsLevel: INFO
2026-05-31T19:01:28.1840673+00:00 ContainerStatus: Establishing user namespace if not established already.
2026-05-31T19:01:28.1845269+00:00 ContainerStatus: Establishing network if not established already.
2026-05-31T19:01:28.1848315+00:00 ContainerStatus: Mounting volumes.
2026-05-31T19:01:28.1850546+00:00 ContainerStatus: Nested mountpoint 
2026-05-31T19:01:28.1890024+00:00 ContainerStatus: Nested mountpoint volatile/logs
2026-05-31T19:01:28.1935453+00:00 ContainerStatus: Nested mountpoint 
2026-05-31T19:01:28.1974318+00:00 ContainerStatus: Nested mountpoint 
2026-05-31T19:01:28.1980468+00:00 ContainerStatus: Nested mountpoint 
2026-05-31T19:01:28.3800728+00:00 ContainerStatus: State: Starting, Action: CreatingContainer, LastError: ContainerTimeout, LastErrorTimestamp: 05/31/2026 19:01:12, LastErrorDetails: Container did not start within expected time limit of 230s. Please inspect your container logs for more details., Details: Finished pulling container image and mounting volumes for orpon-backend-api. Allocatinng the rest of the container resources to finish container creation., DetailsLevel: INFO
2026-05-31T19:01:28.3802433+00:00 ContainerStatus: Creating container.
2026-05-31T19:01:28.3804142+00:00 ContainerStatus: Creating pipes for streaming container io.
2026-05-31T19:01:28.3805667+00:00 ContainerStatus: Creating stdout named pipe at /podr/container/pipe/3db9c88d958e_orpon-backend-api/stdout_fd5c72ab77cc4db29a8a3260cf7cc45e.
2026-05-31T19:01:28.3866495+00:00 ContainerStatus: Successfully created stdout named pipe at: /podr/container/pipe/3db9c88d958e_orpon-backend-api/stdout_fd5c72ab77cc4db29a8a3260cf7cc45e.
2026-05-31T19:01:28.3867851+00:00 ContainerStatus: Opening named pipe /podr/container/pipe/3db9c88d958e_orpon-backend-api/stdout_fd5c72ab77cc4db29a8a3260cf7cc45e for reading in non-blocking mode.
2026-05-31T19:01:28.3869693+00:00 ContainerStatus: Successfully opened named pipe: /podr/container/pipe/3db9c88d958e_orpon-backend-api/stdout_fd5c72ab77cc4db29a8a3260cf7cc45e.
2026-05-31T19:01:28.3870998+00:00 ContainerStatus: Successfully removed non-blocking flag from /podr/container/pipe/3db9c88d958e_orpon-backend-api/stdout_fd5c72ab77cc4db29a8a3260cf7cc45e.
2026-05-31T19:01:28.3872647+00:00 ContainerStatus: Creating stderr named pipe at /podr/container/pipe/3db9c88d958e_orpon-backend-api/stderr_597667dfefa24b2d9fe4e3c111e125e0.
2026-05-31T19:01:28.3874373+00:00 ContainerStatus: Successfully created stderr named pipe at: /podr/container/pipe/3db9c88d958e_orpon-backend-api/stderr_597667dfefa24b2d9fe4e3c111e125e0.
2026-05-31T19:01:28.3875411+00:00 ContainerStatus: Opening named pipe /podr/container/pipe/3db9c88d958e_orpon-backend-api/stderr_597667dfefa24b2d9fe4e3c111e125e0 for reading in non-blocking mode.
2026-05-31T19:01:28.3876650+00:00 ContainerStatus: Successfully opened named pipe: /podr/container/pipe/3db9c88d958e_orpon-backend-api/stderr_597667dfefa24b2d9fe4e3c111e125e0.
2026-05-31T19:01:28.3877877+00:00 ContainerStatus: Successfully removed non-blocking flag from /podr/container/pipe/3db9c88d958e_orpon-backend-api/stderr_597667dfefa24b2d9fe4e3c111e125e0.
2026-05-31T19:01:28.3879348+00:00 ContainerStatus: Creating container with image: appsvc/node:24-lts_20260504.4.tuxprod from registry: 10.1.0.6:13209 and fully qualified image name: 10.1.0.6:13209/appsvc/node:24-lts_20260504.4.tuxprod
2026-05-31T19:01:29.7830757+00:00 ContainerStatus: Starting container: 3db9c88d958e_orpon-backend-api.
2026-05-31T19:01:29.8047947+00:00 ContainerStatus: Starting watchers and probes.
2026-05-31T19:01:29.8050555+00:00 ContainerStatus: Starting metrics collection.
2026-05-31T19:01:29.8067951+00:00 ContainerStatus: Container is running.
2026-05-31T19:01:29.8080801+00:00 ContainerStatus: State: Starting, Action: CreatingContainer, LastError: ContainerTimeout, LastErrorTimestamp: 05/31/2026 19:01:12, LastErrorDetails: Container did not start within expected time limit of 230s. Please inspect your container logs for more details., Details: Container orpon-backend-api successfully created and is running., DetailsLevel: INFO
2026-05-31T19:01:29.8511986+00:00 ContainerStatus: Container start method finished after 1981 ms.
2026-05-31T19:01:29.8514053+00:00 ContainerStatus: State: Starting, Action: InitiatingSiteWarmUpProbe, LastError: ContainerTimeout, LastErrorTimestamp: 05/31/2026 19:01:12, LastErrorDetails: Container did not start within expected time limit of 230s. Please inspect your container logs for more details., Details: Container orpon-backend-api successfully created and is running., DetailsLevel: INFO
2026-05-31T19:01:29.8514372+00:00 ContainerStatus: State: Starting, Action: WaitingForSiteWarmUpProbeSuccess, LastError: ContainerTimeout, LastErrorTimestamp: 05/31/2026 19:01:12, LastErrorDetails: Container did not start within expected time limit of 230s. Please inspect your container logs for more details., Details: Pinging warmup path to ensure container is ready to receive requests., DetailsLevel: INFO
2026-05-31T19:01:30.0591586+00:00 ContainerStream:    _____                               
2026-05-31T19:01:30.0591976+00:00 ContainerStream:   /  _  \ __________ _________   ____  
2026-05-31T19:01:30.0592019+00:00 ContainerStream:  /  /_\  \\___   /  |  \_  __ \_/ __ \ 
2026-05-31T19:01:30.0592051+00:00 ContainerStream: /    |    \/    /|  |  /|  | \/\  ___/ 
2026-05-31T19:01:30.0592086+00:00 ContainerStream: \____|__  /_____ \____/ |__|    \___  >
2026-05-31T19:01:30.0592118+00:00 ContainerStream:         \/      \/                  \/ 
2026-05-31T19:01:30.0592150+00:00 ContainerStream: A P P   S E R V I C E   O N   L I N U X
2026-05-31T19:01:30.0592177+00:00 ContainerStream: 
2026-05-31T19:01:30.0592208+00:00 ContainerStream: Documentation    : http://aka.ms/webapp-linux
2026-05-31T19:01:30.0592239+00:00 ContainerStream: NodeJS quickstart: https://aka.ms/node-qs
2026-05-31T19:01:30.0592269+00:00 ContainerStream: NodeJS Version   : v24.15.0
2026-05-31T19:01:30.0592364+00:00 ContainerStream: Instance Name    : 10-30-0-96
2026-05-31T19:01:30.0592402+00:00 ContainerStream: Instance Id      : c1e4a54d81d826a769e7253a68aeff879449c258d99c889b0905d6d97cdc5a15
2026-05-31T19:01:30.0592428+00:00 ContainerStream: 
2026-05-31T19:01:30.0592460+00:00 ContainerStream: Note: Any data outside '/home' is not persisted
2026-05-31T19:01:30.5831412+00:00 ContainerStream:  * Starting OpenBSD Secure Shell server sshd
2026-05-31T19:01:30.5999277+00:00 ContainerStream:    ...done.
2026-05-31T19:01:30.6104364+00:00 ContainerStream: WEBSITES_INCLUDE_CLOUD_CERTS is not set to true.
2026-05-31T19:01:30.6422404+00:00 ContainerStream: Updating certificates in /etc/ssl/certs...
2026-05-31T19:01:35.9263224+00:00 ContainerStream: rehash: warning: skipping duplicate certificate in SSLcom-TLS-Root-2022-ECC.pem
2026-05-31T19:01:35.9270747+00:00 ContainerStream: rehash: warning: skipping duplicate certificate in SSLcom-TLS-Root-2022-RSA.pem
2026-05-31T19:01:36.0058749+00:00 ContainerStream: rehash: warning: skipping ca-certificates.crt,it does not contain exactly one certificate or CRL
2026-05-31T19:01:36.0190658+00:00 ContainerStream: 4 added, 0 removed; done.
2026-05-31T19:01:36.0191556+00:00 ContainerStream: Running hooks in /etc/ca-certificates/update.d...
2026-05-31T19:01:36.0222072+00:00 ContainerStream: done.
2026-05-31T19:01:36.0297087+00:00 ContainerStream: CA certificates copied and updated successfully.
2026-05-31T19:01:36.1399858+00:00 ContainerStream:  * Starting periodic command scheduler cron
2026-05-31T19:01:36.1516776+00:00 ContainerStream:    ...done.
2026-05-31T19:01:36.2219336+00:00 ContainerStream: Could not find build manifest file at '/home/site/wwwroot/oryx-manifest.toml'
2026-05-31T19:01:36.2220360+00:00 ContainerStream: Could not find operation ID in manifest. Generating an operation id...
2026-05-31T19:01:36.2220839+00:00 ContainerStream: Build Operation ID: 881e52da-4429-4518-8bc1-b189ce33fab6
2026-05-31T19:01:36.5824934+00:00 ContainerStream: Environment Variables for Application Insight's IPA Codeless Configuration exists..
2026-05-31T19:01:36.6808856+00:00 ContainerStream: Writing output script to '/opt/startup/startup.sh'
2026-05-31T19:01:36.7897658+00:00 ContainerStream: Running #!/bin/sh
2026-05-31T19:01:36.7898197+00:00 ContainerStream: 
2026-05-31T19:01:36.7898258+00:00 ContainerStream: # Enter the source directory to make sure the script runs where the user expects
2026-05-31T19:01:36.7898300+00:00 ContainerStream: cd "/home/site/wwwroot"
2026-05-31T19:01:36.7898331+00:00 ContainerStream: 
2026-05-31T19:01:36.7898366+00:00 ContainerStream: export NODE_PATH=/usr/local/lib/node_modules:$NODE_PATH
2026-05-31T19:01:36.7898402+00:00 ContainerStream: if [ -z "$PORT" ]; then
2026-05-31T19:01:36.7898434+00:00 ContainerStream: 		export PORT=8080
2026-05-31T19:01:36.7898526+00:00 ContainerStream: fi
2026-05-31T19:01:36.7898555+00:00 ContainerStream: 
2026-05-31T19:01:36.7898587+00:00 ContainerStream: PATH="$PATH:/home/site/wwwroot" node server.js
2026-05-31T19:01:37.1668382+00:00 ContainerStream: node:internal/modules/cjs/loader:1479
2026-05-31T19:01:37.1669052+00:00 ContainerStream:   throw err;
2026-05-31T19:01:37.1669092+00:00 ContainerStream:   ^
2026-05-31T19:01:37.1669121+00:00 ContainerStream: 
2026-05-31T19:01:37.1669151+00:00 ContainerStream: Error: Cannot find module '/home/site/wwwroot/server.js'
2026-05-31T19:01:37.1669183+00:00 ContainerStream:     at Module._resolveFilename (node:internal/modules/cjs/loader:1476:15)
2026-05-31T19:01:37.1669213+00:00 ContainerStream:     at wrapResolveFilename (node:internal/modules/cjs/loader:1049:27)
2026-05-31T19:01:37.1669244+00:00 ContainerStream:     at defaultResolveImplForCJSLoading (node:internal/modules/cjs/loader:1073:10)
2026-05-31T19:01:37.1669277+00:00 ContainerStream:     at resolveForCJSWithHooks (node:internal/modules/cjs/loader:1094:12)
2026-05-31T19:01:37.1669308+00:00 ContainerStream:     at Module._load (node:internal/modules/cjs/loader:1262:25)
2026-05-31T19:01:37.1669340+00:00 ContainerStream:     at wrapModuleLoad (node:internal/modules/cjs/loader:255:19)
2026-05-31T19:01:37.1669372+00:00 ContainerStream:     at Module.executeUserEntryPoint [as runMain] (node:internal/modules/run_main:154:5)
2026-05-31T19:01:37.1669415+00:00 ContainerStream:     at node:internal/main/run_main_module:33:47 {
2026-05-31T19:01:37.1669444+00:00 ContainerStream:   code: 'MODULE_NOT_FOUND',
2026-05-31T19:01:37.1669473+00:00 ContainerStream:   requireStack: []
2026-05-31T19:01:37.1669502+00:00 ContainerStream: }
2026-05-31T19:01:37.1669764+00:00 ContainerStream: 
2026-05-31T19:01:37.1669802+00:00 ContainerStream: Node.js v24.15.0
2026-05-31T19:01:37.2208605+00:00 ContainerStatus: Container has finished running with exit code: 1.
2026-05-31T19:01:37.2210889+00:00 ContainerStatus: Container is terminating. Grace period: 5 seconds.
2026-05-31T19:01:37.2301706+00:00 ContainerStatus: Stop and delete container. Retry count = 0
2026-05-31T19:01:37.2303285+00:00 ContainerStatus: Stopping container: 3db9c88d958e_orpon-backend-api.
2026-05-31T19:01:37.2995185+00:00 ContainerStatus: Deleting container: 3db9c88d958e_orpon-backend-api. Retry count = 0
2026-05-31T19:01:37.4520535+00:00 ContainerStatus: Container spec TerminationMessagePolicy  path 
2026-05-31T19:01:37.4562003+00:00 ContainerStatus: Container is terminated. Total time elapsed: 226 ms.
2026-05-31T19:01:37.4563858+00:00 ContainerStatus: Site container: orpon-backend-api terminated during site startup.
2026-05-31T19:01:37.4606116+00:00 ContainerStatus: State: Stopping, Action: CancellingStartup, LastError: ContainerTimeout, LastErrorTimestamp: 05/31/2026 19:01:12, LastErrorDetails: Container did not start within expected time limit of 230s. Please inspect your container logs for more details., Details: Site container: orpon-backend-api terminated during site startup. Cancelling site startup., DetailsLevel: ERR
2026-05-31T19:01:37.4723786+00:00 ContainerStatus: Site startup probe failed after 7.614662 seconds.
2026-05-31T19:01:37.5270926+00:00 ContainerStatus: State: Stopping, Action: CancellingStartup, LastError: ContainerTimeout, LastErrorTimestamp: 05/31/2026 19:01:37, LastErrorDetails: Container did not start within expected time limit of 230s. Please inspect your container logs for more details., Details: Site container: orpon-backend-api terminated during site startup. Cancelling site startup., DetailsLevel: ERR
2026-05-31T19:01:37.5304314+00:00 ContainerStatus: Failed to start site. Revert by stopping site.
2026-05-31T19:01:37.5307673+00:00 ContainerStatus: State: Stopping, Action: StoppingSite, LastError: ContainerTimeout, LastErrorTimestamp: 05/31/2026 19:01:37, LastErrorDetails: Container did not start within expected time limit of 230s. Please inspect your container logs for more details., Details: Site container: orpon-backend-api terminated during site startup. Cancelling site startup., DetailsLevel: ERR
2026-05-31T19:01:37.5310750+00:00 ContainerStatus: State: Stopping, Action: StoppingSiteContainers, LastError: ContainerTimeout, LastErrorTimestamp: 05/31/2026 19:01:37, LastErrorDetails: Container did not start within expected time limit of 230s. Please inspect your container logs for more details., Details: Site container: orpon-backend-api terminated during site startup. Cancelling site startup., DetailsLevel: ERR
2026-05-31T19:01:37.5310940+00:00 ContainerStatus: Site: orpon-backend-api stopped.
========== New Cold Start Attempt (2026-05-31T19:01:37.5477615+00:00) ==========
2026-05-31T19:01:37.5477615+00:00 ContainerStatus: State: Stopping, Action: UnmountingVolumes, LastError: ContainerTimeout, LastErrorTimestamp: 05/31/2026 19:01:37, LastErrorDetails: Container did not start within expected time limit of 230s. Please inspect your container logs for more details., Details: Site container: orpon-backend-api terminated during site startup. Cancelling site startup., DetailsLevel: ERR
2026-05-31T19:01:37.6351174+00:00 ContainerStatus: State: Stopping, Action: StoppingSiteNetworks, LastError: ContainerTimeout, LastErrorTimestamp: 05/31/2026 19:01:37, LastErrorDetails: Container did not start within expected time limit of 230s. Please inspect your container logs for more details., Details: Site container: orpon-backend-api terminated during site startup. Cancelling site startup., DetailsLevel: ERR
2026-05-31T19:01:37.6994316+00:00 ContainerStatus: Site: orpon-backend-api will be blocked for 1 minutes till 05/31/2026 19:02:37
2026-05-31T19:01:37.6997186+00:00 ContainerStatus: State: Blocked, Action: StoppingSiteNetworks, LastError: ContainerTimeout, LastErrorTimestamp: 05/31/2026 19:01:37, LastErrorDetails: Container did not start within expected time limit of 230s. Please inspect your container logs for more details., Details: Site: orpon-backend-api will be blocked for 1 minutes till 05/31/2026 19:02:37, DetailsLevel: WARN
2026-05-31T19:01:37.7152870+00:00 ContainerStatus: State: Stopped, Action: None, LastError: ContainerTimeout, LastErrorTimestamp: 05/31/2026 19:01:37, LastErrorDetails: Container did not start within expected time limit of 230s. Please inspect your container logs for more details., Details: Site stopped at 05/31/2026 19:01:37 (UTC), DetailsLevel: WARN
2026-05-31T19:01:37.9681082+00:00 ContainerStatus: State: Stopped, Action: None, LastError: ContainerTimeout, LastErrorTimestamp: 05/31/2026 19:01:37, LastErrorDetails: Container did not start within expected time limit of 230s. Please inspect your container logs for more details., Details: Site stopped at 05/31/2026 19:01:37 (UTC), DetailsLevel: WARN
2026-05-31T19:01:43.0474257+00:00 ContainerStatus: State: Blocked, Action: None, LastError: ContainerTimeout, LastErrorTimestamp: 05/31/2026 19:01:37, LastErrorDetails: Container did not start within expected time limit of 230s. Please inspect your container logs for more details., Details: Site is blocked due to multiple, consecutive cold start failures. Site scheduled to be unblocked at 05/31/2026 19:02:37, DetailsLevel: WARN
2026-05-31T19:01:43.0475322+00:00 ContainerStatus: Start site prohibitted because the site is being blocked.
2026-05-31T19:01:48.1685469+00:00 ContainerStatus: State: Blocked, Action: None, LastError: ContainerTimeout, LastErrorTimestamp: 05/31/2026 19:01:37, LastErrorDetails: Container did not start within expected time limit of 230s. Please inspect your container logs for more details., Details: Site is blocked due to multiple, consecutive cold start failures. Site scheduled to be unblocked at 05/31/2026 19:02:37, DetailsLevel: WARN
2026-05-31T19:01:48.1685795+00:00 ContainerStatus: Start site prohibitted because the site is being blocked.
2026-05-31T19:01:53.2269010+00:00 ContainerStatus: State: Blocked, Action: None, LastError: ContainerTimeout, LastErrorTimestamp: 05/31/2026 19:01:37, LastErrorDetails: Container did not start within expected time limit of 230s. Please inspect your container logs for more details., Details: Site is blocked due to multiple, consecutive cold start failures. Site scheduled to be unblocked at 05/31/2026 19:02:37, DetailsLevel: WARN
2026-05-31T19:01:53.2269465+00:00 ContainerStatus: Start site prohibitted because the site is being blocked.
2026-05-31T19:01:58.2787060+00:00 ContainerStatus: State: Blocked, Action: None, LastError: ContainerTimeout, LastErrorTimestamp: 05/31/2026 19:01:37, LastErrorDetails: Container did not start within expected time limit of 230s. Please inspect your container logs for more details., Details: Site is blocked due to multiple, consecutive cold start failures. Site scheduled to be unblocked at 05/31/2026 19:02:37, DetailsLevel: WARN
2026-05-31T19:01:58.2787471+00:00 ContainerStatus: Start site prohibitted because the site is being blocked.
2026-05-31T19:02:03.3542308+00:00 ContainerStatus: State: Blocked, Action: None, LastError: ContainerTimeout, LastErrorTimestamp: 05/31/2026 19:01:37, LastErrorDetails: Container did not start within expected time limit of 230s. Please inspect your container logs for more details., Details: Site is blocked due to multiple, consecutive cold start failures. Site scheduled to be unblocked at 05/31/2026 19:02:37, DetailsLevel: WARN
2026-05-31T19:02:03.3542600+00:00 ContainerStatus: Start site prohibitted because the site is being blocked.
2026-05-31T19:02:08.4185596+00:00 ContainerStatus: State: Blocked, Action: None, LastError: ContainerTimeout, LastErrorTimestamp: 05/31/2026 19:01:37, LastErrorDetails: Container did not start within expected time limit of 230s. Please inspect your container logs for more details., Details: Site is blocked due to multiple, consecutive cold start failures. Site scheduled to be unblocked at 05/31/2026 19:02:37, DetailsLevel: WARN
2026-05-31T19:02:08.4185986+00:00 ContainerStatus: Start site prohibitted because the site is being blocked.
2026-05-31T19:02:13.6527413+00:00 ContainerStatus: State: Blocked, Action: None, LastError: ContainerTimeout, LastErrorTimestamp: 05/31/2026 19:01:37, LastErrorDetails: Container did not start within expected time limit of 230s. Please inspect your container logs for more details., Details: Site is blocked due to multiple, consecutive cold start failures. Site scheduled to be unblocked at 05/31/2026 19:02:37, DetailsLevel: WARN
2026-05-31T19:02:13.6527986+00:00 ContainerStatus: Start site prohibitted because the site is being blocked.
2026-05-31T19:02:18.8676647+00:00 ContainerStatus: State: Blocked, Action: None, LastError: ContainerTimeout, LastErrorTimestamp: 05/31/2026 19:01:37, LastErrorDetails: Container did not start within expected time limit of 230s. Please inspect your container logs for more details., Details: Site is blocked due to multiple, consecutive cold start failures. Site scheduled to be unblocked at 05/31/2026 19:02:37, DetailsLevel: WARN
2026-05-31T19:02:18.8676964+00:00 ContainerStatus: Start site prohibitted because the site is being blocked.
2026-05-31T19:02:23.9117670+00:00 ContainerStatus: State: Blocked, Action: None, LastError: ContainerTimeout, LastErrorTimestamp: 05/31/2026 19:01:37, LastErrorDetails: Container did not start within expected time limit of 230s. Please inspect your container logs for more details., Details: Site is blocked due to multiple, consecutive cold start failures. Site scheduled to be unblocked at 05/31/2026 19:02:37, DetailsLevel: WARN
2026-05-31T19:02:23.9118017+00:00 ContainerStatus: Start site prohibitted because the site is being blocked.
2026-05-31T19:02:28.9960077+00:00 ContainerStatus: State: Blocked, Action: None, LastError: ContainerTimeout, LastErrorTimestamp: 05/31/2026 19:01:37, LastErrorDetails: Container did not start within expected time limit of 230s. Please inspect your container logs for more details., Details: Site is blocked due to multiple, consecutive cold start failures. Site scheduled to be unblocked at 05/31/2026 19:02:37, DetailsLevel: WARN
2026-05-31T19:02:28.9961514+00:00 ContainerStatus: Start site prohibitted because the site is being blocked.
2026-05-31T19:02:34.0516233+00:00 ContainerStatus: State: Blocked, Action: None, LastError: ContainerTimeout, LastErrorTimestamp: 05/31/2026 19:01:37, LastErrorDetails: Container did not start within expected time limit of 230s. Please inspect your container logs for more details., Details: Site is blocked due to multiple, consecutive cold start failures. Site scheduled to be unblocked at 05/31/2026 19:02:37, DetailsLevel: WARN
2026-05-31T19:02:34.0516536+00:00 ContainerStatus: Start site prohibitted because the site is being blocked.
2026-05-31T19:02:37.7017022+00:00 ContainerStatus: Site: orpon-backend-api is unblocked.
2026-05-31T19:02:39.1346203+00:00 ContainerStatus: State: Starting, Action: EstablishingSiteNetworks, LastError: ContainerTimeout, LastErrorTimestamp: 05/31/2026 19:01:37, LastErrorDetails: Container did not start within expected time limit of 230s. Please inspect your container logs for more details., Details: Site is blocked due to multiple, consecutive cold start failures. Site scheduled to be unblocked at 05/31/2026 19:02:37, DetailsLevel: WARN
2026-05-31T19:02:39.6119615+00:00 ContainerStatus: State: Starting, Action: StartingSiteContainers, LastError: ContainerTimeout, LastErrorTimestamp: 05/31/2026 19:01:37, LastErrorDetails: Container did not start within expected time limit of 230s. Please inspect your container logs for more details., Details: Site is blocked due to multiple, consecutive cold start failures. Site scheduled to be unblocked at 05/31/2026 19:02:37, DetailsLevel: WARN
2026-05-31T19:02:39.6121171+00:00 ContainerStatus: Container start method called.
2026-05-31T19:02:39.6121980+00:00 ContainerStatus: State: Starting, Action: PullingImage, LastError: ContainerTimeout, LastErrorTimestamp: 05/31/2026 19:01:37, LastErrorDetails: Container did not start within expected time limit of 230s. Please inspect your container logs for more details., Details: Pulling image 10.1.0.6:13209/appsvc/node:24-lts_20260504.4.tuxprod for orpon-backend-api., DetailsLevel: INFO
2026-05-31T19:02:39.6124437+00:00 ContainerStatus: Establishing network.
2026-05-31T19:02:39.6125954+00:00 ContainerStatus: Pulling image: appsvc/node:24-lts_20260504.4.tuxprod.
2026-05-31T19:02:39.7458115+00:00 ContainerStatus: Container is starting.
2026-05-31T19:02:39.7459029+00:00 ContainerStatus: State: Starting, Action: MountingVolumes, LastError: ContainerTimeout, LastErrorTimestamp: 05/31/2026 19:01:37, LastErrorDetails: Container did not start within expected time limit of 230s. Please inspect your container logs for more details., Details: Mounting volumes for orpon-backend-api., DetailsLevel: INFO
2026-05-31T19:02:39.7460428+00:00 ContainerStatus: Establishing user namespace if not established already.
2026-05-31T19:02:39.7468844+00:00 ContainerStatus: Establishing network if not established already.
2026-05-31T19:02:39.7470239+00:00 ContainerStatus: Mounting volumes.
2026-05-31T19:02:39.7480024+00:00 ContainerStatus: Nested mountpoint 
2026-05-31T19:02:39.7511671+00:00 ContainerStatus: Nested mountpoint volatile/logs
2026-05-31T19:02:39.7552449+00:00 ContainerStatus: Nested mountpoint 
2026-05-31T19:02:39.7562019+00:00 ContainerStatus: Nested mountpoint 
2026-05-31T19:02:39.7575487+00:00 ContainerStatus: Nested mountpoint 
2026-05-31T19:02:44.2457146+00:00 ContainerStatus: State: Starting, Action: CreatingContainer, LastError: ContainerTimeout, LastErrorTimestamp: 05/31/2026 19:01:37, LastErrorDetails: Container did not start within expected time limit of 230s. Please inspect your container logs for more details., Details: Finished pulling container image and mounting volumes for orpon-backend-api. Allocatinng the rest of the container resources to finish container creation., DetailsLevel: INFO
2026-05-31T19:02:44.2458890+00:00 ContainerStatus: Creating container.
2026-05-31T19:02:44.2460102+00:00 ContainerStatus: Creating pipes for streaming container io.
2026-05-31T19:02:44.2461346+00:00 ContainerStatus: Creating stdout named pipe at /podr/container/pipe/85c36909fe68_orpon-backend-api/stdout_b3b77e5016f340e483db4a6aab961602.
2026-05-31T19:02:44.2489275+00:00 ContainerStatus: Successfully created stdout named pipe at: /podr/container/pipe/85c36909fe68_orpon-backend-api/stdout_b3b77e5016f340e483db4a6aab961602.
2026-05-31T19:02:44.2510112+00:00 ContainerStatus: Opening named pipe /podr/container/pipe/85c36909fe68_orpon-backend-api/stdout_b3b77e5016f340e483db4a6aab961602 for reading in non-blocking mode.
2026-05-31T19:02:44.2519692+00:00 ContainerStatus: Successfully opened named pipe: /podr/container/pipe/85c36909fe68_orpon-backend-api/stdout_b3b77e5016f340e483db4a6aab961602.
2026-05-31T19:02:44.2527557+00:00 ContainerStatus: Successfully removed non-blocking flag from /podr/container/pipe/85c36909fe68_orpon-backend-api/stdout_b3b77e5016f340e483db4a6aab961602.
2026-05-31T19:02:44.2547245+00:00 ContainerStatus: Creating stderr named pipe at /podr/container/pipe/85c36909fe68_orpon-backend-api/stderr_70e68a6c49ae431c87caa19d854e2ffa.
2026-05-31T19:02:44.2551221+00:00 ContainerStatus: Successfully created stderr named pipe at: /podr/container/pipe/85c36909fe68_orpon-backend-api/stderr_70e68a6c49ae431c87caa19d854e2ffa.
2026-05-31T19:02:44.2561069+00:00 ContainerStatus: Opening named pipe /podr/container/pipe/85c36909fe68_orpon-backend-api/stderr_70e68a6c49ae431c87caa19d854e2ffa for reading in non-blocking mode.
2026-05-31T19:02:44.2565134+00:00 ContainerStatus: Successfully opened named pipe: /podr/container/pipe/85c36909fe68_orpon-backend-api/stderr_70e68a6c49ae431c87caa19d854e2ffa.
2026-05-31T19:02:44.2570120+00:00 ContainerStatus: Successfully removed non-blocking flag from /podr/container/pipe/85c36909fe68_orpon-backend-api/stderr_70e68a6c49ae431c87caa19d854e2ffa.
2026-05-31T19:02:44.2585133+00:00 ContainerStatus: Creating container with image: appsvc/node:24-lts_20260504.4.tuxprod from registry: 10.1.0.6:13209 and fully qualified image name: 10.1.0.6:13209/appsvc/node:24-lts_20260504.4.tuxprod
2026-05-31T19:02:44.6435822+00:00 ContainerStatus: Starting container: 85c36909fe68_orpon-backend-api.
2026-05-31T19:02:44.6598470+00:00 ContainerStatus: Starting watchers and probes.
2026-05-31T19:02:44.6602033+00:00 ContainerStatus: Starting metrics collection.
2026-05-31T19:02:44.6603695+00:00 ContainerStatus: Container is running.
2026-05-31T19:02:44.6604678+00:00 ContainerStatus: State: Starting, Action: CreatingContainer, LastError: ContainerTimeout, LastErrorTimestamp: 05/31/2026 19:01:37, LastErrorDetails: Container did not start within expected time limit of 230s. Please inspect your container logs for more details., Details: Container orpon-backend-api successfully created and is running., DetailsLevel: INFO
2026-05-31T19:02:44.7054457+00:00 ContainerStatus: Container start method finished after 5093 ms.
2026-05-31T19:02:44.7056943+00:00 ContainerStatus: State: Starting, Action: InitiatingSiteWarmUpProbe, LastError: ContainerTimeout, LastErrorTimestamp: 05/31/2026 19:01:37, LastErrorDetails: Container did not start within expected time limit of 230s. Please inspect your container logs for more details., Details: Container orpon-backend-api successfully created and is running., DetailsLevel: INFO
2026-05-31T19:02:44.7057267+00:00 ContainerStatus: State: Starting, Action: WaitingForSiteWarmUpProbeSuccess, LastError: ContainerTimeout, LastErrorTimestamp: 05/31/2026 19:01:37, LastErrorDetails: Container did not start within expected time limit of 230s. Please inspect your container logs for more details., Details: Pinging warmup path to ensure container is ready to receive requests., DetailsLevel: INFO
2026-05-31T19:02:44.9355818+00:00 ContainerStream:    _____                               
2026-05-31T19:02:44.9356174+00:00 ContainerStream:   /  _  \ __________ _________   ____  
2026-05-31T19:02:44.9356208+00:00 ContainerStream:  /  /_\  \\___   /  |  \_  __ \_/ __ \ 
2026-05-31T19:02:44.9356237+00:00 ContainerStream: /    |    \/    /|  |  /|  | \/\  ___/ 
2026-05-31T19:02:44.9356264+00:00 ContainerStream: \____|__  /_____ \____/ |__|    \___  >
2026-05-31T19:02:44.9356289+00:00 ContainerStream:         \/      \/                  \/ 
2026-05-31T19:02:44.9356384+00:00 ContainerStream: A P P   S E R V I C E   O N   L I N U X
2026-05-31T19:02:44.9356409+00:00 ContainerStream: 
2026-05-31T19:02:44.9356436+00:00 ContainerStream: Documentation    : http://aka.ms/webapp-linux
2026-05-31T19:02:44.9356463+00:00 ContainerStream: NodeJS quickstart: https://aka.ms/node-qs
2026-05-31T19:02:44.9356488+00:00 ContainerStream: NodeJS Version   : v24.15.0
2026-05-31T19:02:44.9356513+00:00 ContainerStream: Instance Name    : 10-30-0-96
2026-05-31T19:02:44.9356544+00:00 ContainerStream: Instance Id      : c1e4a54d81d826a769e7253a68aeff879449c258d99c889b0905d6d97cdc5a15
2026-05-31T19:02:44.9356569+00:00 ContainerStream: 
2026-05-31T19:02:44.9356595+00:00 ContainerStream: Note: Any data outside '/home' is not persisted
2026-05-31T19:02:45.6455611+00:00 ContainerStream:  * Starting OpenBSD Secure Shell server sshd
2026-05-31T19:02:45.6615845+00:00 ContainerStream:    ...done.
2026-05-31T19:02:45.6692034+00:00 ContainerStream: WEBSITES_INCLUDE_CLOUD_CERTS is not set to true.
2026-05-31T19:02:45.7021524+00:00 ContainerStream: Updating certificates in /etc/ssl/certs...
2026-05-31T19:02:54.2005742+00:00 ContainerStream: rehash: warning: skipping duplicate certificate in SSLcom-TLS-Root-2022-ECC.pem
2026-05-31T19:02:54.2012034+00:00 ContainerStream: rehash: warning: skipping duplicate certificate in SSLcom-TLS-Root-2022-RSA.pem
2026-05-31T19:02:54.2890515+00:00 ContainerStream: rehash: warning: skipping ca-certificates.crt,it does not contain exactly one certificate or CRL
2026-05-31T19:02:54.3046427+00:00 ContainerStream: 4 added, 0 removed; done.
2026-05-31T19:02:54.3047095+00:00 ContainerStream: Running hooks in /etc/ca-certificates/update.d...
2026-05-31T19:02:54.3085308+00:00 ContainerStream: done.
2026-05-31T19:02:54.3168477+00:00 ContainerStream: CA certificates copied and updated successfully.
2026-05-31T19:02:54.4377744+00:00 ContainerStream:  * Starting periodic command scheduler cron
2026-05-31T19:02:54.4460561+00:00 ContainerStream:    ...done.
2026-05-31T19:02:54.5198385+00:00 ContainerStream: Could not find build manifest file at '/home/site/wwwroot/oryx-manifest.toml'
2026-05-31T19:02:54.5199029+00:00 ContainerStream: Could not find operation ID in manifest. Generating an operation id...
2026-05-31T19:02:54.5199080+00:00 ContainerStream: Build Operation ID: 380c60de-0ae1-4c95-b245-75b62cf33e4b
2026-05-31T19:02:54.9112610+00:00 ContainerStream: Environment Variables for Application Insight's IPA Codeless Configuration exists..
2026-05-31T19:02:55.0150462+00:00 ContainerStream: Writing output script to '/opt/startup/startup.sh'
2026-05-31T19:02:55.1297334+00:00 ContainerStream: Running #!/bin/sh
2026-05-31T19:02:55.1297717+00:00 ContainerStream: 
2026-05-31T19:02:55.1297758+00:00 ContainerStream: # Enter the source directory to make sure the script runs where the user expects
2026-05-31T19:02:55.1297788+00:00 ContainerStream: cd "/home/site/wwwroot"
2026-05-31T19:02:55.1297886+00:00 ContainerStream: 
2026-05-31T19:02:55.1297917+00:00 ContainerStream: export NODE_PATH=/usr/local/lib/node_modules:$NODE_PATH
2026-05-31T19:02:55.1297946+00:00 ContainerStream: if [ -z "$PORT" ]; then
2026-05-31T19:02:55.1297972+00:00 ContainerStream: 		export PORT=8080
2026-05-31T19:02:55.1297996+00:00 ContainerStream: fi
2026-05-31T19:02:55.1298022+00:00 ContainerStream: 
2026-05-31T19:02:55.1298048+00:00 ContainerStream: PATH="$PATH:/home/site/wwwroot" node server.js
2026-05-31T19:02:55.3992019+00:00 ContainerStream: node:internal/modules/cjs/loader:1479
2026-05-31T19:02:55.3992795+00:00 ContainerStream:   throw err;
2026-05-31T19:02:55.3992846+00:00 ContainerStream:   ^
2026-05-31T19:02:55.3992874+00:00 ContainerStream: 
2026-05-31T19:02:55.3992970+00:00 ContainerStream: Error: Cannot find module '/home/site/wwwroot/server.js'
2026-05-31T19:02:55.3992994+00:00 ContainerStream:     at Module._resolveFilename (node:internal/modules/cjs/loader:1476:15)
2026-05-31T19:02:55.3993017+00:00 ContainerStream:     at wrapResolveFilename (node:internal/modules/cjs/loader:1049:27)
2026-05-31T19:02:55.3993037+00:00 ContainerStream:     at defaultResolveImplForCJSLoading (node:internal/modules/cjs/loader:1073:10)
2026-05-31T19:02:55.3993057+00:00 ContainerStream:     at resolveForCJSWithHooks (node:internal/modules/cjs/loader:1094:12)
2026-05-31T19:02:55.3993076+00:00 ContainerStream:     at Module._load (node:internal/modules/cjs/loader:1262:25)
2026-05-31T19:02:55.3993095+00:00 ContainerStream:     at wrapModuleLoad (node:internal/modules/cjs/loader:255:19)
2026-05-31T19:02:55.3993115+00:00 ContainerStream:     at Module.executeUserEntryPoint [as runMain] (node:internal/modules/run_main:154:5)
2026-05-31T19:02:55.3993134+00:00 ContainerStream:     at node:internal/main/run_main_module:33:47 {
2026-05-31T19:02:55.3993153+00:00 ContainerStream:   code: 'MODULE_NOT_FOUND',
2026-05-31T19:02:55.3993171+00:00 ContainerStream:   requireStack: []
2026-05-31T19:02:55.3993200+00:00 ContainerStream: }
2026-05-31T19:02:55.3993218+00:00 ContainerStream: 
2026-05-31T19:02:55.3993235+00:00 ContainerStream: Node.js v24.15.0
2026-05-31T19:02:55.4315061+00:00 ContainerStatus: Container has finished running with exit code: 1.
2026-05-31T19:02:55.4320102+00:00 ContainerStatus: Container is terminating. Grace period: 5 seconds.
2026-05-31T19:02:55.4324861+00:00 ContainerStatus: Stop and delete container. Retry count = 0
2026-05-31T19:02:55.4326448+00:00 ContainerStatus: Stopping container: 85c36909fe68_orpon-backend-api.
2026-05-31T19:02:55.4930640+00:00 ContainerStatus: Deleting container: 85c36909fe68_orpon-backend-api. Retry count = 0
2026-05-31T19:02:55.5958004+00:00 ContainerStatus: Container spec TerminationMessagePolicy  path 
2026-05-31T19:02:55.5959842+00:00 ContainerStatus: Container is terminated. Total time elapsed: 163 ms.
2026-05-31T19:02:55.5961216+00:00 ContainerStatus: Site container: orpon-backend-api terminated during site startup.
2026-05-31T19:02:55.5962419+00:00 ContainerStatus: State: Stopping, Action: CancellingStartup, LastError: ContainerTimeout, LastErrorTimestamp: 05/31/2026 19:01:37, LastErrorDetails: Container did not start within expected time limit of 230s. Please inspect your container logs for more details., Details: Site container: orpon-backend-api terminated during site startup. Cancelling site startup., DetailsLevel: ERR
2026-05-31T19:02:55.5992508+00:00 ContainerStatus: Site startup probe failed after 10.8927161 seconds.
2026-05-31T19:02:55.6621552+00:00 ContainerStatus: State: Stopping, Action: CancellingStartup, LastError: ContainerTimeout, LastErrorTimestamp: 05/31/2026 19:02:55, LastErrorDetails: Container did not start within expected time limit of 230s. Please inspect your container logs for more details., Details: Site container: orpon-backend-api terminated during site startup. Cancelling site startup., DetailsLevel: ERR
2026-05-31T19:02:55.6646993+00:00 ContainerStatus: Failed to start site. Revert by stopping site.
2026-05-31T19:02:55.6669734+00:00 ContainerStatus: State: Stopping, Action: StoppingSite, LastError: ContainerTimeout, LastErrorTimestamp: 05/31/2026 19:02:55, LastErrorDetails: Container did not start within expected time limit of 230s. Please inspect your container logs for more details., Details: Site container: orpon-backend-api terminated during site startup. Cancelling site startup., DetailsLevel: ERR
2026-05-31T19:02:55.6673227+00:00 ContainerStatus: State: Stopping, Action: StoppingSiteContainers, LastError: ContainerTimeout, LastErrorTimestamp: 05/31/2026 19:02:55, LastErrorDetails: Container did not start within expected time limit of 230s. Please inspect your container logs for more details., Details: Site container: orpon-backend-api terminated during site startup. Cancelling site startup., DetailsLevel: ERR
2026-05-31T19:02:55.6673417+00:00 ContainerStatus: Site: orpon-backend-api stopped.
========== New Cold Start Attempt (2026-05-31T19:04:18.3960344+00:00) ==========
2026-05-31T19:04:18.3960344+00:00 ContainerStatus: State: Starting, Action: EstablishingSiteNetworks, LastError: ContainerTimeout, LastErrorTimestamp: 05/31/2026 19:02:55, LastErrorDetails: Container did not start within expected time limit of 230s. Please inspect your container logs for more details., Details: Site is blocked due to multiple, consecutive cold start failures. Site scheduled to be unblocked at 05/31/2026 19:03:55, DetailsLevel: WARN
2026-05-31T19:04:18.7206879+00:00 ContainerStatus: State: Starting, Action: StartingSiteContainers, LastError: ContainerTimeout, LastErrorTimestamp: 05/31/2026 19:02:55, LastErrorDetails: Container did not start within expected time limit of 230s. Please inspect your container logs for more details., Details: Site is blocked due to multiple, consecutive cold start failures. Site scheduled to be unblocked at 05/31/2026 19:03:55, DetailsLevel: WARN
2026-05-31T19:04:18.7209092+00:00 ContainerStatus: Container start method called.
2026-05-31T19:04:18.7209565+00:00 ContainerStatus: State: Starting, Action: PullingImage, LastError: ContainerTimeout, LastErrorTimestamp: 05/31/2026 19:02:55, LastErrorDetails: Container did not start within expected time limit of 230s. Please inspect your container logs for more details., Details: Pulling image 10.1.0.6:13209/appsvc/node:24-lts_20260504.4.tuxprod for orpon-backend-api., DetailsLevel: INFO
2026-05-31T19:04:18.7210664+00:00 ContainerStatus: Establishing network.
2026-05-31T19:04:18.7219838+00:00 ContainerStatus: Pulling image: appsvc/node:24-lts_20260504.4.tuxprod.
2026-05-31T19:04:18.8518646+00:00 ContainerStatus: Container is starting.
2026-05-31T19:04:18.8520056+00:00 ContainerStatus: State: Starting, Action: MountingVolumes, LastError: ContainerTimeout, LastErrorTimestamp: 05/31/2026 19:02:55, LastErrorDetails: Container did not start within expected time limit of 230s. Please inspect your container logs for more details., Details: Mounting volumes for orpon-backend-api., DetailsLevel: INFO
2026-05-31T19:04:18.8521785+00:00 ContainerStatus: Establishing user namespace if not established already.
2026-05-31T19:04:18.8523383+00:00 ContainerStatus: Establishing network if not established already.
2026-05-31T19:04:18.8524772+00:00 ContainerStatus: Mounting volumes.
2026-05-31T19:04:18.8528886+00:00 ContainerStatus: Nested mountpoint 
2026-05-31T19:04:18.8542324+00:00 ContainerStatus: Nested mountpoint volatile/logs
2026-05-31T19:04:18.8645845+00:00 ContainerStatus: Nested mountpoint 
2026-05-31T19:04:18.8657197+00:00 ContainerStatus: Nested mountpoint 
2026-05-31T19:04:18.8666016+00:00 ContainerStatus: Nested mountpoint 
2026-05-31T19:04:18.9599072+00:00 ContainerStatus: State: Starting, Action: CreatingContainer, LastError: ContainerTimeout, LastErrorTimestamp: 05/31/2026 19:02:55, LastErrorDetails: Container did not start within expected time limit of 230s. Please inspect your container logs for more details., Details: Finished pulling container image and mounting volumes for orpon-backend-api. Allocatinng the rest of the container resources to finish container creation., DetailsLevel: INFO
2026-05-31T19:04:18.9600803+00:00 ContainerStatus: Creating container.
2026-05-31T19:04:18.9601954+00:00 ContainerStatus: Creating pipes for streaming container io.
2026-05-31T19:04:18.9602702+00:00 ContainerStatus: Creating stdout named pipe at /podr/container/pipe/831a5fd60450_orpon-backend-api/stdout_fdb8901a685a40029552288cc07eca51.
2026-05-31T19:04:18.9604197+00:00 ContainerStatus: Successfully created stdout named pipe at: /podr/container/pipe/831a5fd60450_orpon-backend-api/stdout_fdb8901a685a40029552288cc07eca51.
2026-05-31T19:04:18.9604872+00:00 ContainerStatus: Opening named pipe /podr/container/pipe/831a5fd60450_orpon-backend-api/stdout_fdb8901a685a40029552288cc07eca51 for reading in non-blocking mode.
2026-05-31T19:04:18.9605657+00:00 ContainerStatus: Successfully opened named pipe: /podr/container/pipe/831a5fd60450_orpon-backend-api/stdout_fdb8901a685a40029552288cc07eca51.
2026-05-31T19:04:18.9606259+00:00 ContainerStatus: Successfully removed non-blocking flag from /podr/container/pipe/831a5fd60450_orpon-backend-api/stdout_fdb8901a685a40029552288cc07eca51.
2026-05-31T19:04:18.9608134+00:00 ContainerStatus: Creating stderr named pipe at /podr/container/pipe/831a5fd60450_orpon-backend-api/stderr_c706a49740fe4239af08174475c5d000.
2026-05-31T19:04:18.9609368+00:00 ContainerStatus: Successfully created stderr named pipe at: /podr/container/pipe/831a5fd60450_orpon-backend-api/stderr_c706a49740fe4239af08174475c5d000.
2026-05-31T19:04:18.9610053+00:00 ContainerStatus: Opening named pipe /podr/container/pipe/831a5fd60450_orpon-backend-api/stderr_c706a49740fe4239af08174475c5d000 for reading in non-blocking mode.
2026-05-31T19:04:18.9613136+00:00 ContainerStatus: Successfully opened named pipe: /podr/container/pipe/831a5fd60450_orpon-backend-api/stderr_c706a49740fe4239af08174475c5d000.
2026-05-31T19:04:18.9614437+00:00 ContainerStatus: Successfully removed non-blocking flag from /podr/container/pipe/831a5fd60450_orpon-backend-api/stderr_c706a49740fe4239af08174475c5d000.
2026-05-31T19:04:18.9618269+00:00 ContainerStatus: Creating container with image: appsvc/node:24-lts_20260504.4.tuxprod from registry: 10.1.0.6:13209 and fully qualified image name: 10.1.0.6:13209/appsvc/node:24-lts_20260504.4.tuxprod
2026-05-31T19:04:19.1490378+00:00 ContainerStatus: Starting container: 831a5fd60450_orpon-backend-api.
2026-05-31T19:04:19.1699258+00:00 ContainerStatus: Starting watchers and probes.
2026-05-31T19:04:19.1701882+00:00 ContainerStatus: Starting metrics collection.
2026-05-31T19:04:19.1706028+00:00 ContainerStatus: Container is running.
2026-05-31T19:04:19.1707046+00:00 ContainerStatus: State: Starting, Action: CreatingContainer, LastError: ContainerTimeout, LastErrorTimestamp: 05/31/2026 19:02:55, LastErrorDetails: Container did not start within expected time limit of 230s. Please inspect your container logs for more details., Details: Container orpon-backend-api successfully created and is running., DetailsLevel: INFO
2026-05-31T19:04:19.1875092+00:00 ContainerStatus: Container start method finished after 466 ms.
2026-05-31T19:04:19.1884113+00:00 ContainerStatus: State: Starting, Action: InitiatingSiteWarmUpProbe, LastError: ContainerTimeout, LastErrorTimestamp: 05/31/2026 19:02:55, LastErrorDetails: Container did not start within expected time limit of 230s. Please inspect your container logs for more details., Details: Container orpon-backend-api successfully created and is running., DetailsLevel: INFO
2026-05-31T19:04:19.1884800+00:00 ContainerStatus: State: Starting, Action: WaitingForSiteWarmUpProbeSuccess, LastError: ContainerTimeout, LastErrorTimestamp: 05/31/2026 19:02:55, LastErrorDetails: Container did not start within expected time limit of 230s. Please inspect your container logs for more details., Details: Pinging warmup path to ensure container is ready to receive requests., DetailsLevel: INFO
2026-05-31T19:04:19.2779381+00:00 ContainerStream:    _____                               
2026-05-31T19:04:19.2786275+00:00 ContainerStream:   /  _  \ __________ _________   ____  
2026-05-31T19:04:19.2786378+00:00 ContainerStream:  /  /_\  \\___   /  |  \_  __ \_/ __ \ 
2026-05-31T19:04:19.2786409+00:00 ContainerStream: /    |    \/    /|  |  /|  | \/\  ___/ 
2026-05-31T19:04:19.2786438+00:00 ContainerStream: \____|__  /_____ \____/ |__|    \___  >
2026-05-31T19:04:19.2786472+00:00 ContainerStream:         \/      \/                  \/ 
2026-05-31T19:04:19.2786522+00:00 ContainerStream: A P P   S E R V I C E   O N   L I N U X
2026-05-31T19:04:19.2786546+00:00 ContainerStream: 
2026-05-31T19:04:19.2786573+00:00 ContainerStream: Documentation    : http://aka.ms/webapp-linux
2026-05-31T19:04:19.2786601+00:00 ContainerStream: NodeJS quickstart: https://aka.ms/node-qs
2026-05-31T19:04:19.2786628+00:00 ContainerStream: NodeJS Version   : v24.15.0
2026-05-31T19:04:19.2786652+00:00 ContainerStream: Instance Name    : 10-30-0-96
2026-05-31T19:04:19.2786683+00:00 ContainerStream: Instance Id      : c1e4a54d81d826a769e7253a68aeff879449c258d99c889b0905d6d97cdc5a15
2026-05-31T19:04:19.2787857+00:00 ContainerStream: 
2026-05-31T19:04:19.2787911+00:00 ContainerStream: Note: Any data outside '/home' is not persisted
2026-05-31T19:04:20.7563785+00:00 ContainerStream:  * Starting OpenBSD Secure Shell server sshd
2026-05-31T19:04:20.7703210+00:00 ContainerStream:    ...done.
2026-05-31T19:04:20.7757726+00:00 ContainerStream: WEBSITES_INCLUDE_CLOUD_CERTS is not set to true.
2026-05-31T19:04:20.8029186+00:00 ContainerStream: Updating certificates in /etc/ssl/certs...
2026-05-31T19:04:26.2381475+00:00 ContainerStream: rehash: warning: skipping duplicate certificate in SSLcom-TLS-Root-2022-ECC.pem
2026-05-31T19:04:26.2394180+00:00 ContainerStream: rehash: warning: skipping duplicate certificate in SSLcom-TLS-Root-2022-RSA.pem
2026-05-31T19:04:26.4012757+00:00 ContainerStream: rehash: warning: skipping ca-certificates.crt,it does not contain exactly one certificate or CRL
2026-05-31T19:04:26.4149285+00:00 ContainerStream: 4 added, 0 removed; done.
2026-05-31T19:04:26.4150593+00:00 ContainerStream: Running hooks in /etc/ca-certificates/update.d...
2026-05-31T19:04:26.4193685+00:00 ContainerStream: done.
2026-05-31T19:04:26.4263326+00:00 ContainerStream: CA certificates copied and updated successfully.
2026-05-31T19:04:26.5923312+00:00 ContainerStream:  * Starting periodic command scheduler cron
2026-05-31T19:04:26.6060563+00:00 ContainerStream:    ...done.
2026-05-31T19:04:26.6661633+00:00 ContainerStream: Could not find build manifest file at '/home/site/wwwroot/oryx-manifest.toml'
2026-05-31T19:04:26.6663088+00:00 ContainerStream: Could not find operation ID in manifest. Generating an operation id...
2026-05-31T19:04:26.6664289+00:00 ContainerStream: Build Operation ID: 3282b5ed-11e5-4906-96ee-9578ff86b82b
2026-05-31T19:04:27.0175083+00:00 ContainerStream: Environment Variables for Application Insight's IPA Codeless Configuration exists..
2026-05-31T19:04:27.1181397+00:00 ContainerStream: Writing output script to '/opt/startup/startup.sh'
2026-05-31T19:04:27.2286651+00:00 ContainerStream: Running #!/bin/sh
2026-05-31T19:04:27.2288144+00:00 ContainerStream: 
2026-05-31T19:04:27.2288210+00:00 ContainerStream: # Enter the source directory to make sure the script runs where the user expects
2026-05-31T19:04:27.2288253+00:00 ContainerStream: cd "/home/site/wwwroot"
2026-05-31T19:04:27.2288289+00:00 ContainerStream: 
2026-05-31T19:04:27.2288326+00:00 ContainerStream: export NODE_PATH=/usr/local/lib/node_modules:$NODE_PATH
2026-05-31T19:04:27.2288362+00:00 ContainerStream: if [ -z "$PORT" ]; then
2026-05-31T19:04:27.2288423+00:00 ContainerStream: 		export PORT=8080
2026-05-31T19:04:27.2288458+00:00 ContainerStream: fi
2026-05-31T19:04:27.2288492+00:00 ContainerStream: 
2026-05-31T19:04:27.2288528+00:00 ContainerStream: PATH="$PATH:/home/site/wwwroot" node server.js
2026-05-31T19:04:27.4499494+00:00 ContainerStream: node:internal/modules/cjs/loader:1479
2026-05-31T19:04:27.4499900+00:00 ContainerStream:   throw err;
2026-05-31T19:04:27.4499956+00:00 ContainerStream:   ^
2026-05-31T19:04:27.4500055+00:00 ContainerStream: 
2026-05-31T19:04:27.4500096+00:00 ContainerStream: Error: Cannot find module '/home/site/wwwroot/server.js'
2026-05-31T19:04:27.4500134+00:00 ContainerStream:     at Module._resolveFilename (node:internal/modules/cjs/loader:1476:15)
2026-05-31T19:04:27.4500172+00:00 ContainerStream:     at wrapResolveFilename (node:internal/modules/cjs/loader:1049:27)
2026-05-31T19:04:27.4500209+00:00 ContainerStream:     at defaultResolveImplForCJSLoading (node:internal/modules/cjs/loader:1073:10)
2026-05-31T19:04:27.4500248+00:00 ContainerStream:     at resolveForCJSWithHooks (node:internal/modules/cjs/loader:1094:12)
2026-05-31T19:04:27.4500285+00:00 ContainerStream:     at Module._load (node:internal/modules/cjs/loader:1262:25)
2026-05-31T19:04:27.4500332+00:00 ContainerStream:     at wrapModuleLoad (node:internal/modules/cjs/loader:255:19)
2026-05-31T19:04:27.4500369+00:00 ContainerStream:     at Module.executeUserEntryPoint [as runMain] (node:internal/modules/run_main:154:5)
2026-05-31T19:04:27.4500406+00:00 ContainerStream:     at node:internal/main/run_main_module:33:47 {
2026-05-31T19:04:27.4500439+00:00 ContainerStream:   code: 'MODULE_NOT_FOUND',
2026-05-31T19:04:27.4500473+00:00 ContainerStream:   requireStack: []
2026-05-31T19:04:27.4500503+00:00 ContainerStream: }
2026-05-31T19:04:27.4517243+00:00 ContainerStream: 
2026-05-31T19:04:27.4517506+00:00 ContainerStream: Node.js v24.15.0
2026-05-31T19:04:27.4913925+00:00 ContainerStatus: Container has finished running with exit code: 1.
2026-05-31T19:04:27.4916058+00:00 ContainerStatus: Container is terminating. Grace period: 5 seconds.
2026-05-31T19:04:27.4920068+00:00 ContainerStatus: Stop and delete container. Retry count = 0
2026-05-31T19:04:27.4921464+00:00 ContainerStatus: Stopping container: 831a5fd60450_orpon-backend-api.
2026-05-31T19:04:27.5168258+00:00 ContainerStatus: Deleting container: 831a5fd60450_orpon-backend-api. Retry count = 0
2026-05-31T19:04:27.6080767+00:00 ContainerStatus: Container spec TerminationMessagePolicy  path 
2026-05-31T19:04:27.6082542+00:00 ContainerStatus: Container is terminated. Total time elapsed: 116 ms.
2026-05-31T19:04:27.6084030+00:00 ContainerStatus: Site container: orpon-backend-api terminated during site startup.
2026-05-31T19:04:27.6085051+00:00 ContainerStatus: State: Stopping, Action: CancellingStartup, LastError: ContainerTimeout, LastErrorTimestamp: 05/31/2026 19:02:55, LastErrorDetails: Container did not start within expected time limit of 230s. Please inspect your container logs for more details., Details: Site container: orpon-backend-api terminated during site startup. Cancelling site startup., DetailsLevel: ERR
2026-05-31T19:04:27.6103995+00:00 ContainerStatus: Site startup probe failed after 8.4205316 seconds.
2026-05-31T19:04:27.6697419+00:00 ContainerStatus: State: Stopping, Action: CancellingStartup, LastError: ContainerTimeout, LastErrorTimestamp: 05/31/2026 19:04:27, LastErrorDetails: Container did not start within expected time limit of 230s. Please inspect your container logs for more details., Details: Site container: orpon-backend-api terminated during site startup. Cancelling site startup., DetailsLevel: ERR
2026-05-31T19:04:27.6711724+00:00 ContainerStatus: Failed to start site. Revert by stopping site.
2026-05-31T19:04:27.6712496+00:00 ContainerStatus: State: Stopping, Action: StoppingSite, LastError: ContainerTimeout, LastErrorTimestamp: 05/31/2026 19:04:27, LastErrorDetails: Container did not start within expected time limit of 230s. Please inspect your container logs for more details., Details: Site container: orpon-backend-api terminated during site startup. Cancelling site startup., DetailsLevel: ERR
2026-05-31T19:04:27.6714654+00:00 ContainerStatus: State: Stopping, Action: StoppingSiteContainers, LastError: ContainerTimeout, LastErrorTimestamp: 05/31/2026 19:04:27, LastErrorDetails: Container did not start within expected time limit of 230s. Please inspect your container logs for more details., Details: Site container: orpon-backend-api terminated during site startup. Cancelling site startup., DetailsLevel: ERR
2026-05-31T19:04:27.6714809+00:00 ContainerStatus: Site: orpon-backend-api stopped.
========== New Cold Start Attempt (2026-05-31T19:04:53.1265352+00:00) ==========
2026-05-31T19:04:53.1265352+00:00 ContainerStatus: State: Starting, Action: EstablishingSiteNetworks, LastError: ContainerTimeout, LastErrorTimestamp: 05/31/2026 19:04:27, LastErrorDetails: Container did not start within expected time limit of 230s. Please inspect your container logs for more details., Details: Site stopped at 05/31/2026 19:04:27 (UTC), DetailsLevel: ERR
2026-05-31T19:04:53.4620727+00:00 ContainerStatus: State: Starting, Action: StartingSiteContainers, LastError: ContainerTimeout, LastErrorTimestamp: 05/31/2026 19:04:27, LastErrorDetails: Container did not start within expected time limit of 230s. Please inspect your container logs for more details., Details: Site stopped at 05/31/2026 19:04:27 (UTC), DetailsLevel: ERR
2026-05-31T19:04:53.4622212+00:00 ContainerStatus: Container start method called.
2026-05-31T19:04:53.4622699+00:00 ContainerStatus: State: Starting, Action: PullingImage, LastError: ContainerTimeout, LastErrorTimestamp: 05/31/2026 19:04:27, LastErrorDetails: Container did not start within expected time limit of 230s. Please inspect your container logs for more details., Details: Pulling image 10.1.0.6:13209/appsvc/node:24-lts_20260504.4.tuxprod for orpon-backend-api., DetailsLevel: INFO
2026-05-31T19:04:53.4624011+00:00 ContainerStatus: Establishing network.
2026-05-31T19:04:53.4625835+00:00 ContainerStatus: Pulling image: appsvc/node:24-lts_20260504.4.tuxprod.
2026-05-31T19:04:53.5698734+00:00 ContainerStatus: Container is starting.
2026-05-31T19:04:53.5699794+00:00 ContainerStatus: State: Starting, Action: MountingVolumes, LastError: ContainerTimeout, LastErrorTimestamp: 05/31/2026 19:04:27, LastErrorDetails: Container did not start within expected time limit of 230s. Please inspect your container logs for more details., Details: Mounting volumes for orpon-backend-api., DetailsLevel: INFO
2026-05-31T19:04:53.5701198+00:00 ContainerStatus: Establishing user namespace if not established already.
2026-05-31T19:04:53.5702756+00:00 ContainerStatus: Establishing network if not established already.
2026-05-31T19:04:53.5704705+00:00 ContainerStatus: Mounting volumes.
2026-05-31T19:04:53.5708373+00:00 ContainerStatus: Nested mountpoint 
2026-05-31T19:04:53.5753353+00:00 ContainerStatus: Nested mountpoint volatile/logs
2026-05-31T19:04:53.5800016+00:00 ContainerStatus: Nested mountpoint 
2026-05-31T19:04:53.5824059+00:00 ContainerStatus: Nested mountpoint 
2026-05-31T19:04:53.5831882+00:00 ContainerStatus: Nested mountpoint 
2026-05-31T19:04:53.6886765+00:00 ContainerStatus: State: Starting, Action: CreatingContainer, LastError: ContainerTimeout, LastErrorTimestamp: 05/31/2026 19:04:27, LastErrorDetails: Container did not start within expected time limit of 230s. Please inspect your container logs for more details., Details: Finished pulling container image and mounting volumes for orpon-backend-api. Allocatinng the rest of the container resources to finish container creation., DetailsLevel: INFO
2026-05-31T19:04:53.6887765+00:00 ContainerStatus: Creating container.
2026-05-31T19:04:53.6890072+00:00 ContainerStatus: Creating pipes for streaming container io.
2026-05-31T19:04:53.6901836+00:00 ContainerStatus: Creating stdout named pipe at /podr/container/pipe/b3953f090953_orpon-backend-api/stdout_5d3211c0f7084c02881885ecb68ad1c8.
2026-05-31T19:04:53.6904653+00:00 ContainerStatus: Successfully created stdout named pipe at: /podr/container/pipe/b3953f090953_orpon-backend-api/stdout_5d3211c0f7084c02881885ecb68ad1c8.
2026-05-31T19:04:53.6905552+00:00 ContainerStatus: Opening named pipe /podr/container/pipe/b3953f090953_orpon-backend-api/stdout_5d3211c0f7084c02881885ecb68ad1c8 for reading in non-blocking mode.
2026-05-31T19:04:53.6906413+00:00 ContainerStatus: Successfully opened named pipe: /podr/container/pipe/b3953f090953_orpon-backend-api/stdout_5d3211c0f7084c02881885ecb68ad1c8.
2026-05-31T19:04:53.6907015+00:00 ContainerStatus: Successfully removed non-blocking flag from /podr/container/pipe/b3953f090953_orpon-backend-api/stdout_5d3211c0f7084c02881885ecb68ad1c8.
2026-05-31T19:04:53.6914351+00:00 ContainerStatus: Creating stderr named pipe at /podr/container/pipe/b3953f090953_orpon-backend-api/stderr_a48f024028764bdb81d866dca1f6469d.
2026-05-31T19:04:53.6920301+00:00 ContainerStatus: Successfully created stderr named pipe at: /podr/container/pipe/b3953f090953_orpon-backend-api/stderr_a48f024028764bdb81d866dca1f6469d.
2026-05-31T19:04:53.6936304+00:00 ContainerStatus: Opening named pipe /podr/container/pipe/b3953f090953_orpon-backend-api/stderr_a48f024028764bdb81d866dca1f6469d for reading in non-blocking mode.
2026-05-31T19:04:53.6943174+00:00 ContainerStatus: Successfully opened named pipe: /podr/container/pipe/b3953f090953_orpon-backend-api/stderr_a48f024028764bdb81d866dca1f6469d.
2026-05-31T19:04:53.6944697+00:00 ContainerStatus: Successfully removed non-blocking flag from /podr/container/pipe/b3953f090953_orpon-backend-api/stderr_a48f024028764bdb81d866dca1f6469d.
2026-05-31T19:04:53.6947132+00:00 ContainerStatus: Creating container with image: appsvc/node:24-lts_20260504.4.tuxprod from registry: 10.1.0.6:13209 and fully qualified image name: 10.1.0.6:13209/appsvc/node:24-lts_20260504.4.tuxprod
2026-05-31T19:04:53.8989803+00:00 ContainerStatus: Starting container: b3953f090953_orpon-backend-api.
2026-05-31T19:04:53.9164365+00:00 ContainerStatus: Starting watchers and probes.
2026-05-31T19:04:53.9166889+00:00 ContainerStatus: Starting metrics collection.
2026-05-31T19:04:53.9175422+00:00 ContainerStatus: Container is running.
2026-05-31T19:04:53.9176366+00:00 ContainerStatus: State: Starting, Action: CreatingContainer, LastError: ContainerTimeout, LastErrorTimestamp: 05/31/2026 19:04:27, LastErrorDetails: Container did not start within expected time limit of 230s. Please inspect your container logs for more details., Details: Container orpon-backend-api successfully created and is running., DetailsLevel: INFO
2026-05-31T19:04:53.9354377+00:00 ContainerStatus: Container start method finished after 472 ms.
2026-05-31T19:04:53.9373504+00:00 ContainerStatus: State: Starting, Action: InitiatingSiteWarmUpProbe, LastError: ContainerTimeout, LastErrorTimestamp: 05/31/2026 19:04:27, LastErrorDetails: Container did not start within expected time limit of 230s. Please inspect your container logs for more details., Details: Container orpon-backend-api successfully created and is running., DetailsLevel: INFO
2026-05-31T19:04:53.9374114+00:00 ContainerStatus: State: Starting, Action: WaitingForSiteWarmUpProbeSuccess, LastError: ContainerTimeout, LastErrorTimestamp: 05/31/2026 19:04:27, LastErrorDetails: Container did not start within expected time limit of 230s. Please inspect your container logs for more details., Details: Pinging warmup path to ensure container is ready to receive requests., DetailsLevel: INFO
2026-05-31T19:04:54.0273649+00:00 ContainerStream:    _____                               
2026-05-31T19:04:54.0275463+00:00 ContainerStream:   /  _  \ __________ _________   ____  
2026-05-31T19:04:54.0275539+00:00 ContainerStream:  /  /_\  \\___   /  |  \_  __ \_/ __ \ 
2026-05-31T19:04:54.0275611+00:00 ContainerStream: /    |    \/    /|  |  /|  | \/\  ___/ 
2026-05-31T19:04:54.0275646+00:00 ContainerStream: \____|__  /_____ \____/ |__|    \___  >
2026-05-31T19:04:54.0275685+00:00 ContainerStream:         \/      \/                  \/ 
2026-05-31T19:04:54.0275722+00:00 ContainerStream: A P P   S E R V I C E   O N   L I N U X
2026-05-31T19:04:54.0275753+00:00 ContainerStream: 
2026-05-31T19:04:54.0275791+00:00 ContainerStream: Documentation    : http://aka.ms/webapp-linux
2026-05-31T19:04:54.0275835+00:00 ContainerStream: NodeJS quickstart: https://aka.ms/node-qs
2026-05-31T19:04:54.0275871+00:00 ContainerStream: NodeJS Version   : v24.15.0
2026-05-31T19:04:54.0275908+00:00 ContainerStream: Instance Name    : 10-30-0-96
2026-05-31T19:04:54.0275950+00:00 ContainerStream: Instance Id      : c1e4a54d81d826a769e7253a68aeff879449c258d99c889b0905d6d97cdc5a15
2026-05-31T19:04:54.0275983+00:00 ContainerStream: 
2026-05-31T19:04:54.0276019+00:00 ContainerStream: Note: Any data outside '/home' is not persisted
2026-05-31T19:04:54.8881277+00:00 ContainerStream:  * Starting OpenBSD Secure Shell server sshd
2026-05-31T19:04:54.9010620+00:00 ContainerStream:    ...done.
2026-05-31T19:04:54.9196114+00:00 ContainerStream: WEBSITES_INCLUDE_CLOUD_CERTS is not set to true.
2026-05-31T19:04:54.9456572+00:00 ContainerStream: Updating certificates in /etc/ssl/certs...
2026-05-31T19:05:01.2430234+00:00 ContainerStream: rehash: warning: skipping duplicate certificate in SSLcom-TLS-Root-2022-ECC.pem
2026-05-31T19:05:01.2440120+00:00 ContainerStream: rehash: warning: skipping duplicate certificate in SSLcom-TLS-Root-2022-RSA.pem
2026-05-31T19:05:01.3119973+00:00 ContainerStream: rehash: warning: skipping ca-certificates.crt,it does not contain exactly one certificate or CRL
2026-05-31T19:05:01.3422622+00:00 ContainerStream: 4 added, 0 removed; done.
2026-05-31T19:05:01.3435958+00:00 ContainerStream: Running hooks in /etc/ca-certificates/update.d...
2026-05-31T19:05:01.3474088+00:00 ContainerStream: done.
2026-05-31T19:05:01.3583196+00:00 ContainerStream: CA certificates copied and updated successfully.
2026-05-31T19:05:01.4622718+00:00 ContainerStream:  * Starting periodic command scheduler cron
2026-05-31T19:05:01.4886229+00:00 ContainerStream:    ...done.
2026-05-31T19:05:01.5681257+00:00 ContainerStream: Could not find build manifest file at '/home/site/wwwroot/oryx-manifest.toml'
2026-05-31T19:05:01.5690328+00:00 ContainerStream: Could not find operation ID in manifest. Generating an operation id...
2026-05-31T19:05:01.5690565+00:00 ContainerStream: Build Operation ID: ef8662ba-e6fd-47b4-a672-58af2a75f452
2026-05-31T19:05:01.9943684+00:00 ContainerStream: Environment Variables for Application Insight's IPA Codeless Configuration exists..
2026-05-31T19:05:02.1052579+00:00 ContainerStream: Writing output script to '/opt/startup/startup.sh'
2026-05-31T19:05:02.2151280+00:00 ContainerStream: Running #!/bin/sh
2026-05-31T19:05:02.2151857+00:00 ContainerStream: 
2026-05-31T19:05:02.2151918+00:00 ContainerStream: # Enter the source directory to make sure the script runs where the user expects
2026-05-31T19:05:02.2151971+00:00 ContainerStream: cd "/home/site/wwwroot"
2026-05-31T19:05:02.2152071+00:00 ContainerStream: 
2026-05-31T19:05:02.2152107+00:00 ContainerStream: export NODE_PATH=/usr/local/lib/node_modules:$NODE_PATH
2026-05-31T19:05:02.2152143+00:00 ContainerStream: if [ -z "$PORT" ]; then
2026-05-31T19:05:02.2152179+00:00 ContainerStream: 		export PORT=8080
2026-05-31T19:05:02.2152209+00:00 ContainerStream: fi
2026-05-31T19:05:02.2152239+00:00 ContainerStream: 
2026-05-31T19:05:02.2152277+00:00 ContainerStream: PATH="$PATH:/home/site/wwwroot" node server.js
2026-05-31T19:05:02.3159276+00:00 ContainerStream: node:internal/modules/cjs/loader:1479
2026-05-31T19:05:02.3160668+00:00 ContainerStream:   throw err;
2026-05-31T19:05:02.3160766+00:00 ContainerStream:   ^
2026-05-31T19:05:02.3160804+00:00 ContainerStream: 
2026-05-31T19:05:02.3160845+00:00 ContainerStream: Error: Cannot find module '/home/site/wwwroot/server.js'
2026-05-31T19:05:02.3160885+00:00 ContainerStream:     at Module._resolveFilename (node:internal/modules/cjs/loader:1476:15)
2026-05-31T19:05:02.3160928+00:00 ContainerStream:     at wrapResolveFilename (node:internal/modules/cjs/loader:1049:27)
2026-05-31T19:05:02.3160967+00:00 ContainerStream:     at defaultResolveImplForCJSLoading (node:internal/modules/cjs/loader:1073:10)
2026-05-31T19:05:02.3161003+00:00 ContainerStream:     at resolveForCJSWithHooks (node:internal/modules/cjs/loader:1094:12)
2026-05-31T19:05:02.3161055+00:00 ContainerStream:     at Module._load (node:internal/modules/cjs/loader:1262:25)
2026-05-31T19:05:02.3161091+00:00 ContainerStream:     at wrapModuleLoad (node:internal/modules/cjs/loader:255:19)
2026-05-31T19:05:02.3161129+00:00 ContainerStream:     at Module.executeUserEntryPoint [as runMain] (node:internal/modules/run_main:154:5)
2026-05-31T19:05:02.3161166+00:00 ContainerStream:     at node:internal/main/run_main_module:33:47 {
2026-05-31T19:05:02.3161203+00:00 ContainerStream:   code: 'MODULE_NOT_FOUND',
2026-05-31T19:05:02.3161234+00:00 ContainerStream:   requireStack: []
2026-05-31T19:05:02.3161277+00:00 ContainerStream: }
2026-05-31T19:05:02.3161310+00:00 ContainerStream: 
2026-05-31T19:05:02.3161359+00:00 ContainerStream: Node.js v24.15.0
2026-05-31T19:05:02.3582389+00:00 ContainerStatus: Container has finished running with exit code: 1.
2026-05-31T19:05:02.3584050+00:00 ContainerStatus: Container is terminating. Grace period: 5 seconds.
2026-05-31T19:05:02.3587633+00:00 ContainerStatus: Stop and delete container. Retry count = 0
2026-05-31T19:05:02.3588877+00:00 ContainerStatus: Stopping container: b3953f090953_orpon-backend-api.
2026-05-31T19:05:02.3826788+00:00 ContainerStatus: Deleting container: b3953f090953_orpon-backend-api. Retry count = 0
2026-05-31T19:05:02.4763911+00:00 ContainerStatus: Container spec TerminationMessagePolicy  path 
2026-05-31T19:05:02.4765788+00:00 ContainerStatus: Container is terminated. Total time elapsed: 118 ms.
2026-05-31T19:05:02.4767016+00:00 ContainerStatus: Site container: orpon-backend-api terminated during site startup.
2026-05-31T19:05:02.4782091+00:00 ContainerStatus: State: Stopping, Action: CancellingStartup, LastError: ContainerTimeout, LastErrorTimestamp: 05/31/2026 19:04:27, LastErrorDetails: Container did not start within expected time limit of 230s. Please inspect your container logs for more details., Details: Site container: orpon-backend-api terminated during site startup. Cancelling site startup., DetailsLevel: ERR
2026-05-31T19:05:02.4911777+00:00 ContainerStatus: Site startup probe failed after 8.5527821 seconds.
2026-05-31T19:05:02.5533316+00:00 ContainerStatus: State: Stopping, Action: CancellingStartup, LastError: ContainerTimeout, LastErrorTimestamp: 05/31/2026 19:05:02, LastErrorDetails: Container did not start within expected time limit of 230s. Please inspect your container logs for more details., Details: Site container: orpon-backend-api terminated during site startup. Cancelling site startup., DetailsLevel: ERR
2026-05-31T19:05:02.5547010+00:00 ContainerStatus: Failed to start site. Revert by stopping site.
2026-05-31T19:05:02.5547833+00:00 ContainerStatus: State: Stopping, Action: StoppingSite, LastError: ContainerTimeout, LastErrorTimestamp: 05/31/2026 19:05:02, LastErrorDetails: Container did not start within expected time limit of 230s. Please inspect your container logs for more details., Details: Site container: orpon-backend-api terminated during site startup. Cancelling site startup., DetailsLevel: ERR
2026-05-31T19:05:02.5550054+00:00 ContainerStatus: State: Stopping, Action: StoppingSiteContainers, LastError: ContainerTimeout, LastErrorTimestamp: 05/31/2026 19:05:02, LastErrorDetails: Container did not start within expected time limit of 230s. Please inspect your container logs for more details., Details: Site container: orpon-backend-api terminated during site startup. Cancelling site startup., DetailsLevel: ERR
2026-05-31T19:05:02.5550238+00:00 ContainerStatus: Site: orpon-backend-api stopped.
