2026-06-01T07:36:57.6323810+00:00 ContainerStatus: State: Starting, Action: EstablishingSiteNetworks, LastError: , LastErrorTimestamp: 01/01/0001 00:00:00, LastErrorDetails: , Details: , DetailsLevel: INFO
2026-06-01T07:36:58.3278299+00:00 ContainerStatus: State: Starting, Action: StartingSiteContainers, LastError: , LastErrorTimestamp: 01/01/0001 00:00:00, LastErrorDetails: , Details: , DetailsLevel: INFO
2026-06-01T07:36:58.3294717+00:00 ContainerStatus: Container start method called.
2026-06-01T07:36:58.3359190+00:00 ContainerStatus: State: Starting, Action: PullingImage, LastError: , LastErrorTimestamp: 01/01/0001 00:00:00, LastErrorDetails: , Details: Pulling image 10.1.0.4:13209/appsvc/node:24-lts_20260504.4.tuxprod for orpon-backend-api., DetailsLevel: INFO
2026-06-01T07:36:58.3367239+00:00 ContainerStatus: Establishing network.
2026-06-01T07:36:58.3379000+00:00 ContainerStatus: Pulling image: appsvc/node:24-lts_20260504.4.tuxprod.
2026-06-01T07:37:22.0574535+00:00 ContainerStatus: Image appsvc/node:24-lts_20260504.4.tuxprod is pulled from registry 10.1.0.4:13209
2026-06-01T07:37:22.0647118+00:00 ContainerStatus: Container is starting.
2026-06-01T07:37:22.0726840+00:00 ContainerStatus: State: Starting, Action: MountingVolumes, LastError: , LastErrorTimestamp: 01/01/0001 00:00:00, LastErrorDetails: , Details: Mounting volumes for orpon-backend-api., DetailsLevel: INFO
2026-06-01T07:37:22.0729174+00:00 ContainerStatus: Establishing user namespace if not established already.
2026-06-01T07:37:22.0730812+00:00 ContainerStatus: Establishing network if not established already.
2026-06-01T07:37:22.0732444+00:00 ContainerStatus: Mounting volumes.
2026-06-01T07:37:22.0768094+00:00 ContainerStatus: Nested mountpoint 
2026-06-01T07:37:22.0869038+00:00 ContainerStatus: Nested mountpoint volatile/logs
2026-06-01T07:37:22.0946727+00:00 ContainerStatus: Nested mountpoint 
2026-06-01T07:37:22.1140495+00:00 ContainerStatus: Nested mountpoint 
2026-06-01T07:37:22.1164051+00:00 ContainerStatus: Nested mountpoint 
2026-06-01T07:37:26.8325848+00:00 ContainerStatus: State: Starting, Action: CreatingContainer, LastError: , LastErrorTimestamp: 01/01/0001 00:00:00, LastErrorDetails: , Details: Finished pulling container image and mounting volumes for orpon-backend-api. Allocatinng the rest of the container resources to finish container creation., DetailsLevel: INFO
2026-06-01T07:37:26.8327690+00:00 ContainerStatus: Creating container.
2026-06-01T07:37:26.8345619+00:00 ContainerStatus: Creating pipes for streaming container io.
2026-06-01T07:37:26.8357588+00:00 ContainerStatus: Creating stdout named pipe at /podr/container/pipe/926536b129e8_orpon-backend-api/stdout_9cc3a21612e2403a87c76667645764a1.
2026-06-01T07:37:26.8371014+00:00 ContainerStatus: Successfully created stdout named pipe at: /podr/container/pipe/926536b129e8_orpon-backend-api/stdout_9cc3a21612e2403a87c76667645764a1.
2026-06-01T07:37:26.8379412+00:00 ContainerStatus: Opening named pipe /podr/container/pipe/926536b129e8_orpon-backend-api/stdout_9cc3a21612e2403a87c76667645764a1 for reading in non-blocking mode.
2026-06-01T07:37:26.8384429+00:00 ContainerStatus: Successfully opened named pipe: /podr/container/pipe/926536b129e8_orpon-backend-api/stdout_9cc3a21612e2403a87c76667645764a1.
2026-06-01T07:37:26.8392846+00:00 ContainerStatus: Successfully removed non-blocking flag from /podr/container/pipe/926536b129e8_orpon-backend-api/stdout_9cc3a21612e2403a87c76667645764a1.
2026-06-01T07:37:26.8413634+00:00 ContainerStatus: Creating stderr named pipe at /podr/container/pipe/926536b129e8_orpon-backend-api/stderr_f40e2f2b2c2e499c809d0f855c26367c.
2026-06-01T07:37:26.8417243+00:00 ContainerStatus: Successfully created stderr named pipe at: /podr/container/pipe/926536b129e8_orpon-backend-api/stderr_f40e2f2b2c2e499c809d0f855c26367c.
2026-06-01T07:37:26.8422605+00:00 ContainerStatus: Opening named pipe /podr/container/pipe/926536b129e8_orpon-backend-api/stderr_f40e2f2b2c2e499c809d0f855c26367c for reading in non-blocking mode.
2026-06-01T07:37:26.8426762+00:00 ContainerStatus: Successfully opened named pipe: /podr/container/pipe/926536b129e8_orpon-backend-api/stderr_f40e2f2b2c2e499c809d0f855c26367c.
2026-06-01T07:37:26.8429039+00:00 ContainerStatus: Successfully removed non-blocking flag from /podr/container/pipe/926536b129e8_orpon-backend-api/stderr_f40e2f2b2c2e499c809d0f855c26367c.
2026-06-01T07:37:26.8460375+00:00 ContainerStatus: Creating container with image: appsvc/node:24-lts_20260504.4.tuxprod from registry: 10.1.0.4:13209 and fully qualified image name: 10.1.0.4:13209/appsvc/node:24-lts_20260504.4.tuxprod
2026-06-01T07:37:27.6590791+00:00 ContainerStatus: Starting container: 926536b129e8_orpon-backend-api.
2026-06-01T07:37:27.7636254+00:00 ContainerStatus: Starting watchers and probes.
2026-06-01T07:37:27.7813366+00:00 ContainerStatus: Starting metrics collection.
2026-06-01T07:37:27.7886446+00:00 ContainerStatus: Container is running.
2026-06-01T07:37:27.7891504+00:00 ContainerStatus: State: Starting, Action: CreatingContainer, LastError: , LastErrorTimestamp: 01/01/0001 00:00:00, LastErrorDetails: , Details: Container orpon-backend-api successfully created and is running., DetailsLevel: INFO
2026-06-01T07:37:27.9164137+00:00 ContainerStatus: Container start method finished after 29586 ms.
2026-06-01T07:37:27.9228820+00:00 ContainerStatus: State: Starting, Action: InitiatingSiteWarmUpProbe, LastError: , LastErrorTimestamp: 01/01/0001 00:00:00, LastErrorDetails: , Details: Container orpon-backend-api successfully created and is running., DetailsLevel: INFO
2026-06-01T07:37:27.9279072+00:00 ContainerStream:    _____                               
2026-06-01T07:37:27.9299046+00:00 ContainerStream:   /  _  \ __________ _________   ____  
2026-06-01T07:37:27.9299314+00:00 ContainerStream:  /  /_\  \\___   /  |  \_  __ \_/ __ \ 
2026-06-01T07:37:27.9299365+00:00 ContainerStream: /    |    \/    /|  |  /|  | \/\  ___/ 
2026-06-01T07:37:27.9299402+00:00 ContainerStream: \____|__  /_____ \____/ |__|    \___  >
2026-06-01T07:37:27.9299450+00:00 ContainerStream:         \/      \/                  \/ 
2026-06-01T07:37:27.9299506+00:00 ContainerStream: A P P   S E R V I C E   O N   L I N U X
2026-06-01T07:37:27.9299534+00:00 ContainerStream: 
2026-06-01T07:37:27.9299591+00:00 ContainerStream: Documentation    : http://aka.ms/webapp-linux
2026-06-01T07:37:27.9299632+00:00 ContainerStream: NodeJS quickstart: https://aka.ms/node-qs
2026-06-01T07:37:27.9299668+00:00 ContainerStream: NodeJS Version   : v24.15.0
2026-06-01T07:37:27.9299704+00:00 ContainerStream: Instance Name    : 10-30-0-60
2026-06-01T07:37:27.9299790+00:00 ContainerStream: Instance Id      : 72443ba77a190b727ea02c21a26ecfb5e610863ffb42819c9c2f60a0c94499ea
2026-06-01T07:37:27.9299827+00:00 ContainerStream: 
2026-06-01T07:37:27.9299864+00:00 ContainerStream: Note: Any data outside '/home' is not persisted
2026-06-01T07:37:27.9480306+00:00 ContainerStatus: State: Starting, Action: WaitingForSiteWarmUpProbeSuccess, LastError: , LastErrorTimestamp: 01/01/0001 00:00:00, LastErrorDetails: , Details: Pinging warmup path to ensure container is ready to receive requests., DetailsLevel: INFO
2026-06-01T07:37:28.5580836+00:00 ContainerStream:  * Starting OpenBSD Secure Shell server sshd
2026-06-01T07:37:28.5714824+00:00 ContainerStream:    ...done.
2026-06-01T07:37:28.5842852+00:00 ContainerStream: WEBSITES_INCLUDE_CLOUD_CERTS is not set to true.
2026-06-01T07:37:28.6098561+00:00 ContainerStream: Updating certificates in /etc/ssl/certs...
2026-06-01T07:37:33.8068697+00:00 ContainerStream: rehash: warning: skipping duplicate certificate in SSLcom-TLS-Root-2022-ECC.pem
2026-06-01T07:37:33.8069355+00:00 ContainerStream: rehash: warning: skipping duplicate certificate in SSLcom-TLS-Root-2022-RSA.pem
2026-06-01T07:37:33.8880409+00:00 ContainerStream: rehash: warning: skipping ca-certificates.crt,it does not contain exactly one certificate or CRL
2026-06-01T07:37:33.9084641+00:00 ContainerStream: 4 added, 0 removed; done.
2026-06-01T07:37:33.9103369+00:00 ContainerStream: Running hooks in /etc/ca-certificates/update.d...
2026-06-01T07:37:33.9115048+00:00 ContainerStream: done.
2026-06-01T07:37:33.9210830+00:00 ContainerStream: CA certificates copied and updated successfully.
2026-06-01T07:37:34.0207162+00:00 ContainerStream:  * Starting periodic command scheduler cron
2026-06-01T07:37:34.0410171+00:00 ContainerStream:    ...done.
2026-06-01T07:37:34.1105739+00:00 ContainerStream: Could not find build manifest file at '/home/site/wwwroot/oryx-manifest.toml'
2026-06-01T07:37:34.1107315+00:00 ContainerStream: Could not find operation ID in manifest. Generating an operation id...
2026-06-01T07:37:34.1111471+00:00 ContainerStream: Build Operation ID: aeefe855-363b-4378-98b6-9eca38f57d05
2026-06-01T07:37:34.4699352+00:00 ContainerStream: Environment Variables for Application Insight's IPA Codeless Configuration exists..
2026-06-01T07:37:34.5647335+00:00 ContainerStream: Writing output script to '/opt/startup/startup.sh'
2026-06-01T07:37:34.7230688+00:00 ContainerStream: Running #!/bin/sh
2026-06-01T07:37:34.7231316+00:00 ContainerStream: 
2026-06-01T07:37:34.7231414+00:00 ContainerStream: # Enter the source directory to make sure the script runs where the user expects
2026-06-01T07:37:34.7231467+00:00 ContainerStream: cd "/home/site/wwwroot"
2026-06-01T07:37:34.7231495+00:00 ContainerStream: 
2026-06-01T07:37:34.7231531+00:00 ContainerStream: export NODE_PATH=/usr/local/lib/node_modules:$NODE_PATH
2026-06-01T07:37:34.7231861+00:00 ContainerStream: if [ -z "$PORT" ]; then
2026-06-01T07:37:34.7231936+00:00 ContainerStream: 		export PORT=8080
2026-06-01T07:37:34.7232044+00:00 ContainerStream: fi
2026-06-01T07:37:34.7232083+00:00 ContainerStream: 
2026-06-01T07:37:34.7232130+00:00 ContainerStream: PATH="$PATH:/home/site/wwwroot" node server.js
2026-06-01T07:37:35.0189340+00:00 ContainerStream: node:internal/modules/cjs/loader:1479
2026-06-01T07:37:35.0191916+00:00 ContainerStream:   throw err;
2026-06-01T07:37:35.0192034+00:00 ContainerStream:   ^
2026-06-01T07:37:35.0192102+00:00 ContainerStream: 
2026-06-01T07:37:35.0192163+00:00 ContainerStream: Error: Cannot find module '/home/site/wwwroot/server.js'
2026-06-01T07:37:35.0192216+00:00 ContainerStream:     at Module._resolveFilename (node:internal/modules/cjs/loader:1476:15)
2026-06-01T07:37:35.0192275+00:00 ContainerStream:     at wrapResolveFilename (node:internal/modules/cjs/loader:1049:27)
2026-06-01T07:37:35.0192332+00:00 ContainerStream:     at defaultResolveImplForCJSLoading (node:internal/modules/cjs/loader:1073:10)
2026-06-01T07:37:35.0192387+00:00 ContainerStream:     at resolveForCJSWithHooks (node:internal/modules/cjs/loader:1094:12)
2026-06-01T07:37:35.0192434+00:00 ContainerStream:     at Module._load (node:internal/modules/cjs/loader:1262:25)
2026-06-01T07:37:35.0192495+00:00 ContainerStream:     at wrapModuleLoad (node:internal/modules/cjs/loader:255:19)
2026-06-01T07:37:35.0192554+00:00 ContainerStream:     at Module.executeUserEntryPoint [as runMain] (node:internal/modules/run_main:154:5)
2026-06-01T07:37:35.0192606+00:00 ContainerStream:     at node:internal/main/run_main_module:33:47 {
2026-06-01T07:37:35.0192660+00:00 ContainerStream:   code: 'MODULE_NOT_FOUND',
2026-06-01T07:37:35.0192715+00:00 ContainerStream:   requireStack: []
2026-06-01T07:37:35.0192757+00:00 ContainerStream: }
2026-06-01T07:37:35.0211426+00:00 ContainerStream: 
2026-06-01T07:37:35.0212073+00:00 ContainerStream: Node.js v24.15.0
2026-06-01T07:37:35.0487870+00:00 ContainerStatus: Container has finished running with exit code: 1.
2026-06-01T07:37:35.0520308+00:00 ContainerStatus: Container is terminating. Grace period: 5 seconds.
2026-06-01T07:37:35.0602087+00:00 ContainerStatus: Stop and delete container. Retry count = 0
2026-06-01T07:37:35.0611914+00:00 ContainerStatus: Stopping container: 926536b129e8_orpon-backend-api.
2026-06-01T07:37:35.0935290+00:00 ContainerStatus: Deleting container: 926536b129e8_orpon-backend-api. Retry count = 0
2026-06-01T07:37:35.2040950+00:00 ContainerStatus: Container spec TerminationMessagePolicy  path 
2026-06-01T07:37:35.2065269+00:00 ContainerStatus: Container is terminated. Total time elapsed: 153 ms.
2026-06-01T07:37:35.2068148+00:00 ContainerStatus: Site container: orpon-backend-api terminated during site startup.
2026-06-01T07:37:35.2083205+00:00 ContainerStatus: State: Stopping, Action: CancellingStartup, LastError: , LastErrorTimestamp: 01/01/0001 00:00:00, LastErrorDetails: , Details: Site container: orpon-backend-api terminated during site startup. Cancelling site startup., DetailsLevel: ERR
2026-06-01T07:37:35.2221434+00:00 ContainerStatus: Site startup probe failed after 7.2495263 seconds.
2026-06-01T07:37:35.2845284+00:00 ContainerStatus: State: Stopping, Action: CancellingStartup, LastError: ContainerTimeout, LastErrorTimestamp: 06/01/2026 07:37:35, LastErrorDetails: Container did not start within expected time limit of 230s. Please inspect your container logs for more details., Details: Site container: orpon-backend-api terminated during site startup. Cancelling site startup., DetailsLevel: ERR
2026-06-01T07:37:35.2913410+00:00 ContainerStatus: Failed to start site. Revert by stopping site.
2026-06-01T07:37:35.2970947+00:00 ContainerStatus: State: Stopping, Action: StoppingSite, LastError: ContainerTimeout, LastErrorTimestamp: 06/01/2026 07:37:35, LastErrorDetails: Container did not start within expected time limit of 230s. Please inspect your container logs for more details., Details: Site container: orpon-backend-api terminated during site startup. Cancelling site startup., DetailsLevel: ERR
2026-06-01T07:37:35.3011788+00:00 ContainerStatus: State: Stopping, Action: StoppingSiteContainers, LastError: ContainerTimeout, LastErrorTimestamp: 06/01/2026 07:37:35, LastErrorDetails: Container did not start within expected time limit of 230s. Please inspect your container logs for more details., Details: Site container: orpon-backend-api terminated during site startup. Cancelling site startup., DetailsLevel: ERR
2026-06-01T07:37:35.3022291+00:00 ContainerStatus: Site: orpon-backend-api stopped.
========== New Cold Start Attempt (2026-06-01T07:37:35.3092580+00:00) ==========
2026-06-01T07:37:35.3092580+00:00 ContainerStatus: State: Stopping, Action: UnmountingVolumes, LastError: ContainerTimeout, LastErrorTimestamp: 06/01/2026 07:37:35, LastErrorDetails: Container did not start within expected time limit of 230s. Please inspect your container logs for more details., Details: Site container: orpon-backend-api terminated during site startup. Cancelling site startup., DetailsLevel: ERR
2026-06-01T07:37:35.4123982+00:00 ContainerStatus: State: Stopping, Action: StoppingSiteNetworks, LastError: ContainerTimeout, LastErrorTimestamp: 06/01/2026 07:37:35, LastErrorDetails: Container did not start within expected time limit of 230s. Please inspect your container logs for more details., Details: Site container: orpon-backend-api terminated during site startup. Cancelling site startup., DetailsLevel: ERR
2026-06-01T07:37:35.6358590+00:00 ContainerStatus: State: Stopped, Action: None, LastError: ContainerTimeout, LastErrorTimestamp: 06/01/2026 07:37:35, LastErrorDetails: Container did not start within expected time limit of 230s. Please inspect your container logs for more details., Details: Site stopped at 06/01/2026 07:37:35 (UTC), DetailsLevel: ERR
2026-06-01T07:37:35.8136724+00:00 ContainerStatus: State: Stopped, Action: None, LastError: ContainerTimeout, LastErrorTimestamp: 06/01/2026 07:37:35, LastErrorDetails: Container did not start within expected time limit of 230s. Please inspect your container logs for more details., Details: Site stopped at 06/01/2026 07:37:35 (UTC), DetailsLevel: ERR
2026-06-01T07:37:44.5177512+00:00 ContainerStatus: State: Starting, Action: EstablishingSiteNetworks, LastError: ContainerTimeout, LastErrorTimestamp: 06/01/2026 07:37:35, LastErrorDetails: Container did not start within expected time limit of 230s. Please inspect your container logs for more details., Details: Site stopped at 06/01/2026 07:37:35 (UTC), DetailsLevel: ERR
2026-06-01T07:37:44.8339098+00:00 ContainerStatus: State: Starting, Action: StartingSiteContainers, LastError: ContainerTimeout, LastErrorTimestamp: 06/01/2026 07:37:35, LastErrorDetails: Container did not start within expected time limit of 230s. Please inspect your container logs for more details., Details: Site stopped at 06/01/2026 07:37:35 (UTC), DetailsLevel: ERR
2026-06-01T07:37:44.8344809+00:00 ContainerStatus: Container start method called.
2026-06-01T07:37:44.8353995+00:00 ContainerStatus: State: Starting, Action: PullingImage, LastError: ContainerTimeout, LastErrorTimestamp: 06/01/2026 07:37:35, LastErrorDetails: Container did not start within expected time limit of 230s. Please inspect your container logs for more details., Details: Pulling image 10.1.0.4:13209/appsvc/node:24-lts_20260504.4.tuxprod for orpon-backend-api., DetailsLevel: INFO
2026-06-01T07:37:44.8357069+00:00 ContainerStatus: Establishing network.
2026-06-01T07:37:44.8390173+00:00 ContainerStatus: Pulling image: appsvc/node:24-lts_20260504.4.tuxprod.
2026-06-01T07:37:44.9385485+00:00 ContainerStatus: Container is starting.
2026-06-01T07:37:44.9389250+00:00 ContainerStatus: State: Starting, Action: MountingVolumes, LastError: ContainerTimeout, LastErrorTimestamp: 06/01/2026 07:37:35, LastErrorDetails: Container did not start within expected time limit of 230s. Please inspect your container logs for more details., Details: Mounting volumes for orpon-backend-api., DetailsLevel: INFO
2026-06-01T07:37:44.9396099+00:00 ContainerStatus: Establishing user namespace if not established already.
2026-06-01T07:37:44.9399734+00:00 ContainerStatus: Establishing network if not established already.
2026-06-01T07:37:44.9403434+00:00 ContainerStatus: Mounting volumes.
2026-06-01T07:37:44.9407889+00:00 ContainerStatus: Nested mountpoint 
2026-06-01T07:37:44.9432627+00:00 ContainerStatus: Nested mountpoint volatile/logs
2026-06-01T07:37:44.9472792+00:00 ContainerStatus: Nested mountpoint 
2026-06-01T07:37:44.9487896+00:00 ContainerStatus: Nested mountpoint 
2026-06-01T07:37:44.9495830+00:00 ContainerStatus: Nested mountpoint 
2026-06-01T07:37:45.0552748+00:00 ContainerStatus: State: Starting, Action: CreatingContainer, LastError: ContainerTimeout, LastErrorTimestamp: 06/01/2026 07:37:35, LastErrorDetails: Container did not start within expected time limit of 230s. Please inspect your container logs for more details., Details: Finished pulling container image and mounting volumes for orpon-backend-api. Allocatinng the rest of the container resources to finish container creation., DetailsLevel: INFO
2026-06-01T07:37:45.0555140+00:00 ContainerStatus: Creating container.
2026-06-01T07:37:45.0565655+00:00 ContainerStatus: Creating pipes for streaming container io.
2026-06-01T07:37:45.0566973+00:00 ContainerStatus: Creating stdout named pipe at /podr/container/pipe/9e08cb95d164_orpon-backend-api/stdout_5640c06b5c3b489ea077607d34639c3b.
2026-06-01T07:37:45.0569614+00:00 ContainerStatus: Successfully created stdout named pipe at: /podr/container/pipe/9e08cb95d164_orpon-backend-api/stdout_5640c06b5c3b489ea077607d34639c3b.
2026-06-01T07:37:45.0571134+00:00 ContainerStatus: Opening named pipe /podr/container/pipe/9e08cb95d164_orpon-backend-api/stdout_5640c06b5c3b489ea077607d34639c3b for reading in non-blocking mode.
2026-06-01T07:37:45.0572855+00:00 ContainerStatus: Successfully opened named pipe: /podr/container/pipe/9e08cb95d164_orpon-backend-api/stdout_5640c06b5c3b489ea077607d34639c3b.
2026-06-01T07:37:45.0574476+00:00 ContainerStatus: Successfully removed non-blocking flag from /podr/container/pipe/9e08cb95d164_orpon-backend-api/stdout_5640c06b5c3b489ea077607d34639c3b.
2026-06-01T07:37:45.0576470+00:00 ContainerStatus: Creating stderr named pipe at /podr/container/pipe/9e08cb95d164_orpon-backend-api/stderr_df103f1f9b2a40fc84ead37c0624cbbf.
2026-06-01T07:37:45.0578395+00:00 ContainerStatus: Successfully created stderr named pipe at: /podr/container/pipe/9e08cb95d164_orpon-backend-api/stderr_df103f1f9b2a40fc84ead37c0624cbbf.
2026-06-01T07:37:45.0579476+00:00 ContainerStatus: Opening named pipe /podr/container/pipe/9e08cb95d164_orpon-backend-api/stderr_df103f1f9b2a40fc84ead37c0624cbbf for reading in non-blocking mode.
2026-06-01T07:37:45.0581976+00:00 ContainerStatus: Successfully opened named pipe: /podr/container/pipe/9e08cb95d164_orpon-backend-api/stderr_df103f1f9b2a40fc84ead37c0624cbbf.
2026-06-01T07:37:45.0583257+00:00 ContainerStatus: Successfully removed non-blocking flag from /podr/container/pipe/9e08cb95d164_orpon-backend-api/stderr_df103f1f9b2a40fc84ead37c0624cbbf.
2026-06-01T07:37:45.0585106+00:00 ContainerStatus: Creating container with image: appsvc/node:24-lts_20260504.4.tuxprod from registry: 10.1.0.4:13209 and fully qualified image name: 10.1.0.4:13209/appsvc/node:24-lts_20260504.4.tuxprod
2026-06-01T07:37:45.2690229+00:00 ContainerStatus: Starting container: 9e08cb95d164_orpon-backend-api.
2026-06-01T07:37:45.2905819+00:00 ContainerStatus: Starting watchers and probes.
2026-06-01T07:37:45.2928900+00:00 ContainerStatus: Starting metrics collection.
2026-06-01T07:37:45.2935286+00:00 ContainerStatus: Container is running.
2026-06-01T07:37:45.2937311+00:00 ContainerStatus: State: Starting, Action: CreatingContainer, LastError: ContainerTimeout, LastErrorTimestamp: 06/01/2026 07:37:35, LastErrorDetails: Container did not start within expected time limit of 230s. Please inspect your container logs for more details., Details: Container orpon-backend-api successfully created and is running., DetailsLevel: INFO
2026-06-01T07:37:45.3222899+00:00 ContainerStatus: Container start method finished after 487 ms.
2026-06-01T07:37:45.3237319+00:00 ContainerStatus: State: Starting, Action: InitiatingSiteWarmUpProbe, LastError: ContainerTimeout, LastErrorTimestamp: 06/01/2026 07:37:35, LastErrorDetails: Container did not start within expected time limit of 230s. Please inspect your container logs for more details., Details: Container orpon-backend-api successfully created and is running., DetailsLevel: INFO
2026-06-01T07:37:45.3238037+00:00 ContainerStatus: State: Starting, Action: WaitingForSiteWarmUpProbeSuccess, LastError: ContainerTimeout, LastErrorTimestamp: 06/01/2026 07:37:35, LastErrorDetails: Container did not start within expected time limit of 230s. Please inspect your container logs for more details., Details: Pinging warmup path to ensure container is ready to receive requests., DetailsLevel: INFO
2026-06-01T07:37:45.3449806+00:00 ContainerStream:    _____                               
2026-06-01T07:37:45.3450104+00:00 ContainerStream:   /  _  \ __________ _________   ____  
2026-06-01T07:37:45.3450148+00:00 ContainerStream:  /  /_\  \\___   /  |  \_  __ \_/ __ \ 
2026-06-01T07:37:45.3450179+00:00 ContainerStream: /    |    \/    /|  |  /|  | \/\  ___/ 
2026-06-01T07:37:45.3450209+00:00 ContainerStream: \____|__  /_____ \____/ |__|    \___  >
2026-06-01T07:37:45.3450240+00:00 ContainerStream:         \/      \/                  \/ 
2026-06-01T07:37:45.3450270+00:00 ContainerStream: A P P   S E R V I C E   O N   L I N U X
2026-06-01T07:37:45.3450304+00:00 ContainerStream: 
2026-06-01T07:37:45.3450337+00:00 ContainerStream: Documentation    : http://aka.ms/webapp-linux
2026-06-01T07:37:45.3450395+00:00 ContainerStream: NodeJS quickstart: https://aka.ms/node-qs
2026-06-01T07:37:45.3450429+00:00 ContainerStream: NodeJS Version   : v24.15.0
2026-06-01T07:37:45.3450468+00:00 ContainerStream: Instance Name    : 10-30-0-60
2026-06-01T07:37:45.3450513+00:00 ContainerStream: Instance Id      : 72443ba77a190b727ea02c21a26ecfb5e610863ffb42819c9c2f60a0c94499ea
2026-06-01T07:37:45.3450544+00:00 ContainerStream: 
2026-06-01T07:37:45.3450581+00:00 ContainerStream: Note: Any data outside '/home' is not persisted
2026-06-01T07:37:46.0090009+00:00 ContainerStream:  * Starting OpenBSD Secure Shell server sshd
2026-06-01T07:37:46.0220635+00:00 ContainerStream:    ...done.
2026-06-01T07:37:46.0287462+00:00 ContainerStream: WEBSITES_INCLUDE_CLOUD_CERTS is not set to true.
2026-06-01T07:37:46.0430437+00:00 ContainerStream: Updating certificates in /etc/ssl/certs...
2026-06-01T07:37:51.1577734+00:00 ContainerStream: rehash: warning: skipping duplicate certificate in SSLcom-TLS-Root-2022-ECC.pem
2026-06-01T07:37:51.1591004+00:00 ContainerStream: rehash: warning: skipping duplicate certificate in SSLcom-TLS-Root-2022-RSA.pem
2026-06-01T07:37:51.2534634+00:00 ContainerStream: rehash: warning: skipping ca-certificates.crt,it does not contain exactly one certificate or CRL
2026-06-01T07:37:51.2649365+00:00 ContainerStream: 4 added, 0 removed; done.
2026-06-01T07:37:51.2658714+00:00 ContainerStream: Running hooks in /etc/ca-certificates/update.d...
2026-06-01T07:37:51.2702752+00:00 ContainerStream: done.
2026-06-01T07:37:51.2820716+00:00 ContainerStream: CA certificates copied and updated successfully.
2026-06-01T07:37:51.3645153+00:00 ContainerStream:  * Starting periodic command scheduler cron
2026-06-01T07:37:51.3700462+00:00 ContainerStream:    ...done.
2026-06-01T07:37:51.4533171+00:00 ContainerStream: Could not find build manifest file at '/home/site/wwwroot/oryx-manifest.toml'
2026-06-01T07:37:51.4533602+00:00 ContainerStream: Could not find operation ID in manifest. Generating an operation id...
2026-06-01T07:37:51.4533632+00:00 ContainerStream: Build Operation ID: 5ef0326c-6085-46f1-90e3-26914436c53f
2026-06-01T07:37:51.9094026+00:00 ContainerStream: Environment Variables for Application Insight's IPA Codeless Configuration exists..
2026-06-01T07:37:52.0303357+00:00 ContainerStream: Writing output script to '/opt/startup/startup.sh'
2026-06-01T07:37:52.1593754+00:00 ContainerStream: Running #!/bin/sh
2026-06-01T07:37:52.1594212+00:00 ContainerStream: 
2026-06-01T07:37:52.1594264+00:00 ContainerStream: # Enter the source directory to make sure the script runs where the user expects
2026-06-01T07:37:52.1594304+00:00 ContainerStream: cd "/home/site/wwwroot"
2026-06-01T07:37:52.1594334+00:00 ContainerStream: 
2026-06-01T07:37:52.1594372+00:00 ContainerStream: export NODE_PATH=/usr/local/lib/node_modules:$NODE_PATH
2026-06-01T07:37:52.1594407+00:00 ContainerStream: if [ -z "$PORT" ]; then
2026-06-01T07:37:52.1594442+00:00 ContainerStream: 		export PORT=8080
2026-06-01T07:37:52.1594552+00:00 ContainerStream: fi
2026-06-01T07:37:52.1594592+00:00 ContainerStream: 
2026-06-01T07:37:52.1594626+00:00 ContainerStream: PATH="$PATH:/home/site/wwwroot" node server.js
2026-06-01T07:37:52.2340647+00:00 ContainerStream: node:internal/modules/cjs/loader:1479
2026-06-01T07:37:52.2341036+00:00 ContainerStream:   throw err;
2026-06-01T07:37:52.2341071+00:00 ContainerStream:   ^
2026-06-01T07:37:52.2341099+00:00 ContainerStream: 
2026-06-01T07:37:52.2341131+00:00 ContainerStream: Error: Cannot find module '/home/site/wwwroot/server.js'
2026-06-01T07:37:52.2341166+00:00 ContainerStream:     at Module._resolveFilename (node:internal/modules/cjs/loader:1476:15)
2026-06-01T07:37:52.2341196+00:00 ContainerStream:     at wrapResolveFilename (node:internal/modules/cjs/loader:1049:27)
2026-06-01T07:37:52.2341298+00:00 ContainerStream:     at defaultResolveImplForCJSLoading (node:internal/modules/cjs/loader:1073:10)
2026-06-01T07:37:52.2341336+00:00 ContainerStream:     at resolveForCJSWithHooks (node:internal/modules/cjs/loader:1094:12)
2026-06-01T07:37:52.2341368+00:00 ContainerStream:     at Module._load (node:internal/modules/cjs/loader:1262:25)
2026-06-01T07:37:52.2341399+00:00 ContainerStream:     at wrapModuleLoad (node:internal/modules/cjs/loader:255:19)
2026-06-01T07:37:52.2341433+00:00 ContainerStream:     at Module.executeUserEntryPoint [as runMain] (node:internal/modules/run_main:154:5)
2026-06-01T07:37:52.2341464+00:00 ContainerStream:     at node:internal/main/run_main_module:33:47 {
2026-06-01T07:37:52.2341492+00:00 ContainerStream:   code: 'MODULE_NOT_FOUND',
2026-06-01T07:37:52.2341513+00:00 ContainerStream:   requireStack: []
2026-06-01T07:37:52.2341532+00:00 ContainerStream: }
2026-06-01T07:37:52.2341551+00:00 ContainerStream: 
2026-06-01T07:37:52.2341614+00:00 ContainerStream: Node.js v24.15.0
2026-06-01T07:37:52.2543064+00:00 ContainerStatus: Container has finished running with exit code: 1.
2026-06-01T07:37:52.2544032+00:00 ContainerStatus: Container is terminating. Grace period: 5 seconds.
2026-06-01T07:37:52.2559719+00:00 ContainerStatus: Stop and delete container. Retry count = 0
2026-06-01T07:37:52.2562788+00:00 ContainerStatus: Stopping container: 9e08cb95d164_orpon-backend-api.
2026-06-01T07:37:52.2842270+00:00 ContainerStatus: Deleting container: 9e08cb95d164_orpon-backend-api. Retry count = 0
2026-06-01T07:37:52.3685655+00:00 ContainerStatus: Container spec TerminationMessagePolicy  path 
2026-06-01T07:37:52.3687364+00:00 ContainerStatus: Container is terminated. Total time elapsed: 114 ms.
2026-06-01T07:37:52.3688729+00:00 ContainerStatus: Site container: orpon-backend-api terminated during site startup.
2026-06-01T07:37:52.3690016+00:00 ContainerStatus: State: Stopping, Action: CancellingStartup, LastError: ContainerTimeout, LastErrorTimestamp: 06/01/2026 07:37:35, LastErrorDetails: Container did not start within expected time limit of 230s. Please inspect your container logs for more details., Details: Site container: orpon-backend-api terminated during site startup. Cancelling site startup., DetailsLevel: ERR
2026-06-01T07:37:52.3705343+00:00 ContainerStatus: Site startup probe failed after 7.0451912 seconds.
2026-06-01T07:37:52.4182679+00:00 ContainerStatus: State: Stopping, Action: CancellingStartup, LastError: ContainerTimeout, LastErrorTimestamp: 06/01/2026 07:37:52, LastErrorDetails: Container did not start within expected time limit of 230s. Please inspect your container logs for more details., Details: Site container: orpon-backend-api terminated during site startup. Cancelling site startup., DetailsLevel: ERR
2026-06-01T07:37:52.4197514+00:00 ContainerStatus: Failed to start site. Revert by stopping site.
2026-06-01T07:37:52.4199193+00:00 ContainerStatus: State: Stopping, Action: StoppingSite, LastError: ContainerTimeout, LastErrorTimestamp: 06/01/2026 07:37:52, LastErrorDetails: Container did not start within expected time limit of 230s. Please inspect your container logs for more details., Details: Site container: orpon-backend-api terminated during site startup. Cancelling site startup., DetailsLevel: ERR
2026-06-01T07:37:52.4203509+00:00 ContainerStatus: State: Stopping, Action: StoppingSiteContainers, LastError: ContainerTimeout, LastErrorTimestamp: 06/01/2026 07:37:52, LastErrorDetails: Container did not start within expected time limit of 230s. Please inspect your container logs for more details., Details: Site container: orpon-backend-api terminated during site startup. Cancelling site startup., DetailsLevel: ERR
2026-06-01T07:37:52.4205099+00:00 ContainerStatus: Site: orpon-backend-api stopped.
