2026-06-02T11:34:40.2256620+00:00 ContainerStatus: State: Starting, Action: EstablishingSiteNetworks, LastError: ContainerTimeout, LastErrorTimestamp: 06/02/2026 11:34:09, LastErrorDetails: Container did not start within expected time limit of 230s. Please inspect your container logs for more details., Details: Site stopped at 06/02/2026 11:34:10 (UTC), DetailsLevel: WARN
2026-06-02T11:34:41.0013081+00:00 ContainerStatus: State: Starting, Action: StartingSiteContainers, LastError: ContainerTimeout, LastErrorTimestamp: 06/02/2026 11:34:09, LastErrorDetails: Container did not start within expected time limit of 230s. Please inspect your container logs for more details., Details: Site stopped at 06/02/2026 11:34:10 (UTC), DetailsLevel: WARN
2026-06-02T11:34:41.0014856+00:00 ContainerStatus: Container start method called.
2026-06-02T11:34:41.0016234+00:00 ContainerStatus: State: Starting, Action: PullingImage, LastError: ContainerTimeout, LastErrorTimestamp: 06/02/2026 11:34:09, LastErrorDetails: Container did not start within expected time limit of 230s. Please inspect your container logs for more details., Details: Pulling image 10.1.0.5:13209/appsvc/node:22-lts_20260504.4.tuxprod for orpon-backend-api-sea., DetailsLevel: INFO
2026-06-02T11:34:41.0017597+00:00 ContainerStatus: Establishing network.
2026-06-02T11:34:41.0028946+00:00 ContainerStatus: Pulling image: appsvc/node:22-lts_20260504.4.tuxprod.
2026-06-02T11:34:41.4216963+00:00 ContainerStatus: Container is starting.
2026-06-02T11:34:41.4261763+00:00 ContainerStatus: State: Starting, Action: MountingVolumes, LastError: ContainerTimeout, LastErrorTimestamp: 06/02/2026 11:34:09, LastErrorDetails: Container did not start within expected time limit of 230s. Please inspect your container logs for more details., Details: Mounting volumes for orpon-backend-api-sea., DetailsLevel: INFO
2026-06-02T11:34:41.4263991+00:00 ContainerStatus: Establishing user namespace if not established already.
2026-06-02T11:34:41.4267637+00:00 ContainerStatus: Establishing network if not established already.
2026-06-02T11:34:41.4269456+00:00 ContainerStatus: Mounting volumes.
2026-06-02T11:34:41.4273214+00:00 ContainerStatus: Nested mountpoint 
2026-06-02T11:34:41.4319884+00:00 ContainerStatus: Nested mountpoint volatile/logs
2026-06-02T11:34:41.4653410+00:00 ContainerStatus: Nested mountpoint 
2026-06-02T11:34:41.4678901+00:00 ContainerStatus: Nested mountpoint 
2026-06-02T11:34:41.4809867+00:00 ContainerStatus: Nested mountpoint 
2026-06-02T11:34:42.1433529+00:00 ContainerStatus: State: Starting, Action: CreatingContainer, LastError: ContainerTimeout, LastErrorTimestamp: 06/02/2026 11:34:09, LastErrorDetails: Container did not start within expected time limit of 230s. Please inspect your container logs for more details., Details: Finished pulling container image and mounting volumes for orpon-backend-api-sea. Allocatinng the rest of the container resources to finish container creation., DetailsLevel: INFO
2026-06-02T11:34:42.1436021+00:00 ContainerStatus: Creating container.
2026-06-02T11:34:42.1437506+00:00 ContainerStatus: Creating pipes for streaming container io.
2026-06-02T11:34:42.1438765+00:00 ContainerStatus: Creating stdout named pipe at /podr/container/pipe/a0471467be5a_orpon-backend-api-sea/stdout_2d74fdf3df694f9ab80e7deec7c9c226.
2026-06-02T11:34:42.1442156+00:00 ContainerStatus: Successfully created stdout named pipe at: /podr/container/pipe/a0471467be5a_orpon-backend-api-sea/stdout_2d74fdf3df694f9ab80e7deec7c9c226.
2026-06-02T11:34:42.1443393+00:00 ContainerStatus: Opening named pipe /podr/container/pipe/a0471467be5a_orpon-backend-api-sea/stdout_2d74fdf3df694f9ab80e7deec7c9c226 for reading in non-blocking mode.
2026-06-02T11:34:42.1447948+00:00 ContainerStatus: Successfully opened named pipe: /podr/container/pipe/a0471467be5a_orpon-backend-api-sea/stdout_2d74fdf3df694f9ab80e7deec7c9c226.
2026-06-02T11:34:42.1449638+00:00 ContainerStatus: Successfully removed non-blocking flag from /podr/container/pipe/a0471467be5a_orpon-backend-api-sea/stdout_2d74fdf3df694f9ab80e7deec7c9c226.
2026-06-02T11:34:42.1460626+00:00 ContainerStatus: Creating stderr named pipe at /podr/container/pipe/a0471467be5a_orpon-backend-api-sea/stderr_3d35e293880f4035947e4f151df0aa28.
2026-06-02T11:34:42.1463005+00:00 ContainerStatus: Successfully created stderr named pipe at: /podr/container/pipe/a0471467be5a_orpon-backend-api-sea/stderr_3d35e293880f4035947e4f151df0aa28.
2026-06-02T11:34:42.1465038+00:00 ContainerStatus: Opening named pipe /podr/container/pipe/a0471467be5a_orpon-backend-api-sea/stderr_3d35e293880f4035947e4f151df0aa28 for reading in non-blocking mode.
2026-06-02T11:34:42.1466612+00:00 ContainerStatus: Successfully opened named pipe: /podr/container/pipe/a0471467be5a_orpon-backend-api-sea/stderr_3d35e293880f4035947e4f151df0aa28.
2026-06-02T11:34:42.1468745+00:00 ContainerStatus: Successfully removed non-blocking flag from /podr/container/pipe/a0471467be5a_orpon-backend-api-sea/stderr_3d35e293880f4035947e4f151df0aa28.
2026-06-02T11:34:42.1471969+00:00 ContainerStatus: Creating container with image: appsvc/node:22-lts_20260504.4.tuxprod from registry: 10.1.0.5:13209 and fully qualified image name: 10.1.0.5:13209/appsvc/node:22-lts_20260504.4.tuxprod
2026-06-02T11:34:44.6472436+00:00 ContainerStatus: Starting container: a0471467be5a_orpon-backend-api-sea.
2026-06-02T11:34:44.6790645+00:00 ContainerStatus: Starting watchers and probes.
2026-06-02T11:34:44.6794511+00:00 ContainerStatus: Starting metrics collection.
2026-06-02T11:34:44.6796382+00:00 ContainerStatus: Container is running.
2026-06-02T11:34:44.6797328+00:00 ContainerStatus: State: Starting, Action: CreatingContainer, LastError: ContainerTimeout, LastErrorTimestamp: 06/02/2026 11:34:09, LastErrorDetails: Container did not start within expected time limit of 230s. Please inspect your container logs for more details., Details: Container orpon-backend-api-sea successfully created and is running., DetailsLevel: INFO
2026-06-02T11:34:44.7154083+00:00 ContainerStatus: Container start method finished after 3713 ms.
2026-06-02T11:34:44.7156390+00:00 ContainerStatus: State: Starting, Action: InitiatingSiteWarmUpProbe, LastError: ContainerTimeout, LastErrorTimestamp: 06/02/2026 11:34:09, LastErrorDetails: Container did not start within expected time limit of 230s. Please inspect your container logs for more details., Details: Container orpon-backend-api-sea successfully created and is running., DetailsLevel: INFO
2026-06-02T11:34:44.7156772+00:00 ContainerStatus: State: Starting, Action: WaitingForSiteWarmUpProbeSuccess, LastError: ContainerTimeout, LastErrorTimestamp: 06/02/2026 11:34:09, LastErrorDetails: Container did not start within expected time limit of 230s. Please inspect your container logs for more details., Details: Pinging warmup path to ensure container is ready to receive requests., DetailsLevel: INFO
2026-06-02T11:34:44.7621471+00:00 ContainerStream:    _____                               
2026-06-02T11:34:44.7624878+00:00 ContainerStream:   /  _  \ __________ _________   ____  
2026-06-02T11:34:44.7624975+00:00 ContainerStream:  /  /_\  \\___   /  |  \_  __ \_/ __ \ 
2026-06-02T11:34:44.7625016+00:00 ContainerStream: /    |    \/    /|  |  /|  | \/\  ___/ 
2026-06-02T11:34:44.7625861+00:00 ContainerStream: \____|__  /_____ \____/ |__|    \___  >
2026-06-02T11:34:44.7625943+00:00 ContainerStream:         \/      \/                  \/ 
2026-06-02T11:34:44.7625981+00:00 ContainerStream: A P P   S E R V I C E   O N   L I N U X
2026-06-02T11:34:44.7626014+00:00 ContainerStream: 
2026-06-02T11:34:44.7626057+00:00 ContainerStream: Documentation    : http://aka.ms/webapp-linux
2026-06-02T11:34:44.7626096+00:00 ContainerStream: NodeJS quickstart: https://aka.ms/node-qs
2026-06-02T11:34:44.7626133+00:00 ContainerStream: NodeJS Version   : v22.22.2
2026-06-02T11:34:44.7626166+00:00 ContainerStream: Instance Name    : 10-30-0-154
2026-06-02T11:34:44.7626223+00:00 ContainerStream: Instance Id      : 7c5d95e43cdb2ee7610273b357b1b2a004a2a2cede74f93245733dbaf8c302af
2026-06-02T11:34:44.7626258+00:00 ContainerStream: 
2026-06-02T11:34:44.7626291+00:00 ContainerStream: Note: Any data outside '/home' is not persisted
2026-06-02T11:34:45.8605594+00:00 ContainerStream: Starting OpenBSD Secure Shell server: sshd.
2026-06-02T11:34:45.8834198+00:00 ContainerStream: WEBSITES_INCLUDE_CLOUD_CERTS is not set to true.
2026-06-02T11:34:45.9128943+00:00 ContainerStream: Updating certificates in /etc/ssl/certs...
2026-06-02T11:34:50.9494840+00:00 ContainerStream: rehash: warning: skipping duplicate certificate in azl_SSL.com_TLS_ECC_Root_CA_2022.pem
2026-06-02T11:34:50.9531776+00:00 ContainerStream: rehash: warning: skipping duplicate certificate in azl_SSL.com_TLS_RSA_Root_CA_2022.pem
2026-06-02T11:34:51.3486875+00:00 ContainerStream: rehash: warning: skipping ca-certificates.crt,it does not contain exactly one certificate or CRL
2026-06-02T11:34:51.5935710+00:00 ContainerStream: 4 added, 0 removed; done.
2026-06-02T11:34:51.5949207+00:00 ContainerStream: Running hooks in /etc/ca-certificates/update.d...
2026-06-02T11:34:51.7457578+00:00 ContainerStream: done.
2026-06-02T11:34:51.9628139+00:00 ContainerStream: CA certificates copied and updated successfully.
2026-06-02T11:34:53.8262261+00:00 ContainerStream: Starting periodic command scheduler: cron.
2026-06-02T11:34:53.9520816+00:00 ContainerStream: Found build manifest file at '/home/site/wwwroot/oryx-manifest.toml'. Deserializing it...
2026-06-02T11:34:53.9558278+00:00 ContainerStream: Build Operation ID: efe43efca44a59c9
2026-06-02T11:34:53.9660513+00:00 ContainerStream: Environment Variables for Application Insight's IPA Codeless Configuration exists..
2026-06-02T11:34:54.3944190+00:00 ContainerStream: Writing output script to '/opt/startup/startup.sh'
2026-06-02T11:34:54.5250562+00:00 ContainerStream: Running #!/bin/sh
2026-06-02T11:34:54.5251419+00:00 ContainerStream: 
2026-06-02T11:34:54.5251475+00:00 ContainerStream: # Enter the source directory to make sure the script runs where the user expects
2026-06-02T11:34:54.5251524+00:00 ContainerStream: cd "/home/site/wwwroot"
2026-06-02T11:34:54.5251620+00:00 ContainerStream: 
2026-06-02T11:34:54.5251657+00:00 ContainerStream: export NODE_PATH=/usr/local/lib/node_modules:$NODE_PATH
2026-06-02T11:34:54.5251690+00:00 ContainerStream: if [ -z "$PORT" ]; then
2026-06-02T11:34:54.5251723+00:00 ContainerStream: 		export PORT=8080
2026-06-02T11:34:54.5251753+00:00 ContainerStream: fi
2026-06-02T11:34:54.5251784+00:00 ContainerStream: 
2026-06-02T11:34:54.5251819+00:00 ContainerStream: echo Found tar.gz based node_modules.
2026-06-02T11:34:54.5251871+00:00 ContainerStream: extractionCommand="tar -xzf node_modules.tar.gz -C /node_modules"
2026-06-02T11:34:54.5251907+00:00 ContainerStream: echo "Removing existing modules directory from root..."
2026-06-02T11:34:54.5251941+00:00 ContainerStream: rm -fr /node_modules
2026-06-02T11:34:54.5252113+00:00 ContainerStream: mkdir -p /node_modules
2026-06-02T11:34:54.5252152+00:00 ContainerStream: echo Extracting modules...
2026-06-02T11:34:54.5252256+00:00 ContainerStream: $extractionCommand
2026-06-02T11:34:54.5252329+00:00 ContainerStream: export NODE_PATH="/node_modules":$NODE_PATH
2026-06-02T11:34:54.5252365+00:00 ContainerStream: export PATH=/node_modules/.bin:$PATH
2026-06-02T11:34:54.5252399+00:00 ContainerStream: if [ -d node_modules ]; then
2026-06-02T11:34:54.5252434+00:00 ContainerStream:     mv -f node_modules _del_node_modules || true
2026-06-02T11:34:54.5252467+00:00 ContainerStream: fi
2026-06-02T11:34:54.5252498+00:00 ContainerStream: 
2026-06-02T11:34:54.5252531+00:00 ContainerStream: if [ -d /node_modules ]; then
2026-06-02T11:34:54.5252565+00:00 ContainerStream:     ln -sfn /node_modules ./node_modules 
2026-06-02T11:34:54.5252606+00:00 ContainerStream: fi
2026-06-02T11:34:54.5252643+00:00 ContainerStream: 
2026-06-02T11:34:54.5252680+00:00 ContainerStream: echo "Done."
2026-06-02T11:34:54.5253500+00:00 ContainerStream: PATH="$PATH:/home/site/wwwroot" cd /home/site/wwwroot/backend && node server.js
2026-06-02T11:34:54.5283011+00:00 ContainerStream: Found tar.gz based node_modules.
2026-06-02T11:34:54.5283145+00:00 ContainerStream: Removing existing modules directory from root...
2026-06-02T11:34:54.5552675+00:00 ContainerStream: Extracting modules...
2026-06-02T11:34:54.5838661+00:00 ContainerStream: tar (child): node_modules.tar.gz: Cannot open: No such file or directory
2026-06-02T11:34:54.5840029+00:00 ContainerStream: tar (child): Error is not recoverable: exiting now
2026-06-02T11:34:54.5877933+00:00 ContainerStream: tar: Child returned status 2
2026-06-02T11:34:54.5879372+00:00 ContainerStream: tar: Error is not recoverable: exiting now
2026-06-02T11:34:54.6622135+00:00 ContainerStream: Done.
2026-06-02T11:34:55.0955338+00:00 ContainerStream: ◇ injected env (0) from .env // tip: ⌘ multiple files { path: ['.env.local', '.env'] }
2026-06-02T11:35:00.6654437+00:00 ContainerStream: ◇ injected env (0) from .env // tip: ⌘ suppress logs { quiet: true }
2026-06-02T11:35:00.6818099+00:00 ContainerStream: Checking database schema...
2026-06-02T11:35:05.7979336+00:00 ContainerStream: ◇ injected env (0) from .env // tip: ◈ encrypted .env [www.dotenvx.com]
2026-06-02T11:35:05.7979843+00:00 ContainerStream: Redis not enabled. Operating in local memory fallback Map mode.
2026-06-02T11:35:05.8047523+00:00 ContainerStream: Server running on port 8080
2026-06-02T11:35:05.9470464+00:00 ContainerStream: Connected to Azure SQL Database successfully!
2026-06-02T11:35:06.2168167+00:00 ContainerStream: Database migrations checked & completed successfully!
2026-06-02T11:35:06.7584579+00:00 ContainerStatus: Site startup probe succeeded after 22.0363268 seconds.
2026-06-02T11:35:07.1459703+00:00 ContainerStatus: State: Starting, Action: WarmUpProbeSucceeded, LastError: ContainerTimeout, LastErrorTimestamp: 06/02/2026 11:34:09, LastErrorDetails: Container did not start within expected time limit of 230s. Please inspect your container logs for more details., Details: Site startup probe succeeded after 22.0363268 seconds., DetailsLevel: INFO
2026-06-02T11:35:07.4407723+00:00 ContainerStatus: Site is running with deployment version: b263aed1f762e95598b6c2a7eb9c6e907f11a345
2026-06-02T11:35:07.4421408+00:00 ContainerStatus: Site started.
2026-06-02T11:35:07.4425971+00:00 ContainerStatus: State: Started, Action: None, LastError: ContainerTimeout, LastErrorTimestamp: 06/02/2026 11:34:09, LastErrorDetails: Container did not start within expected time limit of 230s. Please inspect your container logs for more details., Details: Site started at 06/02/2026 11:35:07 (UTC), DetailsLevel: INFO
========== New Cold Start Attempt (2026-06-02T11:35:07.5991810+00:00) ==========
2026-06-02T11:35:07.5991810+00:00 ContainerStatus: Site is running with patch version NODE 22.22.2
2026-06-02T11:40:02.6020637+00:00 ContainerStatus: State: Starting, Action: EstablishingSiteNetworks, LastError: , LastErrorTimestamp: 01/01/0001 00:00:00, LastErrorDetails: , Details: , DetailsLevel: INFO
2026-06-02T11:40:05.0219528+00:00 ContainerStatus: State: Starting, Action: StartingSiteContainers, LastError: , LastErrorTimestamp: 01/01/0001 00:00:00, LastErrorDetails: , Details: , DetailsLevel: INFO
2026-06-02T11:40:05.0221314+00:00 ContainerStatus: Container start method called.
2026-06-02T11:40:05.0221725+00:00 ContainerStatus: State: Starting, Action: PullingImage, LastError: , LastErrorTimestamp: 01/01/0001 00:00:00, LastErrorDetails: , Details: Pulling image 10.1.0.6:13209/appsvc/node:22-lts_20260504.4.tuxprod for orpon-backend-api-sea., DetailsLevel: INFO
2026-06-02T11:40:05.0222686+00:00 ContainerStatus: Establishing network.
2026-06-02T11:40:05.0223780+00:00 ContainerStatus: Pulling image: appsvc/node:22-lts_20260504.4.tuxprod.
2026-06-02T11:40:05.4322424+00:00 ContainerStatus: Image appsvc/node:22-lts_20260504.4.tuxprod is pulled from registry 10.1.0.6:13209
2026-06-02T11:40:05.4325202+00:00 ContainerStatus: Container is starting.
2026-06-02T11:40:05.4326773+00:00 ContainerStatus: State: Starting, Action: MountingVolumes, LastError: , LastErrorTimestamp: 01/01/0001 00:00:00, LastErrorDetails: , Details: Mounting volumes for orpon-backend-api-sea., DetailsLevel: INFO
2026-06-02T11:40:05.4328280+00:00 ContainerStatus: Establishing user namespace if not established already.
2026-06-02T11:40:05.4329661+00:00 ContainerStatus: Establishing network if not established already.
2026-06-02T11:40:05.4331475+00:00 ContainerStatus: Mounting volumes.
2026-06-02T11:40:05.4333783+00:00 ContainerStatus: Nested mountpoint 
2026-06-02T11:40:05.4364832+00:00 ContainerStatus: Nested mountpoint volatile/logs
2026-06-02T11:40:05.4387943+00:00 ContainerStatus: Nested mountpoint 
2026-06-02T11:40:05.4410030+00:00 ContainerStatus: Nested mountpoint 
2026-06-02T11:40:05.4437388+00:00 ContainerStatus: Nested mountpoint 
2026-06-02T11:40:05.5345449+00:00 ContainerStatus: State: Starting, Action: CreatingContainer, LastError: , LastErrorTimestamp: 01/01/0001 00:00:00, LastErrorDetails: , Details: Finished pulling container image and mounting volumes for orpon-backend-api-sea. Allocatinng the rest of the container resources to finish container creation., DetailsLevel: INFO
2026-06-02T11:40:05.5346438+00:00 ContainerStatus: Creating container.
2026-06-02T11:40:05.5347140+00:00 ContainerStatus: Creating pipes for streaming container io.
2026-06-02T11:40:05.5347836+00:00 ContainerStatus: Creating stdout named pipe at /podr/container/pipe/f72d7c16900b_orpon-backend-api-sea/stdout_fc088fa3c1c8494abf41b8b1febd0749.
2026-06-02T11:40:05.5350175+00:00 ContainerStatus: Successfully created stdout named pipe at: /podr/container/pipe/f72d7c16900b_orpon-backend-api-sea/stdout_fc088fa3c1c8494abf41b8b1febd0749.
2026-06-02T11:40:05.5355816+00:00 ContainerStatus: Opening named pipe /podr/container/pipe/f72d7c16900b_orpon-backend-api-sea/stdout_fc088fa3c1c8494abf41b8b1febd0749 for reading in non-blocking mode.
2026-06-02T11:40:05.5357228+00:00 ContainerStatus: Successfully opened named pipe: /podr/container/pipe/f72d7c16900b_orpon-backend-api-sea/stdout_fc088fa3c1c8494abf41b8b1febd0749.
2026-06-02T11:40:05.5359026+00:00 ContainerStatus: Successfully removed non-blocking flag from /podr/container/pipe/f72d7c16900b_orpon-backend-api-sea/stdout_fc088fa3c1c8494abf41b8b1febd0749.
2026-06-02T11:40:05.5377042+00:00 ContainerStatus: Creating stderr named pipe at /podr/container/pipe/f72d7c16900b_orpon-backend-api-sea/stderr_04fee7d1046244f7ab345e07ce360bce.
2026-06-02T11:40:05.5380237+00:00 ContainerStatus: Successfully created stderr named pipe at: /podr/container/pipe/f72d7c16900b_orpon-backend-api-sea/stderr_04fee7d1046244f7ab345e07ce360bce.
2026-06-02T11:40:05.5382798+00:00 ContainerStatus: Opening named pipe /podr/container/pipe/f72d7c16900b_orpon-backend-api-sea/stderr_04fee7d1046244f7ab345e07ce360bce for reading in non-blocking mode.
2026-06-02T11:40:05.5384383+00:00 ContainerStatus: Successfully opened named pipe: /podr/container/pipe/f72d7c16900b_orpon-backend-api-sea/stderr_04fee7d1046244f7ab345e07ce360bce.
2026-06-02T11:40:05.5385663+00:00 ContainerStatus: Successfully removed non-blocking flag from /podr/container/pipe/f72d7c16900b_orpon-backend-api-sea/stderr_04fee7d1046244f7ab345e07ce360bce.
2026-06-02T11:40:05.5387423+00:00 ContainerStatus: Creating container with image: appsvc/node:22-lts_20260504.4.tuxprod from registry: 10.1.0.6:13209 and fully qualified image name: 10.1.0.6:13209/appsvc/node:22-lts_20260504.4.tuxprod
2026-06-02T11:40:07.0648318+00:00 ContainerStatus: Starting container: f72d7c16900b_orpon-backend-api-sea.
2026-06-02T11:40:07.1601197+00:00 ContainerStatus: Starting watchers and probes.
2026-06-02T11:40:07.1604754+00:00 ContainerStatus: Starting metrics collection.
2026-06-02T11:40:07.1612558+00:00 ContainerStatus: Container is running.
2026-06-02T11:40:07.1613600+00:00 ContainerStatus: State: Starting, Action: CreatingContainer, LastError: , LastErrorTimestamp: 01/01/0001 00:00:00, LastErrorDetails: , Details: Container orpon-backend-api-sea successfully created and is running., DetailsLevel: INFO
2026-06-02T11:40:07.1929484+00:00 ContainerStatus: Container start method finished after 2170 ms.
2026-06-02T11:40:07.1933341+00:00 ContainerStatus: State: Starting, Action: InitiatingSiteWarmUpProbe, LastError: , LastErrorTimestamp: 01/01/0001 00:00:00, LastErrorDetails: , Details: Container orpon-backend-api-sea successfully created and is running., DetailsLevel: INFO
2026-06-02T11:40:07.1933620+00:00 ContainerStatus: State: Starting, Action: WaitingForSiteWarmUpProbeSuccess, LastError: , LastErrorTimestamp: 01/01/0001 00:00:00, LastErrorDetails: , Details: Pinging warmup path to ensure container is ready to receive requests., DetailsLevel: INFO
2026-06-02T11:40:08.2628087+00:00 ContainerStream:    _____                               
2026-06-02T11:40:08.2629759+00:00 ContainerStream:   /  _  \ __________ _________   ____  
2026-06-02T11:40:08.2629824+00:00 ContainerStream:  /  /_\  \\___   /  |  \_  __ \_/ __ \ 
2026-06-02T11:40:08.2629862+00:00 ContainerStream: /    |    \/    /|  |  /|  | \/\  ___/ 
2026-06-02T11:40:08.2629894+00:00 ContainerStream: \____|__  /_____ \____/ |__|    \___  >
2026-06-02T11:40:08.2629937+00:00 ContainerStream:         \/      \/                  \/ 
2026-06-02T11:40:08.2629969+00:00 ContainerStream: A P P   S E R V I C E   O N   L I N U X
2026-06-02T11:40:08.2630014+00:00 ContainerStream: 
2026-06-02T11:40:08.2630051+00:00 ContainerStream: Documentation    : http://aka.ms/webapp-linux
2026-06-02T11:40:08.2630089+00:00 ContainerStream: NodeJS quickstart: https://aka.ms/node-qs
2026-06-02T11:40:08.2630123+00:00 ContainerStream: NodeJS Version   : v22.22.2
2026-06-02T11:40:08.2630157+00:00 ContainerStream: Instance Name    : 10-30-0-154
2026-06-02T11:40:08.2630323+00:00 ContainerStream: Instance Id      : 7c5d95e43cdb2ee7610273b357b1b2a004a2a2cede74f93245733dbaf8c302af
2026-06-02T11:40:08.2630370+00:00 ContainerStream: 
2026-06-02T11:40:08.2630404+00:00 ContainerStream: Note: Any data outside '/home' is not persisted
2026-06-02T11:40:11.0553726+00:00 ContainerStream: Starting OpenBSD Secure Shell server: sshd.
2026-06-02T11:40:11.0782381+00:00 ContainerStream: WEBSITES_INCLUDE_CLOUD_CERTS is not set to true.
2026-06-02T11:40:11.1075070+00:00 ContainerStream: Updating certificates in /etc/ssl/certs...
2026-06-02T11:40:23.6203524+00:00 ContainerStream: rehash: warning: skipping duplicate certificate in azl_SSL.com_TLS_ECC_Root_CA_2022.pem
2026-06-02T11:40:23.6219841+00:00 ContainerStream: rehash: warning: skipping duplicate certificate in azl_SSL.com_TLS_RSA_Root_CA_2022.pem
2026-06-02T11:40:23.8073226+00:00 ContainerStream: rehash: warning: skipping ca-certificates.crt,it does not contain exactly one certificate or CRL
2026-06-02T11:40:23.8389279+00:00 ContainerStream: 4 added, 0 removed; done.
2026-06-02T11:40:23.8395173+00:00 ContainerStream: Running hooks in /etc/ca-certificates/update.d...
2026-06-02T11:40:23.8552172+00:00 ContainerStream: done.
2026-06-02T11:40:23.8697335+00:00 ContainerStream: CA certificates copied and updated successfully.
2026-06-02T11:40:25.1551194+00:00 ContainerStream: Starting periodic command scheduler: cron.
2026-06-02T11:40:25.4312521+00:00 ContainerStream: Found build manifest file at '/home/site/wwwroot/oryx-manifest.toml'. Deserializing it...
2026-06-02T11:40:25.4570495+00:00 ContainerStream: Build Operation ID: efe43efca44a59c9
2026-06-02T11:40:25.4603948+00:00 ContainerStream: Environment Variables for Application Insight's IPA Codeless Configuration exists..
2026-06-02T11:40:26.1878452+00:00 ContainerStream: Writing output script to '/opt/startup/startup.sh'
2026-06-02T11:40:26.3331182+00:00 ContainerStream: Running #!/bin/sh
2026-06-02T11:40:26.3332105+00:00 ContainerStream: 
2026-06-02T11:40:26.3332161+00:00 ContainerStream: # Enter the source directory to make sure the script runs where the user expects
2026-06-02T11:40:26.3332275+00:00 ContainerStream: cd "/home/site/wwwroot"
2026-06-02T11:40:26.3332312+00:00 ContainerStream: 
2026-06-02T11:40:26.3332348+00:00 ContainerStream: export NODE_PATH=/usr/local/lib/node_modules:$NODE_PATH
2026-06-02T11:40:26.3332381+00:00 ContainerStream: if [ -z "$PORT" ]; then
2026-06-02T11:40:26.3332415+00:00 ContainerStream: 		export PORT=8080
2026-06-02T11:40:26.3332447+00:00 ContainerStream: fi
2026-06-02T11:40:26.3332479+00:00 ContainerStream: 
2026-06-02T11:40:26.3332512+00:00 ContainerStream: echo Found tar.gz based node_modules.
2026-06-02T11:40:26.3332557+00:00 ContainerStream: extractionCommand="tar -xzf node_modules.tar.gz -C /node_modules"
2026-06-02T11:40:26.3332593+00:00 ContainerStream: echo "Removing existing modules directory from root..."
2026-06-02T11:40:26.3332626+00:00 ContainerStream: rm -fr /node_modules
2026-06-02T11:40:26.3332659+00:00 ContainerStream: mkdir -p /node_modules
2026-06-02T11:40:26.3332691+00:00 ContainerStream: echo Extracting modules...
2026-06-02T11:40:26.3332725+00:00 ContainerStream: $extractionCommand
2026-06-02T11:40:26.3332787+00:00 ContainerStream: export NODE_PATH="/node_modules":$NODE_PATH
2026-06-02T11:40:26.3332824+00:00 ContainerStream: export PATH=/node_modules/.bin:$PATH
2026-06-02T11:40:26.3332863+00:00 ContainerStream: if [ -d node_modules ]; then
2026-06-02T11:40:26.3332898+00:00 ContainerStream:     mv -f node_modules _del_node_modules || true
2026-06-02T11:40:26.3332930+00:00 ContainerStream: fi
2026-06-02T11:40:26.3332964+00:00 ContainerStream: 
2026-06-02T11:40:26.3333000+00:00 ContainerStream: if [ -d /node_modules ]; then
2026-06-02T11:40:26.3333045+00:00 ContainerStream:     ln -sfn /node_modules ./node_modules 
2026-06-02T11:40:26.3333079+00:00 ContainerStream: fi
2026-06-02T11:40:26.3333113+00:00 ContainerStream: 
2026-06-02T11:40:26.3333147+00:00 ContainerStream: echo "Done."
2026-06-02T11:40:26.3359398+00:00 ContainerStream: PATH="$PATH:/home/site/wwwroot" cd /home/site/wwwroot/backend && node server.js
2026-06-02T11:40:26.3414961+00:00 ContainerStream: Found tar.gz based node_modules.
2026-06-02T11:40:26.3415201+00:00 ContainerStream: Removing existing modules directory from root...
2026-06-02T11:40:26.4219414+00:00 ContainerStream: Extracting modules...
2026-06-02T11:40:26.4650909+00:00 ContainerStream: tar (child): node_modules.tar.gz: Cannot open: No such file or directory
2026-06-02T11:40:26.4653724+00:00 ContainerStream: tar (child): Error is not recoverable: exiting now
2026-06-02T11:40:26.4677907+00:00 ContainerStream: tar: Child returned status 2
2026-06-02T11:40:26.4678723+00:00 ContainerStream: tar: Error is not recoverable: exiting now
2026-06-02T11:40:26.5512497+00:00 ContainerStream: Done.
2026-06-02T11:40:27.1242894+00:00 ContainerStream: ◇ injected env (0) from .env // tip: ◈ secrets for agents [www.dotenvx.com]
2026-06-02T11:40:33.1103612+00:00 ContainerStream: ◇ injected env (0) from .env // tip: ◈ secrets for agents [www.dotenvx.com]
2026-06-02T11:40:33.1620031+00:00 ContainerStream: Checking database schema...
2026-06-02T11:40:37.3734731+00:00 ContainerStream: ◇ injected env (0) from .env // tip: ⌘ override existing { override: true }
2026-06-02T11:40:37.3735896+00:00 ContainerStream: Redis not enabled. Operating in local memory fallback Map mode.
2026-06-02T11:40:37.3795817+00:00 ContainerStream: Server running on port 8080
2026-06-02T11:40:37.4769172+00:00 ContainerStream: Connected to Azure SQL Database successfully!
2026-06-02T11:40:37.5608587+00:00 ContainerStream: Database migrations checked & completed successfully!
2026-06-02T11:40:38.4095765+00:00 ContainerStatus: Site startup probe succeeded after 31.2153663 seconds.
2026-06-02T11:40:38.8027402+00:00 ContainerStatus: State: Starting, Action: WarmUpProbeSucceeded, LastError: , LastErrorTimestamp: 01/01/0001 00:00:00, LastErrorDetails: , Details: Site startup probe succeeded after 31.2153663 seconds., DetailsLevel: INFO
2026-06-02T11:40:39.8184347+00:00 ContainerStatus: Site is running with deployment version: b263aed1f762e95598b6c2a7eb9c6e907f11a345
2026-06-02T11:40:39.8187173+00:00 ContainerStatus: Site started.
2026-06-02T11:40:39.8189903+00:00 ContainerStatus: State: Started, Action: None, LastError: , LastErrorTimestamp: 01/01/0001 00:00:00, LastErrorDetails: , Details: Site started at 06/02/2026 11:40:39 (UTC), DetailsLevel: INFO
2026-06-02T11:40:39.8198776+00:00 ContainerStatus: Site is running with patch version NODE 22.22.2
========== New Cold Start Attempt (2026-06-02T12:08:47.9995389+00:00) ==========
2026-06-02T12:08:47.9995389+00:00 ContainerStatus: State: Stopping, Action: StoppingSiteContainers, LastError: ContainerTimeout, LastErrorTimestamp: 06/02/2026 11:34:09, LastErrorDetails: Container did not start within expected time limit of 230s. Please inspect your container logs for more details., Details: Site started at 06/02/2026 11:40:39 (UTC), DetailsLevel: INFO
2026-06-02T12:08:47.9997456+00:00 ContainerStatus: Container is terminating. Grace period: 5 seconds.
2026-06-02T12:08:48.0358459+00:00 ContainerStatus: Stop and delete container. Retry count = 0
2026-06-02T12:08:48.0359634+00:00 ContainerStatus: Stopping container: f72d7c16900b_orpon-backend-api-sea.
2026-06-02T12:08:53.1049238+00:00 ContainerStatus: Deleting container: f72d7c16900b_orpon-backend-api-sea. Retry count = 0
2026-06-02T12:08:53.4517480+00:00 ContainerStatus: Container spec TerminationMessagePolicy  path 
2026-06-02T12:08:53.4520252+00:00 ContainerStatus: Container is terminated. Total time elapsed: 5452 ms.
2026-06-02T12:08:53.4521666+00:00 ContainerStatus: Site: orpon-backend-api-sea stopped.
2026-06-02T12:10:42.4568722+00:00 ContainerStatus: State: Starting, Action: EstablishingSiteNetworks, LastError: ContainerTimeout, LastErrorTimestamp: 06/02/2026 12:08:21, LastErrorDetails: Container did not start within expected time limit of 230s. Please inspect your container logs for more details., Details: Site stopped at 06/02/2026 12:08:27 (UTC), DetailsLevel: ERR
2026-06-02T12:10:42.8139124+00:00 ContainerStatus: State: Starting, Action: StartingSiteContainers, LastError: ContainerTimeout, LastErrorTimestamp: 06/02/2026 12:08:21, LastErrorDetails: Container did not start within expected time limit of 230s. Please inspect your container logs for more details., Details: Site stopped at 06/02/2026 12:08:27 (UTC), DetailsLevel: ERR
2026-06-02T12:10:42.8140633+00:00 ContainerStatus: Container start method called.
2026-06-02T12:10:42.8141129+00:00 ContainerStatus: State: Starting, Action: PullingImage, LastError: ContainerTimeout, LastErrorTimestamp: 06/02/2026 12:08:21, LastErrorDetails: Container did not start within expected time limit of 230s. Please inspect your container logs for more details., Details: Pulling image 10.1.0.5:13209/appsvc/node:22-lts_20260504.4.tuxprod for orpon-backend-api-sea., DetailsLevel: INFO
2026-06-02T12:10:42.8142226+00:00 ContainerStatus: Establishing network.
2026-06-02T12:10:42.8143410+00:00 ContainerStatus: Pulling image: appsvc/node:22-lts_20260504.4.tuxprod.
2026-06-02T12:10:42.9091409+00:00 ContainerStatus: Container is starting.
2026-06-02T12:10:42.9092543+00:00 ContainerStatus: State: Starting, Action: MountingVolumes, LastError: ContainerTimeout, LastErrorTimestamp: 06/02/2026 12:08:21, LastErrorDetails: Container did not start within expected time limit of 230s. Please inspect your container logs for more details., Details: Mounting volumes for orpon-backend-api-sea., DetailsLevel: INFO
2026-06-02T12:10:42.9095122+00:00 ContainerStatus: Establishing user namespace if not established already.
2026-06-02T12:10:42.9096130+00:00 ContainerStatus: Establishing network if not established already.
2026-06-02T12:10:42.9110133+00:00 ContainerStatus: Mounting volumes.
2026-06-02T12:10:42.9113019+00:00 ContainerStatus: Nested mountpoint 
2026-06-02T12:10:42.9130285+00:00 ContainerStatus: Nested mountpoint volatile/logs
2026-06-02T12:10:42.9176764+00:00 ContainerStatus: Nested mountpoint 
2026-06-02T12:10:42.9184358+00:00 ContainerStatus: Nested mountpoint 
2026-06-02T12:10:42.9212340+00:00 ContainerStatus: Nested mountpoint 
2026-06-02T12:10:43.0010588+00:00 ContainerStatus: State: Starting, Action: CreatingContainer, LastError: ContainerTimeout, LastErrorTimestamp: 06/02/2026 12:08:21, LastErrorDetails: Container did not start within expected time limit of 230s. Please inspect your container logs for more details., Details: Finished pulling container image and mounting volumes for orpon-backend-api-sea. Allocatinng the rest of the container resources to finish container creation., DetailsLevel: INFO
2026-06-02T12:10:43.0011957+00:00 ContainerStatus: Creating container.
2026-06-02T12:10:43.0014572+00:00 ContainerStatus: Creating pipes for streaming container io.
2026-06-02T12:10:43.0015978+00:00 ContainerStatus: Creating stdout named pipe at /podr/container/pipe/74a9b6a3ea12_orpon-backend-api-sea/stdout_42be2c6c82514b35b937ad8ff6e54f1e.
2026-06-02T12:10:43.0029690+00:00 ContainerStatus: Successfully created stdout named pipe at: /podr/container/pipe/74a9b6a3ea12_orpon-backend-api-sea/stdout_42be2c6c82514b35b937ad8ff6e54f1e.
2026-06-02T12:10:43.0032999+00:00 ContainerStatus: Opening named pipe /podr/container/pipe/74a9b6a3ea12_orpon-backend-api-sea/stdout_42be2c6c82514b35b937ad8ff6e54f1e for reading in non-blocking mode.
2026-06-02T12:10:43.0037004+00:00 ContainerStatus: Successfully opened named pipe: /podr/container/pipe/74a9b6a3ea12_orpon-backend-api-sea/stdout_42be2c6c82514b35b937ad8ff6e54f1e.
2026-06-02T12:10:43.0039995+00:00 ContainerStatus: Successfully removed non-blocking flag from /podr/container/pipe/74a9b6a3ea12_orpon-backend-api-sea/stdout_42be2c6c82514b35b937ad8ff6e54f1e.
2026-06-02T12:10:43.0041779+00:00 ContainerStatus: Creating stderr named pipe at /podr/container/pipe/74a9b6a3ea12_orpon-backend-api-sea/stderr_c797b4d9a05744139cb822c83495428d.
2026-06-02T12:10:43.0044351+00:00 ContainerStatus: Successfully created stderr named pipe at: /podr/container/pipe/74a9b6a3ea12_orpon-backend-api-sea/stderr_c797b4d9a05744139cb822c83495428d.
2026-06-02T12:10:43.0046498+00:00 ContainerStatus: Opening named pipe /podr/container/pipe/74a9b6a3ea12_orpon-backend-api-sea/stderr_c797b4d9a05744139cb822c83495428d for reading in non-blocking mode.
2026-06-02T12:10:43.0050229+00:00 ContainerStatus: Successfully opened named pipe: /podr/container/pipe/74a9b6a3ea12_orpon-backend-api-sea/stderr_c797b4d9a05744139cb822c83495428d.
2026-06-02T12:10:43.0051787+00:00 ContainerStatus: Successfully removed non-blocking flag from /podr/container/pipe/74a9b6a3ea12_orpon-backend-api-sea/stderr_c797b4d9a05744139cb822c83495428d.
2026-06-02T12:10:43.0054102+00:00 ContainerStatus: Creating container with image: appsvc/node:22-lts_20260504.4.tuxprod from registry: 10.1.0.5:13209 and fully qualified image name: 10.1.0.5:13209/appsvc/node:22-lts_20260504.4.tuxprod
2026-06-02T12:10:43.3089315+00:00 ContainerStatus: Starting container: 74a9b6a3ea12_orpon-backend-api-sea.
2026-06-02T12:10:43.3284142+00:00 ContainerStatus: Starting watchers and probes.
2026-06-02T12:10:43.3286897+00:00 ContainerStatus: Starting metrics collection.
2026-06-02T12:10:43.3291494+00:00 ContainerStatus: Container is running.
2026-06-02T12:10:43.3292366+00:00 ContainerStatus: State: Starting, Action: CreatingContainer, LastError: ContainerTimeout, LastErrorTimestamp: 06/02/2026 12:08:21, LastErrorDetails: Container did not start within expected time limit of 230s. Please inspect your container logs for more details., Details: Container orpon-backend-api-sea successfully created and is running., DetailsLevel: INFO
2026-06-02T12:10:43.3465928+00:00 ContainerStatus: Container start method finished after 532 ms.
2026-06-02T12:10:43.3467948+00:00 ContainerStatus: State: Starting, Action: InitiatingSiteWarmUpProbe, LastError: ContainerTimeout, LastErrorTimestamp: 06/02/2026 12:08:21, LastErrorDetails: Container did not start within expected time limit of 230s. Please inspect your container logs for more details., Details: Container orpon-backend-api-sea successfully created and is running., DetailsLevel: INFO
2026-06-02T12:10:43.3468333+00:00 ContainerStatus: State: Starting, Action: WaitingForSiteWarmUpProbeSuccess, LastError: ContainerTimeout, LastErrorTimestamp: 06/02/2026 12:08:21, LastErrorDetails: Container did not start within expected time limit of 230s. Please inspect your container logs for more details., Details: Pinging warmup path to ensure container is ready to receive requests., DetailsLevel: INFO
2026-06-02T12:10:43.6249905+00:00 ContainerStream:    _____                               
2026-06-02T12:10:43.6251556+00:00 ContainerStream:   /  _  \ __________ _________   ____  
2026-06-02T12:10:43.6251682+00:00 ContainerStream:  /  /_\  \\___   /  |  \_  __ \_/ __ \ 
2026-06-02T12:10:43.6251721+00:00 ContainerStream: /    |    \/    /|  |  /|  | \/\  ___/ 
2026-06-02T12:10:43.6251755+00:00 ContainerStream: \____|__  /_____ \____/ |__|    \___  >
2026-06-02T12:10:43.6251802+00:00 ContainerStream:         \/      \/                  \/ 
2026-06-02T12:10:43.6251834+00:00 ContainerStream: A P P   S E R V I C E   O N   L I N U X
2026-06-02T12:10:43.6251865+00:00 ContainerStream: 
2026-06-02T12:10:43.6251908+00:00 ContainerStream: Documentation    : http://aka.ms/webapp-linux
2026-06-02T12:10:43.6251965+00:00 ContainerStream: NodeJS quickstart: https://aka.ms/node-qs
2026-06-02T12:10:43.6252741+00:00 ContainerStream: NodeJS Version   : v22.22.2
2026-06-02T12:10:43.6252830+00:00 ContainerStream: Instance Name    : 10-30-0-154
2026-06-02T12:10:43.6252877+00:00 ContainerStream: Instance Id      : 7c5d95e43cdb2ee7610273b357b1b2a004a2a2cede74f93245733dbaf8c302af
2026-06-02T12:10:43.6252919+00:00 ContainerStream: 
2026-06-02T12:10:43.6252955+00:00 ContainerStream: Note: Any data outside '/home' is not persisted
2026-06-02T12:10:44.4265938+00:00 ContainerStream: Starting OpenBSD Secure Shell server: sshd.
2026-06-02T12:10:44.4323015+00:00 ContainerStream: WEBSITES_INCLUDE_CLOUD_CERTS is not set to true.
2026-06-02T12:10:44.4526641+00:00 ContainerStream: Updating certificates in /etc/ssl/certs...
2026-06-02T12:10:51.9121512+00:00 ContainerStream: rehash: warning: skipping duplicate certificate in azl_SSL.com_TLS_ECC_Root_CA_2022.pem
2026-06-02T12:10:51.9139640+00:00 ContainerStream: rehash: warning: skipping duplicate certificate in azl_SSL.com_TLS_RSA_Root_CA_2022.pem
2026-06-02T12:10:51.9714585+00:00 ContainerStream: rehash: warning: skipping ca-certificates.crt,it does not contain exactly one certificate or CRL
2026-06-02T12:10:51.9861234+00:00 ContainerStream: 4 added, 0 removed; done.
2026-06-02T12:10:51.9861559+00:00 ContainerStream: Running hooks in /etc/ca-certificates/update.d...
2026-06-02T12:10:51.9901507+00:00 ContainerStream: done.
2026-06-02T12:10:51.9998477+00:00 ContainerStream: CA certificates copied and updated successfully.
2026-06-02T12:10:52.9060349+00:00 ContainerStream: Starting periodic command scheduler: cron.
2026-06-02T12:10:53.0036569+00:00 ContainerStream: Could not find build manifest file at '/home/site/wwwroot/oryx-manifest.toml'
2026-06-02T12:10:53.0037661+00:00 ContainerStream: Could not find operation ID in manifest. Generating an operation id...
2026-06-02T12:10:53.0040169+00:00 ContainerStream: Build Operation ID: 5b88c807-02ef-430d-b6db-54d187cd996f
2026-06-02T12:10:53.4709037+00:00 ContainerStream: Environment Variables for Application Insight's IPA Codeless Configuration exists..
2026-06-02T12:10:53.5715849+00:00 ContainerStream: Writing output script to '/opt/startup/startup.sh'
2026-06-02T12:10:53.6778712+00:00 ContainerStream: Running #!/bin/sh
2026-06-02T12:10:53.6779123+00:00 ContainerStream: 
2026-06-02T12:10:53.6779236+00:00 ContainerStream: # Enter the source directory to make sure the script runs where the user expects
2026-06-02T12:10:53.6779292+00:00 ContainerStream: cd "/home/site/wwwroot"
2026-06-02T12:10:53.6779325+00:00 ContainerStream: 
2026-06-02T12:10:53.6779359+00:00 ContainerStream: export NODE_PATH=/usr/local/lib/node_modules:$NODE_PATH
2026-06-02T12:10:53.6779392+00:00 ContainerStream: if [ -z "$PORT" ]; then
2026-06-02T12:10:53.6779424+00:00 ContainerStream: 		export PORT=8080
2026-06-02T12:10:53.6779456+00:00 ContainerStream: fi
2026-06-02T12:10:53.6779489+00:00 ContainerStream: 
2026-06-02T12:10:53.6779543+00:00 ContainerStream: PATH="$PATH:/home/site/wwwroot" cd /home/site/wwwroot/backend && node server.js
2026-06-02T12:10:54.4054797+00:00 ContainerStream: ◇ injected env (0) from .env // tip: ⌘ override existing { override: true }
2026-06-02T12:11:00.1157883+00:00 ContainerStream: ◇ injected env (0) from .env // tip: ⌁ auth for agents [www.vestauth.com]
2026-06-02T12:11:00.1447093+00:00 ContainerStream: Checking database schema...
2026-06-02T12:11:04.1601897+00:00 ContainerStream: ◇ injected env (0) from .env // tip: ⌁ auth for agents [www.vestauth.com]
2026-06-02T12:11:04.1605875+00:00 ContainerStream: Redis not enabled. Operating in local memory fallback Map mode.
2026-06-02T12:11:04.1840564+00:00 ContainerStream: Server running on port 8080
2026-06-02T12:11:04.2717619+00:00 ContainerStream: Connected to Azure SQL Database successfully!
2026-06-02T12:11:04.3520218+00:00 ContainerStream: Database migrations checked & completed successfully!
2026-06-02T12:11:04.3752233+00:00 ContainerStatus: Site startup probe succeeded after 21.0279625 seconds.
2026-06-02T12:11:04.4318796+00:00 ContainerStatus: State: Starting, Action: WarmUpProbeSucceeded, LastError: ContainerTimeout, LastErrorTimestamp: 06/02/2026 12:08:21, LastErrorDetails: Container did not start within expected time limit of 230s. Please inspect your container logs for more details., Details: Site startup probe succeeded after 21.0279625 seconds., DetailsLevel: INFO
2026-06-02T12:11:04.5846345+00:00 ContainerStatus: Site is running with deployment version: 68a75932fffd0cd3406ba138311736b2b5183084
2026-06-02T12:11:04.5848688+00:00 ContainerStatus: Site started.
2026-06-02T12:11:04.5849279+00:00 ContainerStatus: State: Started, Action: None, LastError: ContainerTimeout, LastErrorTimestamp: 06/02/2026 12:08:21, LastErrorDetails: Container did not start within expected time limit of 230s. Please inspect your container logs for more details., Details: Site started at 06/02/2026 12:11:04 (UTC), DetailsLevel: INFO
2026-06-02T12:11:04.5910890+00:00 ContainerStatus: Site is running with patch version NODE 22.22.2
