2026-06-01T07:36:57.6323810Z State: Starting, Action: EstablishingSiteNetworks, LastError: , LastErrorTimestamp: 01/01/0001 00:00:00, LastErrorDetails: , Details: , DetailsLevel: INFO
2026-06-01T07:36:58.3278299Z State: Starting, Action: StartingSiteContainers, LastError: , LastErrorTimestamp: 01/01/0001 00:00:00, LastErrorDetails: , Details: , DetailsLevel: INFO
2026-06-01T07:36:58.3294717Z Container start method called.
2026-06-01T07:36:58.3359190Z State: Starting, Action: PullingImage, LastError: , LastErrorTimestamp: 01/01/0001 00:00:00, LastErrorDetails: , Details: Pulling image 10.1.0.4:13209/appsvc/node:24-lts_20260504.4.tuxprod for orpon-backend-api., DetailsLevel: INFO
2026-06-01T07:36:58.3367239Z Establishing network.
2026-06-01T07:36:58.3379000Z Pulling image: appsvc/node:24-lts_20260504.4.tuxprod.
2026-06-01T07:37:22.0574535Z Image appsvc/node:24-lts_20260504.4.tuxprod is pulled from registry 10.1.0.4:13209
2026-06-01T07:37:22.0647118Z Container is starting.
2026-06-01T07:37:22.0726840Z State: Starting, Action: MountingVolumes, LastError: , LastErrorTimestamp: 01/01/0001 00:00:00, LastErrorDetails: , Details: Mounting volumes for orpon-backend-api., DetailsLevel: INFO
2026-06-01T07:37:22.0729174Z Establishing user namespace if not established already.
2026-06-01T07:37:22.0730812Z Establishing network if not established already.
2026-06-01T07:37:22.0732444Z Mounting volumes.
2026-06-01T07:37:22.0768094Z Nested mountpoint 
2026-06-01T07:37:22.0869038Z Nested mountpoint volatile/logs
2026-06-01T07:37:22.0946727Z Nested mountpoint 
2026-06-01T07:37:22.1140495Z Nested mountpoint 
2026-06-01T07:37:22.1164051Z Nested mountpoint 
2026-06-01T07:37:26.8325848Z State: Starting, Action: CreatingContainer, LastError: , LastErrorTimestamp: 01/01/0001 00:00:00, LastErrorDetails: , Details: Finished pulling container image and mounting volumes for orpon-backend-api. Allocatinng the rest of the container resources to finish container creation., DetailsLevel: INFO
2026-06-01T07:37:26.8327690Z Creating container.
2026-06-01T07:37:26.8345619Z Creating pipes for streaming container io.
2026-06-01T07:37:26.8357588Z Creating stdout named pipe at /podr/container/pipe/926536b129e8_orpon-backend-api/stdout_9cc3a21612e2403a87c76667645764a1.
2026-06-01T07:37:26.8371014Z Successfully created stdout named pipe at: /podr/container/pipe/926536b129e8_orpon-backend-api/stdout_9cc3a21612e2403a87c76667645764a1.
2026-06-01T07:37:26.8379412Z Opening named pipe /podr/container/pipe/926536b129e8_orpon-backend-api/stdout_9cc3a21612e2403a87c76667645764a1 for reading in non-blocking mode.
2026-06-01T07:37:26.8384429Z Successfully opened named pipe: /podr/container/pipe/926536b129e8_orpon-backend-api/stdout_9cc3a21612e2403a87c76667645764a1.
2026-06-01T07:37:26.8392846Z Successfully removed non-blocking flag from /podr/container/pipe/926536b129e8_orpon-backend-api/stdout_9cc3a21612e2403a87c76667645764a1.
2026-06-01T07:37:26.8413634Z Creating stderr named pipe at /podr/container/pipe/926536b129e8_orpon-backend-api/stderr_f40e2f2b2c2e499c809d0f855c26367c.
2026-06-01T07:37:26.8417243Z Successfully created stderr named pipe at: /podr/container/pipe/926536b129e8_orpon-backend-api/stderr_f40e2f2b2c2e499c809d0f855c26367c.
2026-06-01T07:37:26.8422605Z Opening named pipe /podr/container/pipe/926536b129e8_orpon-backend-api/stderr_f40e2f2b2c2e499c809d0f855c26367c for reading in non-blocking mode.
2026-06-01T07:37:26.8426762Z Successfully opened named pipe: /podr/container/pipe/926536b129e8_orpon-backend-api/stderr_f40e2f2b2c2e499c809d0f855c26367c.
2026-06-01T07:37:26.8429039Z Successfully removed non-blocking flag from /podr/container/pipe/926536b129e8_orpon-backend-api/stderr_f40e2f2b2c2e499c809d0f855c26367c.
2026-06-01T07:37:26.8460375Z Creating container with image: appsvc/node:24-lts_20260504.4.tuxprod from registry: 10.1.0.4:13209 and fully qualified image name: 10.1.0.4:13209/appsvc/node:24-lts_20260504.4.tuxprod
2026-06-01T07:37:27.6590791Z Starting container: 926536b129e8_orpon-backend-api.
2026-06-01T07:37:27.7636254Z Starting watchers and probes.
2026-06-01T07:37:27.7813366Z Starting metrics collection.
2026-06-01T07:37:27.7886446Z Container is running.
2026-06-01T07:37:27.7891504Z State: Starting, Action: CreatingContainer, LastError: , LastErrorTimestamp: 01/01/0001 00:00:00, LastErrorDetails: , Details: Container orpon-backend-api successfully created and is running., DetailsLevel: INFO
2026-06-01T07:37:27.9164137Z Container start method finished after 29586 ms.
2026-06-01T07:37:27.9228820Z State: Starting, Action: InitiatingSiteWarmUpProbe, LastError: , LastErrorTimestamp: 01/01/0001 00:00:00, LastErrorDetails: , Details: Container orpon-backend-api successfully created and is running., DetailsLevel: INFO
2026-06-01T07:37:27.9480306Z State: Starting, Action: WaitingForSiteWarmUpProbeSuccess, LastError: , LastErrorTimestamp: 01/01/0001 00:00:00, LastErrorDetails: , Details: Pinging warmup path to ensure container is ready to receive requests., DetailsLevel: INFO
2026-06-01T07:37:35.0487870Z Container has finished running with exit code: 1.
2026-06-01T07:37:35.0520308Z Container is terminating. Grace period: 5 seconds.
2026-06-01T07:37:35.0602087Z Stop and delete container. Retry count = 0
2026-06-01T07:37:35.0611914Z Stopping container: 926536b129e8_orpon-backend-api.
2026-06-01T07:37:35.0935290Z Deleting container: 926536b129e8_orpon-backend-api. Retry count = 0
2026-06-01T07:37:35.2040950Z Container spec TerminationMessagePolicy  path 
2026-06-01T07:37:35.2065269Z Container is terminated. Total time elapsed: 153 ms.
2026-06-01T07:37:35.2068148Z Site container: orpon-backend-api terminated during site startup.
2026-06-01T07:37:35.2083205Z State: Stopping, Action: CancellingStartup, LastError: , LastErrorTimestamp: 01/01/0001 00:00:00, LastErrorDetails: , Details: Site container: orpon-backend-api terminated during site startup. Cancelling site startup., DetailsLevel: ERR
2026-06-01T07:37:35.2221434Z Site startup probe failed after 7.2495263 seconds.
2026-06-01T07:37:35.2845284Z State: Stopping, Action: CancellingStartup, LastError: ContainerTimeout, LastErrorTimestamp: 06/01/2026 07:37:35, LastErrorDetails: Container did not start within expected time limit of 230s. Please inspect your container logs for more details., Details: Site container: orpon-backend-api terminated during site startup. Cancelling site startup., DetailsLevel: ERR
2026-06-01T07:37:35.2913410Z Failed to start site. Revert by stopping site.
2026-06-01T07:37:35.2970947Z State: Stopping, Action: StoppingSite, LastError: ContainerTimeout, LastErrorTimestamp: 06/01/2026 07:37:35, LastErrorDetails: Container did not start within expected time limit of 230s. Please inspect your container logs for more details., Details: Site container: orpon-backend-api terminated during site startup. Cancelling site startup., DetailsLevel: ERR
2026-06-01T07:37:35.3011788Z State: Stopping, Action: StoppingSiteContainers, LastError: ContainerTimeout, LastErrorTimestamp: 06/01/2026 07:37:35, LastErrorDetails: Container did not start within expected time limit of 230s. Please inspect your container logs for more details., Details: Site container: orpon-backend-api terminated during site startup. Cancelling site startup., DetailsLevel: ERR
2026-06-01T07:37:35.3022291Z Site: orpon-backend-api stopped.
2026-06-01T07:37:35.3092580Z State: Stopping, Action: UnmountingVolumes, LastError: ContainerTimeout, LastErrorTimestamp: 06/01/2026 07:37:35, LastErrorDetails: Container did not start within expected time limit of 230s. Please inspect your container logs for more details., Details: Site container: orpon-backend-api terminated during site startup. Cancelling site startup., DetailsLevel: ERR
2026-06-01T07:37:35.4123982Z State: Stopping, Action: StoppingSiteNetworks, LastError: ContainerTimeout, LastErrorTimestamp: 06/01/2026 07:37:35, LastErrorDetails: Container did not start within expected time limit of 230s. Please inspect your container logs for more details., Details: Site container: orpon-backend-api terminated during site startup. Cancelling site startup., DetailsLevel: ERR
2026-06-01T07:37:35.6358590Z State: Stopped, Action: None, LastError: ContainerTimeout, LastErrorTimestamp: 06/01/2026 07:37:35, LastErrorDetails: Container did not start within expected time limit of 230s. Please inspect your container logs for more details., Details: Site stopped at 06/01/2026 07:37:35 (UTC), DetailsLevel: ERR
2026-06-01T07:37:35.8136724Z State: Stopped, Action: None, LastError: ContainerTimeout, LastErrorTimestamp: 06/01/2026 07:37:35, LastErrorDetails: Container did not start within expected time limit of 230s. Please inspect your container logs for more details., Details: Site stopped at 06/01/2026 07:37:35 (UTC), DetailsLevel: ERR
2026-06-01T07:37:44.5177512Z State: Starting, Action: EstablishingSiteNetworks, LastError: ContainerTimeout, LastErrorTimestamp: 06/01/2026 07:37:35, LastErrorDetails: Container did not start within expected time limit of 230s. Please inspect your container logs for more details., Details: Site stopped at 06/01/2026 07:37:35 (UTC), DetailsLevel: ERR
2026-06-01T07:37:44.8339098Z State: Starting, Action: StartingSiteContainers, LastError: ContainerTimeout, LastErrorTimestamp: 06/01/2026 07:37:35, LastErrorDetails: Container did not start within expected time limit of 230s. Please inspect your container logs for more details., Details: Site stopped at 06/01/2026 07:37:35 (UTC), DetailsLevel: ERR
2026-06-01T07:37:44.8344809Z Container start method called.
2026-06-01T07:37:44.8353995Z State: Starting, Action: PullingImage, LastError: ContainerTimeout, LastErrorTimestamp: 06/01/2026 07:37:35, LastErrorDetails: Container did not start within expected time limit of 230s. Please inspect your container logs for more details., Details: Pulling image 10.1.0.4:13209/appsvc/node:24-lts_20260504.4.tuxprod for orpon-backend-api., DetailsLevel: INFO
2026-06-01T07:37:44.8357069Z Establishing network.
2026-06-01T07:37:44.8390173Z Pulling image: appsvc/node:24-lts_20260504.4.tuxprod.
2026-06-01T07:37:44.9385485Z Container is starting.
2026-06-01T07:37:44.9389250Z State: Starting, Action: MountingVolumes, LastError: ContainerTimeout, LastErrorTimestamp: 06/01/2026 07:37:35, LastErrorDetails: Container did not start within expected time limit of 230s. Please inspect your container logs for more details., Details: Mounting volumes for orpon-backend-api., DetailsLevel: INFO
2026-06-01T07:37:44.9396099Z Establishing user namespace if not established already.
2026-06-01T07:37:44.9399734Z Establishing network if not established already.
2026-06-01T07:37:44.9403434Z Mounting volumes.
2026-06-01T07:37:44.9407889Z Nested mountpoint 
2026-06-01T07:37:44.9432627Z Nested mountpoint volatile/logs
2026-06-01T07:37:44.9472792Z Nested mountpoint 
2026-06-01T07:37:44.9487896Z Nested mountpoint 
2026-06-01T07:37:44.9495830Z Nested mountpoint 
2026-06-01T07:37:45.0552748Z State: Starting, Action: CreatingContainer, LastError: ContainerTimeout, LastErrorTimestamp: 06/01/2026 07:37:35, LastErrorDetails: Container did not start within expected time limit of 230s. Please inspect your container logs for more details., Details: Finished pulling container image and mounting volumes for orpon-backend-api. Allocatinng the rest of the container resources to finish container creation., DetailsLevel: INFO
2026-06-01T07:37:45.0555140Z Creating container.
2026-06-01T07:37:45.0565655Z Creating pipes for streaming container io.
2026-06-01T07:37:45.0566973Z Creating stdout named pipe at /podr/container/pipe/9e08cb95d164_orpon-backend-api/stdout_5640c06b5c3b489ea077607d34639c3b.
2026-06-01T07:37:45.0569614Z Successfully created stdout named pipe at: /podr/container/pipe/9e08cb95d164_orpon-backend-api/stdout_5640c06b5c3b489ea077607d34639c3b.
2026-06-01T07:37:45.0571134Z Opening named pipe /podr/container/pipe/9e08cb95d164_orpon-backend-api/stdout_5640c06b5c3b489ea077607d34639c3b for reading in non-blocking mode.
2026-06-01T07:37:45.0572855Z Successfully opened named pipe: /podr/container/pipe/9e08cb95d164_orpon-backend-api/stdout_5640c06b5c3b489ea077607d34639c3b.
2026-06-01T07:37:45.0574476Z Successfully removed non-blocking flag from /podr/container/pipe/9e08cb95d164_orpon-backend-api/stdout_5640c06b5c3b489ea077607d34639c3b.
2026-06-01T07:37:45.0576470Z Creating stderr named pipe at /podr/container/pipe/9e08cb95d164_orpon-backend-api/stderr_df103f1f9b2a40fc84ead37c0624cbbf.
2026-06-01T07:37:45.0578395Z Successfully created stderr named pipe at: /podr/container/pipe/9e08cb95d164_orpon-backend-api/stderr_df103f1f9b2a40fc84ead37c0624cbbf.
2026-06-01T07:37:45.0579476Z Opening named pipe /podr/container/pipe/9e08cb95d164_orpon-backend-api/stderr_df103f1f9b2a40fc84ead37c0624cbbf for reading in non-blocking mode.
2026-06-01T07:37:45.0581976Z Successfully opened named pipe: /podr/container/pipe/9e08cb95d164_orpon-backend-api/stderr_df103f1f9b2a40fc84ead37c0624cbbf.
2026-06-01T07:37:45.0583257Z Successfully removed non-blocking flag from /podr/container/pipe/9e08cb95d164_orpon-backend-api/stderr_df103f1f9b2a40fc84ead37c0624cbbf.
2026-06-01T07:37:45.0585106Z Creating container with image: appsvc/node:24-lts_20260504.4.tuxprod from registry: 10.1.0.4:13209 and fully qualified image name: 10.1.0.4:13209/appsvc/node:24-lts_20260504.4.tuxprod
2026-06-01T07:37:45.2690229Z Starting container: 9e08cb95d164_orpon-backend-api.
2026-06-01T07:37:45.2905819Z Starting watchers and probes.
2026-06-01T07:37:45.2928900Z Starting metrics collection.
2026-06-01T07:37:45.2935286Z Container is running.
2026-06-01T07:37:45.2937311Z State: Starting, Action: CreatingContainer, LastError: ContainerTimeout, LastErrorTimestamp: 06/01/2026 07:37:35, LastErrorDetails: Container did not start within expected time limit of 230s. Please inspect your container logs for more details., Details: Container orpon-backend-api successfully created and is running., DetailsLevel: INFO
2026-06-01T07:37:45.3222899Z Container start method finished after 487 ms.
2026-06-01T07:37:45.3237319Z State: Starting, Action: InitiatingSiteWarmUpProbe, LastError: ContainerTimeout, LastErrorTimestamp: 06/01/2026 07:37:35, LastErrorDetails: Container did not start within expected time limit of 230s. Please inspect your container logs for more details., Details: Container orpon-backend-api successfully created and is running., DetailsLevel: INFO
2026-06-01T07:37:45.3238037Z State: Starting, Action: WaitingForSiteWarmUpProbeSuccess, LastError: ContainerTimeout, LastErrorTimestamp: 06/01/2026 07:37:35, LastErrorDetails: Container did not start within expected time limit of 230s. Please inspect your container logs for more details., Details: Pinging warmup path to ensure container is ready to receive requests., DetailsLevel: INFO
2026-06-01T07:37:52.2543064Z Container has finished running with exit code: 1.
2026-06-01T07:37:52.2544032Z Container is terminating. Grace period: 5 seconds.
2026-06-01T07:37:52.2559719Z Stop and delete container. Retry count = 0
2026-06-01T07:37:52.2562788Z Stopping container: 9e08cb95d164_orpon-backend-api.
2026-06-01T07:37:52.2842270Z Deleting container: 9e08cb95d164_orpon-backend-api. Retry count = 0
2026-06-01T07:37:52.3685655Z Container spec TerminationMessagePolicy  path 
2026-06-01T07:37:52.3687364Z Container is terminated. Total time elapsed: 114 ms.
2026-06-01T07:37:52.3688729Z Site container: orpon-backend-api terminated during site startup.
2026-06-01T07:37:52.3690016Z State: Stopping, Action: CancellingStartup, LastError: ContainerTimeout, LastErrorTimestamp: 06/01/2026 07:37:35, LastErrorDetails: Container did not start within expected time limit of 230s. Please inspect your container logs for more details., Details: Site container: orpon-backend-api terminated during site startup. Cancelling site startup., DetailsLevel: ERR
2026-06-01T07:37:52.3705343Z Site startup probe failed after 7.0451912 seconds.
2026-06-01T07:37:52.4182679Z State: Stopping, Action: CancellingStartup, LastError: ContainerTimeout, LastErrorTimestamp: 06/01/2026 07:37:52, LastErrorDetails: Container did not start within expected time limit of 230s. Please inspect your container logs for more details., Details: Site container: orpon-backend-api terminated during site startup. Cancelling site startup., DetailsLevel: ERR
2026-06-01T07:37:52.4197514Z Failed to start site. Revert by stopping site.
2026-06-01T07:37:52.4199193Z State: Stopping, Action: StoppingSite, LastError: ContainerTimeout, LastErrorTimestamp: 06/01/2026 07:37:52, LastErrorDetails: Container did not start within expected time limit of 230s. Please inspect your container logs for more details., Details: Site container: orpon-backend-api terminated during site startup. Cancelling site startup., DetailsLevel: ERR
2026-06-01T07:37:52.4203509Z State: Stopping, Action: StoppingSiteContainers, LastError: ContainerTimeout, LastErrorTimestamp: 06/01/2026 07:37:52, LastErrorDetails: Container did not start within expected time limit of 230s. Please inspect your container logs for more details., Details: Site container: orpon-backend-api terminated during site startup. Cancelling site startup., DetailsLevel: ERR
2026-06-01T07:37:52.4205099Z Site: orpon-backend-api stopped.
