2026-05-31T19:00:38.2819549Z State: Starting, Action: EstablishingSiteNetworks, LastError: , LastErrorTimestamp: 01/01/0001 00:00:00, LastErrorDetails: , Details: , DetailsLevel: INFO
2026-05-31T19:00:39.4676579Z State: Starting, Action: StartingSiteContainers, LastError: , LastErrorTimestamp: 01/01/0001 00:00:00, LastErrorDetails: , Details: , DetailsLevel: INFO
2026-05-31T19:00:39.4725283Z Container start method called.
2026-05-31T19:00:39.4800314Z State: Starting, Action: PullingImage, LastError: , LastErrorTimestamp: 01/01/0001 00:00:00, LastErrorDetails: , Details: Pulling image 10.1.0.6:13209/appsvc/node:24-lts_20260504.4.tuxprod for orpon-backend-api., DetailsLevel: INFO
2026-05-31T19:00:39.4803616Z Establishing network.
2026-05-31T19:00:39.4806803Z Pulling image: appsvc/node:24-lts_20260504.4.tuxprod.
2026-05-31T19:01:02.3391767Z Image appsvc/node:24-lts_20260504.4.tuxprod is pulled from registry 10.1.0.6:13209
2026-05-31T19:01:02.3498661Z Container is starting.
2026-05-31T19:01:02.3505692Z State: Starting, Action: MountingVolumes, LastError: , LastErrorTimestamp: 01/01/0001 00:00:00, LastErrorDetails: , Details: Mounting volumes for orpon-backend-api., DetailsLevel: INFO
2026-05-31T19:01:02.3507607Z Establishing user namespace if not established already.
2026-05-31T19:01:02.3509374Z Establishing network if not established already.
2026-05-31T19:01:02.3511027Z Mounting volumes.
2026-05-31T19:01:02.3541112Z Nested mountpoint 
2026-05-31T19:01:02.3701576Z Nested mountpoint volatile/logs
2026-05-31T19:01:02.3740712Z Nested mountpoint 
2026-05-31T19:01:02.3968887Z Nested mountpoint 
2026-05-31T19:01:02.4014802Z Nested mountpoint 
2026-05-31T19:01:02.5083596Z State: Starting, Action: CreatingContainer, LastError: , LastErrorTimestamp: 01/01/0001 00:00:00, LastErrorDetails: , Details: Finished pulling container image and mounting volumes for orpon-backend-api. Allocatinng the rest of the container resources to finish container creation., DetailsLevel: INFO
2026-05-31T19:01:02.5084676Z Creating container.
2026-05-31T19:01:02.5087830Z Creating pipes for streaming container io.
2026-05-31T19:01:02.5100203Z Creating stdout named pipe at /podr/container/pipe/f702ecf7f4a6_orpon-backend-api/stdout_79f32db244ec4c7fa3dd934540e79705.
2026-05-31T19:01:02.5112012Z Successfully created stdout named pipe at: /podr/container/pipe/f702ecf7f4a6_orpon-backend-api/stdout_79f32db244ec4c7fa3dd934540e79705.
2026-05-31T19:01:02.5120464Z Opening named pipe /podr/container/pipe/f702ecf7f4a6_orpon-backend-api/stdout_79f32db244ec4c7fa3dd934540e79705 for reading in non-blocking mode.
2026-05-31T19:01:02.5123447Z Successfully opened named pipe: /podr/container/pipe/f702ecf7f4a6_orpon-backend-api/stdout_79f32db244ec4c7fa3dd934540e79705.
2026-05-31T19:01:02.5128764Z Successfully removed non-blocking flag from /podr/container/pipe/f702ecf7f4a6_orpon-backend-api/stdout_79f32db244ec4c7fa3dd934540e79705.
2026-05-31T19:01:02.5156831Z Creating stderr named pipe at /podr/container/pipe/f702ecf7f4a6_orpon-backend-api/stderr_77a96476fac7478084dffef7b8288bfc.
2026-05-31T19:01:02.5159521Z Successfully created stderr named pipe at: /podr/container/pipe/f702ecf7f4a6_orpon-backend-api/stderr_77a96476fac7478084dffef7b8288bfc.
2026-05-31T19:01:02.5162304Z Opening named pipe /podr/container/pipe/f702ecf7f4a6_orpon-backend-api/stderr_77a96476fac7478084dffef7b8288bfc for reading in non-blocking mode.
2026-05-31T19:01:02.5168566Z Successfully opened named pipe: /podr/container/pipe/f702ecf7f4a6_orpon-backend-api/stderr_77a96476fac7478084dffef7b8288bfc.
2026-05-31T19:01:02.5170397Z Successfully removed non-blocking flag from /podr/container/pipe/f702ecf7f4a6_orpon-backend-api/stderr_77a96476fac7478084dffef7b8288bfc.
2026-05-31T19:01:02.5205645Z Creating container with image: appsvc/node:24-lts_20260504.4.tuxprod from registry: 10.1.0.6:13209 and fully qualified image name: 10.1.0.6:13209/appsvc/node:24-lts_20260504.4.tuxprod
2026-05-31T19:01:03.1095246Z Starting container: f702ecf7f4a6_orpon-backend-api.
2026-05-31T19:01:03.1828215Z Starting watchers and probes.
2026-05-31T19:01:03.2309747Z Starting metrics collection.
2026-05-31T19:01:03.2361732Z Container is running.
2026-05-31T19:01:03.2362682Z State: Starting, Action: CreatingContainer, LastError: , LastErrorTimestamp: 01/01/0001 00:00:00, LastErrorDetails: , Details: Container orpon-backend-api successfully created and is running., DetailsLevel: INFO
2026-05-31T19:01:03.3240062Z Container start method finished after 23851 ms.
2026-05-31T19:01:03.3243945Z State: Starting, Action: InitiatingSiteWarmUpProbe, LastError: , LastErrorTimestamp: 01/01/0001 00:00:00, LastErrorDetails: , Details: Container orpon-backend-api successfully created and is running., DetailsLevel: INFO
2026-05-31T19:01:03.3309315Z State: Starting, Action: WaitingForSiteWarmUpProbeSuccess, LastError: , LastErrorTimestamp: 01/01/0001 00:00:00, LastErrorDetails: , Details: Pinging warmup path to ensure container is ready to receive requests., DetailsLevel: INFO
2026-05-31T19:01:12.2818474Z Container has finished running with exit code: 1.
2026-05-31T19:01:12.2974466Z Container is terminating. Grace period: 5 seconds.
2026-05-31T19:01:12.3145872Z Stop and delete container. Retry count = 0
2026-05-31T19:01:12.3155713Z Stopping container: f702ecf7f4a6_orpon-backend-api.
2026-05-31T19:01:12.4257266Z Deleting container: f702ecf7f4a6_orpon-backend-api. Retry count = 0
2026-05-31T19:01:12.5635329Z Container spec TerminationMessagePolicy  path 
2026-05-31T19:01:12.5665109Z Container is terminated. Total time elapsed: 268 ms.
2026-05-31T19:01:12.5667566Z Site container: orpon-backend-api terminated during site startup.
2026-05-31T19:01:12.5706987Z State: Stopping, Action: CancellingStartup, LastError: , LastErrorTimestamp: 01/01/0001 00:00:00, LastErrorDetails: , Details: Site container: orpon-backend-api terminated during site startup. Cancelling site startup., DetailsLevel: ERR
2026-05-31T19:01:12.5900759Z Site startup probe failed after 9.2395371 seconds.
2026-05-31T19:01:12.6557942Z State: Stopping, Action: CancellingStartup, LastError: ContainerTimeout, LastErrorTimestamp: 05/31/2026 19:01:12, LastErrorDetails: Container did not start within expected time limit of 230s. Please inspect your container logs for more details., Details: Site container: orpon-backend-api terminated during site startup. Cancelling site startup., DetailsLevel: ERR
2026-05-31T19:01:12.6708698Z Failed to start site. Revert by stopping site.
2026-05-31T19:01:12.6757436Z State: Stopping, Action: StoppingSite, LastError: ContainerTimeout, LastErrorTimestamp: 05/31/2026 19:01:12, LastErrorDetails: Container did not start within expected time limit of 230s. Please inspect your container logs for more details., Details: Site container: orpon-backend-api terminated during site startup. Cancelling site startup., DetailsLevel: ERR
2026-05-31T19:01:12.6792069Z State: Stopping, Action: StoppingSiteContainers, LastError: ContainerTimeout, LastErrorTimestamp: 05/31/2026 19:01:12, LastErrorDetails: Container did not start within expected time limit of 230s. Please inspect your container logs for more details., Details: Site container: orpon-backend-api terminated during site startup. Cancelling site startup., DetailsLevel: ERR
2026-05-31T19:01:12.6800113Z Site: orpon-backend-api stopped.
2026-05-31T19:01:12.6881385Z State: Stopping, Action: UnmountingVolumes, LastError: ContainerTimeout, LastErrorTimestamp: 05/31/2026 19:01:12, LastErrorDetails: Container did not start within expected time limit of 230s. Please inspect your container logs for more details., Details: Site container: orpon-backend-api terminated during site startup. Cancelling site startup., DetailsLevel: ERR
2026-05-31T19:01:12.8475520Z State: Stopping, Action: StoppingSiteNetworks, LastError: ContainerTimeout, LastErrorTimestamp: 05/31/2026 19:01:12, LastErrorDetails: Container did not start within expected time limit of 230s. Please inspect your container logs for more details., Details: Site container: orpon-backend-api terminated during site startup. Cancelling site startup., DetailsLevel: ERR
2026-05-31T19:01:13.1148749Z State: Stopped, Action: None, LastError: ContainerTimeout, LastErrorTimestamp: 05/31/2026 19:01:12, LastErrorDetails: Container did not start within expected time limit of 230s. Please inspect your container logs for more details., Details: Site stopped at 05/31/2026 19:01:13 (UTC), DetailsLevel: ERR
2026-05-31T19:01:13.3519326Z State: Stopped, Action: None, LastError: ContainerTimeout, LastErrorTimestamp: 05/31/2026 19:01:12, LastErrorDetails: Container did not start within expected time limit of 230s. Please inspect your container logs for more details., Details: Site stopped at 05/31/2026 19:01:13 (UTC), DetailsLevel: ERR
2026-05-31T19:01:27.3000866Z State: Starting, Action: EstablishingSiteNetworks, LastError: ContainerTimeout, LastErrorTimestamp: 05/31/2026 19:01:12, LastErrorDetails: Container did not start within expected time limit of 230s. Please inspect your container logs for more details., Details: Site stopped at 05/31/2026 19:01:13 (UTC), DetailsLevel: ERR
2026-05-31T19:01:27.8690477Z State: Starting, Action: StartingSiteContainers, LastError: ContainerTimeout, LastErrorTimestamp: 05/31/2026 19:01:12, LastErrorDetails: Container did not start within expected time limit of 230s. Please inspect your container logs for more details., Details: Site stopped at 05/31/2026 19:01:13 (UTC), DetailsLevel: ERR
2026-05-31T19:01:27.8692575Z Container start method called.
2026-05-31T19:01:27.8693337Z State: Starting, Action: PullingImage, LastError: ContainerTimeout, LastErrorTimestamp: 05/31/2026 19:01:12, LastErrorDetails: Container did not start within expected time limit of 230s. Please inspect your container logs for more details., Details: Pulling image 10.1.0.6:13209/appsvc/node:24-lts_20260504.4.tuxprod for orpon-backend-api., DetailsLevel: INFO
2026-05-31T19:01:27.8694681Z Establishing network.
2026-05-31T19:01:27.8696040Z Pulling image: appsvc/node:24-lts_20260504.4.tuxprod.
2026-05-31T19:01:28.1838658Z Container is starting.
2026-05-31T19:01:28.1839529Z State: Starting, Action: MountingVolumes, LastError: ContainerTimeout, LastErrorTimestamp: 05/31/2026 19:01:12, LastErrorDetails: Container did not start within expected time limit of 230s. Please inspect your container logs for more details., Details: Mounting volumes for orpon-backend-api., DetailsLevel: INFO
2026-05-31T19:01:28.1840673Z Establishing user namespace if not established already.
2026-05-31T19:01:28.1845269Z Establishing network if not established already.
2026-05-31T19:01:28.1848315Z Mounting volumes.
2026-05-31T19:01:28.1850546Z Nested mountpoint 
2026-05-31T19:01:28.1890024Z Nested mountpoint volatile/logs
2026-05-31T19:01:28.1935453Z Nested mountpoint 
2026-05-31T19:01:28.1974318Z Nested mountpoint 
2026-05-31T19:01:28.1980468Z Nested mountpoint 
2026-05-31T19:01:28.3800728Z State: Starting, Action: CreatingContainer, LastError: ContainerTimeout, LastErrorTimestamp: 05/31/2026 19:01:12, LastErrorDetails: Container did not start within expected time limit of 230s. Please inspect your container logs for more details., Details: Finished pulling container image and mounting volumes for orpon-backend-api. Allocatinng the rest of the container resources to finish container creation., DetailsLevel: INFO
2026-05-31T19:01:28.3802433Z Creating container.
2026-05-31T19:01:28.3804142Z Creating pipes for streaming container io.
2026-05-31T19:01:28.3805667Z Creating stdout named pipe at /podr/container/pipe/3db9c88d958e_orpon-backend-api/stdout_fd5c72ab77cc4db29a8a3260cf7cc45e.
2026-05-31T19:01:28.3866495Z Successfully created stdout named pipe at: /podr/container/pipe/3db9c88d958e_orpon-backend-api/stdout_fd5c72ab77cc4db29a8a3260cf7cc45e.
2026-05-31T19:01:28.3867851Z Opening named pipe /podr/container/pipe/3db9c88d958e_orpon-backend-api/stdout_fd5c72ab77cc4db29a8a3260cf7cc45e for reading in non-blocking mode.
2026-05-31T19:01:28.3869693Z Successfully opened named pipe: /podr/container/pipe/3db9c88d958e_orpon-backend-api/stdout_fd5c72ab77cc4db29a8a3260cf7cc45e.
2026-05-31T19:01:28.3870998Z Successfully removed non-blocking flag from /podr/container/pipe/3db9c88d958e_orpon-backend-api/stdout_fd5c72ab77cc4db29a8a3260cf7cc45e.
2026-05-31T19:01:28.3872647Z Creating stderr named pipe at /podr/container/pipe/3db9c88d958e_orpon-backend-api/stderr_597667dfefa24b2d9fe4e3c111e125e0.
2026-05-31T19:01:28.3874373Z Successfully created stderr named pipe at: /podr/container/pipe/3db9c88d958e_orpon-backend-api/stderr_597667dfefa24b2d9fe4e3c111e125e0.
2026-05-31T19:01:28.3875411Z Opening named pipe /podr/container/pipe/3db9c88d958e_orpon-backend-api/stderr_597667dfefa24b2d9fe4e3c111e125e0 for reading in non-blocking mode.
2026-05-31T19:01:28.3876650Z Successfully opened named pipe: /podr/container/pipe/3db9c88d958e_orpon-backend-api/stderr_597667dfefa24b2d9fe4e3c111e125e0.
2026-05-31T19:01:28.3877877Z Successfully removed non-blocking flag from /podr/container/pipe/3db9c88d958e_orpon-backend-api/stderr_597667dfefa24b2d9fe4e3c111e125e0.
2026-05-31T19:01:28.3879348Z Creating container with image: appsvc/node:24-lts_20260504.4.tuxprod from registry: 10.1.0.6:13209 and fully qualified image name: 10.1.0.6:13209/appsvc/node:24-lts_20260504.4.tuxprod
2026-05-31T19:01:29.7830757Z Starting container: 3db9c88d958e_orpon-backend-api.
2026-05-31T19:01:29.8047947Z Starting watchers and probes.
2026-05-31T19:01:29.8050555Z Starting metrics collection.
2026-05-31T19:01:29.8067951Z Container is running.
2026-05-31T19:01:29.8080801Z State: Starting, Action: CreatingContainer, LastError: ContainerTimeout, LastErrorTimestamp: 05/31/2026 19:01:12, LastErrorDetails: Container did not start within expected time limit of 230s. Please inspect your container logs for more details., Details: Container orpon-backend-api successfully created and is running., DetailsLevel: INFO
2026-05-31T19:01:29.8511986Z Container start method finished after 1981 ms.
2026-05-31T19:01:29.8514053Z State: Starting, Action: InitiatingSiteWarmUpProbe, LastError: ContainerTimeout, LastErrorTimestamp: 05/31/2026 19:01:12, LastErrorDetails: Container did not start within expected time limit of 230s. Please inspect your container logs for more details., Details: Container orpon-backend-api successfully created and is running., DetailsLevel: INFO
2026-05-31T19:01:29.8514372Z State: Starting, Action: WaitingForSiteWarmUpProbeSuccess, LastError: ContainerTimeout, LastErrorTimestamp: 05/31/2026 19:01:12, LastErrorDetails: Container did not start within expected time limit of 230s. Please inspect your container logs for more details., Details: Pinging warmup path to ensure container is ready to receive requests., DetailsLevel: INFO
2026-05-31T19:01:37.2208605Z Container has finished running with exit code: 1.
2026-05-31T19:01:37.2210889Z Container is terminating. Grace period: 5 seconds.
2026-05-31T19:01:37.2301706Z Stop and delete container. Retry count = 0
2026-05-31T19:01:37.2303285Z Stopping container: 3db9c88d958e_orpon-backend-api.
2026-05-31T19:01:37.2995185Z Deleting container: 3db9c88d958e_orpon-backend-api. Retry count = 0
2026-05-31T19:01:37.4520535Z Container spec TerminationMessagePolicy  path 
2026-05-31T19:01:37.4562003Z Container is terminated. Total time elapsed: 226 ms.
2026-05-31T19:01:37.4563858Z Site container: orpon-backend-api terminated during site startup.
2026-05-31T19:01:37.4606116Z State: Stopping, Action: CancellingStartup, LastError: ContainerTimeout, LastErrorTimestamp: 05/31/2026 19:01:12, LastErrorDetails: Container did not start within expected time limit of 230s. Please inspect your container logs for more details., Details: Site container: orpon-backend-api terminated during site startup. Cancelling site startup., DetailsLevel: ERR
2026-05-31T19:01:37.4723786Z Site startup probe failed after 7.614662 seconds.
2026-05-31T19:01:37.5270926Z State: Stopping, Action: CancellingStartup, LastError: ContainerTimeout, LastErrorTimestamp: 05/31/2026 19:01:37, LastErrorDetails: Container did not start within expected time limit of 230s. Please inspect your container logs for more details., Details: Site container: orpon-backend-api terminated during site startup. Cancelling site startup., DetailsLevel: ERR
2026-05-31T19:01:37.5304314Z Failed to start site. Revert by stopping site.
2026-05-31T19:01:37.5307673Z State: Stopping, Action: StoppingSite, LastError: ContainerTimeout, LastErrorTimestamp: 05/31/2026 19:01:37, LastErrorDetails: Container did not start within expected time limit of 230s. Please inspect your container logs for more details., Details: Site container: orpon-backend-api terminated during site startup. Cancelling site startup., DetailsLevel: ERR
2026-05-31T19:01:37.5310750Z State: Stopping, Action: StoppingSiteContainers, LastError: ContainerTimeout, LastErrorTimestamp: 05/31/2026 19:01:37, LastErrorDetails: Container did not start within expected time limit of 230s. Please inspect your container logs for more details., Details: Site container: orpon-backend-api terminated during site startup. Cancelling site startup., DetailsLevel: ERR
2026-05-31T19:01:37.5310940Z Site: orpon-backend-api stopped.
2026-05-31T19:01:37.5477615Z State: Stopping, Action: UnmountingVolumes, LastError: ContainerTimeout, LastErrorTimestamp: 05/31/2026 19:01:37, LastErrorDetails: Container did not start within expected time limit of 230s. Please inspect your container logs for more details., Details: Site container: orpon-backend-api terminated during site startup. Cancelling site startup., DetailsLevel: ERR
2026-05-31T19:01:37.6351174Z State: Stopping, Action: StoppingSiteNetworks, LastError: ContainerTimeout, LastErrorTimestamp: 05/31/2026 19:01:37, LastErrorDetails: Container did not start within expected time limit of 230s. Please inspect your container logs for more details., Details: Site container: orpon-backend-api terminated during site startup. Cancelling site startup., DetailsLevel: ERR
2026-05-31T19:01:37.6994316Z Site: orpon-backend-api will be blocked for 1 minutes till 05/31/2026 19:02:37
2026-05-31T19:01:37.6997186Z State: Blocked, Action: StoppingSiteNetworks, LastError: ContainerTimeout, LastErrorTimestamp: 05/31/2026 19:01:37, LastErrorDetails: Container did not start within expected time limit of 230s. Please inspect your container logs for more details., Details: Site: orpon-backend-api will be blocked for 1 minutes till 05/31/2026 19:02:37, DetailsLevel: WARN
2026-05-31T19:01:37.7152870Z State: Stopped, Action: None, LastError: ContainerTimeout, LastErrorTimestamp: 05/31/2026 19:01:37, LastErrorDetails: Container did not start within expected time limit of 230s. Please inspect your container logs for more details., Details: Site stopped at 05/31/2026 19:01:37 (UTC), DetailsLevel: WARN
2026-05-31T19:01:37.9681082Z State: Stopped, Action: None, LastError: ContainerTimeout, LastErrorTimestamp: 05/31/2026 19:01:37, LastErrorDetails: Container did not start within expected time limit of 230s. Please inspect your container logs for more details., Details: Site stopped at 05/31/2026 19:01:37 (UTC), DetailsLevel: WARN
2026-05-31T19:01:43.0474257Z State: Blocked, Action: None, LastError: ContainerTimeout, LastErrorTimestamp: 05/31/2026 19:01:37, LastErrorDetails: Container did not start within expected time limit of 230s. Please inspect your container logs for more details., Details: Site is blocked due to multiple, consecutive cold start failures. Site scheduled to be unblocked at 05/31/2026 19:02:37, DetailsLevel: WARN
2026-05-31T19:01:43.0475322Z Start site prohibitted because the site is being blocked.
2026-05-31T19:01:48.1685469Z State: Blocked, Action: None, LastError: ContainerTimeout, LastErrorTimestamp: 05/31/2026 19:01:37, LastErrorDetails: Container did not start within expected time limit of 230s. Please inspect your container logs for more details., Details: Site is blocked due to multiple, consecutive cold start failures. Site scheduled to be unblocked at 05/31/2026 19:02:37, DetailsLevel: WARN
2026-05-31T19:01:48.1685795Z Start site prohibitted because the site is being blocked.
2026-05-31T19:01:53.2269010Z State: Blocked, Action: None, LastError: ContainerTimeout, LastErrorTimestamp: 05/31/2026 19:01:37, LastErrorDetails: Container did not start within expected time limit of 230s. Please inspect your container logs for more details., Details: Site is blocked due to multiple, consecutive cold start failures. Site scheduled to be unblocked at 05/31/2026 19:02:37, DetailsLevel: WARN
2026-05-31T19:01:53.2269465Z Start site prohibitted because the site is being blocked.
2026-05-31T19:01:58.2787060Z State: Blocked, Action: None, LastError: ContainerTimeout, LastErrorTimestamp: 05/31/2026 19:01:37, LastErrorDetails: Container did not start within expected time limit of 230s. Please inspect your container logs for more details., Details: Site is blocked due to multiple, consecutive cold start failures. Site scheduled to be unblocked at 05/31/2026 19:02:37, DetailsLevel: WARN
2026-05-31T19:01:58.2787471Z Start site prohibitted because the site is being blocked.
2026-05-31T19:02:03.3542308Z State: Blocked, Action: None, LastError: ContainerTimeout, LastErrorTimestamp: 05/31/2026 19:01:37, LastErrorDetails: Container did not start within expected time limit of 230s. Please inspect your container logs for more details., Details: Site is blocked due to multiple, consecutive cold start failures. Site scheduled to be unblocked at 05/31/2026 19:02:37, DetailsLevel: WARN
2026-05-31T19:02:03.3542600Z Start site prohibitted because the site is being blocked.
2026-05-31T19:02:08.4185596Z State: Blocked, Action: None, LastError: ContainerTimeout, LastErrorTimestamp: 05/31/2026 19:01:37, LastErrorDetails: Container did not start within expected time limit of 230s. Please inspect your container logs for more details., Details: Site is blocked due to multiple, consecutive cold start failures. Site scheduled to be unblocked at 05/31/2026 19:02:37, DetailsLevel: WARN
2026-05-31T19:02:08.4185986Z Start site prohibitted because the site is being blocked.
2026-05-31T19:02:13.6527413Z State: Blocked, Action: None, LastError: ContainerTimeout, LastErrorTimestamp: 05/31/2026 19:01:37, LastErrorDetails: Container did not start within expected time limit of 230s. Please inspect your container logs for more details., Details: Site is blocked due to multiple, consecutive cold start failures. Site scheduled to be unblocked at 05/31/2026 19:02:37, DetailsLevel: WARN
2026-05-31T19:02:13.6527986Z Start site prohibitted because the site is being blocked.
2026-05-31T19:02:18.8676647Z State: Blocked, Action: None, LastError: ContainerTimeout, LastErrorTimestamp: 05/31/2026 19:01:37, LastErrorDetails: Container did not start within expected time limit of 230s. Please inspect your container logs for more details., Details: Site is blocked due to multiple, consecutive cold start failures. Site scheduled to be unblocked at 05/31/2026 19:02:37, DetailsLevel: WARN
2026-05-31T19:02:18.8676964Z Start site prohibitted because the site is being blocked.
2026-05-31T19:02:23.9117670Z State: Blocked, Action: None, LastError: ContainerTimeout, LastErrorTimestamp: 05/31/2026 19:01:37, LastErrorDetails: Container did not start within expected time limit of 230s. Please inspect your container logs for more details., Details: Site is blocked due to multiple, consecutive cold start failures. Site scheduled to be unblocked at 05/31/2026 19:02:37, DetailsLevel: WARN
2026-05-31T19:02:23.9118017Z Start site prohibitted because the site is being blocked.
2026-05-31T19:02:28.9960077Z State: Blocked, Action: None, LastError: ContainerTimeout, LastErrorTimestamp: 05/31/2026 19:01:37, LastErrorDetails: Container did not start within expected time limit of 230s. Please inspect your container logs for more details., Details: Site is blocked due to multiple, consecutive cold start failures. Site scheduled to be unblocked at 05/31/2026 19:02:37, DetailsLevel: WARN
2026-05-31T19:02:28.9961514Z Start site prohibitted because the site is being blocked.
2026-05-31T19:02:34.0516233Z State: Blocked, Action: None, LastError: ContainerTimeout, LastErrorTimestamp: 05/31/2026 19:01:37, LastErrorDetails: Container did not start within expected time limit of 230s. Please inspect your container logs for more details., Details: Site is blocked due to multiple, consecutive cold start failures. Site scheduled to be unblocked at 05/31/2026 19:02:37, DetailsLevel: WARN
2026-05-31T19:02:34.0516536Z Start site prohibitted because the site is being blocked.
2026-05-31T19:02:37.7017022Z Site: orpon-backend-api is unblocked.
2026-05-31T19:02:39.1346203Z State: Starting, Action: EstablishingSiteNetworks, LastError: ContainerTimeout, LastErrorTimestamp: 05/31/2026 19:01:37, LastErrorDetails: Container did not start within expected time limit of 230s. Please inspect your container logs for more details., Details: Site is blocked due to multiple, consecutive cold start failures. Site scheduled to be unblocked at 05/31/2026 19:02:37, DetailsLevel: WARN
2026-05-31T19:02:39.6119615Z State: Starting, Action: StartingSiteContainers, LastError: ContainerTimeout, LastErrorTimestamp: 05/31/2026 19:01:37, LastErrorDetails: Container did not start within expected time limit of 230s. Please inspect your container logs for more details., Details: Site is blocked due to multiple, consecutive cold start failures. Site scheduled to be unblocked at 05/31/2026 19:02:37, DetailsLevel: WARN
2026-05-31T19:02:39.6121171Z Container start method called.
2026-05-31T19:02:39.6121980Z State: Starting, Action: PullingImage, LastError: ContainerTimeout, LastErrorTimestamp: 05/31/2026 19:01:37, LastErrorDetails: Container did not start within expected time limit of 230s. Please inspect your container logs for more details., Details: Pulling image 10.1.0.6:13209/appsvc/node:24-lts_20260504.4.tuxprod for orpon-backend-api., DetailsLevel: INFO
2026-05-31T19:02:39.6124437Z Establishing network.
2026-05-31T19:02:39.6125954Z Pulling image: appsvc/node:24-lts_20260504.4.tuxprod.
2026-05-31T19:02:39.7458115Z Container is starting.
2026-05-31T19:02:39.7459029Z State: Starting, Action: MountingVolumes, LastError: ContainerTimeout, LastErrorTimestamp: 05/31/2026 19:01:37, LastErrorDetails: Container did not start within expected time limit of 230s. Please inspect your container logs for more details., Details: Mounting volumes for orpon-backend-api., DetailsLevel: INFO
2026-05-31T19:02:39.7460428Z Establishing user namespace if not established already.
2026-05-31T19:02:39.7468844Z Establishing network if not established already.
2026-05-31T19:02:39.7470239Z Mounting volumes.
2026-05-31T19:02:39.7480024Z Nested mountpoint 
2026-05-31T19:02:39.7511671Z Nested mountpoint volatile/logs
2026-05-31T19:02:39.7552449Z Nested mountpoint 
2026-05-31T19:02:39.7562019Z Nested mountpoint 
2026-05-31T19:02:39.7575487Z Nested mountpoint 
2026-05-31T19:02:44.2457146Z State: Starting, Action: CreatingContainer, LastError: ContainerTimeout, LastErrorTimestamp: 05/31/2026 19:01:37, LastErrorDetails: Container did not start within expected time limit of 230s. Please inspect your container logs for more details., Details: Finished pulling container image and mounting volumes for orpon-backend-api. Allocatinng the rest of the container resources to finish container creation., DetailsLevel: INFO
2026-05-31T19:02:44.2458890Z Creating container.
2026-05-31T19:02:44.2460102Z Creating pipes for streaming container io.
2026-05-31T19:02:44.2461346Z Creating stdout named pipe at /podr/container/pipe/85c36909fe68_orpon-backend-api/stdout_b3b77e5016f340e483db4a6aab961602.
2026-05-31T19:02:44.2489275Z Successfully created stdout named pipe at: /podr/container/pipe/85c36909fe68_orpon-backend-api/stdout_b3b77e5016f340e483db4a6aab961602.
2026-05-31T19:02:44.2510112Z Opening named pipe /podr/container/pipe/85c36909fe68_orpon-backend-api/stdout_b3b77e5016f340e483db4a6aab961602 for reading in non-blocking mode.
2026-05-31T19:02:44.2519692Z Successfully opened named pipe: /podr/container/pipe/85c36909fe68_orpon-backend-api/stdout_b3b77e5016f340e483db4a6aab961602.
2026-05-31T19:02:44.2527557Z Successfully removed non-blocking flag from /podr/container/pipe/85c36909fe68_orpon-backend-api/stdout_b3b77e5016f340e483db4a6aab961602.
2026-05-31T19:02:44.2547245Z Creating stderr named pipe at /podr/container/pipe/85c36909fe68_orpon-backend-api/stderr_70e68a6c49ae431c87caa19d854e2ffa.
2026-05-31T19:02:44.2551221Z Successfully created stderr named pipe at: /podr/container/pipe/85c36909fe68_orpon-backend-api/stderr_70e68a6c49ae431c87caa19d854e2ffa.
2026-05-31T19:02:44.2561069Z Opening named pipe /podr/container/pipe/85c36909fe68_orpon-backend-api/stderr_70e68a6c49ae431c87caa19d854e2ffa for reading in non-blocking mode.
2026-05-31T19:02:44.2565134Z Successfully opened named pipe: /podr/container/pipe/85c36909fe68_orpon-backend-api/stderr_70e68a6c49ae431c87caa19d854e2ffa.
2026-05-31T19:02:44.2570120Z Successfully removed non-blocking flag from /podr/container/pipe/85c36909fe68_orpon-backend-api/stderr_70e68a6c49ae431c87caa19d854e2ffa.
2026-05-31T19:02:44.2585133Z Creating container with image: appsvc/node:24-lts_20260504.4.tuxprod from registry: 10.1.0.6:13209 and fully qualified image name: 10.1.0.6:13209/appsvc/node:24-lts_20260504.4.tuxprod
2026-05-31T19:02:44.6435822Z Starting container: 85c36909fe68_orpon-backend-api.
2026-05-31T19:02:44.6598470Z Starting watchers and probes.
2026-05-31T19:02:44.6602033Z Starting metrics collection.
2026-05-31T19:02:44.6603695Z Container is running.
2026-05-31T19:02:44.6604678Z State: Starting, Action: CreatingContainer, LastError: ContainerTimeout, LastErrorTimestamp: 05/31/2026 19:01:37, LastErrorDetails: Container did not start within expected time limit of 230s. Please inspect your container logs for more details., Details: Container orpon-backend-api successfully created and is running., DetailsLevel: INFO
2026-05-31T19:02:44.7054457Z Container start method finished after 5093 ms.
2026-05-31T19:02:44.7056943Z State: Starting, Action: InitiatingSiteWarmUpProbe, LastError: ContainerTimeout, LastErrorTimestamp: 05/31/2026 19:01:37, LastErrorDetails: Container did not start within expected time limit of 230s. Please inspect your container logs for more details., Details: Container orpon-backend-api successfully created and is running., DetailsLevel: INFO
2026-05-31T19:02:44.7057267Z State: Starting, Action: WaitingForSiteWarmUpProbeSuccess, LastError: ContainerTimeout, LastErrorTimestamp: 05/31/2026 19:01:37, LastErrorDetails: Container did not start within expected time limit of 230s. Please inspect your container logs for more details., Details: Pinging warmup path to ensure container is ready to receive requests., DetailsLevel: INFO
2026-05-31T19:02:55.4315061Z Container has finished running with exit code: 1.
2026-05-31T19:02:55.4320102Z Container is terminating. Grace period: 5 seconds.
2026-05-31T19:02:55.4324861Z Stop and delete container. Retry count = 0
2026-05-31T19:02:55.4326448Z Stopping container: 85c36909fe68_orpon-backend-api.
2026-05-31T19:02:55.4930640Z Deleting container: 85c36909fe68_orpon-backend-api. Retry count = 0
2026-05-31T19:02:55.5958004Z Container spec TerminationMessagePolicy  path 
2026-05-31T19:02:55.5959842Z Container is terminated. Total time elapsed: 163 ms.
2026-05-31T19:02:55.5961216Z Site container: orpon-backend-api terminated during site startup.
2026-05-31T19:02:55.5962419Z State: Stopping, Action: CancellingStartup, LastError: ContainerTimeout, LastErrorTimestamp: 05/31/2026 19:01:37, LastErrorDetails: Container did not start within expected time limit of 230s. Please inspect your container logs for more details., Details: Site container: orpon-backend-api terminated during site startup. Cancelling site startup., DetailsLevel: ERR
2026-05-31T19:02:55.5992508Z Site startup probe failed after 10.8927161 seconds.
2026-05-31T19:02:55.6621552Z State: Stopping, Action: CancellingStartup, LastError: ContainerTimeout, LastErrorTimestamp: 05/31/2026 19:02:55, LastErrorDetails: Container did not start within expected time limit of 230s. Please inspect your container logs for more details., Details: Site container: orpon-backend-api terminated during site startup. Cancelling site startup., DetailsLevel: ERR
2026-05-31T19:02:55.6646993Z Failed to start site. Revert by stopping site.
2026-05-31T19:02:55.6669734Z State: Stopping, Action: StoppingSite, LastError: ContainerTimeout, LastErrorTimestamp: 05/31/2026 19:02:55, LastErrorDetails: Container did not start within expected time limit of 230s. Please inspect your container logs for more details., Details: Site container: orpon-backend-api terminated during site startup. Cancelling site startup., DetailsLevel: ERR
2026-05-31T19:02:55.6673227Z State: Stopping, Action: StoppingSiteContainers, LastError: ContainerTimeout, LastErrorTimestamp: 05/31/2026 19:02:55, LastErrorDetails: Container did not start within expected time limit of 230s. Please inspect your container logs for more details., Details: Site container: orpon-backend-api terminated during site startup. Cancelling site startup., DetailsLevel: ERR
2026-05-31T19:02:55.6673417Z Site: orpon-backend-api stopped.
2026-05-31T19:04:18.3960344Z State: Starting, Action: EstablishingSiteNetworks, LastError: ContainerTimeout, LastErrorTimestamp: 05/31/2026 19:02:55, LastErrorDetails: Container did not start within expected time limit of 230s. Please inspect your container logs for more details., Details: Site is blocked due to multiple, consecutive cold start failures. Site scheduled to be unblocked at 05/31/2026 19:03:55, DetailsLevel: WARN
2026-05-31T19:04:18.7206879Z State: Starting, Action: StartingSiteContainers, LastError: ContainerTimeout, LastErrorTimestamp: 05/31/2026 19:02:55, LastErrorDetails: Container did not start within expected time limit of 230s. Please inspect your container logs for more details., Details: Site is blocked due to multiple, consecutive cold start failures. Site scheduled to be unblocked at 05/31/2026 19:03:55, DetailsLevel: WARN
2026-05-31T19:04:18.7209092Z Container start method called.
2026-05-31T19:04:18.7209565Z State: Starting, Action: PullingImage, LastError: ContainerTimeout, LastErrorTimestamp: 05/31/2026 19:02:55, LastErrorDetails: Container did not start within expected time limit of 230s. Please inspect your container logs for more details., Details: Pulling image 10.1.0.6:13209/appsvc/node:24-lts_20260504.4.tuxprod for orpon-backend-api., DetailsLevel: INFO
2026-05-31T19:04:18.7210664Z Establishing network.
2026-05-31T19:04:18.7219838Z Pulling image: appsvc/node:24-lts_20260504.4.tuxprod.
2026-05-31T19:04:18.8518646Z Container is starting.
2026-05-31T19:04:18.8520056Z State: Starting, Action: MountingVolumes, LastError: ContainerTimeout, LastErrorTimestamp: 05/31/2026 19:02:55, LastErrorDetails: Container did not start within expected time limit of 230s. Please inspect your container logs for more details., Details: Mounting volumes for orpon-backend-api., DetailsLevel: INFO
2026-05-31T19:04:18.8521785Z Establishing user namespace if not established already.
2026-05-31T19:04:18.8523383Z Establishing network if not established already.
2026-05-31T19:04:18.8524772Z Mounting volumes.
2026-05-31T19:04:18.8528886Z Nested mountpoint 
2026-05-31T19:04:18.8542324Z Nested mountpoint volatile/logs
2026-05-31T19:04:18.8645845Z Nested mountpoint 
2026-05-31T19:04:18.8657197Z Nested mountpoint 
2026-05-31T19:04:18.8666016Z Nested mountpoint 
2026-05-31T19:04:18.9599072Z State: Starting, Action: CreatingContainer, LastError: ContainerTimeout, LastErrorTimestamp: 05/31/2026 19:02:55, LastErrorDetails: Container did not start within expected time limit of 230s. Please inspect your container logs for more details., Details: Finished pulling container image and mounting volumes for orpon-backend-api. Allocatinng the rest of the container resources to finish container creation., DetailsLevel: INFO
2026-05-31T19:04:18.9600803Z Creating container.
2026-05-31T19:04:18.9601954Z Creating pipes for streaming container io.
2026-05-31T19:04:18.9602702Z Creating stdout named pipe at /podr/container/pipe/831a5fd60450_orpon-backend-api/stdout_fdb8901a685a40029552288cc07eca51.
2026-05-31T19:04:18.9604197Z Successfully created stdout named pipe at: /podr/container/pipe/831a5fd60450_orpon-backend-api/stdout_fdb8901a685a40029552288cc07eca51.
2026-05-31T19:04:18.9604872Z Opening named pipe /podr/container/pipe/831a5fd60450_orpon-backend-api/stdout_fdb8901a685a40029552288cc07eca51 for reading in non-blocking mode.
2026-05-31T19:04:18.9605657Z Successfully opened named pipe: /podr/container/pipe/831a5fd60450_orpon-backend-api/stdout_fdb8901a685a40029552288cc07eca51.
2026-05-31T19:04:18.9606259Z Successfully removed non-blocking flag from /podr/container/pipe/831a5fd60450_orpon-backend-api/stdout_fdb8901a685a40029552288cc07eca51.
2026-05-31T19:04:18.9608134Z Creating stderr named pipe at /podr/container/pipe/831a5fd60450_orpon-backend-api/stderr_c706a49740fe4239af08174475c5d000.
2026-05-31T19:04:18.9609368Z Successfully created stderr named pipe at: /podr/container/pipe/831a5fd60450_orpon-backend-api/stderr_c706a49740fe4239af08174475c5d000.
2026-05-31T19:04:18.9610053Z Opening named pipe /podr/container/pipe/831a5fd60450_orpon-backend-api/stderr_c706a49740fe4239af08174475c5d000 for reading in non-blocking mode.
2026-05-31T19:04:18.9613136Z Successfully opened named pipe: /podr/container/pipe/831a5fd60450_orpon-backend-api/stderr_c706a49740fe4239af08174475c5d000.
2026-05-31T19:04:18.9614437Z Successfully removed non-blocking flag from /podr/container/pipe/831a5fd60450_orpon-backend-api/stderr_c706a49740fe4239af08174475c5d000.
2026-05-31T19:04:18.9618269Z Creating container with image: appsvc/node:24-lts_20260504.4.tuxprod from registry: 10.1.0.6:13209 and fully qualified image name: 10.1.0.6:13209/appsvc/node:24-lts_20260504.4.tuxprod
2026-05-31T19:04:19.1490378Z Starting container: 831a5fd60450_orpon-backend-api.
2026-05-31T19:04:19.1699258Z Starting watchers and probes.
2026-05-31T19:04:19.1701882Z Starting metrics collection.
2026-05-31T19:04:19.1706028Z Container is running.
2026-05-31T19:04:19.1707046Z State: Starting, Action: CreatingContainer, LastError: ContainerTimeout, LastErrorTimestamp: 05/31/2026 19:02:55, LastErrorDetails: Container did not start within expected time limit of 230s. Please inspect your container logs for more details., Details: Container orpon-backend-api successfully created and is running., DetailsLevel: INFO
2026-05-31T19:04:19.1875092Z Container start method finished after 466 ms.
2026-05-31T19:04:19.1884113Z State: Starting, Action: InitiatingSiteWarmUpProbe, LastError: ContainerTimeout, LastErrorTimestamp: 05/31/2026 19:02:55, LastErrorDetails: Container did not start within expected time limit of 230s. Please inspect your container logs for more details., Details: Container orpon-backend-api successfully created and is running., DetailsLevel: INFO
2026-05-31T19:04:19.1884800Z State: Starting, Action: WaitingForSiteWarmUpProbeSuccess, LastError: ContainerTimeout, LastErrorTimestamp: 05/31/2026 19:02:55, LastErrorDetails: Container did not start within expected time limit of 230s. Please inspect your container logs for more details., Details: Pinging warmup path to ensure container is ready to receive requests., DetailsLevel: INFO
2026-05-31T19:04:27.4913925Z Container has finished running with exit code: 1.
2026-05-31T19:04:27.4916058Z Container is terminating. Grace period: 5 seconds.
2026-05-31T19:04:27.4920068Z Stop and delete container. Retry count = 0
2026-05-31T19:04:27.4921464Z Stopping container: 831a5fd60450_orpon-backend-api.
2026-05-31T19:04:27.5168258Z Deleting container: 831a5fd60450_orpon-backend-api. Retry count = 0
2026-05-31T19:04:27.6080767Z Container spec TerminationMessagePolicy  path 
2026-05-31T19:04:27.6082542Z Container is terminated. Total time elapsed: 116 ms.
2026-05-31T19:04:27.6084030Z Site container: orpon-backend-api terminated during site startup.
2026-05-31T19:04:27.6085051Z State: Stopping, Action: CancellingStartup, LastError: ContainerTimeout, LastErrorTimestamp: 05/31/2026 19:02:55, LastErrorDetails: Container did not start within expected time limit of 230s. Please inspect your container logs for more details., Details: Site container: orpon-backend-api terminated during site startup. Cancelling site startup., DetailsLevel: ERR
2026-05-31T19:04:27.6103995Z Site startup probe failed after 8.4205316 seconds.
2026-05-31T19:04:27.6697419Z State: Stopping, Action: CancellingStartup, LastError: ContainerTimeout, LastErrorTimestamp: 05/31/2026 19:04:27, LastErrorDetails: Container did not start within expected time limit of 230s. Please inspect your container logs for more details., Details: Site container: orpon-backend-api terminated during site startup. Cancelling site startup., DetailsLevel: ERR
2026-05-31T19:04:27.6711724Z Failed to start site. Revert by stopping site.
2026-05-31T19:04:27.6712496Z State: Stopping, Action: StoppingSite, LastError: ContainerTimeout, LastErrorTimestamp: 05/31/2026 19:04:27, LastErrorDetails: Container did not start within expected time limit of 230s. Please inspect your container logs for more details., Details: Site container: orpon-backend-api terminated during site startup. Cancelling site startup., DetailsLevel: ERR
2026-05-31T19:04:27.6714654Z State: Stopping, Action: StoppingSiteContainers, LastError: ContainerTimeout, LastErrorTimestamp: 05/31/2026 19:04:27, LastErrorDetails: Container did not start within expected time limit of 230s. Please inspect your container logs for more details., Details: Site container: orpon-backend-api terminated during site startup. Cancelling site startup., DetailsLevel: ERR
2026-05-31T19:04:27.6714809Z Site: orpon-backend-api stopped.
2026-05-31T19:04:53.1265352Z State: Starting, Action: EstablishingSiteNetworks, LastError: ContainerTimeout, LastErrorTimestamp: 05/31/2026 19:04:27, LastErrorDetails: Container did not start within expected time limit of 230s. Please inspect your container logs for more details., Details: Site stopped at 05/31/2026 19:04:27 (UTC), DetailsLevel: ERR
2026-05-31T19:04:53.4620727Z State: Starting, Action: StartingSiteContainers, LastError: ContainerTimeout, LastErrorTimestamp: 05/31/2026 19:04:27, LastErrorDetails: Container did not start within expected time limit of 230s. Please inspect your container logs for more details., Details: Site stopped at 05/31/2026 19:04:27 (UTC), DetailsLevel: ERR
2026-05-31T19:04:53.4622212Z Container start method called.
2026-05-31T19:04:53.4622699Z State: Starting, Action: PullingImage, LastError: ContainerTimeout, LastErrorTimestamp: 05/31/2026 19:04:27, LastErrorDetails: Container did not start within expected time limit of 230s. Please inspect your container logs for more details., Details: Pulling image 10.1.0.6:13209/appsvc/node:24-lts_20260504.4.tuxprod for orpon-backend-api., DetailsLevel: INFO
2026-05-31T19:04:53.4624011Z Establishing network.
2026-05-31T19:04:53.4625835Z Pulling image: appsvc/node:24-lts_20260504.4.tuxprod.
2026-05-31T19:04:53.5698734Z Container is starting.
2026-05-31T19:04:53.5699794Z State: Starting, Action: MountingVolumes, LastError: ContainerTimeout, LastErrorTimestamp: 05/31/2026 19:04:27, LastErrorDetails: Container did not start within expected time limit of 230s. Please inspect your container logs for more details., Details: Mounting volumes for orpon-backend-api., DetailsLevel: INFO
2026-05-31T19:04:53.5701198Z Establishing user namespace if not established already.
2026-05-31T19:04:53.5702756Z Establishing network if not established already.
2026-05-31T19:04:53.5704705Z Mounting volumes.
2026-05-31T19:04:53.5708373Z Nested mountpoint 
2026-05-31T19:04:53.5753353Z Nested mountpoint volatile/logs
2026-05-31T19:04:53.5800016Z Nested mountpoint 
2026-05-31T19:04:53.5824059Z Nested mountpoint 
2026-05-31T19:04:53.5831882Z Nested mountpoint 
2026-05-31T19:04:53.6886765Z State: Starting, Action: CreatingContainer, LastError: ContainerTimeout, LastErrorTimestamp: 05/31/2026 19:04:27, LastErrorDetails: Container did not start within expected time limit of 230s. Please inspect your container logs for more details., Details: Finished pulling container image and mounting volumes for orpon-backend-api. Allocatinng the rest of the container resources to finish container creation., DetailsLevel: INFO
2026-05-31T19:04:53.6887765Z Creating container.
2026-05-31T19:04:53.6890072Z Creating pipes for streaming container io.
2026-05-31T19:04:53.6901836Z Creating stdout named pipe at /podr/container/pipe/b3953f090953_orpon-backend-api/stdout_5d3211c0f7084c02881885ecb68ad1c8.
2026-05-31T19:04:53.6904653Z Successfully created stdout named pipe at: /podr/container/pipe/b3953f090953_orpon-backend-api/stdout_5d3211c0f7084c02881885ecb68ad1c8.
2026-05-31T19:04:53.6905552Z Opening named pipe /podr/container/pipe/b3953f090953_orpon-backend-api/stdout_5d3211c0f7084c02881885ecb68ad1c8 for reading in non-blocking mode.
2026-05-31T19:04:53.6906413Z Successfully opened named pipe: /podr/container/pipe/b3953f090953_orpon-backend-api/stdout_5d3211c0f7084c02881885ecb68ad1c8.
2026-05-31T19:04:53.6907015Z Successfully removed non-blocking flag from /podr/container/pipe/b3953f090953_orpon-backend-api/stdout_5d3211c0f7084c02881885ecb68ad1c8.
2026-05-31T19:04:53.6914351Z Creating stderr named pipe at /podr/container/pipe/b3953f090953_orpon-backend-api/stderr_a48f024028764bdb81d866dca1f6469d.
2026-05-31T19:04:53.6920301Z Successfully created stderr named pipe at: /podr/container/pipe/b3953f090953_orpon-backend-api/stderr_a48f024028764bdb81d866dca1f6469d.
2026-05-31T19:04:53.6936304Z Opening named pipe /podr/container/pipe/b3953f090953_orpon-backend-api/stderr_a48f024028764bdb81d866dca1f6469d for reading in non-blocking mode.
2026-05-31T19:04:53.6943174Z Successfully opened named pipe: /podr/container/pipe/b3953f090953_orpon-backend-api/stderr_a48f024028764bdb81d866dca1f6469d.
2026-05-31T19:04:53.6944697Z Successfully removed non-blocking flag from /podr/container/pipe/b3953f090953_orpon-backend-api/stderr_a48f024028764bdb81d866dca1f6469d.
2026-05-31T19:04:53.6947132Z Creating container with image: appsvc/node:24-lts_20260504.4.tuxprod from registry: 10.1.0.6:13209 and fully qualified image name: 10.1.0.6:13209/appsvc/node:24-lts_20260504.4.tuxprod
2026-05-31T19:04:53.8989803Z Starting container: b3953f090953_orpon-backend-api.
2026-05-31T19:04:53.9164365Z Starting watchers and probes.
2026-05-31T19:04:53.9166889Z Starting metrics collection.
2026-05-31T19:04:53.9175422Z Container is running.
2026-05-31T19:04:53.9176366Z State: Starting, Action: CreatingContainer, LastError: ContainerTimeout, LastErrorTimestamp: 05/31/2026 19:04:27, LastErrorDetails: Container did not start within expected time limit of 230s. Please inspect your container logs for more details., Details: Container orpon-backend-api successfully created and is running., DetailsLevel: INFO
2026-05-31T19:04:53.9354377Z Container start method finished after 472 ms.
2026-05-31T19:04:53.9373504Z State: Starting, Action: InitiatingSiteWarmUpProbe, LastError: ContainerTimeout, LastErrorTimestamp: 05/31/2026 19:04:27, LastErrorDetails: Container did not start within expected time limit of 230s. Please inspect your container logs for more details., Details: Container orpon-backend-api successfully created and is running., DetailsLevel: INFO
2026-05-31T19:04:53.9374114Z State: Starting, Action: WaitingForSiteWarmUpProbeSuccess, LastError: ContainerTimeout, LastErrorTimestamp: 05/31/2026 19:04:27, LastErrorDetails: Container did not start within expected time limit of 230s. Please inspect your container logs for more details., Details: Pinging warmup path to ensure container is ready to receive requests., DetailsLevel: INFO
2026-05-31T19:05:02.3582389Z Container has finished running with exit code: 1.
2026-05-31T19:05:02.3584050Z Container is terminating. Grace period: 5 seconds.
2026-05-31T19:05:02.3587633Z Stop and delete container. Retry count = 0
2026-05-31T19:05:02.3588877Z Stopping container: b3953f090953_orpon-backend-api.
2026-05-31T19:05:02.3826788Z Deleting container: b3953f090953_orpon-backend-api. Retry count = 0
2026-05-31T19:05:02.4763911Z Container spec TerminationMessagePolicy  path 
2026-05-31T19:05:02.4765788Z Container is terminated. Total time elapsed: 118 ms.
2026-05-31T19:05:02.4767016Z Site container: orpon-backend-api terminated during site startup.
2026-05-31T19:05:02.4782091Z State: Stopping, Action: CancellingStartup, LastError: ContainerTimeout, LastErrorTimestamp: 05/31/2026 19:04:27, LastErrorDetails: Container did not start within expected time limit of 230s. Please inspect your container logs for more details., Details: Site container: orpon-backend-api terminated during site startup. Cancelling site startup., DetailsLevel: ERR
2026-05-31T19:05:02.4911777Z Site startup probe failed after 8.5527821 seconds.
2026-05-31T19:05:02.5533316Z State: Stopping, Action: CancellingStartup, LastError: ContainerTimeout, LastErrorTimestamp: 05/31/2026 19:05:02, LastErrorDetails: Container did not start within expected time limit of 230s. Please inspect your container logs for more details., Details: Site container: orpon-backend-api terminated during site startup. Cancelling site startup., DetailsLevel: ERR
2026-05-31T19:05:02.5547010Z Failed to start site. Revert by stopping site.
2026-05-31T19:05:02.5547833Z State: Stopping, Action: StoppingSite, LastError: ContainerTimeout, LastErrorTimestamp: 05/31/2026 19:05:02, LastErrorDetails: Container did not start within expected time limit of 230s. Please inspect your container logs for more details., Details: Site container: orpon-backend-api terminated during site startup. Cancelling site startup., DetailsLevel: ERR
2026-05-31T19:05:02.5550054Z State: Stopping, Action: StoppingSiteContainers, LastError: ContainerTimeout, LastErrorTimestamp: 05/31/2026 19:05:02, LastErrorDetails: Container did not start within expected time limit of 230s. Please inspect your container logs for more details., Details: Site container: orpon-backend-api terminated during site startup. Cancelling site startup., DetailsLevel: ERR
2026-05-31T19:05:02.5550238Z Site: orpon-backend-api stopped.
