2026-06-01T07:52:39.3608532Z State: Starting, Action: EstablishingSiteNetworks, LastError: , LastErrorTimestamp: 01/01/0001 00:00:00, LastErrorDetails: , Details: , DetailsLevel: INFO
2026-06-01T07:52:39.8390654Z State: Starting, Action: StartingSiteContainers, LastError: , LastErrorTimestamp: 01/01/0001 00:00:00, LastErrorDetails: , Details: , DetailsLevel: INFO
2026-06-01T07:52:39.8397598Z Container start method called.
2026-06-01T07:52:39.8423009Z State: Starting, Action: PullingImage, LastError: , LastErrorTimestamp: 01/01/0001 00:00:00, LastErrorDetails: , Details: Pulling image 10.1.0.4:13209/appsvc/node:24-lts_20260504.4.tuxprod for orpon-backend-api., DetailsLevel: INFO
2026-06-01T07:52:39.8431527Z Establishing network.
2026-06-01T07:52:39.8433503Z Pulling image: appsvc/node:24-lts_20260504.4.tuxprod.
2026-06-01T07:52:55.2478643Z Image appsvc/node:24-lts_20260504.4.tuxprod is pulled from registry 10.1.0.4:13209
2026-06-01T07:52:55.2626122Z Container is starting.
2026-06-01T07:52:55.2738925Z State: Starting, Action: MountingVolumes, LastError: , LastErrorTimestamp: 01/01/0001 00:00:00, LastErrorDetails: , Details: Mounting volumes for orpon-backend-api., DetailsLevel: INFO
2026-06-01T07:52:55.2740880Z Establishing user namespace if not established already.
2026-06-01T07:52:55.2743032Z Establishing network if not established already.
2026-06-01T07:52:55.2744273Z Mounting volumes.
2026-06-01T07:52:55.2746390Z Nested mountpoint 
2026-06-01T07:52:55.2794070Z Nested mountpoint volatile/logs
2026-06-01T07:52:55.2850740Z Nested mountpoint 
2026-06-01T07:52:55.2955795Z Nested mountpoint 
2026-06-01T07:52:55.2966567Z Nested mountpoint 
2026-06-01T07:52:55.4316310Z State: Starting, Action: CreatingContainer, LastError: , LastErrorTimestamp: 01/01/0001 00:00:00, LastErrorDetails: , Details: Finished pulling container image and mounting volumes for orpon-backend-api. Allocatinng the rest of the container resources to finish container creation., DetailsLevel: INFO
2026-06-01T07:52:55.4317954Z Creating container.
2026-06-01T07:52:55.4336351Z Creating pipes for streaming container io.
2026-06-01T07:52:55.4410473Z Creating stdout named pipe at /podr/container/pipe/b7c0054492fe_orpon-backend-api/stdout_bae5929bd607448bb298d9060a602c28.
2026-06-01T07:52:55.4424603Z Successfully created stdout named pipe at: /podr/container/pipe/b7c0054492fe_orpon-backend-api/stdout_bae5929bd607448bb298d9060a602c28.
2026-06-01T07:52:55.4426095Z Opening named pipe /podr/container/pipe/b7c0054492fe_orpon-backend-api/stdout_bae5929bd607448bb298d9060a602c28 for reading in non-blocking mode.
2026-06-01T07:52:55.4429496Z Successfully opened named pipe: /podr/container/pipe/b7c0054492fe_orpon-backend-api/stdout_bae5929bd607448bb298d9060a602c28.
2026-06-01T07:52:55.4436168Z Successfully removed non-blocking flag from /podr/container/pipe/b7c0054492fe_orpon-backend-api/stdout_bae5929bd607448bb298d9060a602c28.
2026-06-01T07:52:55.4440391Z Creating stderr named pipe at /podr/container/pipe/b7c0054492fe_orpon-backend-api/stderr_5a6217bc392b466c810c823a1a453245.
2026-06-01T07:52:55.4455239Z Successfully created stderr named pipe at: /podr/container/pipe/b7c0054492fe_orpon-backend-api/stderr_5a6217bc392b466c810c823a1a453245.
2026-06-01T07:52:55.4457229Z Opening named pipe /podr/container/pipe/b7c0054492fe_orpon-backend-api/stderr_5a6217bc392b466c810c823a1a453245 for reading in non-blocking mode.
2026-06-01T07:52:55.4458791Z Successfully opened named pipe: /podr/container/pipe/b7c0054492fe_orpon-backend-api/stderr_5a6217bc392b466c810c823a1a453245.
2026-06-01T07:52:55.4460199Z Successfully removed non-blocking flag from /podr/container/pipe/b7c0054492fe_orpon-backend-api/stderr_5a6217bc392b466c810c823a1a453245.
2026-06-01T07:52:55.4485013Z Creating container with image: appsvc/node:24-lts_20260504.4.tuxprod from registry: 10.1.0.4:13209 and fully qualified image name: 10.1.0.4:13209/appsvc/node:24-lts_20260504.4.tuxprod
2026-06-01T07:52:56.8438199Z Starting container: b7c0054492fe_orpon-backend-api.
2026-06-01T07:52:56.8654276Z Starting watchers and probes.
2026-06-01T07:52:56.8682374Z Starting metrics collection.
2026-06-01T07:52:56.8695692Z Container is running.
2026-06-01T07:52:56.8725785Z State: Starting, Action: CreatingContainer, LastError: , LastErrorTimestamp: 01/01/0001 00:00:00, LastErrorDetails: , Details: Container orpon-backend-api successfully created and is running., DetailsLevel: INFO
2026-06-01T07:52:56.9105311Z Container start method finished after 17070 ms.
2026-06-01T07:52:56.9116020Z State: Starting, Action: InitiatingSiteWarmUpProbe, LastError: , LastErrorTimestamp: 01/01/0001 00:00:00, LastErrorDetails: , Details: Container orpon-backend-api successfully created and is running., DetailsLevel: INFO
2026-06-01T07:52:56.9292235Z State: Starting, Action: WaitingForSiteWarmUpProbeSuccess, LastError: , LastErrorTimestamp: 01/01/0001 00:00:00, LastErrorDetails: , Details: Pinging warmup path to ensure container is ready to receive requests., DetailsLevel: INFO
2026-06-01T07:53:08.6097789Z Container has finished running with exit code: 1.
2026-06-01T07:53:08.6099245Z Container is terminating. Grace period: 5 seconds.
2026-06-01T07:53:08.6102516Z Stop and delete container. Retry count = 0
2026-06-01T07:53:08.6103526Z Stopping container: b7c0054492fe_orpon-backend-api.
2026-06-01T07:53:08.6306605Z Deleting container: b7c0054492fe_orpon-backend-api. Retry count = 0
2026-06-01T07:53:08.7130292Z Container spec TerminationMessagePolicy  path 
2026-06-01T07:53:08.7135549Z Container is terminated. Total time elapsed: 103 ms.
2026-06-01T07:53:08.7139989Z Site container: orpon-backend-api terminated during site startup.
2026-06-01T07:53:08.7157535Z State: Stopping, Action: CancellingStartup, LastError: , LastErrorTimestamp: 01/01/0001 00:00:00, LastErrorDetails: , Details: Site container: orpon-backend-api terminated during site startup. Cancelling site startup., DetailsLevel: ERR
2026-06-01T07:53:08.7563491Z Site startup probe failed after 11.801529 seconds.
2026-06-01T07:53:08.8439130Z State: Stopping, Action: CancellingStartup, LastError: ContainerTimeout, LastErrorTimestamp: 06/01/2026 07:53:08, LastErrorDetails: Container did not start within expected time limit of 230s. Please inspect your container logs for more details., Details: Site container: orpon-backend-api terminated during site startup. Cancelling site startup., DetailsLevel: ERR
2026-06-01T07:53:08.8501775Z Failed to start site. Revert by stopping site.
2026-06-01T07:53:08.8504682Z State: Stopping, Action: StoppingSite, LastError: ContainerTimeout, LastErrorTimestamp: 06/01/2026 07:53:08, LastErrorDetails: Container did not start within expected time limit of 230s. Please inspect your container logs for more details., Details: Site container: orpon-backend-api terminated during site startup. Cancelling site startup., DetailsLevel: ERR
2026-06-01T07:53:08.8541427Z State: Stopping, Action: StoppingSiteContainers, LastError: ContainerTimeout, LastErrorTimestamp: 06/01/2026 07:53:08, LastErrorDetails: Container did not start within expected time limit of 230s. Please inspect your container logs for more details., Details: Site container: orpon-backend-api terminated during site startup. Cancelling site startup., DetailsLevel: ERR
2026-06-01T07:53:08.8542661Z Site: orpon-backend-api stopped.
2026-06-01T07:53:08.8577618Z State: Stopping, Action: UnmountingVolumes, LastError: ContainerTimeout, LastErrorTimestamp: 06/01/2026 07:53:08, LastErrorDetails: Container did not start within expected time limit of 230s. Please inspect your container logs for more details., Details: Site container: orpon-backend-api terminated during site startup. Cancelling site startup., DetailsLevel: ERR
2026-06-01T07:53:08.9365030Z State: Stopping, Action: StoppingSiteNetworks, LastError: ContainerTimeout, LastErrorTimestamp: 06/01/2026 07:53:08, LastErrorDetails: Container did not start within expected time limit of 230s. Please inspect your container logs for more details., Details: Site container: orpon-backend-api terminated during site startup. Cancelling site startup., DetailsLevel: ERR
2026-06-01T07:53:09.0116593Z State: Stopped, Action: None, LastError: ContainerTimeout, LastErrorTimestamp: 06/01/2026 07:53:08, LastErrorDetails: Container did not start within expected time limit of 230s. Please inspect your container logs for more details., Details: Site stopped at 06/01/2026 07:53:09 (UTC), DetailsLevel: ERR
2026-06-01T07:53:09.2390260Z State: Stopped, Action: None, LastError: ContainerTimeout, LastErrorTimestamp: 06/01/2026 07:53:08, LastErrorDetails: Container did not start within expected time limit of 230s. Please inspect your container logs for more details., Details: Site stopped at 06/01/2026 07:53:09 (UTC), DetailsLevel: ERR
2026-06-01T07:53:18.2782091Z State: Starting, Action: EstablishingSiteNetworks, LastError: ContainerTimeout, LastErrorTimestamp: 06/01/2026 07:53:08, LastErrorDetails: Container did not start within expected time limit of 230s. Please inspect your container logs for more details., Details: Site stopped at 06/01/2026 07:53:09 (UTC), DetailsLevel: ERR
2026-06-01T07:53:18.6541319Z State: Starting, Action: StartingSiteContainers, LastError: ContainerTimeout, LastErrorTimestamp: 06/01/2026 07:53:08, LastErrorDetails: Container did not start within expected time limit of 230s. Please inspect your container logs for more details., Details: Site stopped at 06/01/2026 07:53:09 (UTC), DetailsLevel: ERR
2026-06-01T07:53:18.6543281Z Container start method called.
2026-06-01T07:53:18.6544207Z State: Starting, Action: PullingImage, LastError: ContainerTimeout, LastErrorTimestamp: 06/01/2026 07:53:08, LastErrorDetails: Container did not start within expected time limit of 230s. Please inspect your container logs for more details., Details: Pulling image 10.1.0.4:13209/appsvc/node:24-lts_20260504.4.tuxprod for orpon-backend-api., DetailsLevel: INFO
2026-06-01T07:53:18.6545872Z Establishing network.
2026-06-01T07:53:18.6547589Z Pulling image: appsvc/node:24-lts_20260504.4.tuxprod.
2026-06-01T07:53:18.7720267Z Container is starting.
2026-06-01T07:53:18.7721054Z State: Starting, Action: MountingVolumes, LastError: ContainerTimeout, LastErrorTimestamp: 06/01/2026 07:53:08, LastErrorDetails: Container did not start within expected time limit of 230s. Please inspect your container logs for more details., Details: Mounting volumes for orpon-backend-api., DetailsLevel: INFO
2026-06-01T07:53:18.7722043Z Establishing user namespace if not established already.
2026-06-01T07:53:18.7723126Z Establishing network if not established already.
2026-06-01T07:53:18.7724265Z Mounting volumes.
2026-06-01T07:53:18.7725791Z Nested mountpoint 
2026-06-01T07:53:18.7748726Z Nested mountpoint volatile/logs
2026-06-01T07:53:18.7916753Z Nested mountpoint 
2026-06-01T07:53:18.7941339Z Nested mountpoint 
2026-06-01T07:53:18.7957777Z Nested mountpoint 
2026-06-01T07:53:18.9280525Z State: Starting, Action: CreatingContainer, LastError: ContainerTimeout, LastErrorTimestamp: 06/01/2026 07:53:08, LastErrorDetails: Container did not start within expected time limit of 230s. Please inspect your container logs for more details., Details: Finished pulling container image and mounting volumes for orpon-backend-api. Allocatinng the rest of the container resources to finish container creation., DetailsLevel: INFO
2026-06-01T07:53:18.9281887Z Creating container.
2026-06-01T07:53:18.9283072Z Creating pipes for streaming container io.
2026-06-01T07:53:18.9284351Z Creating stdout named pipe at /podr/container/pipe/781294e0fcf8_orpon-backend-api/stdout_6a63f6aafe9b425eaaa58bcd8b00125f.
2026-06-01T07:53:18.9286500Z Successfully created stdout named pipe at: /podr/container/pipe/781294e0fcf8_orpon-backend-api/stdout_6a63f6aafe9b425eaaa58bcd8b00125f.
2026-06-01T07:53:18.9763664Z Opening named pipe /podr/container/pipe/781294e0fcf8_orpon-backend-api/stdout_6a63f6aafe9b425eaaa58bcd8b00125f for reading in non-blocking mode.
2026-06-01T07:53:18.9766685Z Successfully opened named pipe: /podr/container/pipe/781294e0fcf8_orpon-backend-api/stdout_6a63f6aafe9b425eaaa58bcd8b00125f.
2026-06-01T07:53:18.9770026Z Successfully removed non-blocking flag from /podr/container/pipe/781294e0fcf8_orpon-backend-api/stdout_6a63f6aafe9b425eaaa58bcd8b00125f.
2026-06-01T07:53:18.9771934Z Creating stderr named pipe at /podr/container/pipe/781294e0fcf8_orpon-backend-api/stderr_047ff61ecc354ab3844757ab6ffaf6dd.
2026-06-01T07:53:18.9774080Z Successfully created stderr named pipe at: /podr/container/pipe/781294e0fcf8_orpon-backend-api/stderr_047ff61ecc354ab3844757ab6ffaf6dd.
2026-06-01T07:53:18.9775272Z Opening named pipe /podr/container/pipe/781294e0fcf8_orpon-backend-api/stderr_047ff61ecc354ab3844757ab6ffaf6dd for reading in non-blocking mode.
2026-06-01T07:53:18.9776595Z Successfully opened named pipe: /podr/container/pipe/781294e0fcf8_orpon-backend-api/stderr_047ff61ecc354ab3844757ab6ffaf6dd.
2026-06-01T07:53:18.9778800Z Successfully removed non-blocking flag from /podr/container/pipe/781294e0fcf8_orpon-backend-api/stderr_047ff61ecc354ab3844757ab6ffaf6dd.
2026-06-01T07:53:18.9780555Z Creating container with image: appsvc/node:24-lts_20260504.4.tuxprod from registry: 10.1.0.4:13209 and fully qualified image name: 10.1.0.4:13209/appsvc/node:24-lts_20260504.4.tuxprod
2026-06-01T07:53:19.2714576Z Starting container: 781294e0fcf8_orpon-backend-api.
2026-06-01T07:53:19.2921571Z Starting watchers and probes.
2026-06-01T07:53:19.2924234Z Starting metrics collection.
2026-06-01T07:53:19.2973245Z Container is running.
2026-06-01T07:53:19.2974157Z State: Starting, Action: CreatingContainer, LastError: ContainerTimeout, LastErrorTimestamp: 06/01/2026 07:53:08, LastErrorDetails: Container did not start within expected time limit of 230s. Please inspect your container logs for more details., Details: Container orpon-backend-api successfully created and is running., DetailsLevel: INFO
2026-06-01T07:53:19.3359970Z Container start method finished after 681 ms.
2026-06-01T07:53:19.3362213Z State: Starting, Action: InitiatingSiteWarmUpProbe, LastError: ContainerTimeout, LastErrorTimestamp: 06/01/2026 07:53:08, LastErrorDetails: Container did not start within expected time limit of 230s. Please inspect your container logs for more details., Details: Container orpon-backend-api successfully created and is running., DetailsLevel: INFO
2026-06-01T07:53:19.3362681Z State: Starting, Action: WaitingForSiteWarmUpProbeSuccess, LastError: ContainerTimeout, LastErrorTimestamp: 06/01/2026 07:53:08, LastErrorDetails: Container did not start within expected time limit of 230s. Please inspect your container logs for more details., Details: Pinging warmup path to ensure container is ready to receive requests., DetailsLevel: INFO
2026-06-01T07:53:26.5135885Z Container has finished running with exit code: 1.
2026-06-01T07:53:26.5137481Z Container is terminating. Grace period: 5 seconds.
2026-06-01T07:53:26.5150136Z Stop and delete container. Retry count = 0
2026-06-01T07:53:26.5151447Z Stopping container: 781294e0fcf8_orpon-backend-api.
2026-06-01T07:53:26.5354921Z Deleting container: 781294e0fcf8_orpon-backend-api. Retry count = 0
2026-06-01T07:53:26.6321971Z Container spec TerminationMessagePolicy  path 
2026-06-01T07:53:26.6323811Z Container is terminated. Total time elapsed: 118 ms.
2026-06-01T07:53:26.6325167Z Site container: orpon-backend-api terminated during site startup.
2026-06-01T07:53:26.6325974Z State: Stopping, Action: CancellingStartup, LastError: ContainerTimeout, LastErrorTimestamp: 06/01/2026 07:53:08, LastErrorDetails: Container did not start within expected time limit of 230s. Please inspect your container logs for more details., Details: Site container: orpon-backend-api terminated during site startup. Cancelling site startup., DetailsLevel: ERR
2026-06-01T07:53:26.6367844Z Site startup probe failed after 7.2996533 seconds.
2026-06-01T07:53:26.6970016Z State: Stopping, Action: CancellingStartup, LastError: ContainerTimeout, LastErrorTimestamp: 06/01/2026 07:53:26, LastErrorDetails: Container did not start within expected time limit of 230s. Please inspect your container logs for more details., Details: Site container: orpon-backend-api terminated during site startup. Cancelling site startup., DetailsLevel: ERR
2026-06-01T07:53:26.6983177Z Failed to start site. Revert by stopping site.
2026-06-01T07:53:26.6984112Z State: Stopping, Action: StoppingSite, LastError: ContainerTimeout, LastErrorTimestamp: 06/01/2026 07:53:26, LastErrorDetails: Container did not start within expected time limit of 230s. Please inspect your container logs for more details., Details: Site container: orpon-backend-api terminated during site startup. Cancelling site startup., DetailsLevel: ERR
2026-06-01T07:53:26.6986772Z State: Stopping, Action: StoppingSiteContainers, LastError: ContainerTimeout, LastErrorTimestamp: 06/01/2026 07:53:26, LastErrorDetails: Container did not start within expected time limit of 230s. Please inspect your container logs for more details., Details: Site container: orpon-backend-api terminated during site startup. Cancelling site startup., DetailsLevel: ERR
2026-06-01T07:53:26.6986964Z Site: orpon-backend-api stopped.
2026-06-01T07:53:26.7062610Z State: Stopping, Action: UnmountingVolumes, LastError: ContainerTimeout, LastErrorTimestamp: 06/01/2026 07:53:26, LastErrorDetails: Container did not start within expected time limit of 230s. Please inspect your container logs for more details., Details: Site container: orpon-backend-api terminated during site startup. Cancelling site startup., DetailsLevel: ERR
2026-06-01T07:53:26.8029944Z State: Stopping, Action: StoppingSiteNetworks, LastError: ContainerTimeout, LastErrorTimestamp: 06/01/2026 07:53:26, LastErrorDetails: Container did not start within expected time limit of 230s. Please inspect your container logs for more details., Details: Site container: orpon-backend-api terminated during site startup. Cancelling site startup., DetailsLevel: ERR
2026-06-01T07:53:26.8540112Z Site: orpon-backend-api will be blocked for 1 minutes till 06/01/2026 07:54:26
2026-06-01T07:53:26.8541636Z State: Blocked, Action: StoppingSiteNetworks, LastError: ContainerTimeout, LastErrorTimestamp: 06/01/2026 07:53:26, LastErrorDetails: Container did not start within expected time limit of 230s. Please inspect your container logs for more details., Details: Site: orpon-backend-api will be blocked for 1 minutes till 06/01/2026 07:54:26, DetailsLevel: WARN
2026-06-01T07:53:26.8604577Z State: Stopped, Action: None, LastError: ContainerTimeout, LastErrorTimestamp: 06/01/2026 07:53:26, LastErrorDetails: Container did not start within expected time limit of 230s. Please inspect your container logs for more details., Details: Site stopped at 06/01/2026 07:53:26 (UTC), DetailsLevel: WARN
2026-06-01T07:53:26.9816086Z State: Stopped, Action: None, LastError: ContainerTimeout, LastErrorTimestamp: 06/01/2026 07:53:26, LastErrorDetails: Container did not start within expected time limit of 230s. Please inspect your container logs for more details., Details: Site stopped at 06/01/2026 07:53:26 (UTC), DetailsLevel: WARN
2026-06-01T07:53:32.0497812Z State: Blocked, Action: None, LastError: ContainerTimeout, LastErrorTimestamp: 06/01/2026 07:53:26, LastErrorDetails: Container did not start within expected time limit of 230s. Please inspect your container logs for more details., Details: Site is blocked due to multiple, consecutive cold start failures. Site scheduled to be unblocked at 06/01/2026 07:54:26, DetailsLevel: WARN
2026-06-01T07:53:32.0498147Z Start site prohibitted because the site is being blocked.
2026-06-01T07:53:37.0993809Z State: Blocked, Action: None, LastError: ContainerTimeout, LastErrorTimestamp: 06/01/2026 07:53:26, LastErrorDetails: Container did not start within expected time limit of 230s. Please inspect your container logs for more details., Details: Site is blocked due to multiple, consecutive cold start failures. Site scheduled to be unblocked at 06/01/2026 07:54:26, DetailsLevel: WARN
2026-06-01T07:53:37.0994449Z Start site prohibitted because the site is being blocked.
2026-06-01T07:53:42.1697137Z State: Blocked, Action: None, LastError: ContainerTimeout, LastErrorTimestamp: 06/01/2026 07:53:26, LastErrorDetails: Container did not start within expected time limit of 230s. Please inspect your container logs for more details., Details: Site is blocked due to multiple, consecutive cold start failures. Site scheduled to be unblocked at 06/01/2026 07:54:26, DetailsLevel: WARN
2026-06-01T07:53:42.1697541Z Start site prohibitted because the site is being blocked.
2026-06-01T07:53:47.2323350Z State: Blocked, Action: None, LastError: ContainerTimeout, LastErrorTimestamp: 06/01/2026 07:53:26, LastErrorDetails: Container did not start within expected time limit of 230s. Please inspect your container logs for more details., Details: Site is blocked due to multiple, consecutive cold start failures. Site scheduled to be unblocked at 06/01/2026 07:54:26, DetailsLevel: WARN
2026-06-01T07:53:47.2323654Z Start site prohibitted because the site is being blocked.
2026-06-01T07:53:52.2881768Z State: Blocked, Action: None, LastError: ContainerTimeout, LastErrorTimestamp: 06/01/2026 07:53:26, LastErrorDetails: Container did not start within expected time limit of 230s. Please inspect your container logs for more details., Details: Site is blocked due to multiple, consecutive cold start failures. Site scheduled to be unblocked at 06/01/2026 07:54:26, DetailsLevel: WARN
2026-06-01T07:53:52.2882226Z Start site prohibitted because the site is being blocked.
2026-06-01T07:53:57.3380315Z State: Blocked, Action: None, LastError: ContainerTimeout, LastErrorTimestamp: 06/01/2026 07:53:26, LastErrorDetails: Container did not start within expected time limit of 230s. Please inspect your container logs for more details., Details: Site is blocked due to multiple, consecutive cold start failures. Site scheduled to be unblocked at 06/01/2026 07:54:26, DetailsLevel: WARN
2026-06-01T07:53:57.3380662Z Start site prohibitted because the site is being blocked.
2026-06-01T07:54:02.6129611Z State: Blocked, Action: None, LastError: ContainerTimeout, LastErrorTimestamp: 06/01/2026 07:53:26, LastErrorDetails: Container did not start within expected time limit of 230s. Please inspect your container logs for more details., Details: Site is blocked due to multiple, consecutive cold start failures. Site scheduled to be unblocked at 06/01/2026 07:54:26, DetailsLevel: WARN
2026-06-01T07:54:02.6129887Z Start site prohibitted because the site is being blocked.
2026-06-01T07:54:07.7706518Z State: Blocked, Action: None, LastError: ContainerTimeout, LastErrorTimestamp: 06/01/2026 07:53:26, LastErrorDetails: Container did not start within expected time limit of 230s. Please inspect your container logs for more details., Details: Site is blocked due to multiple, consecutive cold start failures. Site scheduled to be unblocked at 06/01/2026 07:54:26, DetailsLevel: WARN
2026-06-01T07:54:07.7707106Z Start site prohibitted because the site is being blocked.
2026-06-01T07:54:12.8805603Z State: Blocked, Action: None, LastError: ContainerTimeout, LastErrorTimestamp: 06/01/2026 07:53:26, LastErrorDetails: Container did not start within expected time limit of 230s. Please inspect your container logs for more details., Details: Site is blocked due to multiple, consecutive cold start failures. Site scheduled to be unblocked at 06/01/2026 07:54:26, DetailsLevel: WARN
2026-06-01T07:54:12.8808227Z Start site prohibitted because the site is being blocked.
2026-06-01T07:54:17.9984590Z State: Blocked, Action: None, LastError: ContainerTimeout, LastErrorTimestamp: 06/01/2026 07:53:26, LastErrorDetails: Container did not start within expected time limit of 230s. Please inspect your container logs for more details., Details: Site is blocked due to multiple, consecutive cold start failures. Site scheduled to be unblocked at 06/01/2026 07:54:26, DetailsLevel: WARN
2026-06-01T07:54:17.9984951Z Start site prohibitted because the site is being blocked.
2026-06-01T07:54:23.0598144Z State: Blocked, Action: None, LastError: ContainerTimeout, LastErrorTimestamp: 06/01/2026 07:53:26, LastErrorDetails: Container did not start within expected time limit of 230s. Please inspect your container logs for more details., Details: Site is blocked due to multiple, consecutive cold start failures. Site scheduled to be unblocked at 06/01/2026 07:54:26, DetailsLevel: WARN
2026-06-01T07:54:23.0598706Z Start site prohibitted because the site is being blocked.
2026-06-01T07:54:27.5087576Z Site: orpon-backend-api is unblocked.
2026-06-01T07:54:28.2523897Z State: Starting, Action: EstablishingSiteNetworks, LastError: ContainerTimeout, LastErrorTimestamp: 06/01/2026 07:53:26, LastErrorDetails: Container did not start within expected time limit of 230s. Please inspect your container logs for more details., Details: Site is blocked due to multiple, consecutive cold start failures. Site scheduled to be unblocked at 06/01/2026 07:54:26, DetailsLevel: WARN
2026-06-01T07:54:28.7849892Z State: Starting, Action: StartingSiteContainers, LastError: ContainerTimeout, LastErrorTimestamp: 06/01/2026 07:53:26, LastErrorDetails: Container did not start within expected time limit of 230s. Please inspect your container logs for more details., Details: Site is blocked due to multiple, consecutive cold start failures. Site scheduled to be unblocked at 06/01/2026 07:54:26, DetailsLevel: WARN
2026-06-01T07:54:28.7853077Z Container start method called.
2026-06-01T07:54:28.7854306Z State: Starting, Action: PullingImage, LastError: ContainerTimeout, LastErrorTimestamp: 06/01/2026 07:53:26, LastErrorDetails: Container did not start within expected time limit of 230s. Please inspect your container logs for more details., Details: Pulling image 10.1.0.4:13209/appsvc/node:24-lts_20260504.4.tuxprod for orpon-backend-api., DetailsLevel: INFO
2026-06-01T07:54:28.7856096Z Establishing network.
2026-06-01T07:54:28.7858107Z Pulling image: appsvc/node:24-lts_20260504.4.tuxprod.
2026-06-01T07:54:28.9709982Z Container is starting.
2026-06-01T07:54:28.9710788Z State: Starting, Action: MountingVolumes, LastError: ContainerTimeout, LastErrorTimestamp: 06/01/2026 07:53:26, LastErrorDetails: Container did not start within expected time limit of 230s. Please inspect your container logs for more details., Details: Mounting volumes for orpon-backend-api., DetailsLevel: INFO
2026-06-01T07:54:28.9712739Z Establishing user namespace if not established already.
2026-06-01T07:54:28.9714530Z Establishing network if not established already.
2026-06-01T07:54:28.9716333Z Mounting volumes.
2026-06-01T07:54:28.9718770Z Nested mountpoint 
2026-06-01T07:54:28.9839323Z Nested mountpoint volatile/logs
2026-06-01T07:54:28.9910271Z Nested mountpoint 
2026-06-01T07:54:28.9948574Z Nested mountpoint 
2026-06-01T07:54:28.9990188Z Nested mountpoint 
2026-06-01T07:54:29.2829179Z State: Starting, Action: CreatingContainer, LastError: ContainerTimeout, LastErrorTimestamp: 06/01/2026 07:53:26, LastErrorDetails: Container did not start within expected time limit of 230s. Please inspect your container logs for more details., Details: Finished pulling container image and mounting volumes for orpon-backend-api. Allocatinng the rest of the container resources to finish container creation., DetailsLevel: INFO
2026-06-01T07:54:29.2831493Z Creating container.
2026-06-01T07:54:29.2836269Z Creating pipes for streaming container io.
2026-06-01T07:54:29.2841372Z Creating stdout named pipe at /podr/container/pipe/d79041e4c3d8_orpon-backend-api/stdout_507871aeee4b489b84f0b3a417b9fce5.
2026-06-01T07:54:29.2904975Z Successfully created stdout named pipe at: /podr/container/pipe/d79041e4c3d8_orpon-backend-api/stdout_507871aeee4b489b84f0b3a417b9fce5.
2026-06-01T07:54:29.2906706Z Opening named pipe /podr/container/pipe/d79041e4c3d8_orpon-backend-api/stdout_507871aeee4b489b84f0b3a417b9fce5 for reading in non-blocking mode.
2026-06-01T07:54:29.2909468Z Successfully opened named pipe: /podr/container/pipe/d79041e4c3d8_orpon-backend-api/stdout_507871aeee4b489b84f0b3a417b9fce5.
2026-06-01T07:54:29.2911006Z Successfully removed non-blocking flag from /podr/container/pipe/d79041e4c3d8_orpon-backend-api/stdout_507871aeee4b489b84f0b3a417b9fce5.
2026-06-01T07:54:29.2913314Z Creating stderr named pipe at /podr/container/pipe/d79041e4c3d8_orpon-backend-api/stderr_fe517e9cef314a74803cfd5412e9cd96.
2026-06-01T07:54:29.2915246Z Successfully created stderr named pipe at: /podr/container/pipe/d79041e4c3d8_orpon-backend-api/stderr_fe517e9cef314a74803cfd5412e9cd96.
2026-06-01T07:54:29.2916861Z Opening named pipe /podr/container/pipe/d79041e4c3d8_orpon-backend-api/stderr_fe517e9cef314a74803cfd5412e9cd96 for reading in non-blocking mode.
2026-06-01T07:54:29.2918517Z Successfully opened named pipe: /podr/container/pipe/d79041e4c3d8_orpon-backend-api/stderr_fe517e9cef314a74803cfd5412e9cd96.
2026-06-01T07:54:29.2919968Z Successfully removed non-blocking flag from /podr/container/pipe/d79041e4c3d8_orpon-backend-api/stderr_fe517e9cef314a74803cfd5412e9cd96.
2026-06-01T07:54:29.2922439Z Creating container with image: appsvc/node:24-lts_20260504.4.tuxprod from registry: 10.1.0.4:13209 and fully qualified image name: 10.1.0.4:13209/appsvc/node:24-lts_20260504.4.tuxprod
2026-06-01T07:54:33.3033580Z Starting container: d79041e4c3d8_orpon-backend-api.
2026-06-01T07:54:33.5045042Z Starting watchers and probes.
2026-06-01T07:54:33.5050983Z Starting metrics collection.
2026-06-01T07:54:33.5068574Z Container is running.
2026-06-01T07:54:33.5069519Z State: Starting, Action: CreatingContainer, LastError: ContainerTimeout, LastErrorTimestamp: 06/01/2026 07:53:26, LastErrorDetails: Container did not start within expected time limit of 230s. Please inspect your container logs for more details., Details: Container orpon-backend-api successfully created and is running., DetailsLevel: INFO
2026-06-01T07:54:33.5556655Z Container start method finished after 4769 ms.
2026-06-01T07:54:33.5580851Z State: Starting, Action: InitiatingSiteWarmUpProbe, LastError: ContainerTimeout, LastErrorTimestamp: 06/01/2026 07:53:26, LastErrorDetails: Container did not start within expected time limit of 230s. Please inspect your container logs for more details., Details: Container orpon-backend-api successfully created and is running., DetailsLevel: INFO
2026-06-01T07:54:33.5581205Z State: Starting, Action: WaitingForSiteWarmUpProbeSuccess, LastError: ContainerTimeout, LastErrorTimestamp: 06/01/2026 07:53:26, LastErrorDetails: Container did not start within expected time limit of 230s. Please inspect your container logs for more details., Details: Pinging warmup path to ensure container is ready to receive requests., DetailsLevel: INFO
