2026-06-01T07:53:26.7062610Z State: Stopping, Action: UnmountingVolumes, LastError: ContainerTimeout, LastErrorTimestamp: 06/01/2026 07:53:26, LastErrorDetails: Container did not start within expected time limit of 230s. Please inspect your container logs for more details., Details: Site container: orpon-backend-api terminated during site startup. Cancelling site startup., DetailsLevel: ERR
2026-06-01T07:53:26.8029944Z State: Stopping, Action: StoppingSiteNetworks, LastError: ContainerTimeout, LastErrorTimestamp: 06/01/2026 07:53:26, LastErrorDetails: Container did not start within expected time limit of 230s. Please inspect your container logs for more details., Details: Site container: orpon-backend-api terminated during site startup. Cancelling site startup., DetailsLevel: ERR
2026-06-01T07:53:26.8540112Z Site: orpon-backend-api will be blocked for 1 minutes till 06/01/2026 07:54:26
2026-06-01T07:53:26.8541636Z State: Blocked, Action: StoppingSiteNetworks, LastError: ContainerTimeout, LastErrorTimestamp: 06/01/2026 07:53:26, LastErrorDetails: Container did not start within expected time limit of 230s. Please inspect your container logs for more details., Details: Site: orpon-backend-api will be blocked for 1 minutes till 06/01/2026 07:54:26, DetailsLevel: WARN
2026-06-01T07:53:26.8604577Z State: Stopped, Action: None, LastError: ContainerTimeout, LastErrorTimestamp: 06/01/2026 07:53:26, LastErrorDetails: Container did not start within expected time limit of 230s. Please inspect your container logs for more details., Details: Site stopped at 06/01/2026 07:53:26 (UTC), DetailsLevel: WARN
2026-06-01T07:53:26.9816086Z State: Stopped, Action: None, LastError: ContainerTimeout, LastErrorTimestamp: 06/01/2026 07:53:26, LastErrorDetails: Container did not start within expected time limit of 230s. Please inspect your container logs for more details., Details: Site stopped at 06/01/2026 07:53:26 (UTC), DetailsLevel: WARN
2026-06-01T07:53:32.0497812Z State: Blocked, Action: None, LastError: ContainerTimeout, LastErrorTimestamp: 06/01/2026 07:53:26, LastErrorDetails: Container did not start within expected time limit of 230s. Please inspect your container logs for more details., Details: Site is blocked due to multiple, consecutive cold start failures. Site scheduled to be unblocked at 06/01/2026 07:54:26, DetailsLevel: WARN
2026-06-01T07:53:32.0498147Z Start site prohibitted because the site is being blocked.
2026-06-01T07:53:37.0993809Z State: Blocked, Action: None, LastError: ContainerTimeout, LastErrorTimestamp: 06/01/2026 07:53:26, LastErrorDetails: Container did not start within expected time limit of 230s. Please inspect your container logs for more details., Details: Site is blocked due to multiple, consecutive cold start failures. Site scheduled to be unblocked at 06/01/2026 07:54:26, DetailsLevel: WARN
2026-06-01T07:53:37.0994449Z Start site prohibitted because the site is being blocked.
2026-06-01T07:53:42.1697137Z State: Blocked, Action: None, LastError: ContainerTimeout, LastErrorTimestamp: 06/01/2026 07:53:26, LastErrorDetails: Container did not start within expected time limit of 230s. Please inspect your container logs for more details., Details: Site is blocked due to multiple, consecutive cold start failures. Site scheduled to be unblocked at 06/01/2026 07:54:26, DetailsLevel: WARN
2026-06-01T07:53:42.1697541Z Start site prohibitted because the site is being blocked.
2026-06-01T07:53:47.2323350Z State: Blocked, Action: None, LastError: ContainerTimeout, LastErrorTimestamp: 06/01/2026 07:53:26, LastErrorDetails: Container did not start within expected time limit of 230s. Please inspect your container logs for more details., Details: Site is blocked due to multiple, consecutive cold start failures. Site scheduled to be unblocked at 06/01/2026 07:54:26, DetailsLevel: WARN
2026-06-01T07:53:47.2323654Z Start site prohibitted because the site is being blocked.
2026-06-01T07:53:52.2881768Z State: Blocked, Action: None, LastError: ContainerTimeout, LastErrorTimestamp: 06/01/2026 07:53:26, LastErrorDetails: Container did not start within expected time limit of 230s. Please inspect your container logs for more details., Details: Site is blocked due to multiple, consecutive cold start failures. Site scheduled to be unblocked at 06/01/2026 07:54:26, DetailsLevel: WARN
2026-06-01T07:53:52.2882226Z Start site prohibitted because the site is being blocked.
2026-06-01T07:53:57.3380315Z State: Blocked, Action: None, LastError: ContainerTimeout, LastErrorTimestamp: 06/01/2026 07:53:26, LastErrorDetails: Container did not start within expected time limit of 230s. Please inspect your container logs for more details., Details: Site is blocked due to multiple, consecutive cold start failures. Site scheduled to be unblocked at 06/01/2026 07:54:26, DetailsLevel: WARN
2026-06-01T07:53:57.3380662Z Start site prohibitted because the site is being blocked.
2026-06-01T07:54:02.6129611Z State: Blocked, Action: None, LastError: ContainerTimeout, LastErrorTimestamp: 06/01/2026 07:53:26, LastErrorDetails: Container did not start within expected time limit of 230s. Please inspect your container logs for more details., Details: Site is blocked due to multiple, consecutive cold start failures. Site scheduled to be unblocked at 06/01/2026 07:54:26, DetailsLevel: WARN
2026-06-01T07:54:02.6129887Z Start site prohibitted because the site is being blocked.
2026-06-01T07:54:07.7706518Z State: Blocked, Action: None, LastError: ContainerTimeout, LastErrorTimestamp: 06/01/2026 07:53:26, LastErrorDetails: Container did not start within expected time limit of 230s. Please inspect your container logs for more details., Details: Site is blocked due to multiple, consecutive cold start failures. Site scheduled to be unblocked at 06/01/2026 07:54:26, DetailsLevel: WARN
2026-06-01T07:54:07.7707106Z Start site prohibitted because the site is being blocked.
2026-06-01T07:54:12.8805603Z State: Blocked, Action: None, LastError: ContainerTimeout, LastErrorTimestamp: 06/01/2026 07:53:26, LastErrorDetails: Container did not start within expected time limit of 230s. Please inspect your container logs for more details., Details: Site is blocked due to multiple, consecutive cold start failures. Site scheduled to be unblocked at 06/01/2026 07:54:26, DetailsLevel: WARN
2026-06-01T07:54:12.8808227Z Start site prohibitted because the site is being blocked.
2026-06-01T07:54:17.9984590Z State: Blocked, Action: None, LastError: ContainerTimeout, LastErrorTimestamp: 06/01/2026 07:53:26, LastErrorDetails: Container did not start within expected time limit of 230s. Please inspect your container logs for more details., Details: Site is blocked due to multiple, consecutive cold start failures. Site scheduled to be unblocked at 06/01/2026 07:54:26, DetailsLevel: WARN
2026-06-01T07:54:17.9984951Z Start site prohibitted because the site is being blocked.
2026-06-01T07:54:23.0598144Z State: Blocked, Action: None, LastError: ContainerTimeout, LastErrorTimestamp: 06/01/2026 07:53:26, LastErrorDetails: Container did not start within expected time limit of 230s. Please inspect your container logs for more details., Details: Site is blocked due to multiple, consecutive cold start failures. Site scheduled to be unblocked at 06/01/2026 07:54:26, DetailsLevel: WARN
2026-06-01T07:54:23.0598706Z Start site prohibitted because the site is being blocked.
2026-06-01T07:54:27.5087576Z Site: orpon-backend-api is unblocked.
2026-06-01T07:54:28.2523897Z State: Starting, Action: EstablishingSiteNetworks, LastError: ContainerTimeout, LastErrorTimestamp: 06/01/2026 07:53:26, LastErrorDetails: Container did not start within expected time limit of 230s. Please inspect your container logs for more details., Details: Site is blocked due to multiple, consecutive cold start failures. Site scheduled to be unblocked at 06/01/2026 07:54:26, DetailsLevel: WARN
2026-06-01T07:54:28.7849892Z State: Starting, Action: StartingSiteContainers, LastError: ContainerTimeout, LastErrorTimestamp: 06/01/2026 07:53:26, LastErrorDetails: Container did not start within expected time limit of 230s. Please inspect your container logs for more details., Details: Site is blocked due to multiple, consecutive cold start failures. Site scheduled to be unblocked at 06/01/2026 07:54:26, DetailsLevel: WARN
2026-06-01T07:54:28.7853077Z Container start method called.
2026-06-01T07:54:28.7854306Z State: Starting, Action: PullingImage, LastError: ContainerTimeout, LastErrorTimestamp: 06/01/2026 07:53:26, LastErrorDetails: Container did not start within expected time limit of 230s. Please inspect your container logs for more details., Details: Pulling image 10.1.0.4:13209/appsvc/node:24-lts_20260504.4.tuxprod for orpon-backend-api., DetailsLevel: INFO
2026-06-01T07:54:28.7856096Z Establishing network.
2026-06-01T07:54:28.7858107Z Pulling image: appsvc/node:24-lts_20260504.4.tuxprod.
2026-06-01T07:54:28.9709982Z Container is starting.
2026-06-01T07:54:28.9710788Z State: Starting, Action: MountingVolumes, LastError: ContainerTimeout, LastErrorTimestamp: 06/01/2026 07:53:26, LastErrorDetails: Container did not start within expected time limit of 230s. Please inspect your container logs for more details., Details: Mounting volumes for orpon-backend-api., DetailsLevel: INFO
2026-06-01T07:54:28.9712739Z Establishing user namespace if not established already.
2026-06-01T07:54:28.9714530Z Establishing network if not established already.
2026-06-01T07:54:28.9716333Z Mounting volumes.
2026-06-01T07:54:28.9718770Z Nested mountpoint 
2026-06-01T07:54:28.9839323Z Nested mountpoint volatile/logs
2026-06-01T07:54:28.9910271Z Nested mountpoint 
2026-06-01T07:54:28.9948574Z Nested mountpoint 
2026-06-01T07:54:28.9990188Z Nested mountpoint 
2026-06-01T07:54:29.2829179Z State: Starting, Action: CreatingContainer, LastError: ContainerTimeout, LastErrorTimestamp: 06/01/2026 07:53:26, LastErrorDetails: Container did not start within expected time limit of 230s. Please inspect your container logs for more details., Details: Finished pulling container image and mounting volumes for orpon-backend-api. Allocatinng the rest of the container resources to finish container creation., DetailsLevel: INFO
2026-06-01T07:54:29.2831493Z Creating container.
2026-06-01T07:54:29.2836269Z Creating pipes for streaming container io.
2026-06-01T07:54:29.2841372Z Creating stdout named pipe at /podr/container/pipe/d79041e4c3d8_orpon-backend-api/stdout_507871aeee4b489b84f0b3a417b9fce5.
2026-06-01T07:54:29.2904975Z Successfully created stdout named pipe at: /podr/container/pipe/d79041e4c3d8_orpon-backend-api/stdout_507871aeee4b489b84f0b3a417b9fce5.
2026-06-01T07:54:29.2906706Z Opening named pipe /podr/container/pipe/d79041e4c3d8_orpon-backend-api/stdout_507871aeee4b489b84f0b3a417b9fce5 for reading in non-blocking mode.
2026-06-01T07:54:29.2909468Z Successfully opened named pipe: /podr/container/pipe/d79041e4c3d8_orpon-backend-api/stdout_507871aeee4b489b84f0b3a417b9fce5.
2026-06-01T07:54:29.2911006Z Successfully removed non-blocking flag from /podr/container/pipe/d79041e4c3d8_orpon-backend-api/stdout_507871aeee4b489b84f0b3a417b9fce5.
2026-06-01T07:54:29.2913314Z Creating stderr named pipe at /podr/container/pipe/d79041e4c3d8_orpon-backend-api/stderr_fe517e9cef314a74803cfd5412e9cd96.
2026-06-01T07:54:29.2915246Z Successfully created stderr named pipe at: /podr/container/pipe/d79041e4c3d8_orpon-backend-api/stderr_fe517e9cef314a74803cfd5412e9cd96.
2026-06-01T07:54:29.2916861Z Opening named pipe /podr/container/pipe/d79041e4c3d8_orpon-backend-api/stderr_fe517e9cef314a74803cfd5412e9cd96 for reading in non-blocking mode.
2026-06-01T07:54:29.2918517Z Successfully opened named pipe: /podr/container/pipe/d79041e4c3d8_orpon-backend-api/stderr_fe517e9cef314a74803cfd5412e9cd96.
2026-06-01T07:54:29.2919968Z Successfully removed non-blocking flag from /podr/container/pipe/d79041e4c3d8_orpon-backend-api/stderr_fe517e9cef314a74803cfd5412e9cd96.
2026-06-01T07:54:29.2922439Z Creating container with image: appsvc/node:24-lts_20260504.4.tuxprod from registry: 10.1.0.4:13209 and fully qualified image name: 10.1.0.4:13209/appsvc/node:24-lts_20260504.4.tuxprod
2026-06-01T07:54:33.3033580Z Starting container: d79041e4c3d8_orpon-backend-api.
2026-06-01T07:54:33.5045042Z Starting watchers and probes.
2026-06-01T07:54:33.5050983Z Starting metrics collection.
2026-06-01T07:54:33.5068574Z Container is running.
2026-06-01T07:54:33.5069519Z State: Starting, Action: CreatingContainer, LastError: ContainerTimeout, LastErrorTimestamp: 06/01/2026 07:53:26, LastErrorDetails: Container did not start within expected time limit of 230s. Please inspect your container logs for more details., Details: Container orpon-backend-api successfully created and is running., DetailsLevel: INFO
2026-06-01T07:54:33.5556655Z Container start method finished after 4769 ms.
2026-06-01T07:54:33.5580851Z State: Starting, Action: InitiatingSiteWarmUpProbe, LastError: ContainerTimeout, LastErrorTimestamp: 06/01/2026 07:53:26, LastErrorDetails: Container did not start within expected time limit of 230s. Please inspect your container logs for more details., Details: Container orpon-backend-api successfully created and is running., DetailsLevel: INFO
2026-06-01T07:54:33.5581205Z State: Starting, Action: WaitingForSiteWarmUpProbeSuccess, LastError: ContainerTimeout, LastErrorTimestamp: 06/01/2026 07:53:26, LastErrorDetails: Container did not start within expected time limit of 230s. Please inspect your container logs for more details., Details: Pinging warmup path to ensure container is ready to receive requests., DetailsLevel: INFO
