2026-05-30T20:13:17.3809561Z State: Starting, Action: EstablishingSiteNetworks, LastError: , LastErrorTimestamp: 01/01/0001 00:00:00, LastErrorDetails: , Details: , DetailsLevel: INFO
2026-05-30T20:13:17.7096878Z State: Starting, Action: StartingSiteContainers, LastError: , LastErrorTimestamp: 01/01/0001 00:00:00, LastErrorDetails: , Details: , DetailsLevel: INFO
2026-05-30T20:13:17.7105134Z Container start method called.
2026-05-30T20:13:17.7162912Z State: Starting, Action: PullingImage, LastError: , LastErrorTimestamp: 01/01/0001 00:00:00, LastErrorDetails: , Details: Pulling image 10.1.0.6:13209/appsvc/node:24-lts_20260504.4.tuxprod for orpon-backend-api., DetailsLevel: INFO
2026-05-30T20:13:17.7168663Z Establishing network.
2026-05-30T20:13:17.7171987Z Pulling image: appsvc/node:24-lts_20260504.4.tuxprod.
2026-05-30T20:13:37.2650164Z Image appsvc/node:24-lts_20260504.4.tuxprod is pulled from registry 10.1.0.6:13209
2026-05-30T20:13:37.2652364Z Container is starting.
2026-05-30T20:13:37.2672823Z State: Starting, Action: MountingVolumes, LastError: , LastErrorTimestamp: 01/01/0001 00:00:00, LastErrorDetails: , Details: Mounting volumes for orpon-backend-api., DetailsLevel: INFO
2026-05-30T20:13:37.2677258Z Establishing user namespace if not established already.
2026-05-30T20:13:37.2679041Z Establishing network if not established already.
2026-05-30T20:13:37.2680715Z Mounting volumes.
2026-05-30T20:13:37.2698376Z Nested mountpoint 
2026-05-30T20:13:37.2727464Z Nested mountpoint volatile/logs
2026-05-30T20:13:37.2827445Z Nested mountpoint 
2026-05-30T20:13:37.4118804Z Nested mountpoint 
2026-05-30T20:13:37.4205163Z Nested mountpoint 
2026-05-30T20:13:37.8049630Z State: Starting, Action: CreatingContainer, LastError: , LastErrorTimestamp: 01/01/0001 00:00:00, LastErrorDetails: , Details: Finished pulling container image and mounting volumes for orpon-backend-api. Allocatinng the rest of the container resources to finish container creation., DetailsLevel: INFO
2026-05-30T20:13:37.8053494Z Creating container.
2026-05-30T20:13:37.8054983Z Creating pipes for streaming container io.
2026-05-30T20:13:37.8056061Z Creating stdout named pipe at /podr/container/pipe/bdc60c97fa1c_orpon-backend-api/stdout_e54a611433b143898fbaae2289a7997d.
2026-05-30T20:13:37.8095889Z Successfully created stdout named pipe at: /podr/container/pipe/bdc60c97fa1c_orpon-backend-api/stdout_e54a611433b143898fbaae2289a7997d.
2026-05-30T20:13:37.8106701Z Opening named pipe /podr/container/pipe/bdc60c97fa1c_orpon-backend-api/stdout_e54a611433b143898fbaae2289a7997d for reading in non-blocking mode.
2026-05-30T20:13:37.8113475Z Successfully opened named pipe: /podr/container/pipe/bdc60c97fa1c_orpon-backend-api/stdout_e54a611433b143898fbaae2289a7997d.
2026-05-30T20:13:37.8115655Z Successfully removed non-blocking flag from /podr/container/pipe/bdc60c97fa1c_orpon-backend-api/stdout_e54a611433b143898fbaae2289a7997d.
2026-05-30T20:13:37.8127498Z Creating stderr named pipe at /podr/container/pipe/bdc60c97fa1c_orpon-backend-api/stderr_5d1f36f2dcf042c8979d4e28e58ae7cf.
2026-05-30T20:13:37.8130654Z Successfully created stderr named pipe at: /podr/container/pipe/bdc60c97fa1c_orpon-backend-api/stderr_5d1f36f2dcf042c8979d4e28e58ae7cf.
2026-05-30T20:13:37.8132052Z Opening named pipe /podr/container/pipe/bdc60c97fa1c_orpon-backend-api/stderr_5d1f36f2dcf042c8979d4e28e58ae7cf for reading in non-blocking mode.
2026-05-30T20:13:37.8133799Z Successfully opened named pipe: /podr/container/pipe/bdc60c97fa1c_orpon-backend-api/stderr_5d1f36f2dcf042c8979d4e28e58ae7cf.
2026-05-30T20:13:37.8135437Z Successfully removed non-blocking flag from /podr/container/pipe/bdc60c97fa1c_orpon-backend-api/stderr_5d1f36f2dcf042c8979d4e28e58ae7cf.
2026-05-30T20:13:37.8137499Z Creating container with image: appsvc/node:24-lts_20260504.4.tuxprod from registry: 10.1.0.6:13209 and fully qualified image name: 10.1.0.6:13209/appsvc/node:24-lts_20260504.4.tuxprod
2026-05-30T20:13:39.2842199Z Starting container: bdc60c97fa1c_orpon-backend-api.
2026-05-30T20:13:39.3390195Z Starting watchers and probes.
2026-05-30T20:13:39.3424625Z Starting metrics collection.
2026-05-30T20:13:39.3446759Z Container is running.
2026-05-30T20:13:39.3447949Z State: Starting, Action: CreatingContainer, LastError: , LastErrorTimestamp: 01/01/0001 00:00:00, LastErrorDetails: , Details: Container orpon-backend-api successfully created and is running., DetailsLevel: INFO
2026-05-30T20:13:39.3877800Z Container start method finished after 21677 ms.
2026-05-30T20:13:39.3884435Z State: Starting, Action: InitiatingSiteWarmUpProbe, LastError: , LastErrorTimestamp: 01/01/0001 00:00:00, LastErrorDetails: , Details: Container orpon-backend-api successfully created and is running., DetailsLevel: INFO
2026-05-30T20:13:39.4332859Z State: Starting, Action: WaitingForSiteWarmUpProbeSuccess, LastError: , LastErrorTimestamp: 01/01/0001 00:00:00, LastErrorDetails: , Details: Pinging warmup path to ensure container is ready to receive requests., DetailsLevel: INFO
2026-05-30T20:13:48.2442007Z Container has finished running with exit code: 1.
2026-05-30T20:13:48.2444069Z Container is terminating. Grace period: 5 seconds.
2026-05-30T20:13:48.2453217Z Stop and delete container. Retry count = 0
2026-05-30T20:13:48.2454058Z Stopping container: bdc60c97fa1c_orpon-backend-api.
2026-05-30T20:13:48.2926654Z Deleting container: bdc60c97fa1c_orpon-backend-api. Retry count = 0
2026-05-30T20:13:48.4114858Z Container spec TerminationMessagePolicy  path 
2026-05-30T20:13:48.4117782Z Container is terminated. Total time elapsed: 167 ms.
2026-05-30T20:13:48.4121155Z Site container: orpon-backend-api terminated during site startup.
2026-05-30T20:13:48.4139857Z State: Stopping, Action: CancellingStartup, LastError: , LastErrorTimestamp: 01/01/0001 00:00:00, LastErrorDetails: , Details: Site container: orpon-backend-api terminated during site startup. Cancelling site startup., DetailsLevel: ERR
2026-05-30T20:13:48.4492013Z Site startup probe failed after 8.9679002 seconds.
2026-05-30T20:13:48.5563470Z State: Stopping, Action: CancellingStartup, LastError: ContainerTimeout, LastErrorTimestamp: 05/30/2026 20:13:48, LastErrorDetails: Container did not start within expected time limit of 230s. Please inspect your container logs for more details., Details: Site container: orpon-backend-api terminated during site startup. Cancelling site startup., DetailsLevel: ERR
2026-05-30T20:13:48.5608327Z Failed to start site. Revert by stopping site.
2026-05-30T20:13:48.5611314Z State: Stopping, Action: StoppingSite, LastError: ContainerTimeout, LastErrorTimestamp: 05/30/2026 20:13:48, LastErrorDetails: Container did not start within expected time limit of 230s. Please inspect your container logs for more details., Details: Site container: orpon-backend-api terminated during site startup. Cancelling site startup., DetailsLevel: ERR
2026-05-30T20:13:48.5644753Z State: Stopping, Action: StoppingSiteContainers, LastError: ContainerTimeout, LastErrorTimestamp: 05/30/2026 20:13:48, LastErrorDetails: Container did not start within expected time limit of 230s. Please inspect your container logs for more details., Details: Site container: orpon-backend-api terminated during site startup. Cancelling site startup., DetailsLevel: ERR
2026-05-30T20:13:48.5646000Z Site: orpon-backend-api stopped.
2026-05-30T20:13:48.5675456Z State: Stopping, Action: UnmountingVolumes, LastError: ContainerTimeout, LastErrorTimestamp: 05/30/2026 20:13:48, LastErrorDetails: Container did not start within expected time limit of 230s. Please inspect your container logs for more details., Details: Site container: orpon-backend-api terminated during site startup. Cancelling site startup., DetailsLevel: ERR
2026-05-30T20:13:48.6709441Z State: Stopping, Action: StoppingSiteNetworks, LastError: ContainerTimeout, LastErrorTimestamp: 05/30/2026 20:13:48, LastErrorDetails: Container did not start within expected time limit of 230s. Please inspect your container logs for more details., Details: Site container: orpon-backend-api terminated during site startup. Cancelling site startup., DetailsLevel: ERR
2026-05-30T20:13:48.7311355Z State: Stopped, Action: None, LastError: ContainerTimeout, LastErrorTimestamp: 05/30/2026 20:13:48, LastErrorDetails: Container did not start within expected time limit of 230s. Please inspect your container logs for more details., Details: Site stopped at 05/30/2026 20:13:48 (UTC), DetailsLevel: ERR
2026-05-30T20:13:48.9724063Z State: Stopped, Action: None, LastError: ContainerTimeout, LastErrorTimestamp: 05/30/2026 20:13:48, LastErrorDetails: Container did not start within expected time limit of 230s. Please inspect your container logs for more details., Details: Site stopped at 05/30/2026 20:13:48 (UTC), DetailsLevel: ERR
2026-05-30T20:13:56.2166005Z State: Starting, Action: EstablishingSiteNetworks, LastError: ContainerTimeout, LastErrorTimestamp: 05/30/2026 20:13:48, LastErrorDetails: Container did not start within expected time limit of 230s. Please inspect your container logs for more details., Details: Site stopped at 05/30/2026 20:13:48 (UTC), DetailsLevel: ERR
2026-05-30T20:13:56.6258893Z State: Starting, Action: StartingSiteContainers, LastError: ContainerTimeout, LastErrorTimestamp: 05/30/2026 20:13:48, LastErrorDetails: Container did not start within expected time limit of 230s. Please inspect your container logs for more details., Details: Site stopped at 05/30/2026 20:13:48 (UTC), DetailsLevel: ERR
2026-05-30T20:13:56.6281181Z Container start method called.
2026-05-30T20:13:56.6282207Z State: Starting, Action: PullingImage, LastError: ContainerTimeout, LastErrorTimestamp: 05/30/2026 20:13:48, LastErrorDetails: Container did not start within expected time limit of 230s. Please inspect your container logs for more details., Details: Pulling image 10.1.0.6:13209/appsvc/node:24-lts_20260504.4.tuxprod for orpon-backend-api., DetailsLevel: INFO
2026-05-30T20:13:56.6283544Z Establishing network.
2026-05-30T20:13:56.6285050Z Pulling image: appsvc/node:24-lts_20260504.4.tuxprod.
2026-05-30T20:13:56.8241843Z Container is starting.
2026-05-30T20:13:56.8242739Z State: Starting, Action: MountingVolumes, LastError: ContainerTimeout, LastErrorTimestamp: 05/30/2026 20:13:48, LastErrorDetails: Container did not start within expected time limit of 230s. Please inspect your container logs for more details., Details: Mounting volumes for orpon-backend-api., DetailsLevel: INFO
2026-05-30T20:13:56.8245070Z Establishing user namespace if not established already.
2026-05-30T20:13:56.8246489Z Establishing network if not established already.
2026-05-30T20:13:56.8248056Z Mounting volumes.
2026-05-30T20:13:56.8250060Z Nested mountpoint 
2026-05-30T20:13:56.8309595Z Nested mountpoint volatile/logs
2026-05-30T20:13:56.8345828Z Nested mountpoint 
2026-05-30T20:13:56.8380791Z Nested mountpoint 
2026-05-30T20:13:56.8394071Z Nested mountpoint 
2026-05-30T20:13:56.9364660Z State: Starting, Action: CreatingContainer, LastError: ContainerTimeout, LastErrorTimestamp: 05/30/2026 20:13:48, LastErrorDetails: Container did not start within expected time limit of 230s. Please inspect your container logs for more details., Details: Finished pulling container image and mounting volumes for orpon-backend-api. Allocatinng the rest of the container resources to finish container creation., DetailsLevel: INFO
2026-05-30T20:13:56.9366300Z Creating container.
2026-05-30T20:13:56.9367442Z Creating pipes for streaming container io.
2026-05-30T20:13:56.9368175Z Creating stdout named pipe at /podr/container/pipe/f1ce14dd3345_orpon-backend-api/stdout_d9b15bcb146c4ef3a10b264108014bc1.
2026-05-30T20:13:56.9370021Z Successfully created stdout named pipe at: /podr/container/pipe/f1ce14dd3345_orpon-backend-api/stdout_d9b15bcb146c4ef3a10b264108014bc1.
2026-05-30T20:13:56.9370675Z Opening named pipe /podr/container/pipe/f1ce14dd3345_orpon-backend-api/stdout_d9b15bcb146c4ef3a10b264108014bc1 for reading in non-blocking mode.
2026-05-30T20:13:56.9371998Z Successfully opened named pipe: /podr/container/pipe/f1ce14dd3345_orpon-backend-api/stdout_d9b15bcb146c4ef3a10b264108014bc1.
2026-05-30T20:13:56.9372821Z Successfully removed non-blocking flag from /podr/container/pipe/f1ce14dd3345_orpon-backend-api/stdout_d9b15bcb146c4ef3a10b264108014bc1.
2026-05-30T20:13:56.9398598Z Creating stderr named pipe at /podr/container/pipe/f1ce14dd3345_orpon-backend-api/stderr_4b74ce6ec0f74f7cb644588dd891e5ea.
2026-05-30T20:13:56.9400682Z Successfully created stderr named pipe at: /podr/container/pipe/f1ce14dd3345_orpon-backend-api/stderr_4b74ce6ec0f74f7cb644588dd891e5ea.
2026-05-30T20:13:56.9402153Z Opening named pipe /podr/container/pipe/f1ce14dd3345_orpon-backend-api/stderr_4b74ce6ec0f74f7cb644588dd891e5ea for reading in non-blocking mode.
2026-05-30T20:13:56.9403567Z Successfully opened named pipe: /podr/container/pipe/f1ce14dd3345_orpon-backend-api/stderr_4b74ce6ec0f74f7cb644588dd891e5ea.
2026-05-30T20:13:56.9405553Z Successfully removed non-blocking flag from /podr/container/pipe/f1ce14dd3345_orpon-backend-api/stderr_4b74ce6ec0f74f7cb644588dd891e5ea.
2026-05-30T20:13:56.9440830Z Creating container with image: appsvc/node:24-lts_20260504.4.tuxprod from registry: 10.1.0.6:13209 and fully qualified image name: 10.1.0.6:13209/appsvc/node:24-lts_20260504.4.tuxprod
2026-05-30T20:13:57.1957956Z Starting container: f1ce14dd3345_orpon-backend-api.
2026-05-30T20:13:57.2203044Z Starting watchers and probes.
2026-05-30T20:13:57.2205806Z Starting metrics collection.
2026-05-30T20:13:57.2208699Z Container is running.
2026-05-30T20:13:57.2209956Z State: Starting, Action: CreatingContainer, LastError: ContainerTimeout, LastErrorTimestamp: 05/30/2026 20:13:48, LastErrorDetails: Container did not start within expected time limit of 230s. Please inspect your container logs for more details., Details: Container orpon-backend-api successfully created and is running., DetailsLevel: INFO
2026-05-30T20:13:57.2436716Z Container start method finished after 615 ms.
2026-05-30T20:13:57.2438587Z State: Starting, Action: InitiatingSiteWarmUpProbe, LastError: ContainerTimeout, LastErrorTimestamp: 05/30/2026 20:13:48, LastErrorDetails: Container did not start within expected time limit of 230s. Please inspect your container logs for more details., Details: Container orpon-backend-api successfully created and is running., DetailsLevel: INFO
2026-05-30T20:13:57.2438873Z State: Starting, Action: WaitingForSiteWarmUpProbeSuccess, LastError: ContainerTimeout, LastErrorTimestamp: 05/30/2026 20:13:48, LastErrorDetails: Container did not start within expected time limit of 230s. Please inspect your container logs for more details., Details: Pinging warmup path to ensure container is ready to receive requests., DetailsLevel: INFO
2026-05-30T20:14:05.0795253Z Container has finished running with exit code: 1.
2026-05-30T20:14:05.0801005Z Container is terminating. Grace period: 5 seconds.
2026-05-30T20:14:05.0840629Z Stop and delete container. Retry count = 0
2026-05-30T20:14:05.0843111Z Stopping container: f1ce14dd3345_orpon-backend-api.
2026-05-30T20:14:05.1128359Z Deleting container: f1ce14dd3345_orpon-backend-api. Retry count = 0
2026-05-30T20:14:05.2716281Z Container spec TerminationMessagePolicy  path 
2026-05-30T20:14:05.2722209Z Container is terminated. Total time elapsed: 191 ms.
2026-05-30T20:14:05.2728555Z Site container: orpon-backend-api terminated during site startup.
2026-05-30T20:14:05.2731952Z State: Stopping, Action: CancellingStartup, LastError: ContainerTimeout, LastErrorTimestamp: 05/30/2026 20:13:48, LastErrorDetails: Container did not start within expected time limit of 230s. Please inspect your container logs for more details., Details: Site container: orpon-backend-api terminated during site startup. Cancelling site startup., DetailsLevel: ERR
2026-05-30T20:14:05.2846822Z Site startup probe failed after 8.0331484 seconds.
2026-05-30T20:14:05.3753598Z State: Stopping, Action: CancellingStartup, LastError: ContainerTimeout, LastErrorTimestamp: 05/30/2026 20:14:05, LastErrorDetails: Container did not start within expected time limit of 230s. Please inspect your container logs for more details., Details: Site container: orpon-backend-api terminated during site startup. Cancelling site startup., DetailsLevel: ERR
2026-05-30T20:14:05.3924564Z Failed to start site. Revert by stopping site.
2026-05-30T20:14:05.3944142Z State: Stopping, Action: StoppingSite, LastError: ContainerTimeout, LastErrorTimestamp: 05/30/2026 20:14:05, LastErrorDetails: Container did not start within expected time limit of 230s. Please inspect your container logs for more details., Details: Site container: orpon-backend-api terminated during site startup. Cancelling site startup., DetailsLevel: ERR
2026-05-30T20:14:05.3953887Z State: Stopping, Action: StoppingSiteContainers, LastError: ContainerTimeout, LastErrorTimestamp: 05/30/2026 20:14:05, LastErrorDetails: Container did not start within expected time limit of 230s. Please inspect your container logs for more details., Details: Site container: orpon-backend-api terminated during site startup. Cancelling site startup., DetailsLevel: ERR
2026-05-30T20:14:05.3954129Z Site: orpon-backend-api stopped.
2026-05-30T20:14:05.4104720Z State: Stopping, Action: UnmountingVolumes, LastError: ContainerTimeout, LastErrorTimestamp: 05/30/2026 20:14:05, LastErrorDetails: Container did not start within expected time limit of 230s. Please inspect your container logs for more details., Details: Site container: orpon-backend-api terminated during site startup. Cancelling site startup., DetailsLevel: ERR
2026-05-30T20:14:05.5017458Z State: Stopping, Action: StoppingSiteNetworks, LastError: ContainerTimeout, LastErrorTimestamp: 05/30/2026 20:14:05, LastErrorDetails: Container did not start within expected time limit of 230s. Please inspect your container logs for more details., Details: Site container: orpon-backend-api terminated during site startup. Cancelling site startup., DetailsLevel: ERR
2026-05-30T20:14:05.5682674Z Site: orpon-backend-api will be blocked for 1 minutes till 05/30/2026 20:15:05
2026-05-30T20:14:05.5687758Z State: Blocked, Action: StoppingSiteNetworks, LastError: ContainerTimeout, LastErrorTimestamp: 05/30/2026 20:14:05, LastErrorDetails: Container did not start within expected time limit of 230s. Please inspect your container logs for more details., Details: Site: orpon-backend-api will be blocked for 1 minutes till 05/30/2026 20:15:05, DetailsLevel: WARN
2026-05-30T20:14:05.5934737Z State: Stopped, Action: None, LastError: ContainerTimeout, LastErrorTimestamp: 05/30/2026 20:14:05, LastErrorDetails: Container did not start within expected time limit of 230s. Please inspect your container logs for more details., Details: Site stopped at 05/30/2026 20:14:05 (UTC), DetailsLevel: WARN
2026-05-30T20:14:05.8807878Z State: Stopped, Action: None, LastError: ContainerTimeout, LastErrorTimestamp: 05/30/2026 20:14:05, LastErrorDetails: Container did not start within expected time limit of 230s. Please inspect your container logs for more details., Details: Site stopped at 05/30/2026 20:14:05 (UTC), DetailsLevel: WARN
2026-05-30T20:14:10.9685945Z State: Blocked, Action: None, LastError: ContainerTimeout, LastErrorTimestamp: 05/30/2026 20:14:05, LastErrorDetails: Container did not start within expected time limit of 230s. Please inspect your container logs for more details., Details: Site is blocked due to multiple, consecutive cold start failures. Site scheduled to be unblocked at 05/30/2026 20:15:05, DetailsLevel: WARN
2026-05-30T20:14:10.9686338Z Start site prohibitted because the site is being blocked.
2026-05-30T20:14:16.0352229Z State: Blocked, Action: None, LastError: ContainerTimeout, LastErrorTimestamp: 05/30/2026 20:14:05, LastErrorDetails: Container did not start within expected time limit of 230s. Please inspect your container logs for more details., Details: Site is blocked due to multiple, consecutive cold start failures. Site scheduled to be unblocked at 05/30/2026 20:15:05, DetailsLevel: WARN
2026-05-30T20:14:16.0352619Z Start site prohibitted because the site is being blocked.
2026-05-30T20:14:21.0957541Z State: Blocked, Action: None, LastError: ContainerTimeout, LastErrorTimestamp: 05/30/2026 20:14:05, LastErrorDetails: Container did not start within expected time limit of 230s. Please inspect your container logs for more details., Details: Site is blocked due to multiple, consecutive cold start failures. Site scheduled to be unblocked at 05/30/2026 20:15:05, DetailsLevel: WARN
2026-05-30T20:14:21.0957854Z Start site prohibitted because the site is being blocked.
2026-05-30T20:14:26.1543248Z State: Blocked, Action: None, LastError: ContainerTimeout, LastErrorTimestamp: 05/30/2026 20:14:05, LastErrorDetails: Container did not start within expected time limit of 230s. Please inspect your container logs for more details., Details: Site is blocked due to multiple, consecutive cold start failures. Site scheduled to be unblocked at 05/30/2026 20:15:05, DetailsLevel: WARN
2026-05-30T20:14:26.1546475Z Start site prohibitted because the site is being blocked.
2026-05-30T20:14:31.2046624Z State: Blocked, Action: None, LastError: ContainerTimeout, LastErrorTimestamp: 05/30/2026 20:14:05, LastErrorDetails: Container did not start within expected time limit of 230s. Please inspect your container logs for more details., Details: Site is blocked due to multiple, consecutive cold start failures. Site scheduled to be unblocked at 05/30/2026 20:15:05, DetailsLevel: WARN
2026-05-30T20:14:31.2046961Z Start site prohibitted because the site is being blocked.
2026-05-30T20:14:36.2536650Z State: Blocked, Action: None, LastError: ContainerTimeout, LastErrorTimestamp: 05/30/2026 20:14:05, LastErrorDetails: Container did not start within expected time limit of 230s. Please inspect your container logs for more details., Details: Site is blocked due to multiple, consecutive cold start failures. Site scheduled to be unblocked at 05/30/2026 20:15:05, DetailsLevel: WARN
2026-05-30T20:14:36.2536960Z Start site prohibitted because the site is being blocked.
2026-05-30T20:14:41.4792983Z State: Blocked, Action: None, LastError: ContainerTimeout, LastErrorTimestamp: 05/30/2026 20:14:05, LastErrorDetails: Container did not start within expected time limit of 230s. Please inspect your container logs for more details., Details: Site is blocked due to multiple, consecutive cold start failures. Site scheduled to be unblocked at 05/30/2026 20:15:05, DetailsLevel: WARN
2026-05-30T20:14:41.4794216Z Start site prohibitted because the site is being blocked.
2026-05-30T20:14:46.5561800Z State: Blocked, Action: None, LastError: ContainerTimeout, LastErrorTimestamp: 05/30/2026 20:14:05, LastErrorDetails: Container did not start within expected time limit of 230s. Please inspect your container logs for more details., Details: Site is blocked due to multiple, consecutive cold start failures. Site scheduled to be unblocked at 05/30/2026 20:15:05, DetailsLevel: WARN
2026-05-30T20:14:46.5562289Z Start site prohibitted because the site is being blocked.
2026-05-30T20:14:51.6507079Z State: Blocked, Action: None, LastError: ContainerTimeout, LastErrorTimestamp: 05/30/2026 20:14:05, LastErrorDetails: Container did not start within expected time limit of 230s. Please inspect your container logs for more details., Details: Site is blocked due to multiple, consecutive cold start failures. Site scheduled to be unblocked at 05/30/2026 20:15:05, DetailsLevel: WARN
2026-05-30T20:14:51.6507638Z Start site prohibitted because the site is being blocked.
2026-05-30T20:14:56.6980444Z State: Blocked, Action: None, LastError: ContainerTimeout, LastErrorTimestamp: 05/30/2026 20:14:05, LastErrorDetails: Container did not start within expected time limit of 230s. Please inspect your container logs for more details., Details: Site is blocked due to multiple, consecutive cold start failures. Site scheduled to be unblocked at 05/30/2026 20:15:05, DetailsLevel: WARN
2026-05-30T20:14:56.6980864Z Start site prohibitted because the site is being blocked.
2026-05-30T20:15:01.7511580Z State: Blocked, Action: None, LastError: ContainerTimeout, LastErrorTimestamp: 05/30/2026 20:14:05, LastErrorDetails: Container did not start within expected time limit of 230s. Please inspect your container logs for more details., Details: Site is blocked due to multiple, consecutive cold start failures. Site scheduled to be unblocked at 05/30/2026 20:15:05, DetailsLevel: WARN
2026-05-30T20:15:01.7543785Z Start site prohibitted because the site is being blocked.
2026-05-30T20:15:05.5693010Z Site: orpon-backend-api is unblocked.
2026-05-30T20:15:06.8181532Z State: Starting, Action: EstablishingSiteNetworks, LastError: ContainerTimeout, LastErrorTimestamp: 05/30/2026 20:14:05, LastErrorDetails: Container did not start within expected time limit of 230s. Please inspect your container logs for more details., Details: Site is blocked due to multiple, consecutive cold start failures. Site scheduled to be unblocked at 05/30/2026 20:15:05, DetailsLevel: WARN
2026-05-30T20:15:07.1267638Z State: Starting, Action: StartingSiteContainers, LastError: ContainerTimeout, LastErrorTimestamp: 05/30/2026 20:14:05, LastErrorDetails: Container did not start within expected time limit of 230s. Please inspect your container logs for more details., Details: Site is blocked due to multiple, consecutive cold start failures. Site scheduled to be unblocked at 05/30/2026 20:15:05, DetailsLevel: WARN
2026-05-30T20:15:07.1269355Z Container start method called.
2026-05-30T20:15:07.1270051Z State: Starting, Action: PullingImage, LastError: ContainerTimeout, LastErrorTimestamp: 05/30/2026 20:14:05, LastErrorDetails: Container did not start within expected time limit of 230s. Please inspect your container logs for more details., Details: Pulling image 10.1.0.6:13209/appsvc/node:24-lts_20260504.4.tuxprod for orpon-backend-api., DetailsLevel: INFO
2026-05-30T20:15:07.1271326Z Establishing network.
2026-05-30T20:15:07.1288602Z Pulling image: appsvc/node:24-lts_20260504.4.tuxprod.
2026-05-30T20:15:07.2197084Z Container is starting.
2026-05-30T20:15:07.2198276Z State: Starting, Action: MountingVolumes, LastError: ContainerTimeout, LastErrorTimestamp: 05/30/2026 20:14:05, LastErrorDetails: Container did not start within expected time limit of 230s. Please inspect your container logs for more details., Details: Mounting volumes for orpon-backend-api., DetailsLevel: INFO
2026-05-30T20:15:07.2199909Z Establishing user namespace if not established already.
2026-05-30T20:15:07.2201603Z Establishing network if not established already.
2026-05-30T20:15:07.2203238Z Mounting volumes.
2026-05-30T20:15:07.2205507Z Nested mountpoint 
2026-05-30T20:15:07.2239471Z Nested mountpoint volatile/logs
2026-05-30T20:15:07.2296189Z Nested mountpoint 
2026-05-30T20:15:07.2311211Z Nested mountpoint 
2026-05-30T20:15:07.2319450Z Nested mountpoint 
2026-05-30T20:15:07.3314550Z State: Starting, Action: CreatingContainer, LastError: ContainerTimeout, LastErrorTimestamp: 05/30/2026 20:14:05, LastErrorDetails: Container did not start within expected time limit of 230s. Please inspect your container logs for more details., Details: Finished pulling container image and mounting volumes for orpon-backend-api. Allocatinng the rest of the container resources to finish container creation., DetailsLevel: INFO
2026-05-30T20:15:07.3316365Z Creating container.
2026-05-30T20:15:07.3317562Z Creating pipes for streaming container io.
2026-05-30T20:15:07.3318869Z Creating stdout named pipe at /podr/container/pipe/f762b9aa58c1_orpon-backend-api/stdout_dc519aebc5734762a9b89f138b79b9f6.
2026-05-30T20:15:07.3321037Z Successfully created stdout named pipe at: /podr/container/pipe/f762b9aa58c1_orpon-backend-api/stdout_dc519aebc5734762a9b89f138b79b9f6.
2026-05-30T20:15:07.3322531Z Opening named pipe /podr/container/pipe/f762b9aa58c1_orpon-backend-api/stdout_dc519aebc5734762a9b89f138b79b9f6 for reading in non-blocking mode.
2026-05-30T20:15:07.3324010Z Successfully opened named pipe: /podr/container/pipe/f762b9aa58c1_orpon-backend-api/stdout_dc519aebc5734762a9b89f138b79b9f6.
2026-05-30T20:15:07.3325196Z Successfully removed non-blocking flag from /podr/container/pipe/f762b9aa58c1_orpon-backend-api/stdout_dc519aebc5734762a9b89f138b79b9f6.
2026-05-30T20:15:07.3337168Z Creating stderr named pipe at /podr/container/pipe/f762b9aa58c1_orpon-backend-api/stderr_c40f9c1b6f7c40d8b4aa21b7a4f61a40.
2026-05-30T20:15:07.3339099Z Successfully created stderr named pipe at: /podr/container/pipe/f762b9aa58c1_orpon-backend-api/stderr_c40f9c1b6f7c40d8b4aa21b7a4f61a40.
2026-05-30T20:15:07.3340240Z Opening named pipe /podr/container/pipe/f762b9aa58c1_orpon-backend-api/stderr_c40f9c1b6f7c40d8b4aa21b7a4f61a40 for reading in non-blocking mode.
2026-05-30T20:15:07.3343525Z Successfully opened named pipe: /podr/container/pipe/f762b9aa58c1_orpon-backend-api/stderr_c40f9c1b6f7c40d8b4aa21b7a4f61a40.
2026-05-30T20:15:07.3344817Z Successfully removed non-blocking flag from /podr/container/pipe/f762b9aa58c1_orpon-backend-api/stderr_c40f9c1b6f7c40d8b4aa21b7a4f61a40.
2026-05-30T20:15:07.3346828Z Creating container with image: appsvc/node:24-lts_20260504.4.tuxprod from registry: 10.1.0.6:13209 and fully qualified image name: 10.1.0.6:13209/appsvc/node:24-lts_20260504.4.tuxprod
2026-05-30T20:15:08.3112547Z Starting container: f762b9aa58c1_orpon-backend-api.
2026-05-30T20:15:08.4365747Z Starting watchers and probes.
2026-05-30T20:15:08.4369799Z Starting metrics collection.
2026-05-30T20:15:08.4371431Z Container is running.
2026-05-30T20:15:08.4374626Z State: Starting, Action: CreatingContainer, LastError: ContainerTimeout, LastErrorTimestamp: 05/30/2026 20:14:05, LastErrorDetails: Container did not start within expected time limit of 230s. Please inspect your container logs for more details., Details: Container orpon-backend-api successfully created and is running., DetailsLevel: INFO
2026-05-30T20:15:08.4527348Z Container start method finished after 1325 ms.
2026-05-30T20:15:08.4529751Z State: Starting, Action: InitiatingSiteWarmUpProbe, LastError: ContainerTimeout, LastErrorTimestamp: 05/30/2026 20:14:05, LastErrorDetails: Container did not start within expected time limit of 230s. Please inspect your container logs for more details., Details: Container orpon-backend-api successfully created and is running., DetailsLevel: INFO
2026-05-30T20:15:08.4530259Z State: Starting, Action: WaitingForSiteWarmUpProbeSuccess, LastError: ContainerTimeout, LastErrorTimestamp: 05/30/2026 20:14:05, LastErrorDetails: Container did not start within expected time limit of 230s. Please inspect your container logs for more details., Details: Pinging warmup path to ensure container is ready to receive requests., DetailsLevel: INFO
2026-05-30T20:15:16.0347629Z Container has finished running with exit code: 1.
2026-05-30T20:15:16.0349667Z Container is terminating. Grace period: 5 seconds.
2026-05-30T20:15:16.0494159Z Stop and delete container. Retry count = 0
2026-05-30T20:15:16.0495781Z Stopping container: f762b9aa58c1_orpon-backend-api.
2026-05-30T20:15:16.1848269Z Deleting container: f762b9aa58c1_orpon-backend-api. Retry count = 0
2026-05-30T20:15:16.6542955Z Container spec TerminationMessagePolicy  path 
2026-05-30T20:15:16.6544776Z Container is terminated. Total time elapsed: 619 ms.
2026-05-30T20:15:16.6546020Z Site container: orpon-backend-api terminated during site startup.
2026-05-30T20:15:16.6547031Z State: Stopping, Action: CancellingStartup, LastError: ContainerTimeout, LastErrorTimestamp: 05/30/2026 20:14:05, LastErrorDetails: Container did not start within expected time limit of 230s. Please inspect your container logs for more details., Details: Site container: orpon-backend-api terminated during site startup. Cancelling site startup., DetailsLevel: ERR
2026-05-30T20:15:16.6582449Z Site startup probe failed after 8.201438 seconds.
2026-05-30T20:15:16.7131222Z State: Stopping, Action: CancellingStartup, LastError: ContainerTimeout, LastErrorTimestamp: 05/30/2026 20:15:16, LastErrorDetails: Container did not start within expected time limit of 230s. Please inspect your container logs for more details., Details: Site container: orpon-backend-api terminated during site startup. Cancelling site startup., DetailsLevel: ERR
2026-05-30T20:15:16.7153949Z Failed to start site. Revert by stopping site.
2026-05-30T20:15:16.7155589Z State: Stopping, Action: StoppingSite, LastError: ContainerTimeout, LastErrorTimestamp: 05/30/2026 20:15:16, LastErrorDetails: Container did not start within expected time limit of 230s. Please inspect your container logs for more details., Details: Site container: orpon-backend-api terminated during site startup. Cancelling site startup., DetailsLevel: ERR
2026-05-30T20:15:16.7161122Z State: Stopping, Action: StoppingSiteContainers, LastError: ContainerTimeout, LastErrorTimestamp: 05/30/2026 20:15:16, LastErrorDetails: Container did not start within expected time limit of 230s. Please inspect your container logs for more details., Details: Site container: orpon-backend-api terminated during site startup. Cancelling site startup., DetailsLevel: ERR
2026-05-30T20:15:16.7161320Z Site: orpon-backend-api stopped.
2026-05-30T20:15:16.7298180Z State: Stopping, Action: UnmountingVolumes, LastError: ContainerTimeout, LastErrorTimestamp: 05/30/2026 20:15:16, LastErrorDetails: Container did not start within expected time limit of 230s. Please inspect your container logs for more details., Details: Site container: orpon-backend-api terminated during site startup. Cancelling site startup., DetailsLevel: ERR
2026-05-30T20:15:16.8087768Z State: Stopping, Action: StoppingSiteNetworks, LastError: ContainerTimeout, LastErrorTimestamp: 05/30/2026 20:15:16, LastErrorDetails: Container did not start within expected time limit of 230s. Please inspect your container logs for more details., Details: Site container: orpon-backend-api terminated during site startup. Cancelling site startup., DetailsLevel: ERR
2026-05-30T20:15:16.8580141Z Site: orpon-backend-api will be blocked for 1 minutes till 05/30/2026 20:16:16
2026-05-30T20:15:16.8588779Z State: Blocked, Action: StoppingSiteNetworks, LastError: ContainerTimeout, LastErrorTimestamp: 05/30/2026 20:15:16, LastErrorDetails: Container did not start within expected time limit of 230s. Please inspect your container logs for more details., Details: Site: orpon-backend-api will be blocked for 1 minutes till 05/30/2026 20:16:16, DetailsLevel: WARN
2026-05-30T20:15:16.8593773Z State: Stopped, Action: None, LastError: ContainerTimeout, LastErrorTimestamp: 05/30/2026 20:15:16, LastErrorDetails: Container did not start within expected time limit of 230s. Please inspect your container logs for more details., Details: Site stopped at 05/30/2026 20:15:16 (UTC), DetailsLevel: WARN
2026-05-30T20:15:17.0349446Z State: Stopped, Action: None, LastError: ContainerTimeout, LastErrorTimestamp: 05/30/2026 20:15:16, LastErrorDetails: Container did not start within expected time limit of 230s. Please inspect your container logs for more details., Details: Site stopped at 05/30/2026 20:15:16 (UTC), DetailsLevel: WARN
2026-05-30T20:15:22.0735083Z State: Blocked, Action: None, LastError: ContainerTimeout, LastErrorTimestamp: 05/30/2026 20:15:16, LastErrorDetails: Container did not start within expected time limit of 230s. Please inspect your container logs for more details., Details: Site is blocked due to multiple, consecutive cold start failures. Site scheduled to be unblocked at 05/30/2026 20:16:16, DetailsLevel: WARN
2026-05-30T20:15:22.0762624Z Start site prohibitted because the site is being blocked.
2026-05-30T20:15:27.1405339Z State: Blocked, Action: None, LastError: ContainerTimeout, LastErrorTimestamp: 05/30/2026 20:15:16, LastErrorDetails: Container did not start within expected time limit of 230s. Please inspect your container logs for more details., Details: Site is blocked due to multiple, consecutive cold start failures. Site scheduled to be unblocked at 05/30/2026 20:16:16, DetailsLevel: WARN
2026-05-30T20:15:27.1405890Z Start site prohibitted because the site is being blocked.
2026-05-30T20:15:32.2052211Z State: Blocked, Action: None, LastError: ContainerTimeout, LastErrorTimestamp: 05/30/2026 20:15:16, LastErrorDetails: Container did not start within expected time limit of 230s. Please inspect your container logs for more details., Details: Site is blocked due to multiple, consecutive cold start failures. Site scheduled to be unblocked at 05/30/2026 20:16:16, DetailsLevel: WARN
2026-05-30T20:15:32.2053458Z Start site prohibitted because the site is being blocked.
2026-05-30T20:15:37.2501210Z State: Blocked, Action: None, LastError: ContainerTimeout, LastErrorTimestamp: 05/30/2026 20:15:16, LastErrorDetails: Container did not start within expected time limit of 230s. Please inspect your container logs for more details., Details: Site is blocked due to multiple, consecutive cold start failures. Site scheduled to be unblocked at 05/30/2026 20:16:16, DetailsLevel: WARN
2026-05-30T20:15:37.2501507Z Start site prohibitted because the site is being blocked.
2026-05-30T20:15:42.3032076Z State: Blocked, Action: None, LastError: ContainerTimeout, LastErrorTimestamp: 05/30/2026 20:15:16, LastErrorDetails: Container did not start within expected time limit of 230s. Please inspect your container logs for more details., Details: Site is blocked due to multiple, consecutive cold start failures. Site scheduled to be unblocked at 05/30/2026 20:16:16, DetailsLevel: WARN
2026-05-30T20:15:42.3032370Z Start site prohibitted because the site is being blocked.
2026-05-30T20:15:47.3552809Z State: Blocked, Action: None, LastError: ContainerTimeout, LastErrorTimestamp: 05/30/2026 20:15:16, LastErrorDetails: Container did not start within expected time limit of 230s. Please inspect your container logs for more details., Details: Site is blocked due to multiple, consecutive cold start failures. Site scheduled to be unblocked at 05/30/2026 20:16:16, DetailsLevel: WARN
2026-05-30T20:15:47.3553212Z Start site prohibitted because the site is being blocked.
2026-05-30T20:15:52.4771385Z State: Blocked, Action: None, LastError: ContainerTimeout, LastErrorTimestamp: 05/30/2026 20:15:16, LastErrorDetails: Container did not start within expected time limit of 230s. Please inspect your container logs for more details., Details: Site is blocked due to multiple, consecutive cold start failures. Site scheduled to be unblocked at 05/30/2026 20:16:16, DetailsLevel: WARN
2026-05-30T20:15:52.4771706Z Start site prohibitted because the site is being blocked.
2026-05-30T20:15:57.5534867Z State: Blocked, Action: None, LastError: ContainerTimeout, LastErrorTimestamp: 05/30/2026 20:15:16, LastErrorDetails: Container did not start within expected time limit of 230s. Please inspect your container logs for more details., Details: Site is blocked due to multiple, consecutive cold start failures. Site scheduled to be unblocked at 05/30/2026 20:16:16, DetailsLevel: WARN
2026-05-30T20:15:57.5535290Z Start site prohibitted because the site is being blocked.
2026-05-30T20:16:02.6316358Z State: Blocked, Action: None, LastError: ContainerTimeout, LastErrorTimestamp: 05/30/2026 20:15:16, LastErrorDetails: Container did not start within expected time limit of 230s. Please inspect your container logs for more details., Details: Site is blocked due to multiple, consecutive cold start failures. Site scheduled to be unblocked at 05/30/2026 20:16:16, DetailsLevel: WARN
2026-05-30T20:16:02.6317048Z Start site prohibitted because the site is being blocked.
2026-05-30T20:16:07.6957483Z State: Blocked, Action: None, LastError: ContainerTimeout, LastErrorTimestamp: 05/30/2026 20:15:16, LastErrorDetails: Container did not start within expected time limit of 230s. Please inspect your container logs for more details., Details: Site is blocked due to multiple, consecutive cold start failures. Site scheduled to be unblocked at 05/30/2026 20:16:16, DetailsLevel: WARN
2026-05-30T20:16:07.6957804Z Start site prohibitted because the site is being blocked.
2026-05-30T20:16:12.7664968Z State: Blocked, Action: None, LastError: ContainerTimeout, LastErrorTimestamp: 05/30/2026 20:15:16, LastErrorDetails: Container did not start within expected time limit of 230s. Please inspect your container logs for more details., Details: Site is blocked due to multiple, consecutive cold start failures. Site scheduled to be unblocked at 05/30/2026 20:16:16, DetailsLevel: WARN
2026-05-30T20:16:12.7665259Z Start site prohibitted because the site is being blocked.
2026-05-30T20:16:16.8552718Z Site: orpon-backend-api is unblocked.
2026-05-30T20:16:17.8287724Z State: Starting, Action: EstablishingSiteNetworks, LastError: ContainerTimeout, LastErrorTimestamp: 05/30/2026 20:15:16, LastErrorDetails: Container did not start within expected time limit of 230s. Please inspect your container logs for more details., Details: Site is blocked due to multiple, consecutive cold start failures. Site scheduled to be unblocked at 05/30/2026 20:16:16, DetailsLevel: WARN
2026-05-30T20:16:18.4198521Z State: Starting, Action: StartingSiteContainers, LastError: ContainerTimeout, LastErrorTimestamp: 05/30/2026 20:15:16, LastErrorDetails: Container did not start within expected time limit of 230s. Please inspect your container logs for more details., Details: Site is blocked due to multiple, consecutive cold start failures. Site scheduled to be unblocked at 05/30/2026 20:16:16, DetailsLevel: WARN
2026-05-30T20:16:18.4200813Z Container start method called.
2026-05-30T20:16:18.4201756Z State: Starting, Action: PullingImage, LastError: ContainerTimeout, LastErrorTimestamp: 05/30/2026 20:15:16, LastErrorDetails: Container did not start within expected time limit of 230s. Please inspect your container logs for more details., Details: Pulling image 10.1.0.6:13209/appsvc/node:24-lts_20260504.4.tuxprod for orpon-backend-api., DetailsLevel: INFO
2026-05-30T20:16:18.4203881Z Establishing network.
2026-05-30T20:16:18.4205850Z Pulling image: appsvc/node:24-lts_20260504.4.tuxprod.
2026-05-30T20:16:18.6068216Z Container is starting.
2026-05-30T20:16:18.6068977Z State: Starting, Action: MountingVolumes, LastError: ContainerTimeout, LastErrorTimestamp: 05/30/2026 20:15:16, LastErrorDetails: Container did not start within expected time limit of 230s. Please inspect your container logs for more details., Details: Mounting volumes for orpon-backend-api., DetailsLevel: INFO
2026-05-30T20:16:18.6091947Z Establishing user namespace if not established already.
2026-05-30T20:16:18.6094177Z Establishing network if not established already.
2026-05-30T20:16:18.6107199Z Mounting volumes.
2026-05-30T20:16:18.6130181Z Nested mountpoint 
2026-05-30T20:16:18.6233930Z Nested mountpoint volatile/logs
2026-05-30T20:16:18.6271850Z Nested mountpoint 
2026-05-30T20:16:18.6294218Z Nested mountpoint 
2026-05-30T20:16:18.6301306Z Nested mountpoint 
2026-05-30T20:16:18.8391525Z State: Starting, Action: CreatingContainer, LastError: ContainerTimeout, LastErrorTimestamp: 05/30/2026 20:15:16, LastErrorDetails: Container did not start within expected time limit of 230s. Please inspect your container logs for more details., Details: Finished pulling container image and mounting volumes for orpon-backend-api. Allocatinng the rest of the container resources to finish container creation., DetailsLevel: INFO
2026-05-30T20:16:18.8392950Z Creating container.
2026-05-30T20:16:18.8394030Z Creating pipes for streaming container io.
2026-05-30T20:16:18.8395143Z Creating stdout named pipe at /podr/container/pipe/fd51c91d4f65_orpon-backend-api/stdout_e5d87fb74cef4ce18766c3919fc0b4d6.
2026-05-30T20:16:18.8397296Z Successfully created stdout named pipe at: /podr/container/pipe/fd51c91d4f65_orpon-backend-api/stdout_e5d87fb74cef4ce18766c3919fc0b4d6.
2026-05-30T20:16:18.8399698Z Opening named pipe /podr/container/pipe/fd51c91d4f65_orpon-backend-api/stdout_e5d87fb74cef4ce18766c3919fc0b4d6 for reading in non-blocking mode.
2026-05-30T20:16:18.8401870Z Successfully opened named pipe: /podr/container/pipe/fd51c91d4f65_orpon-backend-api/stdout_e5d87fb74cef4ce18766c3919fc0b4d6.
2026-05-30T20:16:18.8403742Z Successfully removed non-blocking flag from /podr/container/pipe/fd51c91d4f65_orpon-backend-api/stdout_e5d87fb74cef4ce18766c3919fc0b4d6.
2026-05-30T20:16:18.8411200Z Creating stderr named pipe at /podr/container/pipe/fd51c91d4f65_orpon-backend-api/stderr_b3426dacc7224397965a26a657efe1d8.
2026-05-30T20:16:18.8413680Z Successfully created stderr named pipe at: /podr/container/pipe/fd51c91d4f65_orpon-backend-api/stderr_b3426dacc7224397965a26a657efe1d8.
2026-05-30T20:16:18.8434651Z Opening named pipe /podr/container/pipe/fd51c91d4f65_orpon-backend-api/stderr_b3426dacc7224397965a26a657efe1d8 for reading in non-blocking mode.
2026-05-30T20:16:18.8437128Z Successfully opened named pipe: /podr/container/pipe/fd51c91d4f65_orpon-backend-api/stderr_b3426dacc7224397965a26a657efe1d8.
2026-05-30T20:16:18.8439036Z Successfully removed non-blocking flag from /podr/container/pipe/fd51c91d4f65_orpon-backend-api/stderr_b3426dacc7224397965a26a657efe1d8.
2026-05-30T20:16:18.8442459Z Creating container with image: appsvc/node:24-lts_20260504.4.tuxprod from registry: 10.1.0.6:13209 and fully qualified image name: 10.1.0.6:13209/appsvc/node:24-lts_20260504.4.tuxprod
2026-05-30T20:16:19.4114879Z Starting container: fd51c91d4f65_orpon-backend-api.
2026-05-30T20:16:19.4328790Z Starting watchers and probes.
2026-05-30T20:16:19.4331384Z Starting metrics collection.
2026-05-30T20:16:19.4342465Z Container is running.
2026-05-30T20:16:19.4343929Z State: Starting, Action: CreatingContainer, LastError: ContainerTimeout, LastErrorTimestamp: 05/30/2026 20:15:16, LastErrorDetails: Container did not start within expected time limit of 230s. Please inspect your container logs for more details., Details: Container orpon-backend-api successfully created and is running., DetailsLevel: INFO
2026-05-30T20:16:19.4686562Z Container start method finished after 1048 ms.
2026-05-30T20:16:19.4688503Z State: Starting, Action: InitiatingSiteWarmUpProbe, LastError: ContainerTimeout, LastErrorTimestamp: 05/30/2026 20:15:16, LastErrorDetails: Container did not start within expected time limit of 230s. Please inspect your container logs for more details., Details: Container orpon-backend-api successfully created and is running., DetailsLevel: INFO
2026-05-30T20:16:19.4688802Z State: Starting, Action: WaitingForSiteWarmUpProbeSuccess, LastError: ContainerTimeout, LastErrorTimestamp: 05/30/2026 20:15:16, LastErrorDetails: Container did not start within expected time limit of 230s. Please inspect your container logs for more details., Details: Pinging warmup path to ensure container is ready to receive requests., DetailsLevel: INFO
2026-05-30T20:16:27.4125307Z Container has finished running with exit code: 1.
2026-05-30T20:16:27.4126705Z Container is terminating. Grace period: 5 seconds.
2026-05-30T20:16:27.4136058Z Stop and delete container. Retry count = 0
2026-05-30T20:16:27.4139000Z Stopping container: fd51c91d4f65_orpon-backend-api.
2026-05-30T20:16:27.4365115Z Deleting container: fd51c91d4f65_orpon-backend-api. Retry count = 0
2026-05-30T20:16:28.0058175Z Container spec TerminationMessagePolicy  path 
2026-05-30T20:16:28.0060936Z Container is terminated. Total time elapsed: 593 ms.
2026-05-30T20:16:28.0064527Z Site container: orpon-backend-api terminated during site startup.
2026-05-30T20:16:28.0065718Z State: Stopping, Action: CancellingStartup, LastError: ContainerTimeout, LastErrorTimestamp: 05/30/2026 20:15:16, LastErrorDetails: Container did not start within expected time limit of 230s. Please inspect your container logs for more details., Details: Site container: orpon-backend-api terminated during site startup. Cancelling site startup., DetailsLevel: ERR
2026-05-30T20:16:28.0080954Z Site startup probe failed after 8.5361805 seconds.
2026-05-30T20:16:28.0807566Z State: Stopping, Action: CancellingStartup, LastError: ContainerTimeout, LastErrorTimestamp: 05/30/2026 20:16:28, LastErrorDetails: Container did not start within expected time limit of 230s. Please inspect your container logs for more details., Details: Site container: orpon-backend-api terminated during site startup. Cancelling site startup., DetailsLevel: ERR
2026-05-30T20:16:28.0821252Z Failed to start site. Revert by stopping site.
2026-05-30T20:16:28.0842656Z State: Stopping, Action: StoppingSite, LastError: ContainerTimeout, LastErrorTimestamp: 05/30/2026 20:16:28, LastErrorDetails: Container did not start within expected time limit of 230s. Please inspect your container logs for more details., Details: Site container: orpon-backend-api terminated during site startup. Cancelling site startup., DetailsLevel: ERR
2026-05-30T20:16:28.0844972Z State: Stopping, Action: StoppingSiteContainers, LastError: ContainerTimeout, LastErrorTimestamp: 05/30/2026 20:16:28, LastErrorDetails: Container did not start within expected time limit of 230s. Please inspect your container logs for more details., Details: Site container: orpon-backend-api terminated during site startup. Cancelling site startup., DetailsLevel: ERR
2026-05-30T20:16:28.0845137Z Site: orpon-backend-api stopped.
