2026-06-02T20:17:21.5501827+00:00 ContainerStream: bKash initiate exception: TypeError: Failed to parse URL from undefined/tokenized/checkout/token/grant
2026-06-02T20:17:21.5502241+00:00 ContainerStream:     at node:internal/deps/undici/undici:14976:13
2026-06-02T20:17:21.5502296+00:00 ContainerStream:     at process.processTicksAndRejections (node:internal/process/task_queues:103:5)
2026-06-02T20:17:21.5502336+00:00 ContainerStream:     at async initiateBkash (/home/site/wwwroot/backend/controllers/paymentController.js:42:31) {
2026-06-02T20:17:21.5502366+00:00 ContainerStream:   [cause]: TypeError: Invalid URL
2026-06-02T20:17:21.5502399+00:00 ContainerStream:       at new URL (node:internal/url:818:25)
2026-06-02T20:17:21.5502429+00:00 ContainerStream:       at new Request (node:internal/deps/undici/undici:9804:25)
2026-06-02T20:17:21.5502461+00:00 ContainerStream:       at fetch (node:internal/deps/undici/undici:10533:25)
2026-06-02T20:17:21.5502492+00:00 ContainerStream:       at fetch (node:internal/deps/undici/undici:14974:10)
2026-06-02T20:17:21.5502528+00:00 ContainerStream:       at fetch (node:internal/bootstrap/web/exposed-window-or-worker:75:12)
2026-06-02T20:17:21.5502561+00:00 ContainerStream:       at initiateBkash (/home/site/wwwroot/backend/controllers/paymentController.js:42:37)
2026-06-02T20:17:21.5502613+00:00 ContainerStream:       at process.processTicksAndRejections (node:internal/process/task_queues:103:5) {
2026-06-02T20:17:21.5502643+00:00 ContainerStream:     code: 'ERR_INVALID_URL',
2026-06-02T20:17:21.5502674+00:00 ContainerStream:     input: 'undefined/tokenized/checkout/token/grant'
2026-06-02T20:17:21.5502704+00:00 ContainerStream:   }
2026-06-02T20:17:21.5502732+00:00 ContainerStream: }
2026-06-02T20:17:27.0986266+00:00 ContainerStream: bKash initiate exception: TypeError: Failed to parse URL from undefined/tokenized/checkout/token/grant
2026-06-02T20:17:27.0986524+00:00 ContainerStream:     at node:internal/deps/undici/undici:14976:13
2026-06-02T20:17:27.0986567+00:00 ContainerStream:     at process.processTicksAndRejections (node:internal/process/task_queues:103:5)
2026-06-02T20:17:27.0986602+00:00 ContainerStream:     at async initiateBkash (/home/site/wwwroot/backend/controllers/paymentController.js:42:31) {
2026-06-02T20:17:27.0986633+00:00 ContainerStream:   [cause]: TypeError: Invalid URL
2026-06-02T20:17:27.0986724+00:00 ContainerStream:       at new URL (node:internal/url:818:25)
2026-06-02T20:17:27.0986758+00:00 ContainerStream:       at new Request (node:internal/deps/undici/undici:9804:25)
2026-06-02T20:17:27.0986789+00:00 ContainerStream:       at fetch (node:internal/deps/undici/undici:10533:25)
2026-06-02T20:17:27.0987087+00:00 ContainerStream:       at fetch (node:internal/deps/undici/undici:14974:10)
2026-06-02T20:17:27.0987219+00:00 ContainerStream:       at fetch (node:internal/bootstrap/web/exposed-window-or-worker:75:12)
2026-06-02T20:17:27.0987252+00:00 ContainerStream:       at initiateBkash (/home/site/wwwroot/backend/controllers/paymentController.js:42:37)
2026-06-02T20:17:27.0987285+00:00 ContainerStream:       at process.processTicksAndRejections (node:internal/process/task_queues:103:5) {
2026-06-02T20:17:27.0987317+00:00 ContainerStream:     code: 'ERR_INVALID_URL',
2026-06-02T20:17:27.0987349+00:00 ContainerStream:     input: 'undefined/tokenized/checkout/token/grant'
2026-06-02T20:17:27.0987377+00:00 ContainerStream:   }
2026-06-02T20:17:27.0987419+00:00 ContainerStream: }
2026-06-02T20:17:30.7576044+00:00 ContainerStream: bKash initiate exception: TypeError: Failed to parse URL from undefined/tokenized/checkout/token/grant
2026-06-02T20:17:30.7576697+00:00 ContainerStream:     at node:internal/deps/undici/undici:14976:13
2026-06-02T20:17:30.7576757+00:00 ContainerStream:     at process.processTicksAndRejections (node:internal/process/task_queues:103:5)
2026-06-02T20:17:30.7576794+00:00 ContainerStream:     at async initiateBkash (/home/site/wwwroot/backend/controllers/paymentController.js:42:31) {
2026-06-02T20:17:30.7576819+00:00 ContainerStream:   [cause]: TypeError: Invalid URL
2026-06-02T20:17:30.7576851+00:00 ContainerStream:       at new URL (node:internal/url:818:25)
2026-06-02T20:17:30.7576879+00:00 ContainerStream:       at new Request (node:internal/deps/undici/undici:9804:25)
2026-06-02T20:17:30.7576905+00:00 ContainerStream:       at fetch (node:internal/deps/undici/undici:10533:25)
2026-06-02T20:17:30.7576930+00:00 ContainerStream:       at fetch (node:internal/deps/undici/undici:14974:10)
2026-06-02T20:17:30.7576956+00:00 ContainerStream:       at fetch (node:internal/bootstrap/web/exposed-window-or-worker:75:12)
2026-06-02T20:17:30.7577037+00:00 ContainerStream:       at initiateBkash (/home/site/wwwroot/backend/controllers/paymentController.js:42:37)
2026-06-02T20:17:30.7577065+00:00 ContainerStream:       at process.processTicksAndRejections (node:internal/process/task_queues:103:5) {
2026-06-02T20:17:30.7577092+00:00 ContainerStream:     code: 'ERR_INVALID_URL',
2026-06-02T20:17:30.7577119+00:00 ContainerStream:     input: 'undefined/tokenized/checkout/token/grant'
2026-06-02T20:17:30.7577143+00:00 ContainerStream:   }
2026-06-02T20:17:30.7577166+00:00 ContainerStream: }
2026-06-02T20:17:58.0583172+00:00 ContainerStream: bKash initiate exception: TypeError: Failed to parse URL from undefined/tokenized/checkout/token/grant
2026-06-02T20:17:58.0583764+00:00 ContainerStream:     at node:internal/deps/undici/undici:14976:13
2026-06-02T20:17:58.0583812+00:00 ContainerStream:     at process.processTicksAndRejections (node:internal/process/task_queues:103:5)
2026-06-02T20:17:58.0583845+00:00 ContainerStream:     at async initiateBkash (/home/site/wwwroot/backend/controllers/paymentController.js:42:31) {
2026-06-02T20:17:58.0583871+00:00 ContainerStream:   [cause]: TypeError: Invalid URL
2026-06-02T20:17:58.0583898+00:00 ContainerStream:       at new URL (node:internal/url:818:25)
2026-06-02T20:17:58.0583928+00:00 ContainerStream:       at new Request (node:internal/deps/undici/undici:9804:25)
2026-06-02T20:17:58.0583957+00:00 ContainerStream:       at fetch (node:internal/deps/undici/undici:10533:25)
2026-06-02T20:17:58.0583984+00:00 ContainerStream:       at fetch (node:internal/deps/undici/undici:14974:10)
2026-06-02T20:17:58.0584011+00:00 ContainerStream:       at fetch (node:internal/bootstrap/web/exposed-window-or-worker:75:12)
2026-06-02T20:17:58.0584038+00:00 ContainerStream:       at initiateBkash (/home/site/wwwroot/backend/controllers/paymentController.js:42:37)
2026-06-02T20:17:58.0584091+00:00 ContainerStream:       at process.processTicksAndRejections (node:internal/process/task_queues:103:5) {
2026-06-02T20:17:58.0584117+00:00 ContainerStream:     code: 'ERR_INVALID_URL',
2026-06-02T20:17:58.0584144+00:00 ContainerStream:     input: 'undefined/tokenized/checkout/token/grant'
2026-06-02T20:17:58.0584169+00:00 ContainerStream:   }
2026-06-02T20:17:58.0584195+00:00 ContainerStream: }
2026-06-02T20:18:20.0295580+00:00 ContainerStream: SSLCommerz initiate exception: TypeError: Failed to parse URL from undefined/gwprocess/v4/api.php
2026-06-02T20:18:20.0295927+00:00 ContainerStream:     at node:internal/deps/undici/undici:14976:13
2026-06-02T20:18:20.0295972+00:00 ContainerStream:     at process.processTicksAndRejections (node:internal/process/task_queues:103:5)
2026-06-02T20:18:20.0296004+00:00 ContainerStream:     at async initiateCard (/home/site/wwwroot/backend/controllers/paymentController.js:229:29) {
2026-06-02T20:18:20.0296034+00:00 ContainerStream:   [cause]: TypeError: Invalid URL
2026-06-02T20:18:20.0296122+00:00 ContainerStream:       at new URL (node:internal/url:818:25)
2026-06-02T20:18:20.0296154+00:00 ContainerStream:       at new Request (node:internal/deps/undici/undici:9804:25)
2026-06-02T20:18:20.0296182+00:00 ContainerStream:       at fetch (node:internal/deps/undici/undici:10533:25)
2026-06-02T20:18:20.0296211+00:00 ContainerStream:       at fetch (node:internal/deps/undici/undici:14974:10)
2026-06-02T20:18:20.0296243+00:00 ContainerStream:       at fetch (node:internal/bootstrap/web/exposed-window-or-worker:75:12)
2026-06-02T20:18:20.0296274+00:00 ContainerStream:       at initiateCard (/home/site/wwwroot/backend/controllers/paymentController.js:229:35)
2026-06-02T20:18:20.0296305+00:00 ContainerStream:       at process.processTicksAndRejections (node:internal/process/task_queues:103:5) {
2026-06-02T20:18:20.0296334+00:00 ContainerStream:     code: 'ERR_INVALID_URL',
2026-06-02T20:18:20.0296365+00:00 ContainerStream:     input: 'undefined/gwprocess/v4/api.php'
2026-06-02T20:18:20.0296392+00:00 ContainerStream:   }
2026-06-02T20:18:20.0296421+00:00 ContainerStream: }
2026-06-02T20:30:54.7330440+00:00 ContainerStream: bKash initiate exception: TypeError: Failed to parse URL from undefined/tokenized/checkout/token/grant
2026-06-02T20:30:54.7330838+00:00 ContainerStream:     at node:internal/deps/undici/undici:14976:13
2026-06-02T20:30:54.7330883+00:00 ContainerStream:     at process.processTicksAndRejections (node:internal/process/task_queues:103:5)
2026-06-02T20:30:54.7330914+00:00 ContainerStream:     at async initiateBkash (/home/site/wwwroot/backend/controllers/paymentController.js:42:31) {
2026-06-02T20:30:54.7330945+00:00 ContainerStream:   [cause]: TypeError: Invalid URL
2026-06-02T20:30:54.7330975+00:00 ContainerStream:       at new URL (node:internal/url:818:25)
2026-06-02T20:30:54.7331008+00:00 ContainerStream:       at new Request (node:internal/deps/undici/undici:9804:25)
2026-06-02T20:30:54.7331038+00:00 ContainerStream:       at fetch (node:internal/deps/undici/undici:10533:25)
2026-06-02T20:30:54.7331068+00:00 ContainerStream:       at fetch (node:internal/deps/undici/undici:14974:10)
2026-06-02T20:30:54.7331099+00:00 ContainerStream:       at fetch (node:internal/bootstrap/web/exposed-window-or-worker:75:12)
2026-06-02T20:30:54.7331131+00:00 ContainerStream:       at initiateBkash (/home/site/wwwroot/backend/controllers/paymentController.js:42:37)
2026-06-02T20:30:54.7331181+00:00 ContainerStream:       at process.processTicksAndRejections (node:internal/process/task_queues:103:5) {
2026-06-02T20:30:54.7331209+00:00 ContainerStream:     code: 'ERR_INVALID_URL',
2026-06-02T20:30:54.7331239+00:00 ContainerStream:     input: 'undefined/tokenized/checkout/token/grant'
2026-06-02T20:30:54.7331266+00:00 ContainerStream:   }
2026-06-02T20:30:54.7331292+00:00 ContainerStream: }
2026-06-02T20:37:21.0233703+00:00 ContainerStatus: State: Starting, Action: EstablishingSiteNetworks, LastError: , LastErrorTimestamp: 01/01/0001 00:00:00, LastErrorDetails: , Details: , DetailsLevel: INFO
2026-06-02T20:37:30.0000098+00:00 ContainerStatus: State: Starting, Action: StartingSiteContainers, LastError: , LastErrorTimestamp: 01/01/0001 00:00:00, LastErrorDetails: , Details: , DetailsLevel: INFO
2026-06-02T20:37:30.0211283+00:00 ContainerStatus: Container start method called.
2026-06-02T20:37:30.0239643+00:00 ContainerStatus: State: Starting, Action: PullingImage, LastError: , LastErrorTimestamp: 01/01/0001 00:00:00, LastErrorDetails: , Details: Pulling image 10.1.0.5:13209/appsvc/node:22-lts_20260504.4.tuxprod for orpon-backend-api-sea., DetailsLevel: INFO
2026-06-02T20:37:30.0474414+00:00 ContainerStatus: Establishing network.
2026-06-02T20:37:30.0481504+00:00 ContainerStatus: Pulling image: appsvc/node:22-lts_20260504.4.tuxprod.
2026-06-02T20:37:32.4601285+00:00 ContainerStatus: Image appsvc/node:22-lts_20260504.4.tuxprod is pulled from registry 10.1.0.5:13209
2026-06-02T20:37:32.4690433+00:00 ContainerStatus: Container is starting.
2026-06-02T20:37:32.4691871+00:00 ContainerStatus: State: Starting, Action: MountingVolumes, LastError: , LastErrorTimestamp: 01/01/0001 00:00:00, LastErrorDetails: , Details: Mounting volumes for orpon-backend-api-sea., DetailsLevel: INFO
2026-06-02T20:37:32.4697795+00:00 ContainerStatus: Establishing user namespace if not established already.
2026-06-02T20:37:32.4750419+00:00 ContainerStatus: Establishing network if not established already.
2026-06-02T20:37:32.4753596+00:00 ContainerStatus: Mounting volumes.
2026-06-02T20:37:32.4767444+00:00 ContainerStatus: Nested mountpoint 
2026-06-02T20:37:32.4931114+00:00 ContainerStatus: Nested mountpoint volatile/logs
2026-06-02T20:37:32.5438767+00:00 ContainerStatus: Nested mountpoint 
2026-06-02T20:37:32.5479308+00:00 ContainerStatus: Nested mountpoint 
2026-06-02T20:37:32.5672013+00:00 ContainerStatus: Nested mountpoint 
2026-06-02T20:37:33.3592230+00:00 ContainerStatus: State: Starting, Action: CreatingContainer, LastError: , LastErrorTimestamp: 01/01/0001 00:00:00, LastErrorDetails: , Details: Finished pulling container image and mounting volumes for orpon-backend-api-sea. Allocatinng the rest of the container resources to finish container creation., DetailsLevel: INFO
2026-06-02T20:37:33.3593766+00:00 ContainerStatus: Creating container.
2026-06-02T20:37:33.3606944+00:00 ContainerStatus: Creating pipes for streaming container io.
2026-06-02T20:37:33.3609306+00:00 ContainerStatus: Creating stdout named pipe at /podr/container/pipe/4022d46afb3b_orpon-backend-api-sea/stdout_e709606b133843c7997d6ca82a0c0638.
2026-06-02T20:37:33.3629730+00:00 ContainerStatus: Successfully created stdout named pipe at: /podr/container/pipe/4022d46afb3b_orpon-backend-api-sea/stdout_e709606b133843c7997d6ca82a0c0638.
2026-06-02T20:37:33.3632379+00:00 ContainerStatus: Opening named pipe /podr/container/pipe/4022d46afb3b_orpon-backend-api-sea/stdout_e709606b133843c7997d6ca82a0c0638 for reading in non-blocking mode.
2026-06-02T20:37:33.3633881+00:00 ContainerStatus: Successfully opened named pipe: /podr/container/pipe/4022d46afb3b_orpon-backend-api-sea/stdout_e709606b133843c7997d6ca82a0c0638.
2026-06-02T20:37:33.3637207+00:00 ContainerStatus: Successfully removed non-blocking flag from /podr/container/pipe/4022d46afb3b_orpon-backend-api-sea/stdout_e709606b133843c7997d6ca82a0c0638.
2026-06-02T20:37:33.3684414+00:00 ContainerStatus: Creating stderr named pipe at /podr/container/pipe/4022d46afb3b_orpon-backend-api-sea/stderr_f7fce16561ff43e29dfcdd3e896c8c70.
2026-06-02T20:37:33.3688275+00:00 ContainerStatus: Successfully created stderr named pipe at: /podr/container/pipe/4022d46afb3b_orpon-backend-api-sea/stderr_f7fce16561ff43e29dfcdd3e896c8c70.
2026-06-02T20:37:33.3689513+00:00 ContainerStatus: Opening named pipe /podr/container/pipe/4022d46afb3b_orpon-backend-api-sea/stderr_f7fce16561ff43e29dfcdd3e896c8c70 for reading in non-blocking mode.
2026-06-02T20:37:33.3744325+00:00 ContainerStatus: Successfully opened named pipe: /podr/container/pipe/4022d46afb3b_orpon-backend-api-sea/stderr_f7fce16561ff43e29dfcdd3e896c8c70.
2026-06-02T20:37:33.3749135+00:00 ContainerStatus: Successfully removed non-blocking flag from /podr/container/pipe/4022d46afb3b_orpon-backend-api-sea/stderr_f7fce16561ff43e29dfcdd3e896c8c70.
2026-06-02T20:37:33.3753191+00:00 ContainerStatus: Creating container with image: appsvc/node:22-lts_20260504.4.tuxprod from registry: 10.1.0.5:13209 and fully qualified image name: 10.1.0.5:13209/appsvc/node:22-lts_20260504.4.tuxprod
2026-06-02T20:37:34.8745019+00:00 ContainerStatus: Starting container: 4022d46afb3b_orpon-backend-api-sea.
2026-06-02T20:37:34.9697439+00:00 ContainerStatus: Starting watchers and probes.
2026-06-02T20:37:34.9919283+00:00 ContainerStatus: Starting metrics collection.
2026-06-02T20:37:34.9922957+00:00 ContainerStatus: Container is running.
2026-06-02T20:37:35.0069044+00:00 ContainerStatus: State: Starting, Action: CreatingContainer, LastError: , LastErrorTimestamp: 01/01/0001 00:00:00, LastErrorDetails: , Details: Container orpon-backend-api-sea successfully created and is running., DetailsLevel: INFO
2026-06-02T20:37:35.0809068+00:00 ContainerStatus: Container start method finished after 5059 ms.
2026-06-02T20:37:35.0811233+00:00 ContainerStatus: State: Starting, Action: InitiatingSiteWarmUpProbe, LastError: , LastErrorTimestamp: 01/01/0001 00:00:00, LastErrorDetails: , Details: Container orpon-backend-api-sea successfully created and is running., DetailsLevel: INFO
2026-06-02T20:37:35.0811613+00:00 ContainerStatus: State: Starting, Action: WaitingForSiteWarmUpProbeSuccess, LastError: , LastErrorTimestamp: 01/01/0001 00:00:00, LastErrorDetails: , Details: Pinging warmup path to ensure container is ready to receive requests., DetailsLevel: INFO
2026-06-02T20:37:35.3278812+00:00 ContainerStream:    _____                               
2026-06-02T20:37:35.3342076+00:00 ContainerStream:   /  _  \ __________ _________   ____  
2026-06-02T20:37:35.3342246+00:00 ContainerStream:  /  /_\  \\___   /  |  \_  __ \_/ __ \ 
2026-06-02T20:37:35.3342292+00:00 ContainerStream: /    |    \/    /|  |  /|  | \/\  ___/ 
2026-06-02T20:37:35.3342336+00:00 ContainerStream: \____|__  /_____ \____/ |__|    \___  >
2026-06-02T20:37:35.3343804+00:00 ContainerStream:         \/      \/                  \/ 
2026-06-02T20:37:35.3344068+00:00 ContainerStream: A P P   S E R V I C E   O N   L I N U X
2026-06-02T20:37:35.3344115+00:00 ContainerStream: 
2026-06-02T20:37:35.3344159+00:00 ContainerStream: Documentation    : http://aka.ms/webapp-linux
2026-06-02T20:37:35.3344196+00:00 ContainerStream: NodeJS quickstart: https://aka.ms/node-qs
2026-06-02T20:37:35.3344242+00:00 ContainerStream: NodeJS Version   : v22.22.2
2026-06-02T20:37:35.3344280+00:00 ContainerStream: Instance Name    : 10-30-0-148
2026-06-02T20:37:35.3344354+00:00 ContainerStream: Instance Id      : 18f5fe34c27a8358d17492d51371b863eb41734e8888bcac751f483a00bf41f1
2026-06-02T20:37:35.3344389+00:00 ContainerStream: 
2026-06-02T20:37:35.3344426+00:00 ContainerStream: Note: Any data outside '/home' is not persisted
2026-06-02T20:37:37.5980328+00:00 ContainerStream: Starting OpenBSD Secure Shell server: sshd.
2026-06-02T20:37:37.6075262+00:00 ContainerStream: WEBSITES_INCLUDE_CLOUD_CERTS is not set to true.
2026-06-02T20:37:37.6419571+00:00 ContainerStream: Updating certificates in /etc/ssl/certs...
2026-06-02T20:37:49.4154663+00:00 ContainerStatus: Site startup probe failed after 14.3148727 seconds.
2026-06-02T20:37:49.7284932+00:00 ContainerStatus: State: Starting, Action: WaitingForSiteWarmUpProbeSuccess, LastError: ContainerTimeout, LastErrorTimestamp: 06/02/2026 20:37:49, LastErrorDetails: Container did not start within expected time limit of 230s. Please inspect your container logs for more details., Details: Pinging warmup path to ensure container is ready to receive requests., DetailsLevel: ERR
2026-06-02T20:37:49.7419561+00:00 ContainerStatus: Failed to start site. Revert by stopping site.
2026-06-02T20:37:49.7639765+00:00 ContainerStatus: State: Stopping, Action: StoppingSite, LastError: ContainerTimeout, LastErrorTimestamp: 06/02/2026 20:37:49, LastErrorDetails: Container did not start within expected time limit of 230s. Please inspect your container logs for more details., Details: Pinging warmup path to ensure container is ready to receive requests., DetailsLevel: ERR
2026-06-02T20:37:49.7963807+00:00 ContainerStatus: State: Stopping, Action: StoppingSiteContainers, LastError: ContainerTimeout, LastErrorTimestamp: 06/02/2026 20:37:49, LastErrorDetails: Container did not start within expected time limit of 230s. Please inspect your container logs for more details., Details: Pinging warmup path to ensure container is ready to receive requests., DetailsLevel: ERR
2026-06-02T20:37:49.8042364+00:00 ContainerStatus: Container is terminating. Grace period: 5 seconds.
2026-06-02T20:37:49.8508245+00:00 ContainerStatus: Stop and delete container. Retry count = 0
2026-06-02T20:37:49.8820774+00:00 ContainerStatus: Stopping container: 4022d46afb3b_orpon-backend-api-sea.
2026-06-02T20:37:55.4020294+00:00 ContainerStatus: Deleting container: 4022d46afb3b_orpon-backend-api-sea. Retry count = 0
2026-06-02T20:37:55.8834133+00:00 ContainerStatus: Container spec TerminationMessagePolicy  path 
2026-06-02T20:37:55.8905938+00:00 ContainerStatus: Container is terminated. Total time elapsed: 6081 ms.
2026-06-02T20:37:55.8909573+00:00 ContainerStatus: Site container: orpon-backend-api-sea terminated during site startup.
2026-06-02T20:37:55.8965361+00:00 ContainerStatus: State: Stopping, Action: CancellingStartup, LastError: ContainerTimeout, LastErrorTimestamp: 06/02/2026 20:37:49, LastErrorDetails: Container did not start within expected time limit of 230s. Please inspect your container logs for more details., Details: Site container: orpon-backend-api-sea terminated during site startup. Cancelling site startup., DetailsLevel: ERR
2026-06-02T20:37:55.9015655+00:00 ContainerStatus: Site: orpon-backend-api-sea stopped.
